Session Id: 20206-210611
DEBUG | Fri Jul 24 21:06:11 IST 2020 : Services initiated
DEBUG | Fri Jul 24 21:06:17 IST 2020 : Setting UI for files in bucket...
DEBUG | Fri Jul 24 21:06:30 IST 2020 : Setting UI for files in bucket...
INFO  | Fri Jul 24 21:06:37 IST 2020 : Files with same names (but not same hash) found. Will show overwrite strategy dialog.
DEBUG | Fri Jul 24 21:06:38 IST 2020 : Setting UI for files in bucket...
DEBUG | Fri Jul 24 21:06:38 IST 2020 : Setting UI for files in bucket...
DEBUG | Fri Jul 24 21:06:39 IST 2020 : Setting UI for files in bucket...
DEBUG | Fri Jul 24 21:06:39 IST 2020 : Setting UI for files in bucket...
DEBUG | Fri Jul 24 21:06:40 IST 2020 : Setting UI for files in bucket...
DEBUG | Fri Jul 24 21:06:40 IST 2020 : Setting UI for files in bucket...
DEBUG | Fri Jul 24 21:06:41 IST 2020 : Setting UI for files in bucket...
DEBUG | Fri Jul 24 21:06:41 IST 2020 : Setting UI for files in bucket...
DEBUG | Fri Jul 24 21:06:42 IST 2020 : Setting UI for files in bucket...
DEBUG | Fri Jul 24 21:06:43 IST 2020 : Setting UI for files in bucket...
DEBUG | Fri Jul 24 21:06:43 IST 2020 : Setting UI for files in bucket...
DEBUG | Fri Jul 24 21:06:44 IST 2020 : Setting UI for files in bucket...
DEBUG | Fri Jul 24 21:06:44 IST 2020 : Setting UI for files in bucket...
DEBUG | Fri Jul 24 21:06:45 IST 2020 : Setting UI for files in bucket...
DEBUG | Fri Jul 24 21:06:45 IST 2020 : Setting UI for files in bucket...
DEBUG | Fri Jul 24 21:06:46 IST 2020 : Setting UI for files in bucket...
DEBUG | Fri Jul 24 21:06:46 IST 2020 : Setting UI for files in bucket...
DEBUG | Fri Jul 24 21:06:47 IST 2020 : Setting UI for files in bucket...
DEBUG | Fri Jul 24 21:06:47 IST 2020 : Setting UI for files in bucket...
DEBUG | Fri Jul 24 21:06:48 IST 2020 : Setting UI for files in bucket...
DEBUG | Fri Jul 24 21:06:48 IST 2020 : Setting UI for files in bucket...
DEBUG | Fri Jul 24 21:06:49 IST 2020 : Setting UI for files in bucket...
DEBUG | Fri Jul 24 21:06:49 IST 2020 : Setting UI for files in bucket...
DEBUG | Fri Jul 24 21:06:50 IST 2020 : Setting UI for files in bucket...
DEBUG | Fri Jul 24 21:06:50 IST 2020 : Setting UI for files in bucket...
DEBUG | Fri Jul 24 21:06:51 IST 2020 : Setting UI for files in bucket...
DEBUG | Fri Jul 24 21:06:51 IST 2020 : Setting UI for files in bucket...
DEBUG | Fri Jul 24 21:06:52 IST 2020 : Setting UI for files in bucket...
DEBUG | Fri Jul 24 21:06:52 IST 2020 : Setting UI for files in bucket...
DEBUG | Fri Jul 24 21:06:53 IST 2020 : Setting UI for files in bucket...
DEBUG | Fri Jul 24 21:06:53 IST 2020 : Setting UI for files in bucket...
DEBUG | Fri Jul 24 21:06:54 IST 2020 : Setting UI for files in bucket...
DEBUG | Fri Jul 24 21:06:54 IST 2020 : Setting UI for files in bucket...
DEBUG | Fri Jul 24 21:06:55 IST 2020 : Setting UI for files in bucket...
DEBUG | Fri Jul 24 21:06:55 IST 2020 : Setting UI for files in bucket...
DEBUG | Fri Jul 24 21:06:56 IST 2020 : Setting UI for files in bucket...
DEBUG | Fri Jul 24 21:06:56 IST 2020 : Setting UI for files in bucket...
DEBUG | Fri Jul 24 21:06:57 IST 2020 : Setting UI for files in bucket...
DEBUG | Fri Jul 24 21:06:57 IST 2020 : Setting UI for files in bucket...
DEBUG | Fri Jul 24 21:06:58 IST 2020 : Setting UI for files in bucket...
DEBUG | Fri Jul 24 21:06:58 IST 2020 : Setting UI for files in bucket...
DEBUG | Fri Jul 24 21:06:59 IST 2020 : Setting UI for files in bucket...
DEBUG | Fri Jul 24 21:07:00 IST 2020 : Setting UI for files in bucket...
DEBUG | Fri Jul 24 21:07:00 IST 2020 : Setting UI for files in bucket...
DEBUG | Fri Jul 24 21:07:01 IST 2020 : Setting UI for files in bucket...
DEBUG | Fri Jul 24 21:07:01 IST 2020 : Setting UI for files in bucket...
DEBUG | Fri Jul 24 21:07:02 IST 2020 : Setting UI for files in bucket...
DEBUG | Fri Jul 24 21:07:02 IST 2020 : Setting UI for files in bucket...
DEBUG | Fri Jul 24 21:07:03 IST 2020 : Setting UI for files in bucket...
DEBUG | Fri Jul 24 21:07:03 IST 2020 : Setting UI for files in bucket...
DEBUG | Fri Jul 24 21:07:04 IST 2020 : Setting UI for files in bucket...
DEBUG | Fri Jul 24 21:07:04 IST 2020 : Setting UI for files in bucket...
DEBUG | Fri Jul 24 21:07:05 IST 2020 : Setting UI for files in bucket...
DEBUG | Fri Jul 24 21:07:05 IST 2020 : Setting UI for files in bucket...
DEBUG | Fri Jul 24 21:07:06 IST 2020 : Setting UI for files in bucket...
DEBUG | Fri Jul 24 21:07:06 IST 2020 : Setting UI for files in bucket...
DEBUG | Fri Jul 24 21:07:07 IST 2020 : Setting UI for files in bucket...
DEBUG | Fri Jul 24 21:07:07 IST 2020 : Setting UI for files in bucket...
DEBUG | Fri Jul 24 21:07:08 IST 2020 : Setting UI for files in bucket...
DEBUG | Fri Jul 24 21:07:08 IST 2020 : Setting UI for files in bucket...
DEBUG | Fri Jul 24 21:07:09 IST 2020 : Setting UI for files in bucket...
DEBUG | Fri Jul 24 21:07:09 IST 2020 : Setting UI for files in bucket...
DEBUG | Fri Jul 24 21:07:10 IST 2020 : Setting UI for files in bucket...
DEBUG | Fri Jul 24 21:07:10 IST 2020 : Setting UI for files in bucket...
DEBUG | Fri Jul 24 21:07:11 IST 2020 : Setting UI for files in bucket...
DEBUG | Fri Jul 24 21:07:11 IST 2020 : Setting UI for files in bucket...
DEBUG | Fri Jul 24 21:07:12 IST 2020 : Setting UI for files in bucket...
DEBUG | Fri Jul 24 21:07:12 IST 2020 : Setting UI for files in bucket...
DEBUG | Fri Jul 24 21:07:13 IST 2020 : Setting UI for files in bucket...
DEBUG | Fri Jul 24 21:07:13 IST 2020 : Setting UI for files in bucket...
DEBUG | Fri Jul 24 21:07:14 IST 2020 : Setting UI for files in bucket...
DEBUG | Fri Jul 24 21:07:14 IST 2020 : Setting UI for files in bucket...
DEBUG | Fri Jul 24 21:07:15 IST 2020 : Setting UI for files in bucket...
DEBUG | Fri Jul 24 21:07:15 IST 2020 : Setting UI for files in bucket...
DEBUG | Fri Jul 24 21:07:16 IST 2020 : Setting UI for files in bucket...
DEBUG | Fri Jul 24 21:07:17 IST 2020 : Setting UI for files in bucket...
DEBUG | Fri Jul 24 21:07:17 IST 2020 : Setting UI for files in bucket...
DEBUG | Fri Jul 24 21:07:18 IST 2020 : Setting UI for files in bucket...
DEBUG | Fri Jul 24 21:07:18 IST 2020 : Setting UI for files in bucket...
DEBUG | Fri Jul 24 21:07:19 IST 2020 : Setting UI for files in bucket...
DEBUG | Fri Jul 24 21:07:19 IST 2020 : Setting UI for files in bucket...
DEBUG | Fri Jul 24 21:07:20 IST 2020 : Setting UI for files in bucket...
DEBUG | Fri Jul 24 21:07:20 IST 2020 : Setting UI for files in bucket...
DEBUG | Fri Jul 24 21:07:21 IST 2020 : Setting UI for files in bucket...
DEBUG | Fri Jul 24 21:07:21 IST 2020 : Setting UI for files in bucket...
DEBUG | Fri Jul 24 21:07:22 IST 2020 : Setting UI for files in bucket...
DEBUG | Fri Jul 24 21:07:22 IST 2020 : Setting UI for files in bucket...
DEBUG | Fri Jul 24 21:07:23 IST 2020 : Setting UI for files in bucket...
DEBUG | Fri Jul 24 21:07:23 IST 2020 : Setting UI for files in bucket...
DEBUG | Fri Jul 24 21:07:24 IST 2020 : Setting UI for files in bucket...
DEBUG | Fri Jul 24 21:07:24 IST 2020 : Setting UI for files in bucket...
DEBUG | Fri Jul 24 21:07:25 IST 2020 : Setting UI for files in bucket...
DEBUG | Fri Jul 24 21:07:25 IST 2020 : Setting UI for files in bucket...
DEBUG | Fri Jul 24 21:07:26 IST 2020 : Setting UI for files in bucket...
DEBUG | Fri Jul 24 21:07:26 IST 2020 : Setting UI for files in bucket...
DEBUG | Fri Jul 24 21:07:27 IST 2020 : Setting UI for files in bucket...
DEBUG | Fri Jul 24 21:07:27 IST 2020 : Setting UI for files in bucket...
DEBUG | Fri Jul 24 21:07:28 IST 2020 : Setting UI for files in bucket...
DEBUG | Fri Jul 24 21:07:28 IST 2020 : Setting UI for files in bucket...
DEBUG | Fri Jul 24 21:07:29 IST 2020 : Setting UI for files in bucket...
DEBUG | Fri Jul 24 21:07:29 IST 2020 : Setting UI for files in bucket...
DEBUG | Fri Jul 24 21:07:30 IST 2020 : Setting UI for files in bucket...
DEBUG | Fri Jul 24 21:07:30 IST 2020 : Setting UI for files in bucket...
DEBUG | Fri Jul 24 21:07:31 IST 2020 : Setting UI for files in bucket...
DEBUG | Fri Jul 24 21:07:31 IST 2020 : Setting UI for files in bucket...
DEBUG | Fri Jul 24 21:07:32 IST 2020 : Setting UI for files in bucket...
DEBUG | Fri Jul 24 21:07:32 IST 2020 : Setting UI for files in bucket...
DEBUG | Fri Jul 24 21:07:33 IST 2020 : Setting UI for files in bucket...
DEBUG | Fri Jul 24 21:07:33 IST 2020 : Setting UI for files in bucket...
DEBUG | Fri Jul 24 21:07:34 IST 2020 : Setting UI for files in bucket...
DEBUG | Fri Jul 24 21:07:35 IST 2020 : Setting UI for files in bucket...
DEBUG | Fri Jul 24 21:07:35 IST 2020 : Setting UI for files in bucket...
DEBUG | Fri Jul 24 21:07:36 IST 2020 : Setting UI for files in bucket...
DEBUG | Fri Jul 24 21:07:36 IST 2020 : Setting UI for files in bucket...
DEBUG | Fri Jul 24 21:07:37 IST 2020 : Setting UI for files in bucket...
DEBUG | Fri Jul 24 21:07:37 IST 2020 : Setting UI for files in bucket...
DEBUG | Fri Jul 24 21:07:38 IST 2020 : Setting UI for files in bucket...
DEBUG | Fri Jul 24 21:07:38 IST 2020 : Setting UI for files in bucket...
DEBUG | Fri Jul 24 21:07:39 IST 2020 : Setting UI for files in bucket...
DEBUG | Fri Jul 24 21:07:39 IST 2020 : Setting UI for files in bucket...
DEBUG | Fri Jul 24 21:07:40 IST 2020 : Setting UI for files in bucket...
DEBUG | Fri Jul 24 21:07:40 IST 2020 : Setting UI for files in bucket...
DEBUG | Fri Jul 24 21:07:41 IST 2020 : Setting UI for files in bucket...
DEBUG | Fri Jul 24 21:07:41 IST 2020 : Setting UI for files in bucket...
DEBUG | Fri Jul 24 21:07:42 IST 2020 : Setting UI for files in bucket...
DEBUG | Fri Jul 24 21:07:42 IST 2020 : Setting UI for files in bucket...
DEBUG | Fri Jul 24 21:07:43 IST 2020 : Setting UI for files in bucket...
DEBUG | Fri Jul 24 21:07:43 IST 2020 : Setting UI for files in bucket...
DEBUG | Fri Jul 24 21:07:44 IST 2020 : Setting UI for files in bucket...
DEBUG | Fri Jul 24 21:07:44 IST 2020 : Setting UI for files in bucket...
DEBUG | Fri Jul 24 21:07:45 IST 2020 : Setting UI for files in bucket...
DEBUG | Fri Jul 24 21:07:45 IST 2020 : Setting UI for files in bucket...
DEBUG | Fri Jul 24 21:07:46 IST 2020 : Setting UI for files in bucket...
DEBUG | Fri Jul 24 21:07:46 IST 2020 : Setting UI for files in bucket...
DEBUG | Fri Jul 24 21:07:47 IST 2020 : Setting UI for files in bucket...
DEBUG | Fri Jul 24 21:07:47 IST 2020 : Setting UI for files in bucket...
DEBUG | Fri Jul 24 21:07:48 IST 2020 : Setting UI for files in bucket...
DEBUG | Fri Jul 24 21:07:48 IST 2020 : Setting UI for files in bucket...
DEBUG | Fri Jul 24 21:07:49 IST 2020 : Setting UI for files in bucket...
DEBUG | Fri Jul 24 21:07:49 IST 2020 : Setting UI for files in bucket...
DEBUG | Fri Jul 24 21:07:50 IST 2020 : Setting UI for files in bucket...
DEBUG | Fri Jul 24 21:07:50 IST 2020 : Setting UI for files in bucket...
DEBUG | Fri Jul 24 21:07:51 IST 2020 : Setting UI for files in bucket...
DEBUG | Fri Jul 24 21:07:52 IST 2020 : Setting UI for files in bucket...
DEBUG | Fri Jul 24 21:07:52 IST 2020 : Setting UI for files in bucket...
DEBUG | Fri Jul 24 21:07:53 IST 2020 : Setting UI for files in bucket...
DEBUG | Fri Jul 24 21:07:53 IST 2020 : Setting UI for files in bucket...
DEBUG | Fri Jul 24 21:07:54 IST 2020 : Setting UI for files in bucket...
DEBUG | Fri Jul 24 21:07:54 IST 2020 : Setting UI for files in bucket...
DEBUG | Fri Jul 24 21:07:55 IST 2020 : Setting UI for files in bucket...
DEBUG | Fri Jul 24 21:07:55 IST 2020 : Setting UI for files in bucket...
DEBUG | Fri Jul 24 21:07:56 IST 2020 : Setting UI for files in bucket...
DEBUG | Fri Jul 24 21:07:56 IST 2020 : Setting UI for files in bucket...
DEBUG | Fri Jul 24 21:07:57 IST 2020 : Setting UI for files in bucket...
DEBUG | Fri Jul 24 21:07:57 IST 2020 : Setting UI for files in bucket...
DEBUG | Fri Jul 24 21:07:58 IST 2020 : Setting UI for files in bucket...
DEBUG | Fri Jul 24 21:07:58 IST 2020 : Setting UI for files in bucket...
DEBUG | Fri Jul 24 21:07:59 IST 2020 : Setting UI for files in bucket...
DEBUG | Fri Jul 24 21:07:59 IST 2020 : Setting UI for files in bucket...
DEBUG | Fri Jul 24 21:08:00 IST 2020 : Setting UI for files in bucket...
DEBUG | Fri Jul 24 21:08:00 IST 2020 : Setting UI for files in bucket...
DEBUG | Fri Jul 24 21:08:01 IST 2020 : Setting UI for files in bucket...
DEBUG | Fri Jul 24 21:08:01 IST 2020 : Setting UI for files in bucket...
DEBUG | Fri Jul 24 21:08:02 IST 2020 : Setting UI for files in bucket...
DEBUG | Fri Jul 24 21:08:02 IST 2020 : Setting UI for files in bucket...
DEBUG | Fri Jul 24 21:08:03 IST 2020 : Setting UI for files in bucket...
DEBUG | Fri Jul 24 21:08:03 IST 2020 : Setting UI for files in bucket...
DEBUG | Fri Jul 24 21:08:04 IST 2020 : Setting UI for files in bucket...
DEBUG | Fri Jul 24 21:08:04 IST 2020 : Setting UI for files in bucket...
DEBUG | Fri Jul 24 21:08:05 IST 2020 : Setting UI for files in bucket...
DEBUG | Fri Jul 24 21:08:05 IST 2020 : Setting UI for files in bucket...
DEBUG | Fri Jul 24 21:08:06 IST 2020 : Setting UI for files in bucket...
DEBUG | Fri Jul 24 21:08:06 IST 2020 : Setting UI for files in bucket...
DEBUG | Fri Jul 24 21:08:07 IST 2020 : Setting UI for files in bucket...
DEBUG | Fri Jul 24 21:08:07 IST 2020 : Setting UI for files in bucket...
DEBUG | Fri Jul 24 21:08:08 IST 2020 : Setting UI for files in bucket...
DEBUG | Fri Jul 24 21:08:09 IST 2020 : Setting UI for files in bucket...
DEBUG | Fri Jul 24 21:08:09 IST 2020 : Setting UI for files in bucket...
DEBUG | Fri Jul 24 21:08:10 IST 2020 : Setting UI for files in bucket...
DEBUG | Fri Jul 24 21:08:10 IST 2020 : Setting UI for files in bucket...
DEBUG | Fri Jul 24 21:08:11 IST 2020 : Setting UI for files in bucket...
DEBUG | Fri Jul 24 21:08:11 IST 2020 : Setting UI for files in bucket...
DEBUG | Fri Jul 24 21:08:12 IST 2020 : Setting UI for files in bucket...
DEBUG | Fri Jul 24 21:08:12 IST 2020 : Setting UI for files in bucket...
DEBUG | Fri Jul 24 21:08:13 IST 2020 : Setting UI for files in bucket...
DEBUG | Fri Jul 24 21:08:13 IST 2020 : Setting UI for files in bucket...
DEBUG | Fri Jul 24 21:08:14 IST 2020 : Setting UI for files in bucket...
DEBUG | Fri Jul 24 21:08:14 IST 2020 : Setting UI for files in bucket...
DEBUG | Fri Jul 24 21:08:15 IST 2020 : Setting UI for files in bucket...
DEBUG | Fri Jul 24 21:08:15 IST 2020 : Setting UI for files in bucket...
DEBUG | Fri Jul 24 21:08:16 IST 2020 : Setting UI for files in bucket...
DEBUG | Fri Jul 24 21:08:16 IST 2020 : Setting UI for files in bucket...
DEBUG | Fri Jul 24 21:08:17 IST 2020 : Setting UI for files in bucket...
DEBUG | Fri Jul 24 21:08:17 IST 2020 : Setting UI for files in bucket...
DEBUG | Fri Jul 24 21:08:18 IST 2020 : Setting UI for files in bucket...
DEBUG | Fri Jul 24 21:08:18 IST 2020 : Setting UI for files in bucket...
DEBUG | Fri Jul 24 21:08:19 IST 2020 : Setting UI for files in bucket...
DEBUG | Fri Jul 24 21:08:19 IST 2020 : Setting UI for files in bucket...
DEBUG | Fri Jul 24 21:08:20 IST 2020 : Setting UI for files in bucket...
DEBUG | Fri Jul 24 21:08:20 IST 2020 : Setting UI for files in bucket...
DEBUG | Fri Jul 24 21:08:21 IST 2020 : Setting UI for files in bucket...
DEBUG | Fri Jul 24 21:08:21 IST 2020 : Setting UI for files in bucket...
DEBUG | Fri Jul 24 21:08:22 IST 2020 : Setting UI for files in bucket...
DEBUG | Fri Jul 24 21:08:22 IST 2020 : Setting UI for files in bucket...
DEBUG | Fri Jul 24 21:08:23 IST 2020 : Setting UI for files in bucket...
DEBUG | Fri Jul 24 21:08:23 IST 2020 : Setting UI for files in bucket...
DEBUG | Fri Jul 24 21:08:24 IST 2020 : Setting UI for files in bucket...
DEBUG | Fri Jul 24 21:08:24 IST 2020 : Setting UI for files in bucket...
DEBUG | Fri Jul 24 21:08:25 IST 2020 : Setting UI for files in bucket...
DEBUG | Fri Jul 24 21:08:25 IST 2020 : Setting UI for files in bucket...
DEBUG | Fri Jul 24 21:08:26 IST 2020 : Setting UI for files in bucket...
DEBUG | Fri Jul 24 21:08:27 IST 2020 : Setting UI for files in bucket...
DEBUG | Fri Jul 24 21:08:27 IST 2020 : Setting UI for files in bucket...
DEBUG | Fri Jul 24 21:08:28 IST 2020 : Setting UI for files in bucket...
DEBUG | Fri Jul 24 21:08:28 IST 2020 : Setting UI for files in bucket...
DEBUG | Fri Jul 24 21:08:29 IST 2020 : Setting UI for files in bucket...
DEBUG | Fri Jul 24 21:08:29 IST 2020 : Setting UI for files in bucket...
DEBUG | Fri Jul 24 21:08:30 IST 2020 : Setting UI for files in bucket...
DEBUG | Fri Jul 24 21:08:30 IST 2020 : Setting UI for files in bucket...
DEBUG | Fri Jul 24 21:08:31 IST 2020 : Setting UI for files in bucket...
DEBUG | Fri Jul 24 21:08:31 IST 2020 : Setting UI for files in bucket...
DEBUG | Fri Jul 24 21:08:32 IST 2020 : Setting UI for files in bucket...
DEBUG | Fri Jul 24 21:08:32 IST 2020 : Setting UI for files in bucket...
DEBUG | Fri Jul 24 21:08:33 IST 2020 : Setting UI for files in bucket...
DEBUG | Fri Jul 24 21:08:33 IST 2020 : Setting UI for files in bucket...
DEBUG | Fri Jul 24 21:08:34 IST 2020 : Setting UI for files in bucket...
DEBUG | Fri Jul 24 21:08:34 IST 2020 : Setting UI for files in bucket...
DEBUG | Fri Jul 24 21:08:35 IST 2020 : Setting UI for files in bucket...
DEBUG | Fri Jul 24 21:08:35 IST 2020 : Setting UI for files in bucket...
DEBUG | Fri Jul 24 21:08:36 IST 2020 : Setting UI for files in bucket...
DEBUG | Fri Jul 24 21:08:36 IST 2020 : Setting UI for files in bucket...
DEBUG | Fri Jul 24 21:08:37 IST 2020 : Setting UI for files in bucket...
DEBUG | Fri Jul 24 21:08:37 IST 2020 : Setting UI for files in bucket...
DEBUG | Fri Jul 24 21:08:38 IST 2020 : Setting UI for files in bucket...
DEBUG | Fri Jul 24 21:08:38 IST 2020 : Setting UI for files in bucket...
DEBUG | Fri Jul 24 21:08:39 IST 2020 : Setting UI for files in bucket...
DEBUG | Fri Jul 24 21:08:39 IST 2020 : Setting UI for files in bucket...
DEBUG | Fri Jul 24 21:08:40 IST 2020 : Setting UI for files in bucket...
DEBUG | Fri Jul 24 21:08:40 IST 2020 : Setting UI for files in bucket...
DEBUG | Fri Jul 24 21:08:41 IST 2020 : Setting UI for files in bucket...
DEBUG | Fri Jul 24 21:08:41 IST 2020 : Setting UI for files in bucket...
DEBUG | Fri Jul 24 21:08:42 IST 2020 : Setting UI for files in bucket...
DEBUG | Fri Jul 24 21:08:42 IST 2020 : Setting UI for files in bucket...
DEBUG | Fri Jul 24 21:08:43 IST 2020 : Setting UI for files in bucket...
DEBUG | Fri Jul 24 21:08:44 IST 2020 : Setting UI for files in bucket...
DEBUG | Fri Jul 24 21:08:44 IST 2020 : Setting UI for files in bucket...
DEBUG | Fri Jul 24 21:08:45 IST 2020 : Setting UI for files in bucket...
DEBUG | Fri Jul 24 21:08:45 IST 2020 : Setting UI for files in bucket...
DEBUG | Fri Jul 24 21:08:46 IST 2020 : Setting UI for files in bucket...
DEBUG | Fri Jul 24 21:08:46 IST 2020 : Setting UI for files in bucket...
DEBUG | Fri Jul 24 21:08:47 IST 2020 : Setting UI for files in bucket...
DEBUG | Fri Jul 24 21:08:47 IST 2020 : Setting UI for files in bucket...
DEBUG | Fri Jul 24 21:08:48 IST 2020 : Setting UI for files in bucket...
DEBUG | Fri Jul 24 21:08:48 IST 2020 : Setting UI for files in bucket...
DEBUG | Fri Jul 24 21:08:49 IST 2020 : Setting UI for files in bucket...
DEBUG | Fri Jul 24 21:08:49 IST 2020 : Setting UI for files in bucket...
DEBUG | Fri Jul 24 21:08:50 IST 2020 : Setting UI for files in bucket...
DEBUG | Fri Jul 24 21:08:50 IST 2020 : Setting UI for files in bucket...
DEBUG | Fri Jul 24 21:08:51 IST 2020 : Setting UI for files in bucket...
DEBUG | Fri Jul 24 21:08:51 IST 2020 : Setting UI for files in bucket...
DEBUG | Fri Jul 24 21:08:52 IST 2020 : Setting UI for files in bucket...
DEBUG | Fri Jul 24 21:08:52 IST 2020 : Setting UI for files in bucket...
DEBUG | Fri Jul 24 21:08:53 IST 2020 : Setting UI for files in bucket...
DEBUG | Fri Jul 24 21:08:53 IST 2020 : Setting UI for files in bucket...
DEBUG | Fri Jul 24 21:08:54 IST 2020 : Setting UI for files in bucket...
DEBUG | Fri Jul 24 21:08:54 IST 2020 : Setting UI for files in bucket...
DEBUG | Fri Jul 24 21:08:55 IST 2020 : Setting UI for files in bucket...
DEBUG | Fri Jul 24 21:08:55 IST 2020 : Setting UI for files in bucket...
DEBUG | Fri Jul 24 21:08:56 IST 2020 : Setting UI for files in bucket...
DEBUG | Fri Jul 24 21:08:56 IST 2020 : Setting UI for files in bucket...
DEBUG | Fri Jul 24 21:08:57 IST 2020 : Setting UI for files in bucket...
DEBUG | Fri Jul 24 21:08:57 IST 2020 : Setting UI for files in bucket...
DEBUG | Fri Jul 24 21:08:58 IST 2020 : Setting UI for files in bucket...
DEBUG | Fri Jul 24 21:08:58 IST 2020 : Setting UI for files in bucket...
DEBUG | Fri Jul 24 21:08:59 IST 2020 : Setting UI for files in bucket...
DEBUG | Fri Jul 24 21:08:59 IST 2020 : Setting UI for files in bucket...
DEBUG | Fri Jul 24 21:09:00 IST 2020 : Setting UI for files in bucket...
DEBUG | Fri Jul 24 21:09:00 IST 2020 : Setting UI for files in bucket...
DEBUG | Fri Jul 24 21:09:01 IST 2020 : Setting UI for files in bucket...
DEBUG | Fri Jul 24 21:09:02 IST 2020 : Setting UI for files in bucket...
DEBUG | Fri Jul 24 21:09:02 IST 2020 : Setting UI for files in bucket...
DEBUG | Fri Jul 24 21:09:03 IST 2020 : Setting UI for files in bucket...
DEBUG | Fri Jul 24 21:09:03 IST 2020 : Setting UI for files in bucket...
DEBUG | Fri Jul 24 21:09:04 IST 2020 : Setting UI for files in bucket...
DEBUG | Fri Jul 24 21:09:04 IST 2020 : Setting UI for files in bucket...
DEBUG | Fri Jul 24 21:09:05 IST 2020 : Setting UI for files in bucket...
DEBUG | Fri Jul 24 21:09:05 IST 2020 : Setting UI for files in bucket...
DEBUG | Fri Jul 24 21:09:06 IST 2020 : Setting UI for files in bucket...
DEBUG | Fri Jul 24 21:09:06 IST 2020 : Setting UI for files in bucket...
DEBUG | Fri Jul 24 21:09:07 IST 2020 : Setting UI for files in bucket...
DEBUG | Fri Jul 24 21:09:07 IST 2020 : Setting UI for files in bucket...
DEBUG | Fri Jul 24 21:09:08 IST 2020 : Setting UI for files in bucket...
DEBUG | Fri Jul 24 21:09:08 IST 2020 : Setting UI for files in bucket...
DEBUG | Fri Jul 24 21:09:09 IST 2020 : Setting UI for files in bucket...
DEBUG | Fri Jul 24 21:09:09 IST 2020 : Setting UI for files in bucket...
DEBUG | Fri Jul 24 21:09:10 IST 2020 : Setting UI for files in bucket...
DEBUG | Fri Jul 24 21:09:10 IST 2020 : Setting UI for files in bucket...
DEBUG | Fri Jul 24 21:09:11 IST 2020 : Setting UI for files in bucket...
DEBUG | Fri Jul 24 21:09:11 IST 2020 : Setting UI for files in bucket...
DEBUG | Fri Jul 24 21:09:12 IST 2020 : Setting UI for files in bucket...
DEBUG | Fri Jul 24 21:09:12 IST 2020 : Setting UI for files in bucket...
DEBUG | Fri Jul 24 21:09:13 IST 2020 : Setting UI for files in bucket...
DEBUG | Fri Jul 24 21:09:13 IST 2020 : Setting UI for files in bucket...
DEBUG | Fri Jul 24 21:09:14 IST 2020 : Setting UI for files in bucket...
