Session Id: 20207-201522
DEBUG | Sat Jul 25 20:15:22 IST 2020 : Services initiated
DEBUG | Sat Jul 25 20:15:31 IST 2020 : Setting UI for files in bucket...
INFO  | Sat Jul 25 20:15:36 IST 2020 : Files with same names (but not same hash) found. Will show overwrite strategy dialog.
DEBUG | Sat Jul 25 20:15:37 IST 2020 : Setting UI for files in bucket...
DEBUG | Sat Jul 25 20:15:37 IST 2020 : Setting UI for files in bucket...
DEBUG | Sat Jul 25 20:15:38 IST 2020 : Setting UI for files in bucket...
DEBUG | Sat Jul 25 20:15:38 IST 2020 : Setting UI for files in bucket...
DEBUG | Sat Jul 25 20:15:39 IST 2020 : Setting UI for files in bucket...
DEBUG | Sat Jul 25 20:15:39 IST 2020 : Overwrite strategy decided : 
DEBUG | Sat Jul 25 20:15:39 IST 2020 : RENAME_SKIPPED_FILES : false
DEBUG | Sat Jul 25 20:15:39 IST 2020 : ASK_FOR_EACH_FILE : false
DEBUG | Sat Jul 25 20:15:39 IST 2020 : COPY_MULTIPLE_FILES_TO_SAME_PATH__ASK_FOR_EACH_FILE : true
INFO  | Sat Jul 25 20:15:39 IST 2020 : Copying 168 files.
--------------------------------------------------------------------------------
INFO  | Sat Jul 25 20:15:39 IST 2020 : 0 of 168 copied
DEBUG | Sat Jul 25 20:15:39 IST 2020 : Setting UI for files in bucket...
----------------------------------------------
DEBUG | Sat Jul 25 20:15:39 IST 2020 : Setting UI for files in bucket...
INFO  | Sat Jul 25 20:15:39 IST 2020 : The file already exists in destination : C:\Users\user\Desktop\src\Love Is Just Apain.avi
WARN  | Sat Jul 25 20:15:39 IST 2020 : Same named file exists : Love Is Just Apain.avi
WARN  | Sat Jul 25 20:15:39 IST 2020 : Overwriting existing file
DEBUG | Sat Jul 25 20:15:39 IST 2020 : Setting UI for files in bucket...
DEBUG | Sat Jul 25 20:15:39 IST 2020 : Copying the file using nio.Files.copy() method.
DEBUG | Sat Jul 25 20:15:39 IST 2020 : Setting UI for files in bucket...
DEBUG | Sat Jul 25 20:15:40 IST 2020 : Setting UI for files in bucket...
DEBUG | Sat Jul 25 20:15:40 IST 2020 : Setting UI for files in bucket...
DEBUG | Sat Jul 25 20:15:41 IST 2020 : Setting UI for files in bucket...
DEBUG | Sat Jul 25 20:15:41 IST 2020 : Setting UI for files in bucket...
DEBUG | Sat Jul 25 20:15:42 IST 2020 : Setting UI for files in bucket...
DEBUG | Sat Jul 25 20:15:42 IST 2020 : Setting UI for files in bucket...
DEBUG | Sat Jul 25 20:15:43 IST 2020 : Setting UI for files in bucket...
DEBUG | Sat Jul 25 20:15:43 IST 2020 : Setting UI for files in bucket...
DEBUG | Sat Jul 25 20:15:44 IST 2020 : Setting UI for files in bucket...
DEBUG | Sat Jul 25 20:15:44 IST 2020 : Setting UI for files in bucket...
DEBUG | Sat Jul 25 20:15:45 IST 2020 : Setting UI for files in bucket...
DEBUG | Sat Jul 25 20:15:45 IST 2020 : Setting UI for files in bucket...
DEBUG | Sat Jul 25 20:15:46 IST 2020 : Setting UI for files in bucket...
DEBUG | Sat Jul 25 20:15:46 IST 2020 : Setting UI for files in bucket...
DEBUG | Sat Jul 25 20:15:47 IST 2020 : Setting UI for files in bucket...
DEBUG | Sat Jul 25 20:15:47 IST 2020 : Setting UI for files in bucket...
DEBUG | Sat Jul 25 20:15:48 IST 2020 : Setting UI for files in bucket...
DEBUG | Sat Jul 25 20:15:48 IST 2020 : Setting UI for files in bucket...
DEBUG | Sat Jul 25 20:15:49 IST 2020 : Setting UI for files in bucket...
DEBUG | Sat Jul 25 20:15:49 IST 2020 : Setting UI for files in bucket...
DEBUG | Sat Jul 25 20:15:50 IST 2020 : Setting UI for files in bucket...
DEBUG | Sat Jul 25 20:15:50 IST 2020 : Setting UI for files in bucket...
DEBUG | Sat Jul 25 20:15:51 IST 2020 : Setting UI for files in bucket...
DEBUG | Sat Jul 25 20:15:51 IST 2020 : Setting UI for files in bucket...
DEBUG | Sat Jul 25 20:15:52 IST 2020 : Setting UI for files in bucket...
DEBUG | Sat Jul 25 20:15:52 IST 2020 : Setting UI for files in bucket...
DEBUG | Sat Jul 25 20:15:53 IST 2020 : Setting UI for files in bucket...
DEBUG | Sat Jul 25 20:15:53 IST 2020 : Setting UI for files in bucket...
DEBUG | Sat Jul 25 20:15:54 IST 2020 : Setting UI for files in bucket...
DEBUG | Sat Jul 25 20:15:54 IST 2020 : Setting UI for files in bucket...
DEBUG | Sat Jul 25 20:15:55 IST 2020 : Setting UI for files in bucket...
DEBUG | Sat Jul 25 20:15:55 IST 2020 : Setting UI for files in bucket...
DEBUG | Sat Jul 25 20:15:56 IST 2020 : Setting UI for files in bucket...
DEBUG | Sat Jul 25 20:15:56 IST 2020 : Setting UI for files in bucket...
DEBUG | Sat Jul 25 20:15:57 IST 2020 : Setting UI for files in bucket...
DEBUG | Sat Jul 25 20:15:57 IST 2020 : Setting UI for files in bucket...
DEBUG | Sat Jul 25 20:15:58 IST 2020 : Setting UI for files in bucket...
DEBUG | Sat Jul 25 20:15:58 IST 2020 : Setting UI for files in bucket...
DEBUG | Sat Jul 25 20:15:59 IST 2020 : Setting UI for files in bucket...
DEBUG | Sat Jul 25 20:15:59 IST 2020 : Setting UI for files in bucket...
DEBUG | Sat Jul 25 20:16:00 IST 2020 : Setting UI for files in bucket...
DEBUG | Sat Jul 25 20:16:00 IST 2020 : Setting UI for files in bucket...
DEBUG | Sat Jul 25 20:16:01 IST 2020 : Setting UI for files in bucket...
DEBUG | Sat Jul 25 20:16:01 IST 2020 : Setting UI for files in bucket...
DEBUG | Sat Jul 25 20:16:02 IST 2020 : Setting UI for files in bucket...
DEBUG | Sat Jul 25 20:16:02 IST 2020 : Setting UI for files in bucket...
DEBUG | Sat Jul 25 20:16:03 IST 2020 : Setting UI for files in bucket...
DEBUG | Sat Jul 25 20:16:03 IST 2020 : Setting UI for files in bucket...
DEBUG | Sat Jul 25 20:16:04 IST 2020 : Setting UI for files in bucket...
DEBUG | Sat Jul 25 20:16:04 IST 2020 : Setting UI for files in bucket...
DEBUG | Sat Jul 25 20:16:05 IST 2020 : Setting UI for files in bucket...
DEBUG | Sat Jul 25 20:16:05 IST 2020 : Setting UI for files in bucket...
DEBUG | Sat Jul 25 20:16:06 IST 2020 : Setting UI for files in bucket...
DEBUG | Sat Jul 25 20:16:06 IST 2020 : Setting UI for files in bucket...
DEBUG | Sat Jul 25 20:16:07 IST 2020 : Setting UI for files in bucket...
DEBUG | Sat Jul 25 20:16:07 IST 2020 : Setting UI for files in bucket...
DEBUG | Sat Jul 25 20:16:08 IST 2020 : Setting UI for files in bucket...
DEBUG | Sat Jul 25 20:16:08 IST 2020 : Setting UI for files in bucket...
DEBUG | Sat Jul 25 20:16:09 IST 2020 : Setting UI for files in bucket...
DEBUG | Sat Jul 25 20:16:09 IST 2020 : Setting UI for files in bucket...
DEBUG | Sat Jul 25 20:16:10 IST 2020 : Setting UI for files in bucket...
DEBUG | Sat Jul 25 20:16:10 IST 2020 : Setting UI for files in bucket...
DEBUG | Sat Jul 25 20:16:11 IST 2020 : Setting UI for files in bucket...
DEBUG | Sat Jul 25 20:16:11 IST 2020 : Setting UI for files in bucket...
DEBUG | Sat Jul 25 20:16:12 IST 2020 : Setting UI for files in bucket...
DEBUG | Sat Jul 25 20:16:12 IST 2020 : Setting UI for files in bucket...
DEBUG | Sat Jul 25 20:16:13 IST 2020 : Setting UI for files in bucket...
DEBUG | Sat Jul 25 20:16:13 IST 2020 : Setting UI for files in bucket...
DEBUG | Sat Jul 25 20:16:14 IST 2020 : Setting UI for files in bucket...
DEBUG | Sat Jul 25 20:16:14 IST 2020 : Setting UI for files in bucket...
DEBUG | Sat Jul 25 20:16:15 IST 2020 : Setting UI for files in bucket...
DEBUG | Sat Jul 25 20:16:15 IST 2020 : Setting UI for files in bucket...
DEBUG | Sat Jul 25 20:16:16 IST 2020 : Setting UI for files in bucket...
DEBUG | Sat Jul 25 20:16:16 IST 2020 : Setting UI for files in bucket...
DEBUG | Sat Jul 25 20:16:17 IST 2020 : Setting UI for files in bucket...
DEBUG | Sat Jul 25 20:16:17 IST 2020 : Setting UI for files in bucket...
DEBUG | Sat Jul 25 20:16:18 IST 2020 : Setting UI for files in bucket...
DEBUG | Sat Jul 25 20:16:18 IST 2020 : Setting UI for files in bucket...
DEBUG | Sat Jul 25 20:16:19 IST 2020 : Setting UI for files in bucket...
DEBUG | Sat Jul 25 20:16:19 IST 2020 : Setting UI for files in bucket...
DEBUG | Sat Jul 25 20:16:20 IST 2020 : Setting UI for files in bucket...
DEBUG | Sat Jul 25 20:16:20 IST 2020 : Setting UI for files in bucket...
DEBUG | Sat Jul 25 20:16:21 IST 2020 : Setting UI for files in bucket...
DEBUG | Sat Jul 25 20:16:21 IST 2020 : Setting UI for files in bucket...
DEBUG | Sat Jul 25 20:16:22 IST 2020 : Setting UI for files in bucket...
