Session Id: 20206-202237
DEBUG | Fri Jul 24 20:22:37 IST 2020 : Services initiated
DEBUG | Fri Jul 24 20:22:43 IST 2020 : Setting UI for files in bucket...
INFO  | Fri Jul 24 20:22:48 IST 2020 : Files with same names (but not same hash) found. Will show overwrite strategy dialog.
DEBUG | Fri Jul 24 20:22:48 IST 2020 : Setting UI for files in bucket...
DEBUG | Fri Jul 24 20:22:49 IST 2020 : Setting UI for files in bucket...
DEBUG | Fri Jul 24 20:22:49 IST 2020 : Setting UI for files in bucket...
DEBUG | Fri Jul 24 20:22:50 IST 2020 : Setting UI for files in bucket...
DEBUG | Fri Jul 24 20:22:50 IST 2020 : Setting UI for files in bucket...
DEBUG | Fri Jul 24 20:22:51 IST 2020 : Setting UI for files in bucket...
DEBUG | Fri Jul 24 20:22:51 IST 2020 : Setting UI for files in bucket...
DEBUG | Fri Jul 24 20:22:52 IST 2020 : Setting UI for files in bucket...
DEBUG | Fri Jul 24 20:22:52 IST 2020 : Setting UI for files in bucket...
DEBUG | Fri Jul 24 20:22:53 IST 2020 : Setting UI for files in bucket...
DEBUG | Fri Jul 24 20:22:53 IST 2020 : Setting UI for files in bucket...
DEBUG | Fri Jul 24 20:22:54 IST 2020 : Setting UI for files in bucket...
DEBUG | Fri Jul 24 20:22:54 IST 2020 : Setting UI for files in bucket...
DEBUG | Fri Jul 24 20:22:55 IST 2020 : Setting UI for files in bucket...
DEBUG | Fri Jul 24 20:22:55 IST 2020 : Setting UI for files in bucket...
DEBUG | Fri Jul 24 20:22:56 IST 2020 : Setting UI for files in bucket...
DEBUG | Fri Jul 24 20:22:56 IST 2020 : Setting UI for files in bucket...
DEBUG | Fri Jul 24 20:22:57 IST 2020 : Setting UI for files in bucket...
DEBUG | Fri Jul 24 20:22:57 IST 2020 : Setting UI for files in bucket...
DEBUG | Fri Jul 24 20:22:58 IST 2020 : Setting UI for files in bucket...
DEBUG | Fri Jul 24 20:22:58 IST 2020 : Setting UI for files in bucket...
DEBUG | Fri Jul 24 20:22:59 IST 2020 : Setting UI for files in bucket...
DEBUG | Fri Jul 24 20:23:00 IST 2020 : Setting UI for files in bucket...
DEBUG | Fri Jul 24 20:23:00 IST 2020 : Setting UI for files in bucket...
DEBUG | Fri Jul 24 20:23:01 IST 2020 : Setting UI for files in bucket...
DEBUG | Fri Jul 24 20:23:01 IST 2020 : Setting UI for files in bucket...
DEBUG | Fri Jul 24 20:23:02 IST 2020 : Setting UI for files in bucket...
DEBUG | Fri Jul 24 20:23:02 IST 2020 : Setting UI for files in bucket...
DEBUG | Fri Jul 24 20:23:03 IST 2020 : Setting UI for files in bucket...
DEBUG | Fri Jul 24 20:23:03 IST 2020 : Setting UI for files in bucket...
DEBUG | Fri Jul 24 20:23:04 IST 2020 : Setting UI for files in bucket...
DEBUG | Fri Jul 24 20:23:04 IST 2020 : Setting UI for files in bucket...
DEBUG | Fri Jul 24 20:23:05 IST 2020 : Setting UI for files in bucket...
DEBUG | Fri Jul 24 20:23:05 IST 2020 : Setting UI for files in bucket...
DEBUG | Fri Jul 24 20:23:06 IST 2020 : Setting UI for files in bucket...
DEBUG | Fri Jul 24 20:23:06 IST 2020 : Setting UI for files in bucket...
DEBUG | Fri Jul 24 20:23:07 IST 2020 : Setting UI for files in bucket...
DEBUG | Fri Jul 24 20:23:07 IST 2020 : Setting UI for files in bucket...
DEBUG | Fri Jul 24 20:23:08 IST 2020 : Setting UI for files in bucket...
