Session Id: 20206-220438
DEBUG | Fri Jul 24 22:04:38 IST 2020 : Services initiated
DEBUG | Fri Jul 24 22:04:47 IST 2020 : Setting UI for files in bucket...
INFO  | Fri Jul 24 22:04:52 IST 2020 : Files with same names (but not same hash) found. Will show overwrite strategy dialog.
DEBUG | Fri Jul 24 22:04:53 IST 2020 : Setting UI for files in bucket...
DEBUG | Fri Jul 24 22:04:53 IST 2020 : Setting UI for files in bucket...
DEBUG | Fri Jul 24 22:04:54 IST 2020 : Setting UI for files in bucket...
DEBUG | Fri Jul 24 22:04:54 IST 2020 : Setting UI for files in bucket...
DEBUG | Fri Jul 24 22:04:55 IST 2020 : Setting UI for files in bucket...
DEBUG | Fri Jul 24 22:04:55 IST 2020 : Setting UI for files in bucket...
DEBUG | Fri Jul 24 22:04:56 IST 2020 : Setting UI for files in bucket...
DEBUG | Fri Jul 24 22:04:57 IST 2020 : Setting UI for files in bucket...
DEBUG | Fri Jul 24 22:04:57 IST 2020 : Setting UI for files in bucket...
DEBUG | Fri Jul 24 22:04:58 IST 2020 : Setting UI for files in bucket...
DEBUG | Fri Jul 24 22:04:58 IST 2020 : Setting UI for files in bucket...
DEBUG | Fri Jul 24 22:04:59 IST 2020 : Setting UI for files in bucket...
DEBUG | Fri Jul 24 22:04:59 IST 2020 : Setting UI for files in bucket...
DEBUG | Fri Jul 24 22:05:00 IST 2020 : Setting UI for files in bucket...
DEBUG | Fri Jul 24 22:05:00 IST 2020 : Setting UI for files in bucket...
DEBUG | Fri Jul 24 22:05:01 IST 2020 : Setting UI for files in bucket...
DEBUG | Fri Jul 24 22:05:01 IST 2020 : Setting UI for files in bucket...
DEBUG | Fri Jul 24 22:05:02 IST 2020 : Setting UI for files in bucket...
DEBUG | Fri Jul 24 22:05:02 IST 2020 : Setting UI for files in bucket...
DEBUG | Fri Jul 24 22:05:03 IST 2020 : Setting UI for files in bucket...
DEBUG | Fri Jul 24 22:05:03 IST 2020 : Setting UI for files in bucket...
DEBUG | Fri Jul 24 22:05:04 IST 2020 : Setting UI for files in bucket...
DEBUG | Fri Jul 24 22:05:04 IST 2020 : Setting UI for files in bucket...
DEBUG | Fri Jul 24 22:05:05 IST 2020 : Setting UI for files in bucket...
DEBUG | Fri Jul 24 22:05:05 IST 2020 : Setting UI for files in bucket...
DEBUG | Fri Jul 24 22:05:06 IST 2020 : Setting UI for files in bucket...
DEBUG | Fri Jul 24 22:05:06 IST 2020 : Setting UI for files in bucket...
DEBUG | Fri Jul 24 22:05:07 IST 2020 : Setting UI for files in bucket...
DEBUG | Fri Jul 24 22:05:07 IST 2020 : Setting UI for files in bucket...
DEBUG | Fri Jul 24 22:05:08 IST 2020 : Setting UI for files in bucket...
DEBUG | Fri Jul 24 22:05:08 IST 2020 : Setting UI for files in bucket...
DEBUG | Fri Jul 24 22:05:09 IST 2020 : Setting UI for files in bucket...
DEBUG | Fri Jul 24 22:05:09 IST 2020 : Setting UI for files in bucket...
DEBUG | Fri Jul 24 22:05:10 IST 2020 : Setting UI for files in bucket...
DEBUG | Fri Jul 24 22:05:10 IST 2020 : Setting UI for files in bucket...
DEBUG | Fri Jul 24 22:05:11 IST 2020 : Setting UI for files in bucket...
DEBUG | Fri Jul 24 22:05:11 IST 2020 : Setting UI for files in bucket...
DEBUG | Fri Jul 24 22:05:12 IST 2020 : Setting UI for files in bucket...
DEBUG | Fri Jul 24 22:05:12 IST 2020 : Setting UI for files in bucket...
DEBUG | Fri Jul 24 22:05:13 IST 2020 : Setting UI for files in bucket...
DEBUG | Fri Jul 24 22:05:14 IST 2020 : Setting UI for files in bucket...
DEBUG | Fri Jul 24 22:05:14 IST 2020 : Setting UI for files in bucket...
DEBUG | Fri Jul 24 22:05:15 IST 2020 : Setting UI for files in bucket...
DEBUG | Fri Jul 24 22:05:15 IST 2020 : Setting UI for files in bucket...
DEBUG | Fri Jul 24 22:05:16 IST 2020 : Setting UI for files in bucket...
DEBUG | Fri Jul 24 22:05:16 IST 2020 : Setting UI for files in bucket...
DEBUG | Fri Jul 24 22:05:17 IST 2020 : Setting UI for files in bucket...
DEBUG | Fri Jul 24 22:05:17 IST 2020 : Setting UI for files in bucket...
DEBUG | Fri Jul 24 22:05:18 IST 2020 : Setting UI for files in bucket...
DEBUG | Fri Jul 24 22:05:18 IST 2020 : Setting UI for files in bucket...
DEBUG | Fri Jul 24 22:05:19 IST 2020 : Setting UI for files in bucket...
DEBUG | Fri Jul 24 22:05:19 IST 2020 : Setting UI for files in bucket...
DEBUG | Fri Jul 24 22:05:20 IST 2020 : Setting UI for files in bucket...
DEBUG | Fri Jul 24 22:05:20 IST 2020 : Setting UI for files in bucket...
DEBUG | Fri Jul 24 22:05:21 IST 2020 : Setting UI for files in bucket...
DEBUG | Fri Jul 24 22:05:21 IST 2020 : Setting UI for files in bucket...
DEBUG | Fri Jul 24 22:05:22 IST 2020 : Setting UI for files in bucket...
DEBUG | Fri Jul 24 22:05:22 IST 2020 : Setting UI for files in bucket...
DEBUG | Fri Jul 24 22:05:23 IST 2020 : Setting UI for files in bucket...
DEBUG | Fri Jul 24 22:05:23 IST 2020 : Setting UI for files in bucket...
DEBUG | Fri Jul 24 22:05:24 IST 2020 : Setting UI for files in bucket...
DEBUG | Fri Jul 24 22:05:24 IST 2020 : Setting UI for files in bucket...
DEBUG | Fri Jul 24 22:05:25 IST 2020 : Setting UI for files in bucket...
DEBUG | Fri Jul 24 22:05:25 IST 2020 : Setting UI for files in bucket...
DEBUG | Fri Jul 24 22:05:26 IST 2020 : Setting UI for files in bucket...
DEBUG | Fri Jul 24 22:05:26 IST 2020 : Setting UI for files in bucket...
DEBUG | Fri Jul 24 22:05:27 IST 2020 : Setting UI for files in bucket...
DEBUG | Fri Jul 24 22:05:27 IST 2020 : Setting UI for files in bucket...
DEBUG | Fri Jul 24 22:05:28 IST 2020 : Setting UI for files in bucket...
DEBUG | Fri Jul 24 22:05:28 IST 2020 : Setting UI for files in bucket...
DEBUG | Fri Jul 24 22:05:29 IST 2020 : Setting UI for files in bucket...
DEBUG | Fri Jul 24 22:05:29 IST 2020 : Setting UI for files in bucket...
DEBUG | Fri Jul 24 22:05:30 IST 2020 : Setting UI for files in bucket...
DEBUG | Fri Jul 24 22:05:31 IST 2020 : Setting UI for files in bucket...
DEBUG | Fri Jul 24 22:05:31 IST 2020 : Setting UI for files in bucket...
DEBUG | Fri Jul 24 22:05:32 IST 2020 : Setting UI for files in bucket...
DEBUG | Fri Jul 24 22:05:32 IST 2020 : Setting UI for files in bucket...
DEBUG | Fri Jul 24 22:05:33 IST 2020 : Setting UI for files in bucket...
DEBUG | Fri Jul 24 22:05:33 IST 2020 : Setting UI for files in bucket...
DEBUG | Fri Jul 24 22:05:34 IST 2020 : Setting UI for files in bucket...
DEBUG | Fri Jul 24 22:05:34 IST 2020 : Setting UI for files in bucket...
DEBUG | Fri Jul 24 22:05:35 IST 2020 : Setting UI for files in bucket...
DEBUG | Fri Jul 24 22:05:35 IST 2020 : Setting UI for files in bucket...
DEBUG | Fri Jul 24 22:05:36 IST 2020 : Setting UI for files in bucket...
DEBUG | Fri Jul 24 22:05:36 IST 2020 : Setting UI for files in bucket...
DEBUG | Fri Jul 24 22:05:37 IST 2020 : Setting UI for files in bucket...
DEBUG | Fri Jul 24 22:05:37 IST 2020 : Setting UI for files in bucket...
DEBUG | Fri Jul 24 22:05:38 IST 2020 : Setting UI for files in bucket...
DEBUG | Fri Jul 24 22:05:38 IST 2020 : Setting UI for files in bucket...
DEBUG | Fri Jul 24 22:05:39 IST 2020 : Setting UI for files in bucket...
