Session Id: 20207-170050
DEBUG | Sat Jul 25 17:00:50 IST 2020 : Services initiated
DEBUG | Sat Jul 25 17:00:58 IST 2020 : Setting UI for files in bucket...
INFO  | Sat Jul 25 17:01:04 IST 2020 : Files with same names (but not same hash) found. Will show overwrite strategy dialog.
DEBUG | Sat Jul 25 17:01:04 IST 2020 : Setting UI for files in bucket...
DEBUG | Sat Jul 25 17:01:05 IST 2020 : Setting UI for files in bucket...
DEBUG | Sat Jul 25 17:01:05 IST 2020 : Setting UI for files in bucket...
DEBUG | Sat Jul 25 17:01:06 IST 2020 : Overwrite strategy decided : 
DEBUG | Sat Jul 25 17:01:06 IST 2020 : RENAME_SKIPPED_FILES : false
DEBUG | Sat Jul 25 17:01:06 IST 2020 : ASK_FOR_EACH_FILE : false
DEBUG | Sat Jul 25 17:01:06 IST 2020 : COPY_MULTIPLE_FILES_TO_SAME_PATH__ASK_FOR_EACH_FILE : true
INFO  | Sat Jul 25 17:01:06 IST 2020 : Copying 6 files.
--------------------------------------------------------------------------------
INFO  | Sat Jul 25 17:01:06 IST 2020 : 0 of 6 copied
DEBUG | Sat Jul 25 17:01:06 IST 2020 : Setting UI for files in bucket...
----------------------------------------------
DEBUG | Sat Jul 25 17:01:06 IST 2020 : Setting UI for files in bucket...
INFO  | Sat Jul 25 17:01:06 IST 2020 : The file already exists in destination : C:\Users\user\Desktop\src\set-4\1.bmp
WARN  | Sat Jul 25 17:01:06 IST 2020 : Same named file exists : 1.bmp
INFO  | Sat Jul 25 17:01:06 IST 2020 : Skipping the file (not even renaming)
INFO  | Sat Jul 25 17:01:06 IST 2020 : 1 of 6 copied
DEBUG | Sat Jul 25 17:01:06 IST 2020 : Setting UI for files in bucket...
----------------------------------------------
DEBUG | Sat Jul 25 17:01:06 IST 2020 : Setting UI for files in bucket...
INFO  | Sat Jul 25 17:01:06 IST 2020 : The file already exists in destination : C:\Users\user\Desktop\src\set-5\1.bmp
WARN  | Sat Jul 25 17:01:06 IST 2020 : Same named file exists : 1.bmp
INFO  | Sat Jul 25 17:01:06 IST 2020 : Skipping the file (not even renaming)
INFO  | Sat Jul 25 17:01:06 IST 2020 : 2 of 6 copied
DEBUG | Sat Jul 25 17:01:06 IST 2020 : Setting UI for files in bucket...
----------------------------------------------
DEBUG | Sat Jul 25 17:01:06 IST 2020 : Setting UI for files in bucket...
INFO  | Sat Jul 25 17:01:06 IST 2020 : The file already exists in destination : C:\Users\user\Desktop\src\set-4\2.bmp
WARN  | Sat Jul 25 17:01:06 IST 2020 : Same named file exists : 2.bmp
INFO  | Sat Jul 25 17:01:06 IST 2020 : Skipping the file (not even renaming)
INFO  | Sat Jul 25 17:01:06 IST 2020 : 3 of 6 copied
DEBUG | Sat Jul 25 17:01:06 IST 2020 : Setting UI for files in bucket...
----------------------------------------------
DEBUG | Sat Jul 25 17:01:06 IST 2020 : Setting UI for files in bucket...
INFO  | Sat Jul 25 17:01:06 IST 2020 : The file already exists in destination : C:\Users\user\Desktop\src\set-5\2.bmp
WARN  | Sat Jul 25 17:01:06 IST 2020 : Same named file exists : 2.bmp
INFO  | Sat Jul 25 17:01:06 IST 2020 : Skipping the file (not even renaming)
INFO  | Sat Jul 25 17:01:06 IST 2020 : 4 of 6 copied
DEBUG | Sat Jul 25 17:01:06 IST 2020 : Setting UI for files in bucket...
----------------------------------------------
DEBUG | Sat Jul 25 17:01:06 IST 2020 : Setting UI for files in bucket...
INFO  | Sat Jul 25 17:01:06 IST 2020 : The file already exists in destination : C:\Users\user\Desktop\src\set-4\3.bmp
WARN  | Sat Jul 25 17:01:06 IST 2020 : Same named file exists : 3.bmp
INFO  | Sat Jul 25 17:01:06 IST 2020 : Skipping the file (not even renaming)
INFO  | Sat Jul 25 17:01:06 IST 2020 : 5 of 6 copied
DEBUG | Sat Jul 25 17:01:06 IST 2020 : Setting UI for files in bucket...
----------------------------------------------
DEBUG | Sat Jul 25 17:01:06 IST 2020 : Setting UI for files in bucket...
INFO  | Sat Jul 25 17:01:06 IST 2020 : The file already exists in destination : C:\Users\user\Desktop\src\set-5\3.bmp
WARN  | Sat Jul 25 17:01:06 IST 2020 : Same named file exists : 3.bmp
INFO  | Sat Jul 25 17:01:06 IST 2020 : Skipping the file (not even renaming)
INFO  | Sat Jul 25 17:01:06 IST 2020 : 6 of 6 copied
DEBUG | Sat Jul 25 17:01:06 IST 2020 : Setting UI for files in bucket...
DEBUG | Sat Jul 25 17:01:06 IST 2020 : Setting UI for files in bucket...
DEBUG | Sat Jul 25 17:01:06 IST 2020 : Setting UI for files in bucket...
