WARN  | Tue Jul 28 21:17:25 IST 2020 : Failed to unzip the resources: D:\Programs\LidoSoftwares\LidoCopy\res.zip (The system cannot find the file specified)
Session Id: 20210-211725
DEBUG | Tue Jul 28 21:17:25 IST 2020 : Services initiated
DEBUG | Tue Jul 28 21:17:27 IST 2020 : Add file for copy: D:\Programs\LidoSoftwares\LidoCopy\files\lMdcdclIpx1595951245712
DEBUG | Tue Jul 28 21:17:27 IST 2020 : passing to backpanel >> C:\Users\user\Desktop\src\set-2\1.bmp
DEBUG | Tue Jul 28 21:17:27 IST 2020 : Got file for copy: C:\Users\user\Desktop\src\set-2\1.bmp
DEBUG | Tue Jul 28 21:17:27 IST 2020 : Added file for copy to srcFiles: 1
DEBUG | Tue Jul 28 21:17:27 IST 2020 : Setting UI for files in bucket...
DEBUG | Tue Jul 28 21:17:27 IST 2020 : Add file for copy: D:\Programs\LidoSoftwares\LidoCopy\files\raXEWzCNfO1595951245711
DEBUG | Tue Jul 28 21:17:27 IST 2020 : passing to backpanel >> C:\Users\user\Desktop\src\set-2\set-2\1.bmp
DEBUG | Tue Jul 28 21:17:27 IST 2020 : Got file for copy: C:\Users\user\Desktop\src\set-2\set-2\1.bmp
DEBUG | Tue Jul 28 21:17:27 IST 2020 : Added file for copy to srcFiles: 2
DEBUG | Tue Jul 28 21:17:27 IST 2020 : Setting UI for files in bucket...
DEBUG | Tue Jul 28 21:17:27 IST 2020 : Setting UI for files in bucket...
INFO  | Tue Jul 28 21:17:32 IST 2020 : Files with same names (but not same hash) found. Will show overwrite strategy dialog.
INFO  | Tue Jul 28 21:17:32 IST 2020 : Files with same names and relative paths copied together from different sources. Will show overwrite strategy dialog.
DEBUG | Tue Jul 28 21:17:33 IST 2020 : Setting UI for files in bucket...
DEBUG | Tue Jul 28 21:17:33 IST 2020 : Setting UI for files in bucket...
DEBUG | Tue Jul 28 21:17:34 IST 2020 : Setting UI for files in bucket...
DEBUG | Tue Jul 28 21:17:34 IST 2020 : Setting UI for files in bucket...
DEBUG | Tue Jul 28 21:17:35 IST 2020 : Setting UI for files in bucket...
DEBUG | Tue Jul 28 21:17:35 IST 2020 : Setting UI for files in bucket...
DEBUG | Tue Jul 28 21:17:36 IST 2020 : Setting UI for files in bucket...
DEBUG | Tue Jul 28 21:17:36 IST 2020 : Setting UI for files in bucket...
DEBUG | Tue Jul 28 21:17:37 IST 2020 : Setting UI for files in bucket...
DEBUG | Tue Jul 28 21:17:37 IST 2020 : Setting UI for files in bucket...
DEBUG | Tue Jul 28 21:17:38 IST 2020 : Setting UI for files in bucket...
DEBUG | Tue Jul 28 21:17:38 IST 2020 : Setting UI for files in bucket...
DEBUG | Tue Jul 28 21:17:39 IST 2020 : Setting UI for files in bucket...
DEBUG | Tue Jul 28 21:17:39 IST 2020 : Setting UI for files in bucket...
DEBUG | Tue Jul 28 21:17:40 IST 2020 : Setting UI for files in bucket...
DEBUG | Tue Jul 28 21:17:40 IST 2020 : Setting UI for files in bucket...
DEBUG | Tue Jul 28 21:17:41 IST 2020 : Setting UI for files in bucket...
DEBUG | Tue Jul 28 21:17:41 IST 2020 : Setting UI for files in bucket...
DEBUG | Tue Jul 28 21:17:42 IST 2020 : Setting UI for files in bucket...
DEBUG | Tue Jul 28 21:17:42 IST 2020 : Setting UI for files in bucket...
DEBUG | Tue Jul 28 21:17:43 IST 2020 : Setting UI for files in bucket...
DEBUG | Tue Jul 28 21:17:43 IST 2020 : Setting UI for files in bucket...
DEBUG | Tue Jul 28 21:17:44 IST 2020 : Setting UI for files in bucket...
DEBUG | Tue Jul 28 21:17:44 IST 2020 : Setting UI for files in bucket...
DEBUG | Tue Jul 28 21:17:45 IST 2020 : Setting UI for files in bucket...
DEBUG | Tue Jul 28 21:17:45 IST 2020 : Setting UI for files in bucket...
DEBUG | Tue Jul 28 21:17:46 IST 2020 : Setting UI for files in bucket...
DEBUG | Tue Jul 28 21:17:46 IST 2020 : Setting UI for files in bucket...
DEBUG | Tue Jul 28 21:17:47 IST 2020 : Setting UI for files in bucket...
DEBUG | Tue Jul 28 21:17:47 IST 2020 : Setting UI for files in bucket...
DEBUG | Tue Jul 28 21:17:48 IST 2020 : Setting UI for files in bucket...
DEBUG | Tue Jul 28 21:17:48 IST 2020 : Setting UI for files in bucket...
DEBUG | Tue Jul 28 21:17:49 IST 2020 : Setting UI for files in bucket...
DEBUG | Tue Jul 28 21:17:49 IST 2020 : Setting UI for files in bucket...
DEBUG | Tue Jul 28 21:17:50 IST 2020 : Setting UI for files in bucket...
DEBUG | Tue Jul 28 21:17:50 IST 2020 : Setting UI for files in bucket...
DEBUG | Tue Jul 28 21:17:51 IST 2020 : Setting UI for files in bucket...
DEBUG | Tue Jul 28 21:17:51 IST 2020 : Setting UI for files in bucket...
DEBUG | Tue Jul 28 21:17:52 IST 2020 : Setting UI for files in bucket...
DEBUG | Tue Jul 28 21:17:52 IST 2020 : Setting UI for files in bucket...
DEBUG | Tue Jul 28 21:17:53 IST 2020 : Setting UI for files in bucket...
DEBUG | Tue Jul 28 21:17:53 IST 2020 : Setting UI for files in bucket...
DEBUG | Tue Jul 28 21:17:54 IST 2020 : Setting UI for files in bucket...
DEBUG | Tue Jul 28 21:17:54 IST 2020 : Setting UI for files in bucket...
DEBUG | Tue Jul 28 21:17:55 IST 2020 : Setting UI for files in bucket...
DEBUG | Tue Jul 28 21:17:55 IST 2020 : Setting UI for files in bucket...
DEBUG | Tue Jul 28 21:17:56 IST 2020 : Setting UI for files in bucket...
DEBUG | Tue Jul 28 21:17:56 IST 2020 : Setting UI for files in bucket...
DEBUG | Tue Jul 28 21:17:57 IST 2020 : Setting UI for files in bucket...
DEBUG | Tue Jul 28 21:17:57 IST 2020 : Setting UI for files in bucket...
DEBUG | Tue Jul 28 21:17:58 IST 2020 : Setting UI for files in bucket...
DEBUG | Tue Jul 28 21:17:58 IST 2020 : Setting UI for files in bucket...
DEBUG | Tue Jul 28 21:17:59 IST 2020 : Setting UI for files in bucket...
DEBUG | Tue Jul 28 21:17:59 IST 2020 : Setting UI for files in bucket...
DEBUG | Tue Jul 28 21:18:00 IST 2020 : Setting UI for files in bucket...
DEBUG | Tue Jul 28 21:18:00 IST 2020 : Setting UI for files in bucket...
DEBUG | Tue Jul 28 21:18:01 IST 2020 : Setting UI for files in bucket...
DEBUG | Tue Jul 28 21:18:01 IST 2020 : Setting UI for files in bucket...
DEBUG | Tue Jul 28 21:18:02 IST 2020 : Setting UI for files in bucket...
DEBUG | Tue Jul 28 21:18:02 IST 2020 : Setting UI for files in bucket...
DEBUG | Tue Jul 28 21:18:03 IST 2020 : Setting UI for files in bucket...
DEBUG | Tue Jul 28 21:18:03 IST 2020 : Setting UI for files in bucket...
DEBUG | Tue Jul 28 21:18:04 IST 2020 : Setting UI for files in bucket...
DEBUG | Tue Jul 28 21:18:04 IST 2020 : Setting UI for files in bucket...
DEBUG | Tue Jul 28 21:18:05 IST 2020 : Setting UI for files in bucket...
DEBUG | Tue Jul 28 21:18:05 IST 2020 : Setting UI for files in bucket...
DEBUG | Tue Jul 28 21:18:06 IST 2020 : Setting UI for files in bucket...
DEBUG | Tue Jul 28 21:18:06 IST 2020 : Setting UI for files in bucket...
DEBUG | Tue Jul 28 21:18:07 IST 2020 : Setting UI for files in bucket...
DEBUG | Tue Jul 28 21:18:07 IST 2020 : Setting UI for files in bucket...
DEBUG | Tue Jul 28 21:18:08 IST 2020 : Setting UI for files in bucket...
DEBUG | Tue Jul 28 21:18:08 IST 2020 : Setting UI for files in bucket...
DEBUG | Tue Jul 28 21:18:09 IST 2020 : Setting UI for files in bucket...
DEBUG | Tue Jul 28 21:18:09 IST 2020 : Setting UI for files in bucket...
DEBUG | Tue Jul 28 21:18:10 IST 2020 : Setting UI for files in bucket...
DEBUG | Tue Jul 28 21:18:10 IST 2020 : Setting UI for files in bucket...
DEBUG | Tue Jul 28 21:18:11 IST 2020 : Setting UI for files in bucket...
DEBUG | Tue Jul 28 21:18:11 IST 2020 : Setting UI for files in bucket...
DEBUG | Tue Jul 28 21:18:12 IST 2020 : Setting UI for files in bucket...
DEBUG | Tue Jul 28 21:18:12 IST 2020 : Setting UI for files in bucket...
DEBUG | Tue Jul 28 21:18:13 IST 2020 : Setting UI for files in bucket...
DEBUG | Tue Jul 28 21:18:13 IST 2020 : Setting UI for files in bucket...
DEBUG | Tue Jul 28 21:18:14 IST 2020 : Setting UI for files in bucket...
DEBUG | Tue Jul 28 21:18:14 IST 2020 : Setting UI for files in bucket...
DEBUG | Tue Jul 28 21:18:15 IST 2020 : Setting UI for files in bucket...
DEBUG | Tue Jul 28 21:18:15 IST 2020 : Setting UI for files in bucket...
DEBUG | Tue Jul 28 21:18:16 IST 2020 : Setting UI for files in bucket...
DEBUG | Tue Jul 28 21:18:16 IST 2020 : Setting UI for files in bucket...
DEBUG | Tue Jul 28 21:18:17 IST 2020 : Setting UI for files in bucket...
DEBUG | Tue Jul 28 21:18:17 IST 2020 : Setting UI for files in bucket...
DEBUG | Tue Jul 28 21:18:18 IST 2020 : Setting UI for files in bucket...
DEBUG | Tue Jul 28 21:18:18 IST 2020 : Setting UI for files in bucket...
DEBUG | Tue Jul 28 21:18:19 IST 2020 : Setting UI for files in bucket...
DEBUG | Tue Jul 28 21:18:19 IST 2020 : Setting UI for files in bucket...
DEBUG | Tue Jul 28 21:18:20 IST 2020 : Setting UI for files in bucket...
DEBUG | Tue Jul 28 21:18:20 IST 2020 : Setting UI for files in bucket...
DEBUG | Tue Jul 28 21:18:21 IST 2020 : Setting UI for files in bucket...
DEBUG | Tue Jul 28 21:18:21 IST 2020 : Setting UI for files in bucket...
DEBUG | Tue Jul 28 21:18:22 IST 2020 : Setting UI for files in bucket...
DEBUG | Tue Jul 28 21:18:22 IST 2020 : Setting UI for files in bucket...
DEBUG | Tue Jul 28 21:18:23 IST 2020 : Setting UI for files in bucket...
DEBUG | Tue Jul 28 21:18:23 IST 2020 : Setting UI for files in bucket...
DEBUG | Tue Jul 28 21:18:24 IST 2020 : Setting UI for files in bucket...
DEBUG | Tue Jul 28 21:18:24 IST 2020 : Setting UI for files in bucket...
DEBUG | Tue Jul 28 21:18:25 IST 2020 : Setting UI for files in bucket...
DEBUG | Tue Jul 28 21:18:25 IST 2020 : Setting UI for files in bucket...
DEBUG | Tue Jul 28 21:18:26 IST 2020 : Setting UI for files in bucket...
DEBUG | Tue Jul 28 21:18:26 IST 2020 : Setting UI for files in bucket...
DEBUG | Tue Jul 28 21:18:27 IST 2020 : Setting UI for files in bucket...
DEBUG | Tue Jul 28 21:18:27 IST 2020 : Setting UI for files in bucket...
DEBUG | Tue Jul 28 21:18:28 IST 2020 : Setting UI for files in bucket...
DEBUG | Tue Jul 28 21:18:28 IST 2020 : Setting UI for files in bucket...
DEBUG | Tue Jul 28 21:18:29 IST 2020 : Setting UI for files in bucket...
DEBUG | Tue Jul 28 21:18:29 IST 2020 : Setting UI for files in bucket...
DEBUG | Tue Jul 28 21:18:30 IST 2020 : Setting UI for files in bucket...
DEBUG | Tue Jul 28 21:18:30 IST 2020 : Setting UI for files in bucket...
DEBUG | Tue Jul 28 21:18:31 IST 2020 : Setting UI for files in bucket...
DEBUG | Tue Jul 28 21:18:31 IST 2020 : Setting UI for files in bucket...
DEBUG | Tue Jul 28 21:18:32 IST 2020 : Setting UI for files in bucket...
DEBUG | Tue Jul 28 21:18:32 IST 2020 : Setting UI for files in bucket...
DEBUG | Tue Jul 28 21:18:33 IST 2020 : Setting UI for files in bucket...
DEBUG | Tue Jul 28 21:18:33 IST 2020 : Setting UI for files in bucket...
DEBUG | Tue Jul 28 21:18:34 IST 2020 : Setting UI for files in bucket...
DEBUG | Tue Jul 28 21:18:34 IST 2020 : Setting UI for files in bucket...
DEBUG | Tue Jul 28 21:18:35 IST 2020 : Setting UI for files in bucket...
DEBUG | Tue Jul 28 21:18:35 IST 2020 : Setting UI for files in bucket...
DEBUG | Tue Jul 28 21:18:36 IST 2020 : Setting UI for files in bucket...
DEBUG | Tue Jul 28 21:18:36 IST 2020 : Setting UI for files in bucket...
DEBUG | Tue Jul 28 21:18:37 IST 2020 : Setting UI for files in bucket...
DEBUG | Tue Jul 28 21:18:37 IST 2020 : Setting UI for files in bucket...
DEBUG | Tue Jul 28 21:18:38 IST 2020 : Setting UI for files in bucket...
DEBUG | Tue Jul 28 21:18:38 IST 2020 : Setting UI for files in bucket...
DEBUG | Tue Jul 28 21:18:39 IST 2020 : Setting UI for files in bucket...
DEBUG | Tue Jul 28 21:18:39 IST 2020 : Setting UI for files in bucket...
DEBUG | Tue Jul 28 21:18:40 IST 2020 : Setting UI for files in bucket...
DEBUG | Tue Jul 28 21:18:40 IST 2020 : Setting UI for files in bucket...
DEBUG | Tue Jul 28 21:18:41 IST 2020 : Setting UI for files in bucket...
DEBUG | Tue Jul 28 21:18:41 IST 2020 : Setting UI for files in bucket...
DEBUG | Tue Jul 28 21:18:42 IST 2020 : Setting UI for files in bucket...
DEBUG | Tue Jul 28 21:18:42 IST 2020 : Setting UI for files in bucket...
DEBUG | Tue Jul 28 21:18:43 IST 2020 : Setting UI for files in bucket...
DEBUG | Tue Jul 28 21:18:43 IST 2020 : Setting UI for files in bucket...
DEBUG | Tue Jul 28 21:18:44 IST 2020 : Setting UI for files in bucket...
DEBUG | Tue Jul 28 21:18:44 IST 2020 : Setting UI for files in bucket...
DEBUG | Tue Jul 28 21:18:45 IST 2020 : Setting UI for files in bucket...
DEBUG | Tue Jul 28 21:18:45 IST 2020 : Setting UI for files in bucket...
DEBUG | Tue Jul 28 21:18:46 IST 2020 : Setting UI for files in bucket...
DEBUG | Tue Jul 28 21:18:46 IST 2020 : Setting UI for files in bucket...
DEBUG | Tue Jul 28 21:18:47 IST 2020 : Setting UI for files in bucket...
DEBUG | Tue Jul 28 21:18:47 IST 2020 : Setting UI for files in bucket...
DEBUG | Tue Jul 28 21:18:48 IST 2020 : Setting UI for files in bucket...
DEBUG | Tue Jul 28 21:18:48 IST 2020 : Setting UI for files in bucket...
DEBUG | Tue Jul 28 21:18:49 IST 2020 : Setting UI for files in bucket...
DEBUG | Tue Jul 28 21:18:49 IST 2020 : Setting UI for files in bucket...
DEBUG | Tue Jul 28 21:18:50 IST 2020 : Setting UI for files in bucket...
DEBUG | Tue Jul 28 21:18:50 IST 2020 : Setting UI for files in bucket...
DEBUG | Tue Jul 28 21:18:51 IST 2020 : Setting UI for files in bucket...
DEBUG | Tue Jul 28 21:18:51 IST 2020 : Setting UI for files in bucket...
DEBUG | Tue Jul 28 21:18:52 IST 2020 : Setting UI for files in bucket...
DEBUG | Tue Jul 28 21:18:52 IST 2020 : Setting UI for files in bucket...
DEBUG | Tue Jul 28 21:18:53 IST 2020 : Setting UI for files in bucket...
DEBUG | Tue Jul 28 21:18:53 IST 2020 : Setting UI for files in bucket...
DEBUG | Tue Jul 28 21:18:54 IST 2020 : Setting UI for files in bucket...
DEBUG | Tue Jul 28 21:18:54 IST 2020 : Setting UI for files in bucket...
DEBUG | Tue Jul 28 21:18:55 IST 2020 : Setting UI for files in bucket...
DEBUG | Tue Jul 28 21:18:55 IST 2020 : Setting UI for files in bucket...
DEBUG | Tue Jul 28 21:18:56 IST 2020 : Setting UI for files in bucket...
DEBUG | Tue Jul 28 21:18:56 IST 2020 : Setting UI for files in bucket...
DEBUG | Tue Jul 28 21:18:57 IST 2020 : Setting UI for files in bucket...
DEBUG | Tue Jul 28 21:18:57 IST 2020 : Setting UI for files in bucket...
DEBUG | Tue Jul 28 21:18:58 IST 2020 : Setting UI for files in bucket...
DEBUG | Tue Jul 28 21:18:58 IST 2020 : Setting UI for files in bucket...
DEBUG | Tue Jul 28 21:18:59 IST 2020 : Setting UI for files in bucket...
DEBUG | Tue Jul 28 21:18:59 IST 2020 : Setting UI for files in bucket...
DEBUG | Tue Jul 28 21:19:00 IST 2020 : Setting UI for files in bucket...
DEBUG | Tue Jul 28 21:19:00 IST 2020 : Setting UI for files in bucket...
DEBUG | Tue Jul 28 21:19:01 IST 2020 : Setting UI for files in bucket...
DEBUG | Tue Jul 28 21:19:01 IST 2020 : Setting UI for files in bucket...
DEBUG | Tue Jul 28 21:19:02 IST 2020 : Setting UI for files in bucket...
DEBUG | Tue Jul 28 21:19:02 IST 2020 : Setting UI for files in bucket...
DEBUG | Tue Jul 28 21:19:03 IST 2020 : Setting UI for files in bucket...
DEBUG | Tue Jul 28 21:19:03 IST 2020 : Setting UI for files in bucket...
DEBUG | Tue Jul 28 21:19:04 IST 2020 : Setting UI for files in bucket...
DEBUG | Tue Jul 28 21:19:04 IST 2020 : Setting UI for files in bucket...
DEBUG | Tue Jul 28 21:19:05 IST 2020 : Setting UI for files in bucket...
DEBUG | Tue Jul 28 21:19:05 IST 2020 : Setting UI for files in bucket...
DEBUG | Tue Jul 28 21:19:06 IST 2020 : Setting UI for files in bucket...
DEBUG | Tue Jul 28 21:19:06 IST 2020 : Setting UI for files in bucket...
DEBUG | Tue Jul 28 21:19:07 IST 2020 : Setting UI for files in bucket...
DEBUG | Tue Jul 28 21:19:07 IST 2020 : Setting UI for files in bucket...
DEBUG | Tue Jul 28 21:19:08 IST 2020 : Setting UI for files in bucket...
DEBUG | Tue Jul 28 21:19:08 IST 2020 : Setting UI for files in bucket...
DEBUG | Tue Jul 28 21:19:09 IST 2020 : Setting UI for files in bucket...
DEBUG | Tue Jul 28 21:19:09 IST 2020 : Setting UI for files in bucket...
DEBUG | Tue Jul 28 21:19:10 IST 2020 : Setting UI for files in bucket...
DEBUG | Tue Jul 28 21:19:10 IST 2020 : Setting UI for files in bucket...
DEBUG | Tue Jul 28 21:19:11 IST 2020 : Setting UI for files in bucket...
DEBUG | Tue Jul 28 21:19:11 IST 2020 : Setting UI for files in bucket...
DEBUG | Tue Jul 28 21:19:12 IST 2020 : Setting UI for files in bucket...
DEBUG | Tue Jul 28 21:19:12 IST 2020 : Setting UI for files in bucket...
DEBUG | Tue Jul 28 21:19:13 IST 2020 : Setting UI for files in bucket...
DEBUG | Tue Jul 28 21:19:13 IST 2020 : Setting UI for files in bucket...
DEBUG | Tue Jul 28 21:19:14 IST 2020 : Setting UI for files in bucket...
DEBUG | Tue Jul 28 21:19:14 IST 2020 : Setting UI for files in bucket...
DEBUG | Tue Jul 28 21:19:15 IST 2020 : Setting UI for files in bucket...
DEBUG | Tue Jul 28 21:19:15 IST 2020 : Setting UI for files in bucket...
DEBUG | Tue Jul 28 21:19:16 IST 2020 : Setting UI for files in bucket...
DEBUG | Tue Jul 28 21:19:16 IST 2020 : Setting UI for files in bucket...
DEBUG | Tue Jul 28 21:19:17 IST 2020 : Setting UI for files in bucket...
DEBUG | Tue Jul 28 21:19:17 IST 2020 : Setting UI for files in bucket...
DEBUG | Tue Jul 28 21:19:18 IST 2020 : Setting UI for files in bucket...
DEBUG | Tue Jul 28 21:19:18 IST 2020 : Setting UI for files in bucket...
DEBUG | Tue Jul 28 21:19:19 IST 2020 : Setting UI for files in bucket...
DEBUG | Tue Jul 28 21:19:19 IST 2020 : Setting UI for files in bucket...
DEBUG | Tue Jul 28 21:19:20 IST 2020 : Setting UI for files in bucket...
DEBUG | Tue Jul 28 21:19:20 IST 2020 : Setting UI for files in bucket...
DEBUG | Tue Jul 28 21:19:21 IST 2020 : Setting UI for files in bucket...
DEBUG | Tue Jul 28 21:19:21 IST 2020 : Setting UI for files in bucket...
DEBUG | Tue Jul 28 21:19:22 IST 2020 : Setting UI for files in bucket...
DEBUG | Tue Jul 28 21:19:22 IST 2020 : Setting UI for files in bucket...
DEBUG | Tue Jul 28 21:19:23 IST 2020 : Setting UI for files in bucket...
DEBUG | Tue Jul 28 21:19:23 IST 2020 : Setting UI for files in bucket...
DEBUG | Tue Jul 28 21:19:24 IST 2020 : Setting UI for files in bucket...
DEBUG | Tue Jul 28 21:19:24 IST 2020 : Setting UI for files in bucket...
DEBUG | Tue Jul 28 21:19:25 IST 2020 : Setting UI for files in bucket...
DEBUG | Tue Jul 28 21:19:25 IST 2020 : Setting UI for files in bucket...
DEBUG | Tue Jul 28 21:19:26 IST 2020 : Setting UI for files in bucket...
DEBUG | Tue Jul 28 21:19:26 IST 2020 : Setting UI for files in bucket...
DEBUG | Tue Jul 28 21:19:27 IST 2020 : Setting UI for files in bucket...
DEBUG | Tue Jul 28 21:19:27 IST 2020 : Setting UI for files in bucket...
DEBUG | Tue Jul 28 21:19:28 IST 2020 : Setting UI for files in bucket...
DEBUG | Tue Jul 28 21:19:28 IST 2020 : Setting UI for files in bucket...
DEBUG | Tue Jul 28 21:19:29 IST 2020 : Setting UI for files in bucket...
DEBUG | Tue Jul 28 21:19:29 IST 2020 : Setting UI for files in bucket...
DEBUG | Tue Jul 28 21:19:30 IST 2020 : Setting UI for files in bucket...
DEBUG | Tue Jul 28 21:19:30 IST 2020 : Setting UI for files in bucket...
DEBUG | Tue Jul 28 21:19:31 IST 2020 : Setting UI for files in bucket...
DEBUG | Tue Jul 28 21:19:31 IST 2020 : Setting UI for files in bucket...
DEBUG | Tue Jul 28 21:19:32 IST 2020 : Setting UI for files in bucket...
DEBUG | Tue Jul 28 21:19:32 IST 2020 : Setting UI for files in bucket...
DEBUG | Tue Jul 28 21:19:33 IST 2020 : Setting UI for files in bucket...
DEBUG | Tue Jul 28 21:19:33 IST 2020 : Setting UI for files in bucket...
DEBUG | Tue Jul 28 21:19:34 IST 2020 : Setting UI for files in bucket...
DEBUG | Tue Jul 28 21:19:34 IST 2020 : Setting UI for files in bucket...
DEBUG | Tue Jul 28 21:19:35 IST 2020 : Setting UI for files in bucket...
DEBUG | Tue Jul 28 21:19:35 IST 2020 : Setting UI for files in bucket...
DEBUG | Tue Jul 28 21:19:36 IST 2020 : Setting UI for files in bucket...
DEBUG | Tue Jul 28 21:19:36 IST 2020 : Setting UI for files in bucket...
DEBUG | Tue Jul 28 21:19:37 IST 2020 : Setting UI for files in bucket...
DEBUG | Tue Jul 28 21:19:37 IST 2020 : Setting UI for files in bucket...
DEBUG | Tue Jul 28 21:19:38 IST 2020 : Setting UI for files in bucket...
DEBUG | Tue Jul 28 21:19:38 IST 2020 : Setting UI for files in bucket...
DEBUG | Tue Jul 28 21:19:39 IST 2020 : Setting UI for files in bucket...
DEBUG | Tue Jul 28 21:19:39 IST 2020 : Setting UI for files in bucket...
DEBUG | Tue Jul 28 21:19:40 IST 2020 : Setting UI for files in bucket...
DEBUG | Tue Jul 28 21:19:40 IST 2020 : Setting UI for files in bucket...
DEBUG | Tue Jul 28 21:19:41 IST 2020 : Setting UI for files in bucket...
DEBUG | Tue Jul 28 21:19:41 IST 2020 : Setting UI for files in bucket...
DEBUG | Tue Jul 28 21:19:42 IST 2020 : Setting UI for files in bucket...
DEBUG | Tue Jul 28 21:19:42 IST 2020 : Setting UI for files in bucket...
DEBUG | Tue Jul 28 21:19:43 IST 2020 : Setting UI for files in bucket...
DEBUG | Tue Jul 28 21:19:43 IST 2020 : Setting UI for files in bucket...
DEBUG | Tue Jul 28 21:19:44 IST 2020 : Setting UI for files in bucket...
DEBUG | Tue Jul 28 21:19:44 IST 2020 : Setting UI for files in bucket...
DEBUG | Tue Jul 28 21:19:45 IST 2020 : Setting UI for files in bucket...
DEBUG | Tue Jul 28 21:19:45 IST 2020 : Setting UI for files in bucket...
DEBUG | Tue Jul 28 21:19:46 IST 2020 : Setting UI for files in bucket...
DEBUG | Tue Jul 28 21:19:46 IST 2020 : Setting UI for files in bucket...
DEBUG | Tue Jul 28 21:19:47 IST 2020 : Setting UI for files in bucket...
DEBUG | Tue Jul 28 21:19:47 IST 2020 : Setting UI for files in bucket...
DEBUG | Tue Jul 28 21:19:48 IST 2020 : Setting UI for files in bucket...
DEBUG | Tue Jul 28 21:19:48 IST 2020 : Setting UI for files in bucket...
DEBUG | Tue Jul 28 21:19:49 IST 2020 : Setting UI for files in bucket...
DEBUG | Tue Jul 28 21:19:49 IST 2020 : Setting UI for files in bucket...
DEBUG | Tue Jul 28 21:19:50 IST 2020 : Setting UI for files in bucket...
DEBUG | Tue Jul 28 21:19:50 IST 2020 : Setting UI for files in bucket...
DEBUG | Tue Jul 28 21:19:51 IST 2020 : Setting UI for files in bucket...
DEBUG | Tue Jul 28 21:19:51 IST 2020 : Setting UI for files in bucket...
DEBUG | Tue Jul 28 21:19:52 IST 2020 : Setting UI for files in bucket...
DEBUG | Tue Jul 28 21:19:52 IST 2020 : Setting UI for files in bucket...
DEBUG | Tue Jul 28 21:19:53 IST 2020 : Setting UI for files in bucket...
DEBUG | Tue Jul 28 21:19:53 IST 2020 : Setting UI for files in bucket...
DEBUG | Tue Jul 28 21:19:54 IST 2020 : Setting UI for files in bucket...
DEBUG | Tue Jul 28 21:19:54 IST 2020 : Setting UI for files in bucket...
DEBUG | Tue Jul 28 21:19:55 IST 2020 : Setting UI for files in bucket...
DEBUG | Tue Jul 28 21:19:55 IST 2020 : Setting UI for files in bucket...
DEBUG | Tue Jul 28 21:19:56 IST 2020 : Setting UI for files in bucket...
DEBUG | Tue Jul 28 21:19:56 IST 2020 : Setting UI for files in bucket...
DEBUG | Tue Jul 28 21:19:57 IST 2020 : Setting UI for files in bucket...
DEBUG | Tue Jul 28 21:19:57 IST 2020 : Setting UI for files in bucket...
DEBUG | Tue Jul 28 21:19:58 IST 2020 : Setting UI for files in bucket...
DEBUG | Tue Jul 28 21:19:58 IST 2020 : Setting UI for files in bucket...
DEBUG | Tue Jul 28 21:19:59 IST 2020 : Setting UI for files in bucket...
DEBUG | Tue Jul 28 21:19:59 IST 2020 : Setting UI for files in bucket...
DEBUG | Tue Jul 28 21:20:00 IST 2020 : Setting UI for files in bucket...
DEBUG | Tue Jul 28 21:20:00 IST 2020 : Setting UI for files in bucket...
DEBUG | Tue Jul 28 21:20:01 IST 2020 : Setting UI for files in bucket...
DEBUG | Tue Jul 28 21:20:01 IST 2020 : Setting UI for files in bucket...
DEBUG | Tue Jul 28 21:20:02 IST 2020 : Setting UI for files in bucket...
DEBUG | Tue Jul 28 21:20:02 IST 2020 : Setting UI for files in bucket...
DEBUG | Tue Jul 28 21:20:03 IST 2020 : Setting UI for files in bucket...
DEBUG | Tue Jul 28 21:20:03 IST 2020 : Setting UI for files in bucket...
DEBUG | Tue Jul 28 21:20:04 IST 2020 : Setting UI for files in bucket...
DEBUG | Tue Jul 28 21:20:04 IST 2020 : Setting UI for files in bucket...
DEBUG | Tue Jul 28 21:20:05 IST 2020 : Setting UI for files in bucket...
DEBUG | Tue Jul 28 21:20:05 IST 2020 : Setting UI for files in bucket...
DEBUG | Tue Jul 28 21:20:06 IST 2020 : Setting UI for files in bucket...
DEBUG | Tue Jul 28 21:20:06 IST 2020 : Setting UI for files in bucket...
DEBUG | Tue Jul 28 21:20:07 IST 2020 : Setting UI for files in bucket...
DEBUG | Tue Jul 28 21:20:07 IST 2020 : Setting UI for files in bucket...
DEBUG | Tue Jul 28 21:20:08 IST 2020 : Setting UI for files in bucket...
DEBUG | Tue Jul 28 21:20:08 IST 2020 : Setting UI for files in bucket...
DEBUG | Tue Jul 28 21:20:09 IST 2020 : Setting UI for files in bucket...
DEBUG | Tue Jul 28 21:20:09 IST 2020 : Setting UI for files in bucket...
DEBUG | Tue Jul 28 21:20:10 IST 2020 : Setting UI for files in bucket...
DEBUG | Tue Jul 28 21:20:10 IST 2020 : Setting UI for files in bucket...
DEBUG | Tue Jul 28 21:20:11 IST 2020 : Setting UI for files in bucket...
DEBUG | Tue Jul 28 21:20:11 IST 2020 : Setting UI for files in bucket...
DEBUG | Tue Jul 28 21:20:12 IST 2020 : Setting UI for files in bucket...
DEBUG | Tue Jul 28 21:20:12 IST 2020 : Setting UI for files in bucket...
DEBUG | Tue Jul 28 21:20:13 IST 2020 : Setting UI for files in bucket...
DEBUG | Tue Jul 28 21:20:13 IST 2020 : Setting UI for files in bucket...
DEBUG | Tue Jul 28 21:20:14 IST 2020 : Setting UI for files in bucket...
DEBUG | Tue Jul 28 21:20:14 IST 2020 : Setting UI for files in bucket...
DEBUG | Tue Jul 28 21:20:15 IST 2020 : Setting UI for files in bucket...
DEBUG | Tue Jul 28 21:20:15 IST 2020 : Setting UI for files in bucket...
DEBUG | Tue Jul 28 21:20:16 IST 2020 : Setting UI for files in bucket...
DEBUG | Tue Jul 28 21:20:16 IST 2020 : Setting UI for files in bucket...
DEBUG | Tue Jul 28 21:20:17 IST 2020 : Setting UI for files in bucket...
DEBUG | Tue Jul 28 21:20:17 IST 2020 : Setting UI for files in bucket...
DEBUG | Tue Jul 28 21:20:18 IST 2020 : Setting UI for files in bucket...
DEBUG | Tue Jul 28 21:20:18 IST 2020 : Setting UI for files in bucket...
DEBUG | Tue Jul 28 21:20:19 IST 2020 : Setting UI for files in bucket...
DEBUG | Tue Jul 28 21:20:19 IST 2020 : Setting UI for files in bucket...
DEBUG | Tue Jul 28 21:20:20 IST 2020 : Setting UI for files in bucket...
DEBUG | Tue Jul 28 21:20:20 IST 2020 : Setting UI for files in bucket...
DEBUG | Tue Jul 28 21:20:21 IST 2020 : Setting UI for files in bucket...
DEBUG | Tue Jul 28 21:20:21 IST 2020 : Setting UI for files in bucket...
DEBUG | Tue Jul 28 21:20:22 IST 2020 : Setting UI for files in bucket...
DEBUG | Tue Jul 28 21:20:22 IST 2020 : Setting UI for files in bucket...
DEBUG | Tue Jul 28 21:20:23 IST 2020 : Setting UI for files in bucket...
DEBUG | Tue Jul 28 21:20:23 IST 2020 : Setting UI for files in bucket...
DEBUG | Tue Jul 28 21:20:24 IST 2020 : Setting UI for files in bucket...
DEBUG | Tue Jul 28 21:20:24 IST 2020 : Setting UI for files in bucket...
DEBUG | Tue Jul 28 21:20:25 IST 2020 : Setting UI for files in bucket...
DEBUG | Tue Jul 28 21:20:25 IST 2020 : Setting UI for files in bucket...
DEBUG | Tue Jul 28 21:20:26 IST 2020 : Setting UI for files in bucket...
DEBUG | Tue Jul 28 21:20:26 IST 2020 : Setting UI for files in bucket...
DEBUG | Tue Jul 28 21:20:27 IST 2020 : Setting UI for files in bucket...
DEBUG | Tue Jul 28 21:20:27 IST 2020 : Setting UI for files in bucket...
DEBUG | Tue Jul 28 21:20:28 IST 2020 : Setting UI for files in bucket...
DEBUG | Tue Jul 28 21:20:28 IST 2020 : Setting UI for files in bucket...
DEBUG | Tue Jul 28 21:20:29 IST 2020 : Setting UI for files in bucket...
DEBUG | Tue Jul 28 21:20:29 IST 2020 : Setting UI for files in bucket...
DEBUG | Tue Jul 28 21:20:30 IST 2020 : Setting UI for files in bucket...
DEBUG | Tue Jul 28 21:20:30 IST 2020 : Setting UI for files in bucket...
DEBUG | Tue Jul 28 21:20:31 IST 2020 : Setting UI for files in bucket...
DEBUG | Tue Jul 28 21:20:31 IST 2020 : Setting UI for files in bucket...
DEBUG | Tue Jul 28 21:20:32 IST 2020 : Setting UI for files in bucket...
DEBUG | Tue Jul 28 21:20:32 IST 2020 : Setting UI for files in bucket...
DEBUG | Tue Jul 28 21:20:33 IST 2020 : Setting UI for files in bucket...
DEBUG | Tue Jul 28 21:20:33 IST 2020 : Setting UI for files in bucket...
DEBUG | Tue Jul 28 21:20:34 IST 2020 : Setting UI for files in bucket...
DEBUG | Tue Jul 28 21:20:34 IST 2020 : Setting UI for files in bucket...
DEBUG | Tue Jul 28 21:20:35 IST 2020 : Setting UI for files in bucket...
DEBUG | Tue Jul 28 21:20:35 IST 2020 : Setting UI for files in bucket...
DEBUG | Tue Jul 28 21:20:36 IST 2020 : Setting UI for files in bucket...
DEBUG | Tue Jul 28 21:20:36 IST 2020 : Setting UI for files in bucket...
DEBUG | Tue Jul 28 21:20:37 IST 2020 : Setting UI for files in bucket...
DEBUG | Tue Jul 28 21:20:37 IST 2020 : Setting UI for files in bucket...
DEBUG | Tue Jul 28 21:20:38 IST 2020 : Setting UI for files in bucket...
DEBUG | Tue Jul 28 21:20:38 IST 2020 : Setting UI for files in bucket...
DEBUG | Tue Jul 28 21:20:39 IST 2020 : Setting UI for files in bucket...
DEBUG | Tue Jul 28 21:20:39 IST 2020 : Setting UI for files in bucket...
DEBUG | Tue Jul 28 21:20:40 IST 2020 : Setting UI for files in bucket...
DEBUG | Tue Jul 28 21:20:40 IST 2020 : Setting UI for files in bucket...
DEBUG | Tue Jul 28 21:20:41 IST 2020 : Setting UI for files in bucket...
DEBUG | Tue Jul 28 21:20:41 IST 2020 : Setting UI for files in bucket...
DEBUG | Tue Jul 28 21:20:42 IST 2020 : Setting UI for files in bucket...
DEBUG | Tue Jul 28 21:20:42 IST 2020 : Setting UI for files in bucket...
DEBUG | Tue Jul 28 21:20:43 IST 2020 : Setting UI for files in bucket...
DEBUG | Tue Jul 28 21:20:43 IST 2020 : Setting UI for files in bucket...
DEBUG | Tue Jul 28 21:20:44 IST 2020 : Setting UI for files in bucket...
DEBUG | Tue Jul 28 21:20:44 IST 2020 : Setting UI for files in bucket...
DEBUG | Tue Jul 28 21:20:45 IST 2020 : Setting UI for files in bucket...
DEBUG | Tue Jul 28 21:20:45 IST 2020 : Setting UI for files in bucket...
DEBUG | Tue Jul 28 21:20:46 IST 2020 : Setting UI for files in bucket...
DEBUG | Tue Jul 28 21:20:46 IST 2020 : Setting UI for files in bucket...
DEBUG | Tue Jul 28 21:20:47 IST 2020 : Setting UI for files in bucket...
DEBUG | Tue Jul 28 21:20:47 IST 2020 : Setting UI for files in bucket...
DEBUG | Tue Jul 28 21:20:48 IST 2020 : Setting UI for files in bucket...
DEBUG | Tue Jul 28 21:20:48 IST 2020 : Setting UI for files in bucket...
DEBUG | Tue Jul 28 21:20:49 IST 2020 : Setting UI for files in bucket...
DEBUG | Tue Jul 28 21:20:49 IST 2020 : Setting UI for files in bucket...
DEBUG | Tue Jul 28 21:20:50 IST 2020 : Setting UI for files in bucket...
DEBUG | Tue Jul 28 21:20:50 IST 2020 : Setting UI for files in bucket...
DEBUG | Tue Jul 28 21:20:51 IST 2020 : Setting UI for files in bucket...
DEBUG | Tue Jul 28 21:20:51 IST 2020 : Setting UI for files in bucket...
DEBUG | Tue Jul 28 21:20:52 IST 2020 : Setting UI for files in bucket...
DEBUG | Tue Jul 28 21:20:52 IST 2020 : Setting UI for files in bucket...
DEBUG | Tue Jul 28 21:20:53 IST 2020 : Setting UI for files in bucket...
DEBUG | Tue Jul 28 21:20:53 IST 2020 : Setting UI for files in bucket...
DEBUG | Tue Jul 28 21:20:54 IST 2020 : Setting UI for files in bucket...
DEBUG | Tue Jul 28 21:20:54 IST 2020 : Setting UI for files in bucket...
DEBUG | Tue Jul 28 21:20:55 IST 2020 : Setting UI for files in bucket...
DEBUG | Tue Jul 28 21:20:55 IST 2020 : Setting UI for files in bucket...
DEBUG | Tue Jul 28 21:20:56 IST 2020 : Setting UI for files in bucket...
DEBUG | Tue Jul 28 21:20:56 IST 2020 : Setting UI for files in bucket...
DEBUG | Tue Jul 28 21:20:57 IST 2020 : Setting UI for files in bucket...
DEBUG | Tue Jul 28 21:20:57 IST 2020 : Setting UI for files in bucket...
DEBUG | Tue Jul 28 21:20:58 IST 2020 : Setting UI for files in bucket...
DEBUG | Tue Jul 28 21:20:58 IST 2020 : Setting UI for files in bucket...
DEBUG | Tue Jul 28 21:20:59 IST 2020 : Setting UI for files in bucket...
DEBUG | Tue Jul 28 21:20:59 IST 2020 : Setting UI for files in bucket...
DEBUG | Tue Jul 28 21:21:00 IST 2020 : Setting UI for files in bucket...
DEBUG | Tue Jul 28 21:21:00 IST 2020 : Setting UI for files in bucket...
DEBUG | Tue Jul 28 21:21:01 IST 2020 : Setting UI for files in bucket...
DEBUG | Tue Jul 28 21:21:01 IST 2020 : Setting UI for files in bucket...
DEBUG | Tue Jul 28 21:21:02 IST 2020 : Setting UI for files in bucket...
DEBUG | Tue Jul 28 21:21:02 IST 2020 : Setting UI for files in bucket...
DEBUG | Tue Jul 28 21:21:03 IST 2020 : Setting UI for files in bucket...
DEBUG | Tue Jul 28 21:21:03 IST 2020 : Setting UI for files in bucket...
DEBUG | Tue Jul 28 21:21:04 IST 2020 : Setting UI for files in bucket...
DEBUG | Tue Jul 28 21:21:04 IST 2020 : Setting UI for files in bucket...
DEBUG | Tue Jul 28 21:21:05 IST 2020 : Setting UI for files in bucket...
DEBUG | Tue Jul 28 21:21:05 IST 2020 : Setting UI for files in bucket...
DEBUG | Tue Jul 28 21:21:06 IST 2020 : Setting UI for files in bucket...
DEBUG | Tue Jul 28 21:21:06 IST 2020 : Setting UI for files in bucket...
DEBUG | Tue Jul 28 21:21:07 IST 2020 : Setting UI for files in bucket...
DEBUG | Tue Jul 28 21:21:07 IST 2020 : Setting UI for files in bucket...
DEBUG | Tue Jul 28 21:21:08 IST 2020 : Setting UI for files in bucket...
DEBUG | Tue Jul 28 21:21:08 IST 2020 : Setting UI for files in bucket...
DEBUG | Tue Jul 28 21:21:09 IST 2020 : Setting UI for files in bucket...
DEBUG | Tue Jul 28 21:21:09 IST 2020 : Setting UI for files in bucket...
DEBUG | Tue Jul 28 21:21:10 IST 2020 : Setting UI for files in bucket...
DEBUG | Tue Jul 28 21:21:10 IST 2020 : Setting UI for files in bucket...
DEBUG | Tue Jul 28 21:21:11 IST 2020 : Setting UI for files in bucket...
DEBUG | Tue Jul 28 21:21:11 IST 2020 : Setting UI for files in bucket...
DEBUG | Tue Jul 28 21:21:12 IST 2020 : Setting UI for files in bucket...
DEBUG | Tue Jul 28 21:21:12 IST 2020 : Setting UI for files in bucket...
DEBUG | Tue Jul 28 21:21:13 IST 2020 : Setting UI for files in bucket...
DEBUG | Tue Jul 28 21:21:13 IST 2020 : Setting UI for files in bucket...
DEBUG | Tue Jul 28 21:21:14 IST 2020 : Setting UI for files in bucket...
DEBUG | Tue Jul 28 21:21:14 IST 2020 : Setting UI for files in bucket...
DEBUG | Tue Jul 28 21:21:15 IST 2020 : Setting UI for files in bucket...
DEBUG | Tue Jul 28 21:21:15 IST 2020 : Setting UI for files in bucket...
DEBUG | Tue Jul 28 21:21:16 IST 2020 : Setting UI for files in bucket...
DEBUG | Tue Jul 28 21:21:16 IST 2020 : Setting UI for files in bucket...
DEBUG | Tue Jul 28 21:21:17 IST 2020 : Setting UI for files in bucket...
DEBUG | Tue Jul 28 21:21:17 IST 2020 : Setting UI for files in bucket...
DEBUG | Tue Jul 28 21:21:18 IST 2020 : Setting UI for files in bucket...
DEBUG | Tue Jul 28 21:21:18 IST 2020 : Setting UI for files in bucket...
DEBUG | Tue Jul 28 21:21:19 IST 2020 : Setting UI for files in bucket...
DEBUG | Tue Jul 28 21:21:19 IST 2020 : Setting UI for files in bucket...
DEBUG | Tue Jul 28 21:21:20 IST 2020 : Setting UI for files in bucket...
DEBUG | Tue Jul 28 21:21:20 IST 2020 : Setting UI for files in bucket...
DEBUG | Tue Jul 28 21:21:21 IST 2020 : Setting UI for files in bucket...
DEBUG | Tue Jul 28 21:21:21 IST 2020 : Setting UI for files in bucket...
DEBUG | Tue Jul 28 21:21:22 IST 2020 : Setting UI for files in bucket...
DEBUG | Tue Jul 28 21:21:22 IST 2020 : Setting UI for files in bucket...
DEBUG | Tue Jul 28 21:21:23 IST 2020 : Setting UI for files in bucket...
DEBUG | Tue Jul 28 21:21:23 IST 2020 : Setting UI for files in bucket...
DEBUG | Tue Jul 28 21:21:24 IST 2020 : Setting UI for files in bucket...
DEBUG | Tue Jul 28 21:21:24 IST 2020 : Setting UI for files in bucket...
DEBUG | Tue Jul 28 21:21:25 IST 2020 : Setting UI for files in bucket...
DEBUG | Tue Jul 28 21:21:25 IST 2020 : Setting UI for files in bucket...
