Session Id: 20207-182154
DEBUG | Sat Jul 25 18:21:54 IST 2020 : Services initiated
DEBUG | Sat Jul 25 18:22:01 IST 2020 : Setting UI for files in bucket...
INFO  | Sat Jul 25 18:22:07 IST 2020 : Files with same names (but not same hash) found. Will show overwrite strategy dialog.
DEBUG | Sat Jul 25 18:22:08 IST 2020 : Setting UI for files in bucket...
DEBUG | Sat Jul 25 18:22:08 IST 2020 : Setting UI for files in bucket...
DEBUG | Sat Jul 25 18:22:09 IST 2020 : Setting UI for files in bucket...
DEBUG | Sat Jul 25 18:22:09 IST 2020 : Setting UI for files in bucket...
DEBUG | Sat Jul 25 18:22:10 IST 2020 : Overwrite strategy decided : 
DEBUG | Sat Jul 25 18:22:10 IST 2020 : RENAME_SKIPPED_FILES : false
DEBUG | Sat Jul 25 18:22:10 IST 2020 : ASK_FOR_EACH_FILE : false
DEBUG | Sat Jul 25 18:22:10 IST 2020 : COPY_MULTIPLE_FILES_TO_SAME_PATH__ASK_FOR_EACH_FILE : true
INFO  | Sat Jul 25 18:22:10 IST 2020 : Copying 6 files.
--------------------------------------------------------------------------------
INFO  | Sat Jul 25 18:22:10 IST 2020 : 0 of 6 copied
DEBUG | Sat Jul 25 18:22:10 IST 2020 : Setting UI for files in bucket...
----------------------------------------------
DEBUG | Sat Jul 25 18:22:10 IST 2020 : Setting UI for files in bucket...
INFO  | Sat Jul 25 18:22:10 IST 2020 : The file already exists in destination : C:\Users\user\Desktop\src\set-2\1.bmp
WARN  | Sat Jul 25 18:22:10 IST 2020 : Same named file exists : 1.bmp
WARN  | Sat Jul 25 18:22:10 IST 2020 : Overwriting existing file
DEBUG | Sat Jul 25 18:22:10 IST 2020 : Setting UI for files in bucket...
DEBUG | Sat Jul 25 18:22:10 IST 2020 : Copying the file using nio.Files.copy() method.
DEBUG | Sat Jul 25 18:22:10 IST 2020 : Setting UI for files in bucket...
DEBUG | Sat Jul 25 18:22:10 IST 2020 : Setting UI for files in bucket...
DEBUG | Sat Jul 25 18:22:11 IST 2020 : Setting UI for files in bucket...
DEBUG | Sat Jul 25 18:22:11 IST 2020 : Setting UI for files in bucket...
DEBUG | Sat Jul 25 18:22:12 IST 2020 : Setting UI for files in bucket...
DEBUG | Sat Jul 25 18:22:12 IST 2020 : Setting UI for files in bucket...
DEBUG | Sat Jul 25 18:22:12 IST 2020 : Copy completed: 1.bmp
DEBUG | Sat Jul 25 18:22:12 IST 2020 : 1.bmp : Data integrity check passed.
INFO  | Sat Jul 25 18:22:12 IST 2020 : 1 of 6 copied
DEBUG | Sat Jul 25 18:22:12 IST 2020 : Setting UI for files in bucket...
----------------------------------------------
DEBUG | Sat Jul 25 18:22:12 IST 2020 : Setting UI for files in bucket...
INFO  | Sat Jul 25 18:22:12 IST 2020 : The file already exists in destination : C:\Users\user\Desktop\src\set-2\2.bmp
WARN  | Sat Jul 25 18:22:12 IST 2020 : Same named file exists : 2.bmp
WARN  | Sat Jul 25 18:22:12 IST 2020 : Overwriting existing file
DEBUG | Sat Jul 25 18:22:12 IST 2020 : Setting UI for files in bucket...
DEBUG | Sat Jul 25 18:22:12 IST 2020 : Copying the file using nio.Files.copy() method.
DEBUG | Sat Jul 25 18:22:13 IST 2020 : Setting UI for files in bucket...
DEBUG | Sat Jul 25 18:22:13 IST 2020 : Setting UI for files in bucket...
DEBUG | Sat Jul 25 18:22:14 IST 2020 : Setting UI for files in bucket...
DEBUG | Sat Jul 25 18:22:14 IST 2020 : Setting UI for files in bucket...
DEBUG | Sat Jul 25 18:22:15 IST 2020 : Setting UI for files in bucket...
DEBUG | Sat Jul 25 18:22:15 IST 2020 : Setting UI for files in bucket...
DEBUG | Sat Jul 25 18:22:15 IST 2020 : Copy completed: 2.bmp
DEBUG | Sat Jul 25 18:22:15 IST 2020 : 2.bmp : Data integrity check passed.
INFO  | Sat Jul 25 18:22:15 IST 2020 : 2 of 6 copied
DEBUG | Sat Jul 25 18:22:15 IST 2020 : Setting UI for files in bucket...
----------------------------------------------
DEBUG | Sat Jul 25 18:22:15 IST 2020 : Setting UI for files in bucket...
INFO  | Sat Jul 25 18:22:15 IST 2020 : The file already exists in destination : C:\Users\user\Desktop\src\set-2\3.bmp
WARN  | Sat Jul 25 18:22:15 IST 2020 : Same named file exists : 3.bmp
WARN  | Sat Jul 25 18:22:15 IST 2020 : Overwriting existing file
DEBUG | Sat Jul 25 18:22:15 IST 2020 : Setting UI for files in bucket...
DEBUG | Sat Jul 25 18:22:15 IST 2020 : Copying the file using nio.Files.copy() method.
DEBUG | Sat Jul 25 18:22:16 IST 2020 : Setting UI for files in bucket...
DEBUG | Sat Jul 25 18:22:16 IST 2020 : Setting UI for files in bucket...
DEBUG | Sat Jul 25 18:22:17 IST 2020 : Setting UI for files in bucket...
DEBUG | Sat Jul 25 18:22:17 IST 2020 : Setting UI for files in bucket...
DEBUG | Sat Jul 25 18:22:18 IST 2020 : Setting UI for files in bucket...
DEBUG | Sat Jul 25 18:22:18 IST 2020 : Copy completed: 3.bmp
DEBUG | Sat Jul 25 18:22:18 IST 2020 : 3.bmp : Data integrity check passed.
INFO  | Sat Jul 25 18:22:18 IST 2020 : 3 of 6 copied
DEBUG | Sat Jul 25 18:22:18 IST 2020 : Setting UI for files in bucket...
DEBUG | Sat Jul 25 18:22:18 IST 2020 : Setting UI for files in bucket...
----------------------------------------------
DEBUG | Sat Jul 25 18:22:18 IST 2020 : Setting UI for files in bucket...
INFO  | Sat Jul 25 18:22:18 IST 2020 : The file already exists in destination : C:\Users\user\Desktop\src\set-2\set-2\1.bmp
WARN  | Sat Jul 25 18:22:18 IST 2020 : Same named file exists : 1.bmp
WARN  | Sat Jul 25 18:22:18 IST 2020 : Overwriting existing file
DEBUG | Sat Jul 25 18:22:18 IST 2020 : Setting UI for files in bucket...
DEBUG | Sat Jul 25 18:22:18 IST 2020 : Copying the file using nio.Files.copy() method.
DEBUG | Sat Jul 25 18:22:19 IST 2020 : Setting UI for files in bucket...
DEBUG | Sat Jul 25 18:22:19 IST 2020 : Setting UI for files in bucket...
DEBUG | Sat Jul 25 18:22:20 IST 2020 : Setting UI for files in bucket...
DEBUG | Sat Jul 25 18:22:20 IST 2020 : Setting UI for files in bucket...
DEBUG | Sat Jul 25 18:22:21 IST 2020 : Setting UI for files in bucket...
DEBUG | Sat Jul 25 18:22:21 IST 2020 : Copy completed: 1.bmp
DEBUG | Sat Jul 25 18:22:21 IST 2020 : 1.bmp : Data integrity check passed.
INFO  | Sat Jul 25 18:22:21 IST 2020 : 4 of 6 copied
DEBUG | Sat Jul 25 18:22:21 IST 2020 : Setting UI for files in bucket...
----------------------------------------------
DEBUG | Sat Jul 25 18:22:21 IST 2020 : Setting UI for files in bucket...
INFO  | Sat Jul 25 18:22:21 IST 2020 : The file already exists in destination : C:\Users\user\Desktop\src\set-2\set-2\2.bmp
WARN  | Sat Jul 25 18:22:21 IST 2020 : Same named file exists : 2.bmp
WARN  | Sat Jul 25 18:22:21 IST 2020 : Overwriting existing file
DEBUG | Sat Jul 25 18:22:21 IST 2020 : Setting UI for files in bucket...
DEBUG | Sat Jul 25 18:22:21 IST 2020 : Copying the file using nio.Files.copy() method.
DEBUG | Sat Jul 25 18:22:21 IST 2020 : Setting UI for files in bucket...
DEBUG | Sat Jul 25 18:22:22 IST 2020 : Setting UI for files in bucket...
DEBUG | Sat Jul 25 18:22:22 IST 2020 : Setting UI for files in bucket...
DEBUG | Sat Jul 25 18:22:23 IST 2020 : Setting UI for files in bucket...
DEBUG | Sat Jul 25 18:22:23 IST 2020 : Setting UI for files in bucket...
DEBUG | Sat Jul 25 18:22:24 IST 2020 : Setting UI for files in bucket...
