Session Id: 20206-214112
DEBUG | Fri Jul 24 21:41:12 IST 2020 : Services initiated
DEBUG | Fri Jul 24 21:41:20 IST 2020 : Setting UI for files in bucket...
INFO  | Fri Jul 24 21:41:25 IST 2020 : Files with same names (but not same hash) found. Will show overwrite strategy dialog.
DEBUG | Fri Jul 24 21:41:25 IST 2020 : Setting UI for files in bucket...
DEBUG | Fri Jul 24 21:41:26 IST 2020 : Setting UI for files in bucket...
DEBUG | Fri Jul 24 21:41:26 IST 2020 : Setting UI for files in bucket...
DEBUG | Fri Jul 24 21:41:27 IST 2020 : Setting UI for files in bucket...
DEBUG | Fri Jul 24 21:41:27 IST 2020 : Setting UI for files in bucket...
DEBUG | Fri Jul 24 21:41:28 IST 2020 : Setting UI for files in bucket...
DEBUG | Fri Jul 24 21:41:28 IST 2020 : Setting UI for files in bucket...
DEBUG | Fri Jul 24 21:41:29 IST 2020 : Setting UI for files in bucket...
DEBUG | Fri Jul 24 21:41:29 IST 2020 : Setting UI for files in bucket...
DEBUG | Fri Jul 24 21:41:30 IST 2020 : Setting UI for files in bucket...
DEBUG | Fri Jul 24 21:41:30 IST 2020 : Setting UI for files in bucket...
DEBUG | Fri Jul 24 21:41:31 IST 2020 : Setting UI for files in bucket...
DEBUG | Fri Jul 24 21:41:31 IST 2020 : Setting UI for files in bucket...
DEBUG | Fri Jul 24 21:41:32 IST 2020 : Setting UI for files in bucket...
DEBUG | Fri Jul 24 21:41:32 IST 2020 : Setting UI for files in bucket...
DEBUG | Fri Jul 24 21:41:33 IST 2020 : Setting UI for files in bucket...
DEBUG | Fri Jul 24 21:41:33 IST 2020 : Setting UI for files in bucket...
DEBUG | Fri Jul 24 21:41:34 IST 2020 : Setting UI for files in bucket...
DEBUG | Fri Jul 24 21:41:34 IST 2020 : Setting UI for files in bucket...
DEBUG | Fri Jul 24 21:41:35 IST 2020 : Setting UI for files in bucket...
DEBUG | Fri Jul 24 21:41:35 IST 2020 : Setting UI for files in bucket...
DEBUG | Fri Jul 24 21:41:36 IST 2020 : Setting UI for files in bucket...
DEBUG | Fri Jul 24 21:41:37 IST 2020 : Setting UI for files in bucket...
DEBUG | Fri Jul 24 21:41:37 IST 2020 : Setting UI for files in bucket...
DEBUG | Fri Jul 24 21:41:38 IST 2020 : Setting UI for files in bucket...
DEBUG | Fri Jul 24 21:41:38 IST 2020 : Setting UI for files in bucket...
DEBUG | Fri Jul 24 21:41:39 IST 2020 : Setting UI for files in bucket...
DEBUG | Fri Jul 24 21:41:39 IST 2020 : Setting UI for files in bucket...
DEBUG | Fri Jul 24 21:41:40 IST 2020 : Setting UI for files in bucket...
DEBUG | Fri Jul 24 21:41:40 IST 2020 : Setting UI for files in bucket...
DEBUG | Fri Jul 24 21:41:41 IST 2020 : Setting UI for files in bucket...
DEBUG | Fri Jul 24 21:41:41 IST 2020 : Setting UI for files in bucket...
DEBUG | Fri Jul 24 21:41:42 IST 2020 : Setting UI for files in bucket...
DEBUG | Fri Jul 24 21:41:42 IST 2020 : Setting UI for files in bucket...
