WARN  | Tue Jul 28 21:31:55 IST 2020 : Failed to unzip the resources: D:\Programs\LidoSoftwares\LidoCopy\res.zip (The system cannot find the file specified)
Session Id: 20210-213155
DEBUG | Tue Jul 28 21:31:55 IST 2020 : Services initiated
DEBUG | Tue Jul 28 21:31:57 IST 2020 : Add file for copy: D:\Programs\LidoSoftwares\LidoCopy\files\kWTwXAccVb1595952115641
DEBUG | Tue Jul 28 21:31:57 IST 2020 : passing to backpanel >> C:\Users\user\Desktop\src\set-2\1.bmp
DEBUG | Tue Jul 28 21:31:57 IST 2020 : Got file for copy: C:\Users\user\Desktop\src\set-2\1.bmp
DEBUG | Tue Jul 28 21:31:57 IST 2020 : Added file for copy to srcFiles: 1
DEBUG | Tue Jul 28 21:31:57 IST 2020 : Setting UI for files in bucket...
DEBUG | Tue Jul 28 21:31:57 IST 2020 : Add file for copy: D:\Programs\LidoSoftwares\LidoCopy\files\VdFYYvamjH1595952115640
DEBUG | Tue Jul 28 21:31:57 IST 2020 : passing to backpanel >> C:\Users\user\Desktop\src\set-2\set-2\1.bmp
DEBUG | Tue Jul 28 21:31:57 IST 2020 : Got file for copy: C:\Users\user\Desktop\src\set-2\set-2\1.bmp
DEBUG | Tue Jul 28 21:31:57 IST 2020 : Added file for copy to srcFiles: 2
DEBUG | Tue Jul 28 21:31:57 IST 2020 : Setting UI for files in bucket...
DEBUG | Tue Jul 28 21:31:57 IST 2020 : Setting UI for files in bucket...
DEBUG | Tue Jul 28 21:32:15 IST 2020 : Setting UI for files in bucket...
INFO  | Tue Jul 28 21:32:22 IST 2020 : Files with same names and relative paths copied together from different sources. Will show overwrite strategy dialog.
DEBUG | Tue Jul 28 21:32:22 IST 2020 : Setting UI for files in bucket...
DEBUG | Tue Jul 28 21:32:23 IST 2020 : Setting UI for files in bucket...
DEBUG | Tue Jul 28 21:32:23 IST 2020 : Setting UI for files in bucket...
DEBUG | Tue Jul 28 21:32:24 IST 2020 : Setting UI for files in bucket...
DEBUG | Tue Jul 28 21:32:24 IST 2020 : Setting UI for files in bucket...
DEBUG | Tue Jul 28 21:32:25 IST 2020 : Setting UI for files in bucket...
DEBUG | Tue Jul 28 21:32:25 IST 2020 : Setting UI for files in bucket...
DEBUG | Tue Jul 28 21:32:26 IST 2020 : Setting UI for files in bucket...
DEBUG | Tue Jul 28 21:32:26 IST 2020 : Setting UI for files in bucket...
DEBUG | Tue Jul 28 21:32:27 IST 2020 : Setting UI for files in bucket...
DEBUG | Tue Jul 28 21:32:27 IST 2020 : Setting UI for files in bucket...
DEBUG | Tue Jul 28 21:32:28 IST 2020 : Setting UI for files in bucket...
DEBUG | Tue Jul 28 21:32:28 IST 2020 : Setting UI for files in bucket...
DEBUG | Tue Jul 28 21:32:29 IST 2020 : Setting UI for files in bucket...
DEBUG | Tue Jul 28 21:32:29 IST 2020 : Setting UI for files in bucket...
DEBUG | Tue Jul 28 21:32:30 IST 2020 : Setting UI for files in bucket...
DEBUG | Tue Jul 28 21:32:30 IST 2020 : Setting UI for files in bucket...
DEBUG | Tue Jul 28 21:32:31 IST 2020 : Setting UI for files in bucket...
DEBUG | Tue Jul 28 21:32:31 IST 2020 : Setting UI for files in bucket...
DEBUG | Tue Jul 28 21:32:32 IST 2020 : Setting UI for files in bucket...
DEBUG | Tue Jul 28 21:32:32 IST 2020 : Setting UI for files in bucket...
DEBUG | Tue Jul 28 21:32:33 IST 2020 : Setting UI for files in bucket...
DEBUG | Tue Jul 28 21:32:33 IST 2020 : Setting UI for files in bucket...
DEBUG | Tue Jul 28 21:32:34 IST 2020 : Setting UI for files in bucket...
DEBUG | Tue Jul 28 21:32:34 IST 2020 : Setting UI for files in bucket...
DEBUG | Tue Jul 28 21:32:35 IST 2020 : Setting UI for files in bucket...
DEBUG | Tue Jul 28 21:32:35 IST 2020 : Setting UI for files in bucket...
DEBUG | Tue Jul 28 21:32:36 IST 2020 : Setting UI for files in bucket...
DEBUG | Tue Jul 28 21:32:36 IST 2020 : Setting UI for files in bucket...
DEBUG | Tue Jul 28 21:32:37 IST 2020 : Setting UI for files in bucket...
DEBUG | Tue Jul 28 21:32:37 IST 2020 : Setting UI for files in bucket...
DEBUG | Tue Jul 28 21:32:38 IST 2020 : Setting UI for files in bucket...
DEBUG | Tue Jul 28 21:32:38 IST 2020 : Setting UI for files in bucket...
DEBUG | Tue Jul 28 21:32:39 IST 2020 : Setting UI for files in bucket...
DEBUG | Tue Jul 28 21:32:39 IST 2020 : Setting UI for files in bucket...
DEBUG | Tue Jul 28 21:32:40 IST 2020 : Setting UI for files in bucket...
DEBUG | Tue Jul 28 21:32:40 IST 2020 : Setting UI for files in bucket...
DEBUG | Tue Jul 28 21:32:41 IST 2020 : Setting UI for files in bucket...
DEBUG | Tue Jul 28 21:32:41 IST 2020 : Setting UI for files in bucket...
DEBUG | Tue Jul 28 21:32:42 IST 2020 : Setting UI for files in bucket...
DEBUG | Tue Jul 28 21:32:42 IST 2020 : Setting UI for files in bucket...
DEBUG | Tue Jul 28 21:32:43 IST 2020 : Setting UI for files in bucket...
DEBUG | Tue Jul 28 21:32:43 IST 2020 : Setting UI for files in bucket...
DEBUG | Tue Jul 28 21:32:44 IST 2020 : Setting UI for files in bucket...
DEBUG | Tue Jul 28 21:32:44 IST 2020 : Setting UI for files in bucket...
DEBUG | Tue Jul 28 21:32:45 IST 2020 : Setting UI for files in bucket...
DEBUG | Tue Jul 28 21:32:45 IST 2020 : Setting UI for files in bucket...
DEBUG | Tue Jul 28 21:32:46 IST 2020 : Setting UI for files in bucket...
DEBUG | Tue Jul 28 21:32:46 IST 2020 : Setting UI for files in bucket...
DEBUG | Tue Jul 28 21:32:47 IST 2020 : Setting UI for files in bucket...
DEBUG | Tue Jul 28 21:32:47 IST 2020 : Setting UI for files in bucket...
DEBUG | Tue Jul 28 21:32:48 IST 2020 : Setting UI for files in bucket...
DEBUG | Tue Jul 28 21:32:48 IST 2020 : Setting UI for files in bucket...
DEBUG | Tue Jul 28 21:32:49 IST 2020 : Setting UI for files in bucket...
DEBUG | Tue Jul 28 21:32:49 IST 2020 : Setting UI for files in bucket...
DEBUG | Tue Jul 28 21:32:50 IST 2020 : Setting UI for files in bucket...
DEBUG | Tue Jul 28 21:32:50 IST 2020 : Setting UI for files in bucket...
DEBUG | Tue Jul 28 21:32:51 IST 2020 : Setting UI for files in bucket...
DEBUG | Tue Jul 28 21:32:51 IST 2020 : Setting UI for files in bucket...
DEBUG | Tue Jul 28 21:32:52 IST 2020 : Setting UI for files in bucket...
DEBUG | Tue Jul 28 21:32:52 IST 2020 : Setting UI for files in bucket...
DEBUG | Tue Jul 28 21:32:53 IST 2020 : Setting UI for files in bucket...
DEBUG | Tue Jul 28 21:32:53 IST 2020 : Setting UI for files in bucket...
DEBUG | Tue Jul 28 21:32:54 IST 2020 : Setting UI for files in bucket...
DEBUG | Tue Jul 28 21:32:54 IST 2020 : Setting UI for files in bucket...
DEBUG | Tue Jul 28 21:32:55 IST 2020 : Setting UI for files in bucket...
DEBUG | Tue Jul 28 21:32:55 IST 2020 : Setting UI for files in bucket...
DEBUG | Tue Jul 28 21:32:56 IST 2020 : Setting UI for files in bucket...
DEBUG | Tue Jul 28 21:32:56 IST 2020 : Setting UI for files in bucket...
DEBUG | Tue Jul 28 21:32:57 IST 2020 : Setting UI for files in bucket...
DEBUG | Tue Jul 28 21:32:57 IST 2020 : Setting UI for files in bucket...
DEBUG | Tue Jul 28 21:32:58 IST 2020 : Setting UI for files in bucket...
DEBUG | Tue Jul 28 21:32:58 IST 2020 : Setting UI for files in bucket...
DEBUG | Tue Jul 28 21:32:59 IST 2020 : Setting UI for files in bucket...
DEBUG | Tue Jul 28 21:32:59 IST 2020 : Setting UI for files in bucket...
DEBUG | Tue Jul 28 21:33:00 IST 2020 : Setting UI for files in bucket...
DEBUG | Tue Jul 28 21:33:00 IST 2020 : Setting UI for files in bucket...
DEBUG | Tue Jul 28 21:33:01 IST 2020 : Setting UI for files in bucket...
DEBUG | Tue Jul 28 21:33:01 IST 2020 : Setting UI for files in bucket...
DEBUG | Tue Jul 28 21:33:02 IST 2020 : Setting UI for files in bucket...
DEBUG | Tue Jul 28 21:33:02 IST 2020 : Setting UI for files in bucket...
DEBUG | Tue Jul 28 21:33:03 IST 2020 : Setting UI for files in bucket...
DEBUG | Tue Jul 28 21:33:03 IST 2020 : Setting UI for files in bucket...
DEBUG | Tue Jul 28 21:33:04 IST 2020 : Setting UI for files in bucket...
DEBUG | Tue Jul 28 21:33:04 IST 2020 : Setting UI for files in bucket...
DEBUG | Tue Jul 28 21:33:05 IST 2020 : Setting UI for files in bucket...
DEBUG | Tue Jul 28 21:33:05 IST 2020 : Setting UI for files in bucket...
DEBUG | Tue Jul 28 21:33:06 IST 2020 : Setting UI for files in bucket...
DEBUG | Tue Jul 28 21:33:06 IST 2020 : Setting UI for files in bucket...
DEBUG | Tue Jul 28 21:33:07 IST 2020 : Setting UI for files in bucket...
DEBUG | Tue Jul 28 21:33:07 IST 2020 : Setting UI for files in bucket...
DEBUG | Tue Jul 28 21:33:08 IST 2020 : Setting UI for files in bucket...
DEBUG | Tue Jul 28 21:33:08 IST 2020 : Setting UI for files in bucket...
DEBUG | Tue Jul 28 21:33:09 IST 2020 : Setting UI for files in bucket...
DEBUG | Tue Jul 28 21:33:09 IST 2020 : Setting UI for files in bucket...
DEBUG | Tue Jul 28 21:33:10 IST 2020 : Setting UI for files in bucket...
DEBUG | Tue Jul 28 21:33:10 IST 2020 : Setting UI for files in bucket...
DEBUG | Tue Jul 28 21:33:11 IST 2020 : Setting UI for files in bucket...
DEBUG | Tue Jul 28 21:33:11 IST 2020 : Setting UI for files in bucket...
DEBUG | Tue Jul 28 21:33:12 IST 2020 : Setting UI for files in bucket...
DEBUG | Tue Jul 28 21:33:12 IST 2020 : Setting UI for files in bucket...
DEBUG | Tue Jul 28 21:33:13 IST 2020 : Setting UI for files in bucket...
DEBUG | Tue Jul 28 21:33:13 IST 2020 : Setting UI for files in bucket...
DEBUG | Tue Jul 28 21:33:14 IST 2020 : Setting UI for files in bucket...
DEBUG | Tue Jul 28 21:33:14 IST 2020 : Setting UI for files in bucket...
DEBUG | Tue Jul 28 21:33:15 IST 2020 : Setting UI for files in bucket...
DEBUG | Tue Jul 28 21:33:15 IST 2020 : Setting UI for files in bucket...
DEBUG | Tue Jul 28 21:33:16 IST 2020 : Setting UI for files in bucket...
DEBUG | Tue Jul 28 21:33:16 IST 2020 : Setting UI for files in bucket...
DEBUG | Tue Jul 28 21:33:17 IST 2020 : Setting UI for files in bucket...
DEBUG | Tue Jul 28 21:33:17 IST 2020 : Setting UI for files in bucket...
DEBUG | Tue Jul 28 21:33:18 IST 2020 : Setting UI for files in bucket...
DEBUG | Tue Jul 28 21:33:18 IST 2020 : Setting UI for files in bucket...
DEBUG | Tue Jul 28 21:33:19 IST 2020 : Setting UI for files in bucket...
DEBUG | Tue Jul 28 21:33:19 IST 2020 : Setting UI for files in bucket...
DEBUG | Tue Jul 28 21:33:20 IST 2020 : Setting UI for files in bucket...
DEBUG | Tue Jul 28 21:33:20 IST 2020 : Setting UI for files in bucket...
DEBUG | Tue Jul 28 21:33:21 IST 2020 : Setting UI for files in bucket...
DEBUG | Tue Jul 28 21:33:21 IST 2020 : Setting UI for files in bucket...
DEBUG | Tue Jul 28 21:33:22 IST 2020 : Setting UI for files in bucket...
DEBUG | Tue Jul 28 21:33:22 IST 2020 : Setting UI for files in bucket...
DEBUG | Tue Jul 28 21:33:23 IST 2020 : Setting UI for files in bucket...
DEBUG | Tue Jul 28 21:33:23 IST 2020 : Setting UI for files in bucket...
DEBUG | Tue Jul 28 21:33:24 IST 2020 : Setting UI for files in bucket...
DEBUG | Tue Jul 28 21:33:24 IST 2020 : Setting UI for files in bucket...
DEBUG | Tue Jul 28 21:33:25 IST 2020 : Setting UI for files in bucket...
DEBUG | Tue Jul 28 21:33:25 IST 2020 : Setting UI for files in bucket...
