WARN  | Tue Jul 28 19:58:16 IST 2020 : Failed to unzip the resources: D:\Programs\LidoSoftwares\LidoCopy\res.zip (The system cannot find the file specified)
Session Id: 20210-195816
DEBUG | Tue Jul 28 19:58:16 IST 2020 : Services initiated
DEBUG | Tue Jul 28 19:58:17 IST 2020 : Add file for copy: D:\Programs\LidoSoftwares\LidoCopy\files\kWpVCAzZDn1595946496258
DEBUG | Tue Jul 28 19:58:17 IST 2020 : passing to backpanel >> C:\Users\user\Desktop\src\set-2\1.bmp
DEBUG | Tue Jul 28 19:58:17 IST 2020 : Got file for copy: C:\Users\user\Desktop\src\set-2\1.bmp
DEBUG | Tue Jul 28 19:58:17 IST 2020 : Added file for copy to srcFiles: 1
DEBUG | Tue Jul 28 19:58:17 IST 2020 : Setting UI for files in bucket...
DEBUG | Tue Jul 28 19:58:17 IST 2020 : Add file for copy: D:\Programs\LidoSoftwares\LidoCopy\files\yicmsqeAAL1595946496257
DEBUG | Tue Jul 28 19:58:17 IST 2020 : passing to backpanel >> C:\Users\user\Desktop\src\set-2\set-2\1.bmp
DEBUG | Tue Jul 28 19:58:17 IST 2020 : Got file for copy: C:\Users\user\Desktop\src\set-2\set-2\1.bmp
DEBUG | Tue Jul 28 19:58:17 IST 2020 : Added file for copy to srcFiles: 2
DEBUG | Tue Jul 28 19:58:17 IST 2020 : Setting UI for files in bucket...
DEBUG | Tue Jul 28 19:58:17 IST 2020 : Setting UI for files in bucket...
INFO  | Tue Jul 28 19:58:23 IST 2020 : Files with same names (but not same hash) found. Will show overwrite strategy dialog.
INFO  | Tue Jul 28 19:58:23 IST 2020 : Files with same names and relative paths copied together from different sources. Will show overwrite strategy dialog.
DEBUG | Tue Jul 28 19:58:23 IST 2020 : Setting UI for files in bucket...
DEBUG | Tue Jul 28 19:58:24 IST 2020 : Setting UI for files in bucket...
DEBUG | Tue Jul 28 19:58:24 IST 2020 : Setting UI for files in bucket...
DEBUG | Tue Jul 28 19:58:25 IST 2020 : Setting UI for files in bucket...
DEBUG | Tue Jul 28 19:58:25 IST 2020 : Setting UI for files in bucket...
DEBUG | Tue Jul 28 19:58:26 IST 2020 : Setting UI for files in bucket...
DEBUG | Tue Jul 28 19:58:26 IST 2020 : Setting UI for files in bucket...
DEBUG | Tue Jul 28 19:58:27 IST 2020 : Setting UI for files in bucket...
DEBUG | Tue Jul 28 19:58:27 IST 2020 : Setting UI for files in bucket...
DEBUG | Tue Jul 28 19:58:28 IST 2020 : Setting UI for files in bucket...
DEBUG | Tue Jul 28 19:58:28 IST 2020 : Setting UI for files in bucket...
DEBUG | Tue Jul 28 19:58:29 IST 2020 : Setting UI for files in bucket...
DEBUG | Tue Jul 28 19:58:29 IST 2020 : Setting UI for files in bucket...
DEBUG | Tue Jul 28 19:58:30 IST 2020 : Setting UI for files in bucket...
DEBUG | Tue Jul 28 19:58:30 IST 2020 : Setting UI for files in bucket...
DEBUG | Tue Jul 28 19:58:31 IST 2020 : Setting UI for files in bucket...
DEBUG | Tue Jul 28 19:58:31 IST 2020 : Setting UI for files in bucket...
DEBUG | Tue Jul 28 19:58:32 IST 2020 : Setting UI for files in bucket...
DEBUG | Tue Jul 28 19:58:32 IST 2020 : Setting UI for files in bucket...
DEBUG | Tue Jul 28 19:58:33 IST 2020 : Setting UI for files in bucket...
DEBUG | Tue Jul 28 19:58:33 IST 2020 : Setting UI for files in bucket...
DEBUG | Tue Jul 28 19:58:34 IST 2020 : Setting UI for files in bucket...
DEBUG | Tue Jul 28 19:58:34 IST 2020 : Setting UI for files in bucket...
DEBUG | Tue Jul 28 19:58:35 IST 2020 : Setting UI for files in bucket...
DEBUG | Tue Jul 28 19:58:35 IST 2020 : Setting UI for files in bucket...
DEBUG | Tue Jul 28 19:58:36 IST 2020 : Setting UI for files in bucket...
DEBUG | Tue Jul 28 19:58:36 IST 2020 : Setting UI for files in bucket...
DEBUG | Tue Jul 28 19:58:37 IST 2020 : Setting UI for files in bucket...
DEBUG | Tue Jul 28 19:58:37 IST 2020 : Setting UI for files in bucket...
DEBUG | Tue Jul 28 19:58:38 IST 2020 : Setting UI for files in bucket...
DEBUG | Tue Jul 28 19:58:38 IST 2020 : Setting UI for files in bucket...
DEBUG | Tue Jul 28 19:58:39 IST 2020 : Setting UI for files in bucket...
DEBUG | Tue Jul 28 19:58:39 IST 2020 : Setting UI for files in bucket...
DEBUG | Tue Jul 28 19:58:40 IST 2020 : Setting UI for files in bucket...
DEBUG | Tue Jul 28 19:58:40 IST 2020 : Setting UI for files in bucket...
DEBUG | Tue Jul 28 19:58:41 IST 2020 : Setting UI for files in bucket...
DEBUG | Tue Jul 28 19:58:41 IST 2020 : Setting UI for files in bucket...
DEBUG | Tue Jul 28 19:58:42 IST 2020 : Setting UI for files in bucket...
DEBUG | Tue Jul 28 19:58:42 IST 2020 : Setting UI for files in bucket...
DEBUG | Tue Jul 28 19:58:43 IST 2020 : Setting UI for files in bucket...
DEBUG | Tue Jul 28 19:58:43 IST 2020 : Setting UI for files in bucket...
DEBUG | Tue Jul 28 19:58:44 IST 2020 : Setting UI for files in bucket...
DEBUG | Tue Jul 28 19:58:44 IST 2020 : Setting UI for files in bucket...
DEBUG | Tue Jul 28 19:58:45 IST 2020 : Setting UI for files in bucket...
DEBUG | Tue Jul 28 19:58:45 IST 2020 : Setting UI for files in bucket...
DEBUG | Tue Jul 28 19:58:46 IST 2020 : Setting UI for files in bucket...
DEBUG | Tue Jul 28 19:58:46 IST 2020 : Setting UI for files in bucket...
DEBUG | Tue Jul 28 19:58:47 IST 2020 : Setting UI for files in bucket...
DEBUG | Tue Jul 28 19:58:47 IST 2020 : Setting UI for files in bucket...
DEBUG | Tue Jul 28 19:58:48 IST 2020 : Setting UI for files in bucket...
DEBUG | Tue Jul 28 19:58:48 IST 2020 : Setting UI for files in bucket...
DEBUG | Tue Jul 28 19:58:49 IST 2020 : Setting UI for files in bucket...
DEBUG | Tue Jul 28 19:58:49 IST 2020 : Setting UI for files in bucket...
DEBUG | Tue Jul 28 19:58:50 IST 2020 : Setting UI for files in bucket...
DEBUG | Tue Jul 28 19:58:50 IST 2020 : Setting UI for files in bucket...
DEBUG | Tue Jul 28 19:58:51 IST 2020 : Setting UI for files in bucket...
DEBUG | Tue Jul 28 19:58:51 IST 2020 : Setting UI for files in bucket...
DEBUG | Tue Jul 28 19:58:52 IST 2020 : Setting UI for files in bucket...
DEBUG | Tue Jul 28 19:58:52 IST 2020 : Setting UI for files in bucket...
DEBUG | Tue Jul 28 19:58:53 IST 2020 : Setting UI for files in bucket...
DEBUG | Tue Jul 28 19:58:53 IST 2020 : Setting UI for files in bucket...
DEBUG | Tue Jul 28 19:58:54 IST 2020 : Setting UI for files in bucket...
DEBUG | Tue Jul 28 19:58:54 IST 2020 : Setting UI for files in bucket...
DEBUG | Tue Jul 28 19:58:55 IST 2020 : Setting UI for files in bucket...
DEBUG | Tue Jul 28 19:58:55 IST 2020 : Setting UI for files in bucket...
DEBUG | Tue Jul 28 19:58:56 IST 2020 : Setting UI for files in bucket...
DEBUG | Tue Jul 28 19:58:56 IST 2020 : Setting UI for files in bucket...
DEBUG | Tue Jul 28 19:58:57 IST 2020 : Setting UI for files in bucket...
DEBUG | Tue Jul 28 19:58:57 IST 2020 : Setting UI for files in bucket...
DEBUG | Tue Jul 28 19:58:58 IST 2020 : Setting UI for files in bucket...
DEBUG | Tue Jul 28 19:58:58 IST 2020 : Setting UI for files in bucket...
DEBUG | Tue Jul 28 19:58:59 IST 2020 : Setting UI for files in bucket...
DEBUG | Tue Jul 28 19:58:59 IST 2020 : Setting UI for files in bucket...
DEBUG | Tue Jul 28 19:59:00 IST 2020 : Setting UI for files in bucket...
DEBUG | Tue Jul 28 19:59:00 IST 2020 : Setting UI for files in bucket...
DEBUG | Tue Jul 28 19:59:01 IST 2020 : Setting UI for files in bucket...
DEBUG | Tue Jul 28 19:59:01 IST 2020 : Setting UI for files in bucket...
DEBUG | Tue Jul 28 19:59:02 IST 2020 : Setting UI for files in bucket...
DEBUG | Tue Jul 28 19:59:02 IST 2020 : Setting UI for files in bucket...
DEBUG | Tue Jul 28 19:59:03 IST 2020 : Setting UI for files in bucket...
DEBUG | Tue Jul 28 19:59:03 IST 2020 : Setting UI for files in bucket...
DEBUG | Tue Jul 28 19:59:04 IST 2020 : Setting UI for files in bucket...
DEBUG | Tue Jul 28 19:59:04 IST 2020 : Setting UI for files in bucket...
DEBUG | Tue Jul 28 19:59:05 IST 2020 : Setting UI for files in bucket...
DEBUG | Tue Jul 28 19:59:05 IST 2020 : Setting UI for files in bucket...
DEBUG | Tue Jul 28 19:59:06 IST 2020 : Setting UI for files in bucket...
DEBUG | Tue Jul 28 19:59:06 IST 2020 : Setting UI for files in bucket...
DEBUG | Tue Jul 28 19:59:07 IST 2020 : Setting UI for files in bucket...
DEBUG | Tue Jul 28 19:59:07 IST 2020 : Setting UI for files in bucket...
DEBUG | Tue Jul 28 19:59:08 IST 2020 : Setting UI for files in bucket...
DEBUG | Tue Jul 28 19:59:08 IST 2020 : Setting UI for files in bucket...
DEBUG | Tue Jul 28 19:59:09 IST 2020 : Setting UI for files in bucket...
DEBUG | Tue Jul 28 19:59:09 IST 2020 : Setting UI for files in bucket...
DEBUG | Tue Jul 28 19:59:10 IST 2020 : Setting UI for files in bucket...
DEBUG | Tue Jul 28 19:59:10 IST 2020 : Setting UI for files in bucket...
DEBUG | Tue Jul 28 19:59:11 IST 2020 : Setting UI for files in bucket...
DEBUG | Tue Jul 28 19:59:11 IST 2020 : Setting UI for files in bucket...
DEBUG | Tue Jul 28 19:59:12 IST 2020 : Setting UI for files in bucket...
DEBUG | Tue Jul 28 19:59:12 IST 2020 : Setting UI for files in bucket...
DEBUG | Tue Jul 28 19:59:13 IST 2020 : Setting UI for files in bucket...
DEBUG | Tue Jul 28 19:59:13 IST 2020 : Setting UI for files in bucket...
DEBUG | Tue Jul 28 19:59:14 IST 2020 : Setting UI for files in bucket...
DEBUG | Tue Jul 28 19:59:14 IST 2020 : Setting UI for files in bucket...
DEBUG | Tue Jul 28 19:59:15 IST 2020 : Setting UI for files in bucket...
DEBUG | Tue Jul 28 19:59:15 IST 2020 : Setting UI for files in bucket...
DEBUG | Tue Jul 28 19:59:16 IST 2020 : Setting UI for files in bucket...
