Session Id: 20209-233615
DEBUG | Mon Jul 27 23:36:15 IST 2020 : Services initiated
DEBUG | Mon Jul 27 23:36:16 IST 2020 : Add file for copy: D:\Programs\LidoSoftwares\LidoCopy\files\aOKqCtYjkJ1595873175275
DEBUG | Mon Jul 27 23:36:16 IST 2020 : passing to backpanel >> C:\Users\user\Desktop\src\set-2\set-2\1.bmp
DEBUG | Mon Jul 27 23:36:16 IST 2020 : Got file for copy: C:\Users\user\Desktop\src\set-2\set-2\1.bmp
DEBUG | Mon Jul 27 23:36:16 IST 2020 : Added file for copy to srcFiles: 1
DEBUG | Mon Jul 27 23:36:16 IST 2020 : Setting UI for files in bucket...
DEBUG | Mon Jul 27 23:36:16 IST 2020 : Add file for copy: D:\Programs\LidoSoftwares\LidoCopy\files\FrIQjTZxvH1595873175275
DEBUG | Mon Jul 27 23:36:16 IST 2020 : passing to backpanel >> C:\Users\user\Desktop\src\set-2\1.bmp
DEBUG | Mon Jul 27 23:36:16 IST 2020 : Got file for copy: C:\Users\user\Desktop\src\set-2\1.bmp
DEBUG | Mon Jul 27 23:36:16 IST 2020 : Added file for copy to srcFiles: 2
DEBUG | Mon Jul 27 23:36:16 IST 2020 : Setting UI for files in bucket...
DEBUG | Mon Jul 27 23:36:16 IST 2020 : Setting UI for files in bucket...
INFO  | Mon Jul 27 23:36:22 IST 2020 : Files with same names (but not same hash) found. Will show overwrite strategy dialog.
INFO  | Mon Jul 27 23:36:22 IST 2020 : Files with same names and relative paths copied together from different sources. Will show overwrite strategy dialog.
DEBUG | Mon Jul 27 23:36:22 IST 2020 : Setting UI for files in bucket...
DEBUG | Mon Jul 27 23:36:23 IST 2020 : Setting UI for files in bucket...
DEBUG | Mon Jul 27 23:36:23 IST 2020 : Setting UI for files in bucket...
DEBUG | Mon Jul 27 23:36:24 IST 2020 : Setting UI for files in bucket...
DEBUG | Mon Jul 27 23:36:24 IST 2020 : Setting UI for files in bucket...
DEBUG | Mon Jul 27 23:36:25 IST 2020 : Setting UI for files in bucket...
DEBUG | Mon Jul 27 23:36:25 IST 2020 : Setting UI for files in bucket...
DEBUG | Mon Jul 27 23:36:26 IST 2020 : Setting UI for files in bucket...
DEBUG | Mon Jul 27 23:36:26 IST 2020 : Setting UI for files in bucket...
DEBUG | Mon Jul 27 23:36:27 IST 2020 : Setting UI for files in bucket...
DEBUG | Mon Jul 27 23:36:27 IST 2020 : Setting UI for files in bucket...
DEBUG | Mon Jul 27 23:36:28 IST 2020 : Setting UI for files in bucket...
DEBUG | Mon Jul 27 23:36:28 IST 2020 : Setting UI for files in bucket...
DEBUG | Mon Jul 27 23:36:29 IST 2020 : Setting UI for files in bucket...
DEBUG | Mon Jul 27 23:36:29 IST 2020 : Setting UI for files in bucket...
DEBUG | Mon Jul 27 23:36:30 IST 2020 : Setting UI for files in bucket...
DEBUG | Mon Jul 27 23:36:30 IST 2020 : Setting UI for files in bucket...
DEBUG | Mon Jul 27 23:36:31 IST 2020 : Setting UI for files in bucket...
DEBUG | Mon Jul 27 23:36:31 IST 2020 : Setting UI for files in bucket...
DEBUG | Mon Jul 27 23:36:32 IST 2020 : Setting UI for files in bucket...
DEBUG | Mon Jul 27 23:36:32 IST 2020 : Setting UI for files in bucket...
DEBUG | Mon Jul 27 23:36:33 IST 2020 : Setting UI for files in bucket...
DEBUG | Mon Jul 27 23:36:33 IST 2020 : Setting UI for files in bucket...
DEBUG | Mon Jul 27 23:36:34 IST 2020 : Setting UI for files in bucket...
DEBUG | Mon Jul 27 23:36:34 IST 2020 : Setting UI for files in bucket...
DEBUG | Mon Jul 27 23:36:35 IST 2020 : Setting UI for files in bucket...
DEBUG | Mon Jul 27 23:36:36 IST 2020 : Setting UI for files in bucket...
DEBUG | Mon Jul 27 23:36:36 IST 2020 : Setting UI for files in bucket...
DEBUG | Mon Jul 27 23:36:37 IST 2020 : Setting UI for files in bucket...
DEBUG | Mon Jul 27 23:36:37 IST 2020 : Setting UI for files in bucket...
DEBUG | Mon Jul 27 23:36:38 IST 2020 : Setting UI for files in bucket...
DEBUG | Mon Jul 27 23:36:38 IST 2020 : Setting UI for files in bucket...
DEBUG | Mon Jul 27 23:36:39 IST 2020 : Setting UI for files in bucket...
DEBUG | Mon Jul 27 23:36:39 IST 2020 : Setting UI for files in bucket...
DEBUG | Mon Jul 27 23:36:40 IST 2020 : Setting UI for files in bucket...
DEBUG | Mon Jul 27 23:36:40 IST 2020 : Setting UI for files in bucket...
DEBUG | Mon Jul 27 23:36:41 IST 2020 : Setting UI for files in bucket...
DEBUG | Mon Jul 27 23:36:41 IST 2020 : Setting UI for files in bucket...
DEBUG | Mon Jul 27 23:36:42 IST 2020 : Setting UI for files in bucket...
DEBUG | Mon Jul 27 23:36:42 IST 2020 : Setting UI for files in bucket...
DEBUG | Mon Jul 27 23:36:43 IST 2020 : Setting UI for files in bucket...
DEBUG | Mon Jul 27 23:36:43 IST 2020 : Setting UI for files in bucket...
DEBUG | Mon Jul 27 23:36:44 IST 2020 : Setting UI for files in bucket...
DEBUG | Mon Jul 27 23:36:44 IST 2020 : Setting UI for files in bucket...
DEBUG | Mon Jul 27 23:36:45 IST 2020 : Setting UI for files in bucket...
