Session Id: 20210-194931
DEBUG | Tue Jul 28 19:49:31 IST 2020 : Services initiated
DEBUG | Tue Jul 28 19:49:32 IST 2020 : Add file for copy: D:\Programs\LidoSoftwares\LidoCopy\files\cLsOgcOEND1595945971020
DEBUG | Tue Jul 28 19:49:32 IST 2020 : passing to backpanel >> C:\Users\user\Desktop\src\set-2\set-2\1.bmp
DEBUG | Tue Jul 28 19:49:32 IST 2020 : Got file for copy: C:\Users\user\Desktop\src\set-2\set-2\1.bmp
DEBUG | Tue Jul 28 19:49:32 IST 2020 : Added file for copy to srcFiles: 1
DEBUG | Tue Jul 28 19:49:32 IST 2020 : Setting UI for files in bucket...
DEBUG | Tue Jul 28 19:49:32 IST 2020 : Add file for copy: D:\Programs\LidoSoftwares\LidoCopy\files\GhOZebFIzN1595945971020
DEBUG | Tue Jul 28 19:49:32 IST 2020 : passing to backpanel >> C:\Users\user\Desktop\src\set-2\1.bmp
DEBUG | Tue Jul 28 19:49:32 IST 2020 : Got file for copy: C:\Users\user\Desktop\src\set-2\1.bmp
DEBUG | Tue Jul 28 19:49:32 IST 2020 : Added file for copy to srcFiles: 2
DEBUG | Tue Jul 28 19:49:32 IST 2020 : Setting UI for files in bucket...
DEBUG | Tue Jul 28 19:49:32 IST 2020 : Setting UI for files in bucket...
INFO  | Tue Jul 28 19:49:37 IST 2020 : Files with same names (but not same hash) found. Will show overwrite strategy dialog.
INFO  | Tue Jul 28 19:49:37 IST 2020 : Files with same names and relative paths copied together from different sources. Will show overwrite strategy dialog.
DEBUG | Tue Jul 28 19:49:38 IST 2020 : Setting UI for files in bucket...
DEBUG | Tue Jul 28 19:49:38 IST 2020 : Setting UI for files in bucket...
DEBUG | Tue Jul 28 19:49:39 IST 2020 : Setting UI for files in bucket...
DEBUG | Tue Jul 28 19:49:39 IST 2020 : Setting UI for files in bucket...
DEBUG | Tue Jul 28 19:49:40 IST 2020 : Setting UI for files in bucket...
DEBUG | Tue Jul 28 19:49:40 IST 2020 : Setting UI for files in bucket...
DEBUG | Tue Jul 28 19:49:41 IST 2020 : Setting UI for files in bucket...
DEBUG | Tue Jul 28 19:49:41 IST 2020 : Setting UI for files in bucket...
DEBUG | Tue Jul 28 19:49:42 IST 2020 : Setting UI for files in bucket...
DEBUG | Tue Jul 28 19:49:42 IST 2020 : Setting UI for files in bucket...
DEBUG | Tue Jul 28 19:49:43 IST 2020 : Setting UI for files in bucket...
DEBUG | Tue Jul 28 19:49:43 IST 2020 : Setting UI for files in bucket...
DEBUG | Tue Jul 28 19:49:44 IST 2020 : Setting UI for files in bucket...
DEBUG | Tue Jul 28 19:49:44 IST 2020 : Setting UI for files in bucket...
DEBUG | Tue Jul 28 19:49:45 IST 2020 : Setting UI for files in bucket...
DEBUG | Tue Jul 28 19:49:45 IST 2020 : Setting UI for files in bucket...
DEBUG | Tue Jul 28 19:49:46 IST 2020 : Setting UI for files in bucket...
DEBUG | Tue Jul 28 19:49:46 IST 2020 : Setting UI for files in bucket...
DEBUG | Tue Jul 28 19:49:47 IST 2020 : Setting UI for files in bucket...
DEBUG | Tue Jul 28 19:49:47 IST 2020 : Setting UI for files in bucket...
DEBUG | Tue Jul 28 19:49:48 IST 2020 : Setting UI for files in bucket...
DEBUG | Tue Jul 28 19:49:48 IST 2020 : Setting UI for files in bucket...
DEBUG | Tue Jul 28 19:49:49 IST 2020 : Setting UI for files in bucket...
DEBUG | Tue Jul 28 19:49:49 IST 2020 : Setting UI for files in bucket...
DEBUG | Tue Jul 28 19:49:50 IST 2020 : Setting UI for files in bucket...
DEBUG | Tue Jul 28 19:49:50 IST 2020 : Setting UI for files in bucket...
DEBUG | Tue Jul 28 19:49:51 IST 2020 : Setting UI for files in bucket...
DEBUG | Tue Jul 28 19:49:51 IST 2020 : Setting UI for files in bucket...
DEBUG | Tue Jul 28 19:49:52 IST 2020 : Setting UI for files in bucket...
DEBUG | Tue Jul 28 19:49:52 IST 2020 : Setting UI for files in bucket...
DEBUG | Tue Jul 28 19:49:53 IST 2020 : Setting UI for files in bucket...
DEBUG | Tue Jul 28 19:49:53 IST 2020 : Setting UI for files in bucket...
DEBUG | Tue Jul 28 19:49:54 IST 2020 : Setting UI for files in bucket...
DEBUG | Tue Jul 28 19:49:55 IST 2020 : Setting UI for files in bucket...
DEBUG | Tue Jul 28 19:49:55 IST 2020 : Setting UI for files in bucket...
DEBUG | Tue Jul 28 19:49:56 IST 2020 : Setting UI for files in bucket...
DEBUG | Tue Jul 28 19:49:56 IST 2020 : Setting UI for files in bucket...
DEBUG | Tue Jul 28 19:49:57 IST 2020 : Setting UI for files in bucket...
DEBUG | Tue Jul 28 19:49:57 IST 2020 : Setting UI for files in bucket...
DEBUG | Tue Jul 28 19:49:58 IST 2020 : Setting UI for files in bucket...
DEBUG | Tue Jul 28 19:49:58 IST 2020 : Setting UI for files in bucket...
DEBUG | Tue Jul 28 19:49:59 IST 2020 : Setting UI for files in bucket...
DEBUG | Tue Jul 28 19:49:59 IST 2020 : Setting UI for files in bucket...
DEBUG | Tue Jul 28 19:50:00 IST 2020 : Setting UI for files in bucket...
DEBUG | Tue Jul 28 19:50:00 IST 2020 : Setting UI for files in bucket...
DEBUG | Tue Jul 28 19:50:01 IST 2020 : Setting UI for files in bucket...
