Session Id: 20207-164235
DEBUG | Sat Jul 25 16:42:35 IST 2020 : Services initiated
DEBUG | Sat Jul 25 16:42:42 IST 2020 : Setting UI for files in bucket...
INFO  | Sat Jul 25 16:42:47 IST 2020 : Files with same names (but not same hash) found. Will show overwrite strategy dialog.
DEBUG | Sat Jul 25 16:42:47 IST 2020 : Setting UI for files in bucket...
DEBUG | Sat Jul 25 16:42:48 IST 2020 : Setting UI for files in bucket...
DEBUG | Sat Jul 25 16:42:48 IST 2020 : Overwrite strategy decided : 
DEBUG | Sat Jul 25 16:42:48 IST 2020 : RENAME_SKIPPED_FILES : false
DEBUG | Sat Jul 25 16:42:48 IST 2020 : ASK_FOR_EACH_FILE : false
DEBUG | Sat Jul 25 16:42:48 IST 2020 : COPY_MULTIPLE_FILES_TO_SAME_PATH__ASK_FOR_EACH_FILE : true
INFO  | Sat Jul 25 16:42:48 IST 2020 : Copying 19 files.
--------------------------------------------------------------------------------
INFO  | Sat Jul 25 16:42:48 IST 2020 : 0 of 19 copied
DEBUG | Sat Jul 25 16:42:48 IST 2020 : Setting UI for files in bucket...
----------------------------------------------
DEBUG | Sat Jul 25 16:42:48 IST 2020 : Setting UI for files in bucket...
INFO  | Sat Jul 25 16:42:48 IST 2020 : The file already exists in destination : C:\Users\user\Desktop\src\Love Is Just Apain.avi
WARN  | Sat Jul 25 16:42:48 IST 2020 : Same named file exists : Love Is Just Apain.avi
INFO  | Sat Jul 25 16:42:48 IST 2020 : Skipping the file (not even renaming)
INFO  | Sat Jul 25 16:42:48 IST 2020 : 1 of 19 copied
DEBUG | Sat Jul 25 16:42:48 IST 2020 : Setting UI for files in bucket...
----------------------------------------------
DEBUG | Sat Jul 25 16:42:48 IST 2020 : Setting UI for files in bucket...
INFO  | Sat Jul 25 16:42:48 IST 2020 : The file already exists in destination : C:\Users\user\Desktop\src\Vasegra.avi
WARN  | Sat Jul 25 16:42:48 IST 2020 : Same named file exists : Vasegra.avi
INFO  | Sat Jul 25 16:42:48 IST 2020 : Skipping the file (not even renaming)
INFO  | Sat Jul 25 16:42:48 IST 2020 : 2 of 19 copied
DEBUG | Sat Jul 25 16:42:48 IST 2020 : Setting UI for files in bucket...
----------------------------------------------
DEBUG | Sat Jul 25 16:42:48 IST 2020 : Setting UI for files in bucket...
INFO  | Sat Jul 25 16:42:48 IST 2020 : The file already exists in destination : C:\Users\user\Desktop\src\Girlfriend.avi
WARN  | Sat Jul 25 16:42:48 IST 2020 : Same named file exists : Girlfriend.avi
INFO  | Sat Jul 25 16:42:48 IST 2020 : Skipping the file (not even renaming)
INFO  | Sat Jul 25 16:42:48 IST 2020 : 3 of 19 copied
DEBUG | Sat Jul 25 16:42:48 IST 2020 : Setting UI for files in bucket...
----------------------------------------------
DEBUG | Sat Jul 25 16:42:48 IST 2020 : Setting UI for files in bucket...
INFO  | Sat Jul 25 16:42:48 IST 2020 : The file already exists in destination : C:\Users\user\Desktop\src\set-3\1.bmp
WARN  | Sat Jul 25 16:42:48 IST 2020 : Same named file exists : 1.bmp
INFO  | Sat Jul 25 16:42:48 IST 2020 : Skipping the file (not even renaming)
INFO  | Sat Jul 25 16:42:48 IST 2020 : 4 of 19 copied
DEBUG | Sat Jul 25 16:42:48 IST 2020 : Setting UI for files in bucket...
----------------------------------------------
DEBUG | Sat Jul 25 16:42:48 IST 2020 : Setting UI for files in bucket...
INFO  | Sat Jul 25 16:42:48 IST 2020 : The file already exists in destination : C:\Users\user\Desktop\src\set-4\1.bmp
WARN  | Sat Jul 25 16:42:48 IST 2020 : Same named file exists : 1.bmp
INFO  | Sat Jul 25 16:42:48 IST 2020 : Skipping the file (not even renaming)
INFO  | Sat Jul 25 16:42:48 IST 2020 : 5 of 19 copied
DEBUG | Sat Jul 25 16:42:48 IST 2020 : Setting UI for files in bucket...
DEBUG | Sat Jul 25 16:42:48 IST 2020 : Setting UI for files in bucket...
----------------------------------------------
DEBUG | Sat Jul 25 16:42:48 IST 2020 : Setting UI for files in bucket...
INFO  | Sat Jul 25 16:42:48 IST 2020 : The file already exists in destination : C:\Users\user\Desktop\src\set-5\1.bmp
WARN  | Sat Jul 25 16:42:48 IST 2020 : Same named file exists : 1.bmp
INFO  | Sat Jul 25 16:42:48 IST 2020 : Skipping the file (not even renaming)
INFO  | Sat Jul 25 16:42:48 IST 2020 : 6 of 19 copied
DEBUG | Sat Jul 25 16:42:48 IST 2020 : Setting UI for files in bucket...
----------------------------------------------
DEBUG | Sat Jul 25 16:42:48 IST 2020 : Setting UI for files in bucket...
INFO  | Sat Jul 25 16:42:48 IST 2020 : The file already exists in destination : C:\Users\user\Desktop\src\set-6\1.bmp
WARN  | Sat Jul 25 16:42:48 IST 2020 : Same named file exists : 1.bmp
INFO  | Sat Jul 25 16:42:48 IST 2020 : Skipping the file (not even renaming)
INFO  | Sat Jul 25 16:42:48 IST 2020 : 7 of 19 copied
DEBUG | Sat Jul 25 16:42:48 IST 2020 : Setting UI for files in bucket...
----------------------------------------------
DEBUG | Sat Jul 25 16:42:48 IST 2020 : Setting UI for files in bucket...
INFO  | Sat Jul 25 16:42:48 IST 2020 : The file already exists in destination : C:\Users\user\Desktop\src\set-3\11.bmp
WARN  | Sat Jul 25 16:42:48 IST 2020 : Same named file exists : 11.bmp
INFO  | Sat Jul 25 16:42:48 IST 2020 : Skipping the file (not even renaming)
INFO  | Sat Jul 25 16:42:48 IST 2020 : 8 of 19 copied
DEBUG | Sat Jul 25 16:42:48 IST 2020 : Setting UI for files in bucket...
----------------------------------------------
DEBUG | Sat Jul 25 16:42:48 IST 2020 : Setting UI for files in bucket...
INFO  | Sat Jul 25 16:42:48 IST 2020 : The file already exists in destination : C:\Users\user\Desktop\src\set-3\2.bmp
WARN  | Sat Jul 25 16:42:48 IST 2020 : Same named file exists : 2.bmp
INFO  | Sat Jul 25 16:42:48 IST 2020 : Skipping the file (not even renaming)
INFO  | Sat Jul 25 16:42:48 IST 2020 : 9 of 19 copied
DEBUG | Sat Jul 25 16:42:48 IST 2020 : Setting UI for files in bucket...
----------------------------------------------
DEBUG | Sat Jul 25 16:42:48 IST 2020 : Setting UI for files in bucket...
INFO  | Sat Jul 25 16:42:48 IST 2020 : The file already exists in destination : C:\Users\user\Desktop\src\set-4\2.bmp
WARN  | Sat Jul 25 16:42:48 IST 2020 : Same named file exists : 2.bmp
INFO  | Sat Jul 25 16:42:48 IST 2020 : Skipping the file (not even renaming)
INFO  | Sat Jul 25 16:42:48 IST 2020 : 10 of 19 copied
DEBUG | Sat Jul 25 16:42:48 IST 2020 : Setting UI for files in bucket...
----------------------------------------------
DEBUG | Sat Jul 25 16:42:48 IST 2020 : Setting UI for files in bucket...
INFO  | Sat Jul 25 16:42:48 IST 2020 : The file already exists in destination : C:\Users\user\Desktop\src\set-5\2.bmp
WARN  | Sat Jul 25 16:42:48 IST 2020 : Same named file exists : 2.bmp
INFO  | Sat Jul 25 16:42:48 IST 2020 : Skipping the file (not even renaming)
INFO  | Sat Jul 25 16:42:48 IST 2020 : 11 of 19 copied
DEBUG | Sat Jul 25 16:42:48 IST 2020 : Setting UI for files in bucket...
----------------------------------------------
DEBUG | Sat Jul 25 16:42:48 IST 2020 : Setting UI for files in bucket...
INFO  | Sat Jul 25 16:42:48 IST 2020 : The file already exists in destination : C:\Users\user\Desktop\src\set-6\2.bmp
WARN  | Sat Jul 25 16:42:48 IST 2020 : Same named file exists : 2.bmp
INFO  | Sat Jul 25 16:42:48 IST 2020 : Skipping the file (not even renaming)
INFO  | Sat Jul 25 16:42:48 IST 2020 : 12 of 19 copied
DEBUG | Sat Jul 25 16:42:48 IST 2020 : Setting UI for files in bucket...
----------------------------------------------
DEBUG | Sat Jul 25 16:42:48 IST 2020 : Setting UI for files in bucket...
INFO  | Sat Jul 25 16:42:48 IST 2020 : The file already exists in destination : C:\Users\user\Desktop\src\set-4\3.bmp
WARN  | Sat Jul 25 16:42:48 IST 2020 : Same named file exists : 3.bmp
INFO  | Sat Jul 25 16:42:48 IST 2020 : Skipping the file (not even renaming)
INFO  | Sat Jul 25 16:42:48 IST 2020 : 13 of 19 copied
DEBUG | Sat Jul 25 16:42:48 IST 2020 : Setting UI for files in bucket...
----------------------------------------------
DEBUG | Sat Jul 25 16:42:48 IST 2020 : Setting UI for files in bucket...
INFO  | Sat Jul 25 16:42:48 IST 2020 : The file already exists in destination : C:\Users\user\Desktop\src\set-5\3.bmp
WARN  | Sat Jul 25 16:42:48 IST 2020 : Same named file exists : 3.bmp
INFO  | Sat Jul 25 16:42:48 IST 2020 : Skipping the file (not even renaming)
INFO  | Sat Jul 25 16:42:48 IST 2020 : 14 of 19 copied
DEBUG | Sat Jul 25 16:42:48 IST 2020 : Setting UI for files in bucket...
----------------------------------------------
DEBUG | Sat Jul 25 16:42:48 IST 2020 : Setting UI for files in bucket...
INFO  | Sat Jul 25 16:42:48 IST 2020 : The file already exists in destination : C:\Users\user\Desktop\src\set-6\3.bmp
WARN  | Sat Jul 25 16:42:48 IST 2020 : Same named file exists : 3.bmp
INFO  | Sat Jul 25 16:42:48 IST 2020 : Skipping the file (not even renaming)
INFO  | Sat Jul 25 16:42:48 IST 2020 : 15 of 19 copied
DEBUG | Sat Jul 25 16:42:48 IST 2020 : Setting UI for files in bucket...
----------------------------------------------
DEBUG | Sat Jul 25 16:42:48 IST 2020 : Setting UI for files in bucket...
INFO  | Sat Jul 25 16:42:48 IST 2020 : The file already exists in destination : C:\Users\user\Desktop\src\set-6\3_2.bmp
WARN  | Sat Jul 25 16:42:48 IST 2020 : Same named file exists : 3_2.bmp
INFO  | Sat Jul 25 16:42:48 IST 2020 : Skipping the file (not even renaming)
INFO  | Sat Jul 25 16:42:48 IST 2020 : 16 of 19 copied
DEBUG | Sat Jul 25 16:42:48 IST 2020 : Setting UI for files in bucket...
----------------------------------------------
DEBUG | Sat Jul 25 16:42:48 IST 2020 : Setting UI for files in bucket...
INFO  | Sat Jul 25 16:42:48 IST 2020 : The file already exists in destination : C:\Users\user\Desktop\src\set-3\set-3\1.bmp
WARN  | Sat Jul 25 16:42:48 IST 2020 : Same named file exists : 1.bmp
INFO  | Sat Jul 25 16:42:48 IST 2020 : Skipping the file (not even renaming)
INFO  | Sat Jul 25 16:42:48 IST 2020 : 17 of 19 copied
DEBUG | Sat Jul 25 16:42:48 IST 2020 : Setting UI for files in bucket...
----------------------------------------------
DEBUG | Sat Jul 25 16:42:48 IST 2020 : Setting UI for files in bucket...
INFO  | Sat Jul 25 16:42:48 IST 2020 : The file already exists in destination : C:\Users\user\Desktop\src\set-3\set-3\11.bmp
WARN  | Sat Jul 25 16:42:48 IST 2020 : Same named file exists : 11.bmp
INFO  | Sat Jul 25 16:42:48 IST 2020 : Skipping the file (not even renaming)
INFO  | Sat Jul 25 16:42:48 IST 2020 : 18 of 19 copied
DEBUG | Sat Jul 25 16:42:48 IST 2020 : Setting UI for files in bucket...
----------------------------------------------
DEBUG | Sat Jul 25 16:42:48 IST 2020 : Setting UI for files in bucket...
INFO  | Sat Jul 25 16:42:48 IST 2020 : The file already exists in destination : C:\Users\user\Desktop\src\set-3\set-3\2.bmp
WARN  | Sat Jul 25 16:42:48 IST 2020 : Same named file exists : 2.bmp
INFO  | Sat Jul 25 16:42:48 IST 2020 : Skipping the file (not even renaming)
INFO  | Sat Jul 25 16:42:48 IST 2020 : 19 of 19 copied
DEBUG | Sat Jul 25 16:42:48 IST 2020 : Setting UI for files in bucket...
DEBUG | Sat Jul 25 16:42:48 IST 2020 : Setting UI for files in bucket...
DEBUG | Sat Jul 25 16:42:48 IST 2020 : Setting UI for files in bucket...
DEBUG | Sat Jul 25 16:43:02 IST 2020 : Setting UI for files in bucket...
INFO  | Sat Jul 25 16:43:04 IST 2020 : Files with same names (but not same hash) found. Will show overwrite strategy dialog.
DEBUG | Sat Jul 25 16:43:05 IST 2020 : Setting UI for files in bucket...
