Session Id: 20206-230307
DEBUG | Fri Jul 24 23:03:07 IST 2020 : Services initiated
DEBUG | Fri Jul 24 23:03:13 IST 2020 : Setting UI for files in bucket...
INFO  | Fri Jul 24 23:03:18 IST 2020 : Files with same names (but not same hash) found. Will show overwrite strategy dialog.
DEBUG | Fri Jul 24 23:03:18 IST 2020 : Setting UI for files in bucket...
DEBUG | Fri Jul 24 23:03:19 IST 2020 : Setting UI for files in bucket...
DEBUG | Fri Jul 24 23:03:19 IST 2020 : Setting UI for files in bucket...
DEBUG | Fri Jul 24 23:03:20 IST 2020 : Setting UI for files in bucket...
DEBUG | Fri Jul 24 23:03:20 IST 2020 : Setting UI for files in bucket...
DEBUG | Fri Jul 24 23:03:21 IST 2020 : Setting UI for files in bucket...
DEBUG | Fri Jul 24 23:03:21 IST 2020 : Setting UI for files in bucket...
DEBUG | Fri Jul 24 23:03:22 IST 2020 : Setting UI for files in bucket...
DEBUG | Fri Jul 24 23:03:23 IST 2020 : Setting UI for files in bucket...
DEBUG | Fri Jul 24 23:03:23 IST 2020 : Setting UI for files in bucket...
DEBUG | Fri Jul 24 23:03:24 IST 2020 : Setting UI for files in bucket...
DEBUG | Fri Jul 24 23:03:24 IST 2020 : Setting UI for files in bucket...
DEBUG | Fri Jul 24 23:03:25 IST 2020 : Setting UI for files in bucket...
DEBUG | Fri Jul 24 23:03:25 IST 2020 : Setting UI for files in bucket...
DEBUG | Fri Jul 24 23:03:26 IST 2020 : Setting UI for files in bucket...
DEBUG | Fri Jul 24 23:03:26 IST 2020 : Setting UI for files in bucket...
DEBUG | Fri Jul 24 23:03:27 IST 2020 : Setting UI for files in bucket...
DEBUG | Fri Jul 24 23:03:27 IST 2020 : Setting UI for files in bucket...
DEBUG | Fri Jul 24 23:03:28 IST 2020 : Setting UI for files in bucket...
DEBUG | Fri Jul 24 23:03:28 IST 2020 : Setting UI for files in bucket...
DEBUG | Fri Jul 24 23:03:29 IST 2020 : Setting UI for files in bucket...
DEBUG | Fri Jul 24 23:03:29 IST 2020 : Setting UI for files in bucket...
DEBUG | Fri Jul 24 23:03:30 IST 2020 : Setting UI for files in bucket...
DEBUG | Fri Jul 24 23:03:30 IST 2020 : Setting UI for files in bucket...
DEBUG | Fri Jul 24 23:03:31 IST 2020 : Setting UI for files in bucket...
DEBUG | Fri Jul 24 23:03:31 IST 2020 : Setting UI for files in bucket...
DEBUG | Fri Jul 24 23:03:32 IST 2020 : Setting UI for files in bucket...
DEBUG | Fri Jul 24 23:03:32 IST 2020 : Setting UI for files in bucket...
DEBUG | Fri Jul 24 23:03:33 IST 2020 : Setting UI for files in bucket...
DEBUG | Fri Jul 24 23:03:33 IST 2020 : Setting UI for files in bucket...
DEBUG | Fri Jul 24 23:03:34 IST 2020 : Setting UI for files in bucket...
DEBUG | Fri Jul 24 23:03:34 IST 2020 : Setting UI for files in bucket...
DEBUG | Fri Jul 24 23:03:35 IST 2020 : Setting UI for files in bucket...
DEBUG | Fri Jul 24 23:03:35 IST 2020 : Setting UI for files in bucket...
DEBUG | Fri Jul 24 23:03:36 IST 2020 : Setting UI for files in bucket...
DEBUG | Fri Jul 24 23:03:36 IST 2020 : Setting UI for files in bucket...
DEBUG | Fri Jul 24 23:03:37 IST 2020 : Setting UI for files in bucket...
DEBUG | Fri Jul 24 23:03:37 IST 2020 : Setting UI for files in bucket...
DEBUG | Fri Jul 24 23:03:38 IST 2020 : Setting UI for files in bucket...
DEBUG | Fri Jul 24 23:03:38 IST 2020 : Setting UI for files in bucket...
DEBUG | Fri Jul 24 23:03:39 IST 2020 : Setting UI for files in bucket...
DEBUG | Fri Jul 24 23:03:40 IST 2020 : Setting UI for files in bucket...
DEBUG | Fri Jul 24 23:03:40 IST 2020 : Setting UI for files in bucket...
DEBUG | Fri Jul 24 23:03:41 IST 2020 : Setting UI for files in bucket...
DEBUG | Fri Jul 24 23:03:41 IST 2020 : Setting UI for files in bucket...
DEBUG | Fri Jul 24 23:03:42 IST 2020 : Setting UI for files in bucket...
DEBUG | Fri Jul 24 23:03:42 IST 2020 : Setting UI for files in bucket...
DEBUG | Fri Jul 24 23:03:43 IST 2020 : Setting UI for files in bucket...
DEBUG | Fri Jul 24 23:03:43 IST 2020 : Setting UI for files in bucket...
DEBUG | Fri Jul 24 23:03:44 IST 2020 : Setting UI for files in bucket...
DEBUG | Fri Jul 24 23:03:44 IST 2020 : Setting UI for files in bucket...
DEBUG | Fri Jul 24 23:03:45 IST 2020 : Setting UI for files in bucket...
DEBUG | Fri Jul 24 23:03:45 IST 2020 : Setting UI for files in bucket...
DEBUG | Fri Jul 24 23:03:46 IST 2020 : Setting UI for files in bucket...
DEBUG | Fri Jul 24 23:03:46 IST 2020 : Setting UI for files in bucket...
DEBUG | Fri Jul 24 23:03:47 IST 2020 : Setting UI for files in bucket...
DEBUG | Fri Jul 24 23:03:47 IST 2020 : Setting UI for files in bucket...
DEBUG | Fri Jul 24 23:03:48 IST 2020 : Setting UI for files in bucket...
DEBUG | Fri Jul 24 23:03:48 IST 2020 : Setting UI for files in bucket...
DEBUG | Fri Jul 24 23:03:49 IST 2020 : Setting UI for files in bucket...
DEBUG | Fri Jul 24 23:03:49 IST 2020 : Setting UI for files in bucket...
DEBUG | Fri Jul 24 23:03:50 IST 2020 : Setting UI for files in bucket...
DEBUG | Fri Jul 24 23:03:50 IST 2020 : Setting UI for files in bucket...
DEBUG | Fri Jul 24 23:03:51 IST 2020 : Setting UI for files in bucket...
DEBUG | Fri Jul 24 23:03:51 IST 2020 : Setting UI for files in bucket...
DEBUG | Fri Jul 24 23:03:52 IST 2020 : Setting UI for files in bucket...
DEBUG | Fri Jul 24 23:03:52 IST 2020 : Setting UI for files in bucket...
DEBUG | Fri Jul 24 23:03:53 IST 2020 : Setting UI for files in bucket...
DEBUG | Fri Jul 24 23:03:53 IST 2020 : Setting UI for files in bucket...
DEBUG | Fri Jul 24 23:03:54 IST 2020 : Setting UI for files in bucket...
DEBUG | Fri Jul 24 23:03:54 IST 2020 : Setting UI for files in bucket...
DEBUG | Fri Jul 24 23:03:55 IST 2020 : Setting UI for files in bucket...
DEBUG | Fri Jul 24 23:03:55 IST 2020 : Setting UI for files in bucket...
DEBUG | Fri Jul 24 23:03:56 IST 2020 : Setting UI for files in bucket...
DEBUG | Fri Jul 24 23:03:56 IST 2020 : Setting UI for files in bucket...
DEBUG | Fri Jul 24 23:03:57 IST 2020 : Setting UI for files in bucket...
DEBUG | Fri Jul 24 23:03:58 IST 2020 : Setting UI for files in bucket...
DEBUG | Fri Jul 24 23:03:58 IST 2020 : Setting UI for files in bucket...
DEBUG | Fri Jul 24 23:03:59 IST 2020 : Setting UI for files in bucket...
DEBUG | Fri Jul 24 23:03:59 IST 2020 : Setting UI for files in bucket...
DEBUG | Fri Jul 24 23:04:00 IST 2020 : Setting UI for files in bucket...
DEBUG | Fri Jul 24 23:04:00 IST 2020 : Setting UI for files in bucket...
DEBUG | Fri Jul 24 23:04:01 IST 2020 : Setting UI for files in bucket...
DEBUG | Fri Jul 24 23:04:01 IST 2020 : Setting UI for files in bucket...
DEBUG | Fri Jul 24 23:04:02 IST 2020 : Setting UI for files in bucket...
DEBUG | Fri Jul 24 23:04:02 IST 2020 : Setting UI for files in bucket...
DEBUG | Fri Jul 24 23:04:03 IST 2020 : Setting UI for files in bucket...
DEBUG | Fri Jul 24 23:04:03 IST 2020 : Setting UI for files in bucket...
DEBUG | Fri Jul 24 23:04:04 IST 2020 : Setting UI for files in bucket...
DEBUG | Fri Jul 24 23:04:04 IST 2020 : Setting UI for files in bucket...
DEBUG | Fri Jul 24 23:04:05 IST 2020 : Setting UI for files in bucket...
DEBUG | Fri Jul 24 23:04:05 IST 2020 : Setting UI for files in bucket...
DEBUG | Fri Jul 24 23:04:06 IST 2020 : Setting UI for files in bucket...
DEBUG | Fri Jul 24 23:04:06 IST 2020 : Setting UI for files in bucket...
DEBUG | Fri Jul 24 23:04:07 IST 2020 : Setting UI for files in bucket...
DEBUG | Fri Jul 24 23:04:07 IST 2020 : Setting UI for files in bucket...
DEBUG | Fri Jul 24 23:04:08 IST 2020 : Setting UI for files in bucket...
DEBUG | Fri Jul 24 23:04:08 IST 2020 : Setting UI for files in bucket...
DEBUG | Fri Jul 24 23:04:09 IST 2020 : Setting UI for files in bucket...
DEBUG | Fri Jul 24 23:04:09 IST 2020 : Setting UI for files in bucket...
DEBUG | Fri Jul 24 23:04:10 IST 2020 : Setting UI for files in bucket...
DEBUG | Fri Jul 24 23:04:10 IST 2020 : Setting UI for files in bucket...
DEBUG | Fri Jul 24 23:04:11 IST 2020 : Setting UI for files in bucket...
DEBUG | Fri Jul 24 23:04:11 IST 2020 : Setting UI for files in bucket...
DEBUG | Fri Jul 24 23:04:12 IST 2020 : Setting UI for files in bucket...
DEBUG | Fri Jul 24 23:04:12 IST 2020 : Setting UI for files in bucket...
DEBUG | Fri Jul 24 23:04:13 IST 2020 : Setting UI for files in bucket...
DEBUG | Fri Jul 24 23:04:13 IST 2020 : Setting UI for files in bucket...
DEBUG | Fri Jul 24 23:04:14 IST 2020 : Setting UI for files in bucket...
DEBUG | Fri Jul 24 23:04:15 IST 2020 : Setting UI for files in bucket...
DEBUG | Fri Jul 24 23:04:15 IST 2020 : Setting UI for files in bucket...
DEBUG | Fri Jul 24 23:04:16 IST 2020 : Setting UI for files in bucket...
DEBUG | Fri Jul 24 23:04:16 IST 2020 : Setting UI for files in bucket...
DEBUG | Fri Jul 24 23:04:17 IST 2020 : Setting UI for files in bucket...
DEBUG | Fri Jul 24 23:04:17 IST 2020 : Setting UI for files in bucket...
DEBUG | Fri Jul 24 23:04:18 IST 2020 : Setting UI for files in bucket...
DEBUG | Fri Jul 24 23:04:18 IST 2020 : Setting UI for files in bucket...
DEBUG | Fri Jul 24 23:04:19 IST 2020 : Setting UI for files in bucket...
DEBUG | Fri Jul 24 23:04:19 IST 2020 : Setting UI for files in bucket...
DEBUG | Fri Jul 24 23:04:20 IST 2020 : Setting UI for files in bucket...
DEBUG | Fri Jul 24 23:04:20 IST 2020 : Setting UI for files in bucket...
DEBUG | Fri Jul 24 23:04:21 IST 2020 : Setting UI for files in bucket...
DEBUG | Fri Jul 24 23:04:21 IST 2020 : Setting UI for files in bucket...
DEBUG | Fri Jul 24 23:04:22 IST 2020 : Setting UI for files in bucket...
DEBUG | Fri Jul 24 23:04:22 IST 2020 : Setting UI for files in bucket...
DEBUG | Fri Jul 24 23:04:23 IST 2020 : Setting UI for files in bucket...
DEBUG | Fri Jul 24 23:04:23 IST 2020 : Setting UI for files in bucket...
DEBUG | Fri Jul 24 23:04:24 IST 2020 : Setting UI for files in bucket...
DEBUG | Fri Jul 24 23:04:24 IST 2020 : Setting UI for files in bucket...
DEBUG | Fri Jul 24 23:04:25 IST 2020 : Setting UI for files in bucket...
DEBUG | Fri Jul 24 23:04:25 IST 2020 : Setting UI for files in bucket...
DEBUG | Fri Jul 24 23:04:26 IST 2020 : Setting UI for files in bucket...
DEBUG | Fri Jul 24 23:04:26 IST 2020 : Setting UI for files in bucket...
DEBUG | Fri Jul 24 23:04:27 IST 2020 : Setting UI for files in bucket...
DEBUG | Fri Jul 24 23:04:27 IST 2020 : Setting UI for files in bucket...
DEBUG | Fri Jul 24 23:04:28 IST 2020 : Setting UI for files in bucket...
DEBUG | Fri Jul 24 23:04:28 IST 2020 : Setting UI for files in bucket...
DEBUG | Fri Jul 24 23:04:29 IST 2020 : Setting UI for files in bucket...
DEBUG | Fri Jul 24 23:04:29 IST 2020 : Setting UI for files in bucket...
DEBUG | Fri Jul 24 23:04:30 IST 2020 : Setting UI for files in bucket...
DEBUG | Fri Jul 24 23:04:30 IST 2020 : Setting UI for files in bucket...
DEBUG | Fri Jul 24 23:04:31 IST 2020 : Setting UI for files in bucket...
DEBUG | Fri Jul 24 23:04:32 IST 2020 : Setting UI for files in bucket...
DEBUG | Fri Jul 24 23:04:32 IST 2020 : Setting UI for files in bucket...
DEBUG | Fri Jul 24 23:04:33 IST 2020 : Setting UI for files in bucket...
DEBUG | Fri Jul 24 23:04:33 IST 2020 : Setting UI for files in bucket...
DEBUG | Fri Jul 24 23:04:34 IST 2020 : Setting UI for files in bucket...
DEBUG | Fri Jul 24 23:04:34 IST 2020 : Setting UI for files in bucket...
DEBUG | Fri Jul 24 23:04:35 IST 2020 : Setting UI for files in bucket...
DEBUG | Fri Jul 24 23:04:35 IST 2020 : Setting UI for files in bucket...
DEBUG | Fri Jul 24 23:04:36 IST 2020 : Setting UI for files in bucket...
DEBUG | Fri Jul 24 23:04:36 IST 2020 : Setting UI for files in bucket...
DEBUG | Fri Jul 24 23:04:37 IST 2020 : Setting UI for files in bucket...
DEBUG | Fri Jul 24 23:04:37 IST 2020 : Setting UI for files in bucket...
DEBUG | Fri Jul 24 23:04:38 IST 2020 : Setting UI for files in bucket...
