Session Id: 20206-213440
DEBUG | Fri Jul 24 21:34:40 IST 2020 : Services initiated
DEBUG | Fri Jul 24 21:34:47 IST 2020 : Setting UI for files in bucket...
INFO  | Fri Jul 24 21:34:54 IST 2020 : Files with same names (but not same hash) found. Will show overwrite strategy dialog.
DEBUG | Fri Jul 24 21:34:55 IST 2020 : Setting UI for files in bucket...
DEBUG | Fri Jul 24 21:34:55 IST 2020 : Setting UI for files in bucket...
DEBUG | Fri Jul 24 21:34:56 IST 2020 : Setting UI for files in bucket...
DEBUG | Fri Jul 24 21:34:56 IST 2020 : Setting UI for files in bucket...
DEBUG | Fri Jul 24 21:34:57 IST 2020 : Setting UI for files in bucket...
DEBUG | Fri Jul 24 21:34:57 IST 2020 : Setting UI for files in bucket...
DEBUG | Fri Jul 24 21:34:58 IST 2020 : Setting UI for files in bucket...
DEBUG | Fri Jul 24 21:34:58 IST 2020 : Setting UI for files in bucket...
DEBUG | Fri Jul 24 21:34:59 IST 2020 : Setting UI for files in bucket...
DEBUG | Fri Jul 24 21:34:59 IST 2020 : Setting UI for files in bucket...
DEBUG | Fri Jul 24 21:35:00 IST 2020 : Setting UI for files in bucket...
DEBUG | Fri Jul 24 21:35:00 IST 2020 : Setting UI for files in bucket...
DEBUG | Fri Jul 24 21:35:01 IST 2020 : Setting UI for files in bucket...
DEBUG | Fri Jul 24 21:35:01 IST 2020 : Setting UI for files in bucket...
DEBUG | Fri Jul 24 21:35:02 IST 2020 : Setting UI for files in bucket...
DEBUG | Fri Jul 24 21:35:02 IST 2020 : Setting UI for files in bucket...
DEBUG | Fri Jul 24 21:35:03 IST 2020 : Setting UI for files in bucket...
DEBUG | Fri Jul 24 21:35:03 IST 2020 : Setting UI for files in bucket...
DEBUG | Fri Jul 24 21:35:04 IST 2020 : Setting UI for files in bucket...
DEBUG | Fri Jul 24 21:35:04 IST 2020 : Setting UI for files in bucket...
DEBUG | Fri Jul 24 21:35:05 IST 2020 : Setting UI for files in bucket...
DEBUG | Fri Jul 24 21:35:05 IST 2020 : Setting UI for files in bucket...
DEBUG | Fri Jul 24 21:35:06 IST 2020 : Setting UI for files in bucket...
DEBUG | Fri Jul 24 21:35:06 IST 2020 : Setting UI for files in bucket...
DEBUG | Fri Jul 24 21:35:07 IST 2020 : Setting UI for files in bucket...
DEBUG | Fri Jul 24 21:35:08 IST 2020 : Setting UI for files in bucket...
DEBUG | Fri Jul 24 21:35:08 IST 2020 : Setting UI for files in bucket...
DEBUG | Fri Jul 24 21:35:09 IST 2020 : Setting UI for files in bucket...
DEBUG | Fri Jul 24 21:35:09 IST 2020 : Setting UI for files in bucket...
DEBUG | Fri Jul 24 21:35:10 IST 2020 : Setting UI for files in bucket...
DEBUG | Fri Jul 24 21:35:10 IST 2020 : Setting UI for files in bucket...
DEBUG | Fri Jul 24 21:35:11 IST 2020 : Setting UI for files in bucket...
DEBUG | Fri Jul 24 21:35:11 IST 2020 : Setting UI for files in bucket...
DEBUG | Fri Jul 24 21:35:12 IST 2020 : Setting UI for files in bucket...
DEBUG | Fri Jul 24 21:35:12 IST 2020 : Setting UI for files in bucket...
DEBUG | Fri Jul 24 21:35:13 IST 2020 : Setting UI for files in bucket...
DEBUG | Fri Jul 24 21:35:13 IST 2020 : Setting UI for files in bucket...
DEBUG | Fri Jul 24 21:35:14 IST 2020 : Setting UI for files in bucket...
DEBUG | Fri Jul 24 21:35:14 IST 2020 : Setting UI for files in bucket...
DEBUG | Fri Jul 24 21:35:15 IST 2020 : Setting UI for files in bucket...
DEBUG | Fri Jul 24 21:35:15 IST 2020 : Setting UI for files in bucket...
DEBUG | Fri Jul 24 21:35:16 IST 2020 : Setting UI for files in bucket...
DEBUG | Fri Jul 24 21:35:16 IST 2020 : Setting UI for files in bucket...
DEBUG | Fri Jul 24 21:35:17 IST 2020 : Setting UI for files in bucket...
DEBUG | Fri Jul 24 21:35:17 IST 2020 : Setting UI for files in bucket...
DEBUG | Fri Jul 24 21:35:18 IST 2020 : Setting UI for files in bucket...
DEBUG | Fri Jul 24 21:35:18 IST 2020 : Setting UI for files in bucket...
DEBUG | Fri Jul 24 21:35:19 IST 2020 : Setting UI for files in bucket...
DEBUG | Fri Jul 24 21:35:19 IST 2020 : Setting UI for files in bucket...
DEBUG | Fri Jul 24 21:35:20 IST 2020 : Setting UI for files in bucket...
DEBUG | Fri Jul 24 21:35:20 IST 2020 : Setting UI for files in bucket...
DEBUG | Fri Jul 24 21:35:21 IST 2020 : Setting UI for files in bucket...
DEBUG | Fri Jul 24 21:35:21 IST 2020 : Setting UI for files in bucket...
DEBUG | Fri Jul 24 21:35:22 IST 2020 : Setting UI for files in bucket...
DEBUG | Fri Jul 24 21:35:22 IST 2020 : Setting UI for files in bucket...
DEBUG | Fri Jul 24 21:35:23 IST 2020 : Setting UI for files in bucket...
DEBUG | Fri Jul 24 21:35:23 IST 2020 : Setting UI for files in bucket...
DEBUG | Fri Jul 24 21:35:24 IST 2020 : Setting UI for files in bucket...
DEBUG | Fri Jul 24 21:35:24 IST 2020 : Setting UI for files in bucket...
DEBUG | Fri Jul 24 21:35:25 IST 2020 : Setting UI for files in bucket...
DEBUG | Fri Jul 24 21:35:26 IST 2020 : Setting UI for files in bucket...
DEBUG | Fri Jul 24 21:35:26 IST 2020 : Setting UI for files in bucket...
DEBUG | Fri Jul 24 21:35:27 IST 2020 : Setting UI for files in bucket...
DEBUG | Fri Jul 24 21:35:27 IST 2020 : Setting UI for files in bucket...
DEBUG | Fri Jul 24 21:35:28 IST 2020 : Setting UI for files in bucket...
DEBUG | Fri Jul 24 21:35:28 IST 2020 : Setting UI for files in bucket...
DEBUG | Fri Jul 24 21:35:29 IST 2020 : Setting UI for files in bucket...
DEBUG | Fri Jul 24 21:35:29 IST 2020 : Setting UI for files in bucket...
DEBUG | Fri Jul 24 21:35:30 IST 2020 : Setting UI for files in bucket...
DEBUG | Fri Jul 24 21:35:30 IST 2020 : Setting UI for files in bucket...
DEBUG | Fri Jul 24 21:35:31 IST 2020 : Setting UI for files in bucket...
DEBUG | Fri Jul 24 21:35:31 IST 2020 : Setting UI for files in bucket...
DEBUG | Fri Jul 24 21:35:32 IST 2020 : Setting UI for files in bucket...
DEBUG | Fri Jul 24 21:35:32 IST 2020 : Setting UI for files in bucket...
DEBUG | Fri Jul 24 21:35:33 IST 2020 : Setting UI for files in bucket...
DEBUG | Fri Jul 24 21:35:33 IST 2020 : Setting UI for files in bucket...
DEBUG | Fri Jul 24 21:35:34 IST 2020 : Setting UI for files in bucket...
DEBUG | Fri Jul 24 21:35:34 IST 2020 : Setting UI for files in bucket...
DEBUG | Fri Jul 24 21:35:35 IST 2020 : Setting UI for files in bucket...
DEBUG | Fri Jul 24 21:35:35 IST 2020 : Setting UI for files in bucket...
DEBUG | Fri Jul 24 21:35:36 IST 2020 : Setting UI for files in bucket...
DEBUG | Fri Jul 24 21:35:36 IST 2020 : Setting UI for files in bucket...
DEBUG | Fri Jul 24 21:35:37 IST 2020 : Setting UI for files in bucket...
DEBUG | Fri Jul 24 21:35:37 IST 2020 : Setting UI for files in bucket...
DEBUG | Fri Jul 24 21:35:38 IST 2020 : Setting UI for files in bucket...
DEBUG | Fri Jul 24 21:35:38 IST 2020 : Setting UI for files in bucket...
DEBUG | Fri Jul 24 21:35:39 IST 2020 : Setting UI for files in bucket...
DEBUG | Fri Jul 24 21:35:39 IST 2020 : Setting UI for files in bucket...
DEBUG | Fri Jul 24 21:35:40 IST 2020 : Setting UI for files in bucket...
DEBUG | Fri Jul 24 21:35:40 IST 2020 : Setting UI for files in bucket...
DEBUG | Fri Jul 24 21:35:41 IST 2020 : Setting UI for files in bucket...
DEBUG | Fri Jul 24 21:35:41 IST 2020 : Setting UI for files in bucket...
DEBUG | Fri Jul 24 21:35:42 IST 2020 : Setting UI for files in bucket...
DEBUG | Fri Jul 24 21:35:43 IST 2020 : Setting UI for files in bucket...
DEBUG | Fri Jul 24 21:35:43 IST 2020 : Setting UI for files in bucket...
DEBUG | Fri Jul 24 21:35:44 IST 2020 : Setting UI for files in bucket...
DEBUG | Fri Jul 24 21:35:44 IST 2020 : Setting UI for files in bucket...
DEBUG | Fri Jul 24 21:35:45 IST 2020 : Setting UI for files in bucket...
DEBUG | Fri Jul 24 21:35:45 IST 2020 : Setting UI for files in bucket...
DEBUG | Fri Jul 24 21:35:46 IST 2020 : Setting UI for files in bucket...
DEBUG | Fri Jul 24 21:35:46 IST 2020 : Setting UI for files in bucket...
DEBUG | Fri Jul 24 21:35:47 IST 2020 : Setting UI for files in bucket...
DEBUG | Fri Jul 24 21:35:47 IST 2020 : Setting UI for files in bucket...
DEBUG | Fri Jul 24 21:35:48 IST 2020 : Setting UI for files in bucket...
DEBUG | Fri Jul 24 21:35:48 IST 2020 : Setting UI for files in bucket...
DEBUG | Fri Jul 24 21:35:49 IST 2020 : Setting UI for files in bucket...
DEBUG | Fri Jul 24 21:35:49 IST 2020 : Setting UI for files in bucket...
DEBUG | Fri Jul 24 21:35:50 IST 2020 : Setting UI for files in bucket...
DEBUG | Fri Jul 24 21:35:50 IST 2020 : Setting UI for files in bucket...
DEBUG | Fri Jul 24 21:35:51 IST 2020 : Setting UI for files in bucket...
DEBUG | Fri Jul 24 21:35:51 IST 2020 : Setting UI for files in bucket...
DEBUG | Fri Jul 24 21:35:52 IST 2020 : Setting UI for files in bucket...
DEBUG | Fri Jul 24 21:35:52 IST 2020 : Setting UI for files in bucket...
DEBUG | Fri Jul 24 21:35:53 IST 2020 : Setting UI for files in bucket...
DEBUG | Fri Jul 24 21:35:53 IST 2020 : Setting UI for files in bucket...
DEBUG | Fri Jul 24 21:35:54 IST 2020 : Setting UI for files in bucket...
DEBUG | Fri Jul 24 21:35:54 IST 2020 : Setting UI for files in bucket...
DEBUG | Fri Jul 24 21:35:55 IST 2020 : Setting UI for files in bucket...
DEBUG | Fri Jul 24 21:35:55 IST 2020 : Setting UI for files in bucket...
DEBUG | Fri Jul 24 21:35:56 IST 2020 : Setting UI for files in bucket...
DEBUG | Fri Jul 24 21:35:56 IST 2020 : Setting UI for files in bucket...
DEBUG | Fri Jul 24 21:35:57 IST 2020 : Setting UI for files in bucket...
DEBUG | Fri Jul 24 21:35:57 IST 2020 : Setting UI for files in bucket...
DEBUG | Fri Jul 24 21:35:58 IST 2020 : Setting UI for files in bucket...
DEBUG | Fri Jul 24 21:35:58 IST 2020 : Setting UI for files in bucket...
DEBUG | Fri Jul 24 21:35:59 IST 2020 : Setting UI for files in bucket...
DEBUG | Fri Jul 24 21:36:00 IST 2020 : Setting UI for files in bucket...
DEBUG | Fri Jul 24 21:36:00 IST 2020 : Setting UI for files in bucket...
DEBUG | Fri Jul 24 21:36:01 IST 2020 : Setting UI for files in bucket...
DEBUG | Fri Jul 24 21:36:01 IST 2020 : Setting UI for files in bucket...
DEBUG | Fri Jul 24 21:36:02 IST 2020 : Setting UI for files in bucket...
DEBUG | Fri Jul 24 21:36:02 IST 2020 : Setting UI for files in bucket...
DEBUG | Fri Jul 24 21:36:03 IST 2020 : Setting UI for files in bucket...
DEBUG | Fri Jul 24 21:36:03 IST 2020 : Setting UI for files in bucket...
DEBUG | Fri Jul 24 21:36:04 IST 2020 : Setting UI for files in bucket...
DEBUG | Fri Jul 24 21:36:04 IST 2020 : Setting UI for files in bucket...
DEBUG | Fri Jul 24 21:36:05 IST 2020 : Setting UI for files in bucket...
DEBUG | Fri Jul 24 21:36:05 IST 2020 : Setting UI for files in bucket...
DEBUG | Fri Jul 24 21:36:06 IST 2020 : Setting UI for files in bucket...
DEBUG | Fri Jul 24 21:36:06 IST 2020 : Setting UI for files in bucket...
DEBUG | Fri Jul 24 21:36:07 IST 2020 : Setting UI for files in bucket...
DEBUG | Fri Jul 24 21:36:07 IST 2020 : Setting UI for files in bucket...
DEBUG | Fri Jul 24 21:36:08 IST 2020 : Setting UI for files in bucket...
DEBUG | Fri Jul 24 21:36:08 IST 2020 : Setting UI for files in bucket...
DEBUG | Fri Jul 24 21:36:09 IST 2020 : Setting UI for files in bucket...
DEBUG | Fri Jul 24 21:36:09 IST 2020 : Setting UI for files in bucket...
DEBUG | Fri Jul 24 21:36:10 IST 2020 : Setting UI for files in bucket...
DEBUG | Fri Jul 24 21:36:10 IST 2020 : Setting UI for files in bucket...
DEBUG | Fri Jul 24 21:36:11 IST 2020 : Setting UI for files in bucket...
DEBUG | Fri Jul 24 21:36:11 IST 2020 : Setting UI for files in bucket...
DEBUG | Fri Jul 24 21:36:12 IST 2020 : Setting UI for files in bucket...
DEBUG | Fri Jul 24 21:36:12 IST 2020 : Setting UI for files in bucket...
DEBUG | Fri Jul 24 21:36:13 IST 2020 : Setting UI for files in bucket...
DEBUG | Fri Jul 24 21:36:13 IST 2020 : Setting UI for files in bucket...
DEBUG | Fri Jul 24 21:36:14 IST 2020 : Setting UI for files in bucket...
DEBUG | Fri Jul 24 21:36:14 IST 2020 : Setting UI for files in bucket...
DEBUG | Fri Jul 24 21:36:15 IST 2020 : Setting UI for files in bucket...
DEBUG | Fri Jul 24 21:36:15 IST 2020 : Setting UI for files in bucket...
DEBUG | Fri Jul 24 21:36:16 IST 2020 : Setting UI for files in bucket...
DEBUG | Fri Jul 24 21:36:16 IST 2020 : Setting UI for files in bucket...
DEBUG | Fri Jul 24 21:36:17 IST 2020 : Setting UI for files in bucket...
DEBUG | Fri Jul 24 21:36:18 IST 2020 : Setting UI for files in bucket...
DEBUG | Fri Jul 24 21:36:18 IST 2020 : Setting UI for files in bucket...
DEBUG | Fri Jul 24 21:36:19 IST 2020 : Setting UI for files in bucket...
DEBUG | Fri Jul 24 21:36:19 IST 2020 : Setting UI for files in bucket...
DEBUG | Fri Jul 24 21:36:20 IST 2020 : Setting UI for files in bucket...
DEBUG | Fri Jul 24 21:36:20 IST 2020 : Setting UI for files in bucket...
DEBUG | Fri Jul 24 21:36:21 IST 2020 : Setting UI for files in bucket...
DEBUG | Fri Jul 24 21:36:21 IST 2020 : Setting UI for files in bucket...
DEBUG | Fri Jul 24 21:36:22 IST 2020 : Setting UI for files in bucket...
DEBUG | Fri Jul 24 21:36:22 IST 2020 : Setting UI for files in bucket...
DEBUG | Fri Jul 24 21:36:23 IST 2020 : Setting UI for files in bucket...
DEBUG | Fri Jul 24 21:36:23 IST 2020 : Setting UI for files in bucket...
DEBUG | Fri Jul 24 21:36:24 IST 2020 : Setting UI for files in bucket...
DEBUG | Fri Jul 24 21:36:24 IST 2020 : Setting UI for files in bucket...
DEBUG | Fri Jul 24 21:36:25 IST 2020 : Setting UI for files in bucket...
DEBUG | Fri Jul 24 21:36:25 IST 2020 : Setting UI for files in bucket...
DEBUG | Fri Jul 24 21:36:26 IST 2020 : Setting UI for files in bucket...
DEBUG | Fri Jul 24 21:36:26 IST 2020 : Setting UI for files in bucket...
DEBUG | Fri Jul 24 21:36:27 IST 2020 : Setting UI for files in bucket...
DEBUG | Fri Jul 24 21:36:27 IST 2020 : Setting UI for files in bucket...
DEBUG | Fri Jul 24 21:36:28 IST 2020 : Setting UI for files in bucket...
DEBUG | Fri Jul 24 21:36:28 IST 2020 : Setting UI for files in bucket...
DEBUG | Fri Jul 24 21:36:29 IST 2020 : Setting UI for files in bucket...
DEBUG | Fri Jul 24 21:36:29 IST 2020 : Setting UI for files in bucket...
DEBUG | Fri Jul 24 21:36:30 IST 2020 : Setting UI for files in bucket...
DEBUG | Fri Jul 24 21:36:30 IST 2020 : Setting UI for files in bucket...
DEBUG | Fri Jul 24 21:36:31 IST 2020 : Setting UI for files in bucket...
DEBUG | Fri Jul 24 21:36:31 IST 2020 : Setting UI for files in bucket...
DEBUG | Fri Jul 24 21:36:32 IST 2020 : Setting UI for files in bucket...
DEBUG | Fri Jul 24 21:36:32 IST 2020 : Setting UI for files in bucket...
DEBUG | Fri Jul 24 21:36:33 IST 2020 : Setting UI for files in bucket...
DEBUG | Fri Jul 24 21:36:33 IST 2020 : Setting UI for files in bucket...
DEBUG | Fri Jul 24 21:36:34 IST 2020 : Setting UI for files in bucket...
DEBUG | Fri Jul 24 21:36:35 IST 2020 : Setting UI for files in bucket...
DEBUG | Fri Jul 24 21:36:35 IST 2020 : Setting UI for files in bucket...
DEBUG | Fri Jul 24 21:36:36 IST 2020 : Setting UI for files in bucket...
DEBUG | Fri Jul 24 21:36:36 IST 2020 : Setting UI for files in bucket...
DEBUG | Fri Jul 24 21:36:37 IST 2020 : Setting UI for files in bucket...
DEBUG | Fri Jul 24 21:36:37 IST 2020 : Setting UI for files in bucket...
DEBUG | Fri Jul 24 21:36:38 IST 2020 : Setting UI for files in bucket...
DEBUG | Fri Jul 24 21:36:38 IST 2020 : Setting UI for files in bucket...
DEBUG | Fri Jul 24 21:36:39 IST 2020 : Setting UI for files in bucket...
DEBUG | Fri Jul 24 21:36:39 IST 2020 : Setting UI for files in bucket...
DEBUG | Fri Jul 24 21:36:40 IST 2020 : Setting UI for files in bucket...
DEBUG | Fri Jul 24 21:36:40 IST 2020 : Setting UI for files in bucket...
DEBUG | Fri Jul 24 21:36:41 IST 2020 : Setting UI for files in bucket...
DEBUG | Fri Jul 24 21:36:41 IST 2020 : Setting UI for files in bucket...
DEBUG | Fri Jul 24 21:36:42 IST 2020 : Setting UI for files in bucket...
DEBUG | Fri Jul 24 21:36:42 IST 2020 : Setting UI for files in bucket...
DEBUG | Fri Jul 24 21:36:43 IST 2020 : Setting UI for files in bucket...
DEBUG | Fri Jul 24 21:36:43 IST 2020 : Setting UI for files in bucket...
DEBUG | Fri Jul 24 21:36:44 IST 2020 : Setting UI for files in bucket...
DEBUG | Fri Jul 24 21:36:44 IST 2020 : Setting UI for files in bucket...
DEBUG | Fri Jul 24 21:36:45 IST 2020 : Setting UI for files in bucket...
DEBUG | Fri Jul 24 21:36:45 IST 2020 : Setting UI for files in bucket...
DEBUG | Fri Jul 24 21:36:46 IST 2020 : Setting UI for files in bucket...
DEBUG | Fri Jul 24 21:36:46 IST 2020 : Setting UI for files in bucket...
DEBUG | Fri Jul 24 21:36:47 IST 2020 : Setting UI for files in bucket...
DEBUG | Fri Jul 24 21:36:47 IST 2020 : Setting UI for files in bucket...
DEBUG | Fri Jul 24 21:36:48 IST 2020 : Setting UI for files in bucket...
DEBUG | Fri Jul 24 21:36:48 IST 2020 : Setting UI for files in bucket...
DEBUG | Fri Jul 24 21:36:49 IST 2020 : Setting UI for files in bucket...
DEBUG | Fri Jul 24 21:36:49 IST 2020 : Setting UI for files in bucket...
DEBUG | Fri Jul 24 21:36:50 IST 2020 : Setting UI for files in bucket...
DEBUG | Fri Jul 24 21:36:50 IST 2020 : Setting UI for files in bucket...
DEBUG | Fri Jul 24 21:36:51 IST 2020 : Setting UI for files in bucket...
DEBUG | Fri Jul 24 21:36:52 IST 2020 : Setting UI for files in bucket...
DEBUG | Fri Jul 24 21:36:52 IST 2020 : Setting UI for files in bucket...
DEBUG | Fri Jul 24 21:36:53 IST 2020 : Setting UI for files in bucket...
DEBUG | Fri Jul 24 21:36:53 IST 2020 : Setting UI for files in bucket...
DEBUG | Fri Jul 24 21:36:54 IST 2020 : Setting UI for files in bucket...
DEBUG | Fri Jul 24 21:36:54 IST 2020 : Setting UI for files in bucket...
DEBUG | Fri Jul 24 21:36:55 IST 2020 : Setting UI for files in bucket...
DEBUG | Fri Jul 24 21:36:55 IST 2020 : Setting UI for files in bucket...
DEBUG | Fri Jul 24 21:36:56 IST 2020 : Setting UI for files in bucket...
DEBUG | Fri Jul 24 21:36:56 IST 2020 : Setting UI for files in bucket...
DEBUG | Fri Jul 24 21:36:57 IST 2020 : Setting UI for files in bucket...
DEBUG | Fri Jul 24 21:36:57 IST 2020 : Setting UI for files in bucket...
DEBUG | Fri Jul 24 21:36:58 IST 2020 : Setting UI for files in bucket...
DEBUG | Fri Jul 24 21:36:58 IST 2020 : Setting UI for files in bucket...
DEBUG | Fri Jul 24 21:36:59 IST 2020 : Setting UI for files in bucket...
DEBUG | Fri Jul 24 21:36:59 IST 2020 : Setting UI for files in bucket...
DEBUG | Fri Jul 24 21:37:00 IST 2020 : Setting UI for files in bucket...
DEBUG | Fri Jul 24 21:37:00 IST 2020 : Setting UI for files in bucket...
DEBUG | Fri Jul 24 21:37:01 IST 2020 : Setting UI for files in bucket...
DEBUG | Fri Jul 24 21:37:01 IST 2020 : Setting UI for files in bucket...
DEBUG | Fri Jul 24 21:37:02 IST 2020 : Setting UI for files in bucket...
DEBUG | Fri Jul 24 21:37:02 IST 2020 : Setting UI for files in bucket...
DEBUG | Fri Jul 24 21:37:03 IST 2020 : Setting UI for files in bucket...
DEBUG | Fri Jul 24 21:37:03 IST 2020 : Setting UI for files in bucket...
DEBUG | Fri Jul 24 21:37:04 IST 2020 : Setting UI for files in bucket...
DEBUG | Fri Jul 24 21:37:04 IST 2020 : Setting UI for files in bucket...
DEBUG | Fri Jul 24 21:37:05 IST 2020 : Setting UI for files in bucket...
DEBUG | Fri Jul 24 21:37:05 IST 2020 : Setting UI for files in bucket...
DEBUG | Fri Jul 24 21:37:06 IST 2020 : Setting UI for files in bucket...
DEBUG | Fri Jul 24 21:37:06 IST 2020 : Setting UI for files in bucket...
DEBUG | Fri Jul 24 21:37:07 IST 2020 : Setting UI for files in bucket...
DEBUG | Fri Jul 24 21:37:07 IST 2020 : Setting UI for files in bucket...
DEBUG | Fri Jul 24 21:37:08 IST 2020 : Setting UI for files in bucket...
DEBUG | Fri Jul 24 21:37:09 IST 2020 : Setting UI for files in bucket...
DEBUG | Fri Jul 24 21:37:09 IST 2020 : Setting UI for files in bucket...
DEBUG | Fri Jul 24 21:37:10 IST 2020 : Setting UI for files in bucket...
DEBUG | Fri Jul 24 21:37:10 IST 2020 : Setting UI for files in bucket...
DEBUG | Fri Jul 24 21:37:11 IST 2020 : Setting UI for files in bucket...
DEBUG | Fri Jul 24 21:37:11 IST 2020 : Setting UI for files in bucket...
DEBUG | Fri Jul 24 21:37:12 IST 2020 : Setting UI for files in bucket...
DEBUG | Fri Jul 24 21:37:12 IST 2020 : Setting UI for files in bucket...
DEBUG | Fri Jul 24 21:37:13 IST 2020 : Setting UI for files in bucket...
DEBUG | Fri Jul 24 21:37:13 IST 2020 : Setting UI for files in bucket...
DEBUG | Fri Jul 24 21:37:14 IST 2020 : Setting UI for files in bucket...
DEBUG | Fri Jul 24 21:37:14 IST 2020 : Setting UI for files in bucket...
DEBUG | Fri Jul 24 21:37:15 IST 2020 : Setting UI for files in bucket...
DEBUG | Fri Jul 24 21:37:15 IST 2020 : Setting UI for files in bucket...
DEBUG | Fri Jul 24 21:37:16 IST 2020 : Setting UI for files in bucket...
DEBUG | Fri Jul 24 21:37:16 IST 2020 : Setting UI for files in bucket...
DEBUG | Fri Jul 24 21:37:17 IST 2020 : Setting UI for files in bucket...
DEBUG | Fri Jul 24 21:37:17 IST 2020 : Setting UI for files in bucket...
DEBUG | Fri Jul 24 21:37:18 IST 2020 : Setting UI for files in bucket...
DEBUG | Fri Jul 24 21:37:18 IST 2020 : Setting UI for files in bucket...
DEBUG | Fri Jul 24 21:37:19 IST 2020 : Setting UI for files in bucket...
DEBUG | Fri Jul 24 21:37:19 IST 2020 : Setting UI for files in bucket...
DEBUG | Fri Jul 24 21:37:20 IST 2020 : Setting UI for files in bucket...
DEBUG | Fri Jul 24 21:37:20 IST 2020 : Setting UI for files in bucket...
DEBUG | Fri Jul 24 21:37:21 IST 2020 : Setting UI for files in bucket...
DEBUG | Fri Jul 24 21:37:21 IST 2020 : Setting UI for files in bucket...
DEBUG | Fri Jul 24 21:37:22 IST 2020 : Setting UI for files in bucket...
DEBUG | Fri Jul 24 21:37:22 IST 2020 : Setting UI for files in bucket...
DEBUG | Fri Jul 24 21:37:23 IST 2020 : Setting UI for files in bucket...
DEBUG | Fri Jul 24 21:37:23 IST 2020 : Setting UI for files in bucket...
DEBUG | Fri Jul 24 21:37:24 IST 2020 : Setting UI for files in bucket...
DEBUG | Fri Jul 24 21:37:24 IST 2020 : Setting UI for files in bucket...
DEBUG | Fri Jul 24 21:37:25 IST 2020 : Setting UI for files in bucket...
DEBUG | Fri Jul 24 21:37:25 IST 2020 : Setting UI for files in bucket...
DEBUG | Fri Jul 24 21:37:26 IST 2020 : Setting UI for files in bucket...
DEBUG | Fri Jul 24 21:37:27 IST 2020 : Setting UI for files in bucket...
DEBUG | Fri Jul 24 21:37:27 IST 2020 : Setting UI for files in bucket...
DEBUG | Fri Jul 24 21:37:28 IST 2020 : Setting UI for files in bucket...
DEBUG | Fri Jul 24 21:37:28 IST 2020 : Setting UI for files in bucket...
DEBUG | Fri Jul 24 21:37:29 IST 2020 : Setting UI for files in bucket...
DEBUG | Fri Jul 24 21:37:29 IST 2020 : Setting UI for files in bucket...
DEBUG | Fri Jul 24 21:37:30 IST 2020 : Setting UI for files in bucket...
DEBUG | Fri Jul 24 21:37:30 IST 2020 : Setting UI for files in bucket...
DEBUG | Fri Jul 24 21:37:31 IST 2020 : Setting UI for files in bucket...
DEBUG | Fri Jul 24 21:37:31 IST 2020 : Setting UI for files in bucket...
DEBUG | Fri Jul 24 21:37:32 IST 2020 : Setting UI for files in bucket...
DEBUG | Fri Jul 24 21:37:32 IST 2020 : Setting UI for files in bucket...
DEBUG | Fri Jul 24 21:37:33 IST 2020 : Setting UI for files in bucket...
DEBUG | Fri Jul 24 21:37:33 IST 2020 : Setting UI for files in bucket...
DEBUG | Fri Jul 24 21:37:34 IST 2020 : Setting UI for files in bucket...
DEBUG | Fri Jul 24 21:37:34 IST 2020 : Setting UI for files in bucket...
DEBUG | Fri Jul 24 21:37:35 IST 2020 : Setting UI for files in bucket...
DEBUG | Fri Jul 24 21:37:35 IST 2020 : Setting UI for files in bucket...
DEBUG | Fri Jul 24 21:37:36 IST 2020 : Setting UI for files in bucket...
DEBUG | Fri Jul 24 21:37:36 IST 2020 : Setting UI for files in bucket...
DEBUG | Fri Jul 24 21:37:37 IST 2020 : Setting UI for files in bucket...
DEBUG | Fri Jul 24 21:37:37 IST 2020 : Setting UI for files in bucket...
DEBUG | Fri Jul 24 21:37:38 IST 2020 : Setting UI for files in bucket...
DEBUG | Fri Jul 24 21:37:38 IST 2020 : Setting UI for files in bucket...
DEBUG | Fri Jul 24 21:37:39 IST 2020 : Setting UI for files in bucket...
DEBUG | Fri Jul 24 21:37:39 IST 2020 : Setting UI for files in bucket...
DEBUG | Fri Jul 24 21:37:40 IST 2020 : Setting UI for files in bucket...
DEBUG | Fri Jul 24 21:37:40 IST 2020 : Setting UI for files in bucket...
DEBUG | Fri Jul 24 21:37:41 IST 2020 : Setting UI for files in bucket...
DEBUG | Fri Jul 24 21:37:41 IST 2020 : Setting UI for files in bucket...
DEBUG | Fri Jul 24 21:37:42 IST 2020 : Setting UI for files in bucket...
DEBUG | Fri Jul 24 21:37:42 IST 2020 : Setting UI for files in bucket...
