Session Id: 20206-224632
DEBUG | Fri Jul 24 22:46:32 IST 2020 : Services initiated
DEBUG | Fri Jul 24 22:46:39 IST 2020 : Setting UI for files in bucket...
INFO  | Fri Jul 24 22:46:45 IST 2020 : Files with same names (but not same hash) found. Will show overwrite strategy dialog.
DEBUG | Fri Jul 24 22:46:45 IST 2020 : Setting UI for files in bucket...
DEBUG | Fri Jul 24 22:46:46 IST 2020 : Setting UI for files in bucket...
DEBUG | Fri Jul 24 22:46:46 IST 2020 : Setting UI for files in bucket...
DEBUG | Fri Jul 24 22:46:47 IST 2020 : Setting UI for files in bucket...
DEBUG | Fri Jul 24 22:46:47 IST 2020 : Setting UI for files in bucket...
DEBUG | Fri Jul 24 22:46:48 IST 2020 : Setting UI for files in bucket...
DEBUG | Fri Jul 24 22:46:48 IST 2020 : Setting UI for files in bucket...
DEBUG | Fri Jul 24 22:46:49 IST 2020 : Setting UI for files in bucket...
DEBUG | Fri Jul 24 22:46:49 IST 2020 : Setting UI for files in bucket...
DEBUG | Fri Jul 24 22:46:50 IST 2020 : Setting UI for files in bucket...
DEBUG | Fri Jul 24 22:46:50 IST 2020 : Setting UI for files in bucket...
DEBUG | Fri Jul 24 22:46:51 IST 2020 : Setting UI for files in bucket...
DEBUG | Fri Jul 24 22:46:51 IST 2020 : Setting UI for files in bucket...
DEBUG | Fri Jul 24 22:46:52 IST 2020 : Setting UI for files in bucket...
DEBUG | Fri Jul 24 22:46:52 IST 2020 : Setting UI for files in bucket...
DEBUG | Fri Jul 24 22:46:53 IST 2020 : Setting UI for files in bucket...
DEBUG | Fri Jul 24 22:46:53 IST 2020 : Setting UI for files in bucket...
DEBUG | Fri Jul 24 22:46:54 IST 2020 : Setting UI for files in bucket...
DEBUG | Fri Jul 24 22:46:54 IST 2020 : Setting UI for files in bucket...
DEBUG | Fri Jul 24 22:46:55 IST 2020 : Setting UI for files in bucket...
DEBUG | Fri Jul 24 22:46:55 IST 2020 : Setting UI for files in bucket...
DEBUG | Fri Jul 24 22:46:56 IST 2020 : Setting UI for files in bucket...
DEBUG | Fri Jul 24 22:46:56 IST 2020 : Setting UI for files in bucket...
DEBUG | Fri Jul 24 22:46:57 IST 2020 : Setting UI for files in bucket...
DEBUG | Fri Jul 24 22:46:57 IST 2020 : Setting UI for files in bucket...
DEBUG | Fri Jul 24 22:46:58 IST 2020 : Setting UI for files in bucket...
DEBUG | Fri Jul 24 22:46:58 IST 2020 : Setting UI for files in bucket...
DEBUG | Fri Jul 24 22:46:59 IST 2020 : Setting UI for files in bucket...
DEBUG | Fri Jul 24 22:46:59 IST 2020 : Setting UI for files in bucket...
DEBUG | Fri Jul 24 22:47:00 IST 2020 : Setting UI for files in bucket...
DEBUG | Fri Jul 24 22:47:00 IST 2020 : Setting UI for files in bucket...
DEBUG | Fri Jul 24 22:47:01 IST 2020 : Setting UI for files in bucket...
DEBUG | Fri Jul 24 22:47:01 IST 2020 : Setting UI for files in bucket...
DEBUG | Fri Jul 24 22:47:02 IST 2020 : Setting UI for files in bucket...
DEBUG | Fri Jul 24 22:47:03 IST 2020 : Setting UI for files in bucket...
DEBUG | Fri Jul 24 22:47:03 IST 2020 : Setting UI for files in bucket...
DEBUG | Fri Jul 24 22:47:04 IST 2020 : Setting UI for files in bucket...
DEBUG | Fri Jul 24 22:47:04 IST 2020 : Setting UI for files in bucket...
DEBUG | Fri Jul 24 22:47:05 IST 2020 : Setting UI for files in bucket...
DEBUG | Fri Jul 24 22:47:05 IST 2020 : Setting UI for files in bucket...
DEBUG | Fri Jul 24 22:47:06 IST 2020 : Setting UI for files in bucket...
DEBUG | Fri Jul 24 22:47:06 IST 2020 : Setting UI for files in bucket...
DEBUG | Fri Jul 24 22:47:07 IST 2020 : Setting UI for files in bucket...
DEBUG | Fri Jul 24 22:47:07 IST 2020 : Setting UI for files in bucket...
DEBUG | Fri Jul 24 22:47:08 IST 2020 : Setting UI for files in bucket...
DEBUG | Fri Jul 24 22:47:08 IST 2020 : Setting UI for files in bucket...
DEBUG | Fri Jul 24 22:47:09 IST 2020 : Setting UI for files in bucket...
DEBUG | Fri Jul 24 22:47:09 IST 2020 : Setting UI for files in bucket...
DEBUG | Fri Jul 24 22:47:10 IST 2020 : Setting UI for files in bucket...
DEBUG | Fri Jul 24 22:47:10 IST 2020 : Setting UI for files in bucket...
DEBUG | Fri Jul 24 22:47:11 IST 2020 : Setting UI for files in bucket...
DEBUG | Fri Jul 24 22:47:11 IST 2020 : Setting UI for files in bucket...
DEBUG | Fri Jul 24 22:47:12 IST 2020 : Setting UI for files in bucket...
DEBUG | Fri Jul 24 22:47:12 IST 2020 : Setting UI for files in bucket...
DEBUG | Fri Jul 24 22:47:13 IST 2020 : Setting UI for files in bucket...
DEBUG | Fri Jul 24 22:47:13 IST 2020 : Setting UI for files in bucket...
DEBUG | Fri Jul 24 22:47:14 IST 2020 : Setting UI for files in bucket...
DEBUG | Fri Jul 24 22:47:14 IST 2020 : Setting UI for files in bucket...
DEBUG | Fri Jul 24 22:47:15 IST 2020 : Setting UI for files in bucket...
DEBUG | Fri Jul 24 22:47:15 IST 2020 : Setting UI for files in bucket...
DEBUG | Fri Jul 24 22:47:16 IST 2020 : Setting UI for files in bucket...
DEBUG | Fri Jul 24 22:47:16 IST 2020 : Setting UI for files in bucket...
DEBUG | Fri Jul 24 22:47:17 IST 2020 : Setting UI for files in bucket...
DEBUG | Fri Jul 24 22:47:17 IST 2020 : Setting UI for files in bucket...
DEBUG | Fri Jul 24 22:47:18 IST 2020 : Setting UI for files in bucket...
DEBUG | Fri Jul 24 22:47:18 IST 2020 : Setting UI for files in bucket...
DEBUG | Fri Jul 24 22:47:19 IST 2020 : Setting UI for files in bucket...
DEBUG | Fri Jul 24 22:47:20 IST 2020 : Setting UI for files in bucket...
DEBUG | Fri Jul 24 22:47:20 IST 2020 : Setting UI for files in bucket...
DEBUG | Fri Jul 24 22:47:21 IST 2020 : Setting UI for files in bucket...
DEBUG | Fri Jul 24 22:47:21 IST 2020 : Setting UI for files in bucket...
DEBUG | Fri Jul 24 22:47:22 IST 2020 : Setting UI for files in bucket...
DEBUG | Fri Jul 24 22:47:22 IST 2020 : Setting UI for files in bucket...
DEBUG | Fri Jul 24 22:47:23 IST 2020 : Setting UI for files in bucket...
DEBUG | Fri Jul 24 22:47:23 IST 2020 : Setting UI for files in bucket...
DEBUG | Fri Jul 24 22:47:24 IST 2020 : Setting UI for files in bucket...
DEBUG | Fri Jul 24 22:47:24 IST 2020 : Setting UI for files in bucket...
DEBUG | Fri Jul 24 22:47:25 IST 2020 : Setting UI for files in bucket...
DEBUG | Fri Jul 24 22:47:25 IST 2020 : Setting UI for files in bucket...
DEBUG | Fri Jul 24 22:47:26 IST 2020 : Setting UI for files in bucket...
DEBUG | Fri Jul 24 22:47:26 IST 2020 : Setting UI for files in bucket...
DEBUG | Fri Jul 24 22:47:27 IST 2020 : Setting UI for files in bucket...
DEBUG | Fri Jul 24 22:47:27 IST 2020 : Setting UI for files in bucket...
DEBUG | Fri Jul 24 22:47:28 IST 2020 : Setting UI for files in bucket...
DEBUG | Fri Jul 24 22:47:28 IST 2020 : Setting UI for files in bucket...
DEBUG | Fri Jul 24 22:47:29 IST 2020 : Setting UI for files in bucket...
DEBUG | Fri Jul 24 22:47:29 IST 2020 : Setting UI for files in bucket...
DEBUG | Fri Jul 24 22:47:30 IST 2020 : Setting UI for files in bucket...
DEBUG | Fri Jul 24 22:47:30 IST 2020 : Setting UI for files in bucket...
DEBUG | Fri Jul 24 22:47:31 IST 2020 : Setting UI for files in bucket...
DEBUG | Fri Jul 24 22:47:31 IST 2020 : Setting UI for files in bucket...
DEBUG | Fri Jul 24 22:47:32 IST 2020 : Setting UI for files in bucket...
DEBUG | Fri Jul 24 22:47:32 IST 2020 : Setting UI for files in bucket...
DEBUG | Fri Jul 24 22:47:33 IST 2020 : Setting UI for files in bucket...
DEBUG | Fri Jul 24 22:47:33 IST 2020 : Setting UI for files in bucket...
DEBUG | Fri Jul 24 22:47:34 IST 2020 : Setting UI for files in bucket...
DEBUG | Fri Jul 24 22:47:34 IST 2020 : Setting UI for files in bucket...
DEBUG | Fri Jul 24 22:47:35 IST 2020 : Setting UI for files in bucket...
DEBUG | Fri Jul 24 22:47:35 IST 2020 : Setting UI for files in bucket...
DEBUG | Fri Jul 24 22:47:36 IST 2020 : Setting UI for files in bucket...
DEBUG | Fri Jul 24 22:47:37 IST 2020 : Setting UI for files in bucket...
DEBUG | Fri Jul 24 22:47:37 IST 2020 : Setting UI for files in bucket...
DEBUG | Fri Jul 24 22:47:38 IST 2020 : Setting UI for files in bucket...
DEBUG | Fri Jul 24 22:47:38 IST 2020 : Setting UI for files in bucket...
DEBUG | Fri Jul 24 22:47:39 IST 2020 : Setting UI for files in bucket...
DEBUG | Fri Jul 24 22:47:39 IST 2020 : Setting UI for files in bucket...
DEBUG | Fri Jul 24 22:47:40 IST 2020 : Setting UI for files in bucket...
DEBUG | Fri Jul 24 22:47:40 IST 2020 : Setting UI for files in bucket...
DEBUG | Fri Jul 24 22:47:41 IST 2020 : Setting UI for files in bucket...
DEBUG | Fri Jul 24 22:47:41 IST 2020 : Setting UI for files in bucket...
DEBUG | Fri Jul 24 22:47:42 IST 2020 : Setting UI for files in bucket...
DEBUG | Fri Jul 24 22:47:42 IST 2020 : Setting UI for files in bucket...
DEBUG | Fri Jul 24 22:47:43 IST 2020 : Setting UI for files in bucket...
DEBUG | Fri Jul 24 22:47:43 IST 2020 : Setting UI for files in bucket...
DEBUG | Fri Jul 24 22:47:44 IST 2020 : Setting UI for files in bucket...
DEBUG | Fri Jul 24 22:47:44 IST 2020 : Setting UI for files in bucket...
DEBUG | Fri Jul 24 22:47:45 IST 2020 : Setting UI for files in bucket...
DEBUG | Fri Jul 24 22:47:45 IST 2020 : Setting UI for files in bucket...
DEBUG | Fri Jul 24 22:47:46 IST 2020 : Setting UI for files in bucket...
DEBUG | Fri Jul 24 22:47:46 IST 2020 : Setting UI for files in bucket...
DEBUG | Fri Jul 24 22:47:47 IST 2020 : Setting UI for files in bucket...
DEBUG | Fri Jul 24 22:47:47 IST 2020 : Setting UI for files in bucket...
DEBUG | Fri Jul 24 22:47:48 IST 2020 : Setting UI for files in bucket...
DEBUG | Fri Jul 24 22:47:48 IST 2020 : Setting UI for files in bucket...
DEBUG | Fri Jul 24 22:47:49 IST 2020 : Setting UI for files in bucket...
DEBUG | Fri Jul 24 22:47:49 IST 2020 : Setting UI for files in bucket...
DEBUG | Fri Jul 24 22:47:50 IST 2020 : Setting UI for files in bucket...
DEBUG | Fri Jul 24 22:47:50 IST 2020 : Setting UI for files in bucket...
DEBUG | Fri Jul 24 22:47:51 IST 2020 : Setting UI for files in bucket...
DEBUG | Fri Jul 24 22:47:51 IST 2020 : Setting UI for files in bucket...
DEBUG | Fri Jul 24 22:47:52 IST 2020 : Setting UI for files in bucket...
DEBUG | Fri Jul 24 22:47:52 IST 2020 : Setting UI for files in bucket...
DEBUG | Fri Jul 24 22:47:53 IST 2020 : Setting UI for files in bucket...
DEBUG | Fri Jul 24 22:47:53 IST 2020 : Setting UI for files in bucket...
DEBUG | Fri Jul 24 22:47:54 IST 2020 : Setting UI for files in bucket...
DEBUG | Fri Jul 24 22:47:55 IST 2020 : Setting UI for files in bucket...
DEBUG | Fri Jul 24 22:47:55 IST 2020 : Setting UI for files in bucket...
DEBUG | Fri Jul 24 22:47:56 IST 2020 : Setting UI for files in bucket...
DEBUG | Fri Jul 24 22:47:56 IST 2020 : Setting UI for files in bucket...
DEBUG | Fri Jul 24 22:47:57 IST 2020 : Setting UI for files in bucket...
DEBUG | Fri Jul 24 22:47:57 IST 2020 : Setting UI for files in bucket...
DEBUG | Fri Jul 24 22:47:58 IST 2020 : Setting UI for files in bucket...
DEBUG | Fri Jul 24 22:47:58 IST 2020 : Setting UI for files in bucket...
DEBUG | Fri Jul 24 22:47:59 IST 2020 : Setting UI for files in bucket...
DEBUG | Fri Jul 24 22:47:59 IST 2020 : Setting UI for files in bucket...
DEBUG | Fri Jul 24 22:48:00 IST 2020 : Setting UI for files in bucket...
DEBUG | Fri Jul 24 22:48:00 IST 2020 : Setting UI for files in bucket...
DEBUG | Fri Jul 24 22:48:01 IST 2020 : Setting UI for files in bucket...
DEBUG | Fri Jul 24 22:48:01 IST 2020 : Setting UI for files in bucket...
DEBUG | Fri Jul 24 22:48:02 IST 2020 : Setting UI for files in bucket...
DEBUG | Fri Jul 24 22:48:02 IST 2020 : Setting UI for files in bucket...
DEBUG | Fri Jul 24 22:48:03 IST 2020 : Setting UI for files in bucket...
DEBUG | Fri Jul 24 22:48:03 IST 2020 : Setting UI for files in bucket...
DEBUG | Fri Jul 24 22:48:04 IST 2020 : Setting UI for files in bucket...
DEBUG | Fri Jul 24 22:48:04 IST 2020 : Setting UI for files in bucket...
DEBUG | Fri Jul 24 22:48:05 IST 2020 : Setting UI for files in bucket...
DEBUG | Fri Jul 24 22:48:05 IST 2020 : Setting UI for files in bucket...
DEBUG | Fri Jul 24 22:48:06 IST 2020 : Setting UI for files in bucket...
DEBUG | Fri Jul 24 22:48:06 IST 2020 : Setting UI for files in bucket...
DEBUG | Fri Jul 24 22:48:07 IST 2020 : Setting UI for files in bucket...
DEBUG | Fri Jul 24 22:48:07 IST 2020 : Setting UI for files in bucket...
DEBUG | Fri Jul 24 22:48:08 IST 2020 : Setting UI for files in bucket...
DEBUG | Fri Jul 24 22:48:08 IST 2020 : Setting UI for files in bucket...
DEBUG | Fri Jul 24 22:48:09 IST 2020 : Setting UI for files in bucket...
DEBUG | Fri Jul 24 22:48:09 IST 2020 : Setting UI for files in bucket...
DEBUG | Fri Jul 24 22:48:10 IST 2020 : Setting UI for files in bucket...
DEBUG | Fri Jul 24 22:48:11 IST 2020 : Setting UI for files in bucket...
DEBUG | Fri Jul 24 22:48:11 IST 2020 : Setting UI for files in bucket...
DEBUG | Fri Jul 24 22:48:12 IST 2020 : Setting UI for files in bucket...
DEBUG | Fri Jul 24 22:48:12 IST 2020 : Setting UI for files in bucket...
DEBUG | Fri Jul 24 22:48:13 IST 2020 : Setting UI for files in bucket...
DEBUG | Fri Jul 24 22:48:13 IST 2020 : Setting UI for files in bucket...
DEBUG | Fri Jul 24 22:48:14 IST 2020 : Setting UI for files in bucket...
DEBUG | Fri Jul 24 22:48:14 IST 2020 : Setting UI for files in bucket...
DEBUG | Fri Jul 24 22:48:15 IST 2020 : Setting UI for files in bucket...
DEBUG | Fri Jul 24 22:48:15 IST 2020 : Setting UI for files in bucket...
DEBUG | Fri Jul 24 22:48:16 IST 2020 : Setting UI for files in bucket...
DEBUG | Fri Jul 24 22:48:16 IST 2020 : Setting UI for files in bucket...
DEBUG | Fri Jul 24 22:48:17 IST 2020 : Setting UI for files in bucket...
DEBUG | Fri Jul 24 22:48:17 IST 2020 : Setting UI for files in bucket...
DEBUG | Fri Jul 24 22:48:18 IST 2020 : Setting UI for files in bucket...
DEBUG | Fri Jul 24 22:48:18 IST 2020 : Setting UI for files in bucket...
DEBUG | Fri Jul 24 22:48:19 IST 2020 : Setting UI for files in bucket...
DEBUG | Fri Jul 24 22:48:19 IST 2020 : Setting UI for files in bucket...
DEBUG | Fri Jul 24 22:48:20 IST 2020 : Setting UI for files in bucket...
DEBUG | Fri Jul 24 22:48:20 IST 2020 : Setting UI for files in bucket...
DEBUG | Fri Jul 24 22:48:21 IST 2020 : Setting UI for files in bucket...
DEBUG | Fri Jul 24 22:48:21 IST 2020 : Setting UI for files in bucket...
DEBUG | Fri Jul 24 22:48:22 IST 2020 : Setting UI for files in bucket...
DEBUG | Fri Jul 24 22:48:22 IST 2020 : Setting UI for files in bucket...
DEBUG | Fri Jul 24 22:48:23 IST 2020 : Setting UI for files in bucket...
DEBUG | Fri Jul 24 22:48:23 IST 2020 : Setting UI for files in bucket...
DEBUG | Fri Jul 24 22:48:24 IST 2020 : Setting UI for files in bucket...
DEBUG | Fri Jul 24 22:48:24 IST 2020 : Setting UI for files in bucket...
DEBUG | Fri Jul 24 22:48:25 IST 2020 : Setting UI for files in bucket...
DEBUG | Fri Jul 24 22:48:25 IST 2020 : Setting UI for files in bucket...
DEBUG | Fri Jul 24 22:48:26 IST 2020 : Setting UI for files in bucket...
DEBUG | Fri Jul 24 22:48:26 IST 2020 : Setting UI for files in bucket...
DEBUG | Fri Jul 24 22:48:27 IST 2020 : Setting UI for files in bucket...
DEBUG | Fri Jul 24 22:48:28 IST 2020 : Setting UI for files in bucket...
DEBUG | Fri Jul 24 22:48:28 IST 2020 : Setting UI for files in bucket...
DEBUG | Fri Jul 24 22:48:29 IST 2020 : Setting UI for files in bucket...
DEBUG | Fri Jul 24 22:48:29 IST 2020 : Setting UI for files in bucket...
DEBUG | Fri Jul 24 22:48:30 IST 2020 : Setting UI for files in bucket...
DEBUG | Fri Jul 24 22:48:30 IST 2020 : Setting UI for files in bucket...
DEBUG | Fri Jul 24 22:48:31 IST 2020 : Setting UI for files in bucket...
DEBUG | Fri Jul 24 22:48:31 IST 2020 : Setting UI for files in bucket...
DEBUG | Fri Jul 24 22:48:32 IST 2020 : Setting UI for files in bucket...
DEBUG | Fri Jul 24 22:48:32 IST 2020 : Setting UI for files in bucket...
DEBUG | Fri Jul 24 22:48:33 IST 2020 : Setting UI for files in bucket...
DEBUG | Fri Jul 24 22:48:33 IST 2020 : Setting UI for files in bucket...
DEBUG | Fri Jul 24 22:48:34 IST 2020 : Setting UI for files in bucket...
DEBUG | Fri Jul 24 22:48:34 IST 2020 : Setting UI for files in bucket...
DEBUG | Fri Jul 24 22:48:35 IST 2020 : Setting UI for files in bucket...
DEBUG | Fri Jul 24 22:48:35 IST 2020 : Setting UI for files in bucket...
DEBUG | Fri Jul 24 22:48:36 IST 2020 : Setting UI for files in bucket...
DEBUG | Fri Jul 24 22:48:36 IST 2020 : Setting UI for files in bucket...
DEBUG | Fri Jul 24 22:48:37 IST 2020 : Setting UI for files in bucket...
DEBUG | Fri Jul 24 22:48:37 IST 2020 : Setting UI for files in bucket...
DEBUG | Fri Jul 24 22:48:38 IST 2020 : Setting UI for files in bucket...
DEBUG | Fri Jul 24 22:48:38 IST 2020 : Setting UI for files in bucket...
DEBUG | Fri Jul 24 22:48:39 IST 2020 : Setting UI for files in bucket...
DEBUG | Fri Jul 24 22:48:39 IST 2020 : Setting UI for files in bucket...
DEBUG | Fri Jul 24 22:48:40 IST 2020 : Setting UI for files in bucket...
DEBUG | Fri Jul 24 22:48:40 IST 2020 : Setting UI for files in bucket...
DEBUG | Fri Jul 24 22:48:41 IST 2020 : Setting UI for files in bucket...
DEBUG | Fri Jul 24 22:48:41 IST 2020 : Setting UI for files in bucket...
DEBUG | Fri Jul 24 22:48:42 IST 2020 : Setting UI for files in bucket...
DEBUG | Fri Jul 24 22:48:42 IST 2020 : Setting UI for files in bucket...
DEBUG | Fri Jul 24 22:48:43 IST 2020 : Setting UI for files in bucket...
DEBUG | Fri Jul 24 22:48:43 IST 2020 : Setting UI for files in bucket...
DEBUG | Fri Jul 24 22:48:44 IST 2020 : Setting UI for files in bucket...
DEBUG | Fri Jul 24 22:48:45 IST 2020 : Setting UI for files in bucket...
DEBUG | Fri Jul 24 22:48:45 IST 2020 : Setting UI for files in bucket...
DEBUG | Fri Jul 24 22:48:46 IST 2020 : Setting UI for files in bucket...
DEBUG | Fri Jul 24 22:48:46 IST 2020 : Setting UI for files in bucket...
DEBUG | Fri Jul 24 22:48:47 IST 2020 : Setting UI for files in bucket...
DEBUG | Fri Jul 24 22:48:47 IST 2020 : Setting UI for files in bucket...
DEBUG | Fri Jul 24 22:48:48 IST 2020 : Setting UI for files in bucket...
DEBUG | Fri Jul 24 22:48:48 IST 2020 : Setting UI for files in bucket...
DEBUG | Fri Jul 24 22:48:49 IST 2020 : Setting UI for files in bucket...
DEBUG | Fri Jul 24 22:48:49 IST 2020 : Setting UI for files in bucket...
DEBUG | Fri Jul 24 22:48:50 IST 2020 : Setting UI for files in bucket...
DEBUG | Fri Jul 24 22:48:50 IST 2020 : Setting UI for files in bucket...
DEBUG | Fri Jul 24 22:48:51 IST 2020 : Setting UI for files in bucket...
DEBUG | Fri Jul 24 22:48:51 IST 2020 : Setting UI for files in bucket...
DEBUG | Fri Jul 24 22:48:52 IST 2020 : Setting UI for files in bucket...
DEBUG | Fri Jul 24 22:48:52 IST 2020 : Setting UI for files in bucket...
DEBUG | Fri Jul 24 22:48:53 IST 2020 : Setting UI for files in bucket...
DEBUG | Fri Jul 24 22:48:53 IST 2020 : Setting UI for files in bucket...
DEBUG | Fri Jul 24 22:48:54 IST 2020 : Setting UI for files in bucket...
DEBUG | Fri Jul 24 22:48:54 IST 2020 : Setting UI for files in bucket...
DEBUG | Fri Jul 24 22:48:55 IST 2020 : Setting UI for files in bucket...
DEBUG | Fri Jul 24 22:48:55 IST 2020 : Setting UI for files in bucket...
DEBUG | Fri Jul 24 22:48:56 IST 2020 : Setting UI for files in bucket...
DEBUG | Fri Jul 24 22:48:56 IST 2020 : Setting UI for files in bucket...
DEBUG | Fri Jul 24 22:48:57 IST 2020 : Setting UI for files in bucket...
DEBUG | Fri Jul 24 22:48:57 IST 2020 : Setting UI for files in bucket...
DEBUG | Fri Jul 24 22:48:58 IST 2020 : Setting UI for files in bucket...
DEBUG | Fri Jul 24 22:48:58 IST 2020 : Setting UI for files in bucket...
DEBUG | Fri Jul 24 22:48:59 IST 2020 : Setting UI for files in bucket...
DEBUG | Fri Jul 24 22:48:59 IST 2020 : Setting UI for files in bucket...
DEBUG | Fri Jul 24 22:49:00 IST 2020 : Setting UI for files in bucket...
DEBUG | Fri Jul 24 22:49:00 IST 2020 : Setting UI for files in bucket...
DEBUG | Fri Jul 24 22:49:01 IST 2020 : Setting UI for files in bucket...
DEBUG | Fri Jul 24 22:49:02 IST 2020 : Setting UI for files in bucket...
DEBUG | Fri Jul 24 22:49:02 IST 2020 : Setting UI for files in bucket...
DEBUG | Fri Jul 24 22:49:03 IST 2020 : Setting UI for files in bucket...
DEBUG | Fri Jul 24 22:49:03 IST 2020 : Setting UI for files in bucket...
DEBUG | Fri Jul 24 22:49:04 IST 2020 : Setting UI for files in bucket...
DEBUG | Fri Jul 24 22:49:04 IST 2020 : Setting UI for files in bucket...
DEBUG | Fri Jul 24 22:49:05 IST 2020 : Setting UI for files in bucket...
DEBUG | Fri Jul 24 22:49:05 IST 2020 : Setting UI for files in bucket...
DEBUG | Fri Jul 24 22:49:06 IST 2020 : Setting UI for files in bucket...
DEBUG | Fri Jul 24 22:49:06 IST 2020 : Setting UI for files in bucket...
DEBUG | Fri Jul 24 22:49:07 IST 2020 : Setting UI for files in bucket...
DEBUG | Fri Jul 24 22:49:07 IST 2020 : Setting UI for files in bucket...
DEBUG | Fri Jul 24 22:49:08 IST 2020 : Setting UI for files in bucket...
DEBUG | Fri Jul 24 22:49:08 IST 2020 : Setting UI for files in bucket...
DEBUG | Fri Jul 24 22:49:09 IST 2020 : Setting UI for files in bucket...
DEBUG | Fri Jul 24 22:49:09 IST 2020 : Setting UI for files in bucket...
DEBUG | Fri Jul 24 22:49:10 IST 2020 : Setting UI for files in bucket...
DEBUG | Fri Jul 24 22:49:10 IST 2020 : Setting UI for files in bucket...
DEBUG | Fri Jul 24 22:49:11 IST 2020 : Setting UI for files in bucket...
DEBUG | Fri Jul 24 22:49:11 IST 2020 : Setting UI for files in bucket...
DEBUG | Fri Jul 24 22:49:12 IST 2020 : Setting UI for files in bucket...
DEBUG | Fri Jul 24 22:49:12 IST 2020 : Setting UI for files in bucket...
DEBUG | Fri Jul 24 22:49:13 IST 2020 : Setting UI for files in bucket...
DEBUG | Fri Jul 24 22:49:13 IST 2020 : Setting UI for files in bucket...
DEBUG | Fri Jul 24 22:49:14 IST 2020 : Setting UI for files in bucket...
DEBUG | Fri Jul 24 22:49:14 IST 2020 : Setting UI for files in bucket...
DEBUG | Fri Jul 24 22:49:15 IST 2020 : Setting UI for files in bucket...
DEBUG | Fri Jul 24 22:49:15 IST 2020 : Setting UI for files in bucket...
DEBUG | Fri Jul 24 22:49:16 IST 2020 : Setting UI for files in bucket...
DEBUG | Fri Jul 24 22:49:16 IST 2020 : Setting UI for files in bucket...
DEBUG | Fri Jul 24 22:49:17 IST 2020 : Setting UI for files in bucket...
DEBUG | Fri Jul 24 22:49:17 IST 2020 : Setting UI for files in bucket...
DEBUG | Fri Jul 24 22:49:18 IST 2020 : Setting UI for files in bucket...
DEBUG | Fri Jul 24 22:49:18 IST 2020 : Setting UI for files in bucket...
DEBUG | Fri Jul 24 22:49:19 IST 2020 : Setting UI for files in bucket...
DEBUG | Fri Jul 24 22:49:20 IST 2020 : Setting UI for files in bucket...
DEBUG | Fri Jul 24 22:49:20 IST 2020 : Setting UI for files in bucket...
DEBUG | Fri Jul 24 22:49:21 IST 2020 : Setting UI for files in bucket...
DEBUG | Fri Jul 24 22:49:21 IST 2020 : Setting UI for files in bucket...
DEBUG | Fri Jul 24 22:49:22 IST 2020 : Setting UI for files in bucket...
DEBUG | Fri Jul 24 22:49:22 IST 2020 : Setting UI for files in bucket...
DEBUG | Fri Jul 24 22:49:23 IST 2020 : Setting UI for files in bucket...
DEBUG | Fri Jul 24 22:49:23 IST 2020 : Setting UI for files in bucket...
DEBUG | Fri Jul 24 22:49:24 IST 2020 : Setting UI for files in bucket...
DEBUG | Fri Jul 24 22:49:24 IST 2020 : Setting UI for files in bucket...
DEBUG | Fri Jul 24 22:49:25 IST 2020 : Setting UI for files in bucket...
DEBUG | Fri Jul 24 22:49:25 IST 2020 : Setting UI for files in bucket...
DEBUG | Fri Jul 24 22:49:26 IST 2020 : Setting UI for files in bucket...
DEBUG | Fri Jul 24 22:49:26 IST 2020 : Setting UI for files in bucket...
DEBUG | Fri Jul 24 22:49:27 IST 2020 : Setting UI for files in bucket...
DEBUG | Fri Jul 24 22:49:27 IST 2020 : Setting UI for files in bucket...
DEBUG | Fri Jul 24 22:49:28 IST 2020 : Setting UI for files in bucket...
DEBUG | Fri Jul 24 22:49:28 IST 2020 : Setting UI for files in bucket...
DEBUG | Fri Jul 24 22:49:29 IST 2020 : Setting UI for files in bucket...
DEBUG | Fri Jul 24 22:49:29 IST 2020 : Setting UI for files in bucket...
DEBUG | Fri Jul 24 22:49:30 IST 2020 : Setting UI for files in bucket...
DEBUG | Fri Jul 24 22:49:30 IST 2020 : Setting UI for files in bucket...
DEBUG | Fri Jul 24 22:49:31 IST 2020 : Setting UI for files in bucket...
DEBUG | Fri Jul 24 22:49:31 IST 2020 : Setting UI for files in bucket...
DEBUG | Fri Jul 24 22:49:32 IST 2020 : Setting UI for files in bucket...
DEBUG | Fri Jul 24 22:49:32 IST 2020 : Setting UI for files in bucket...
DEBUG | Fri Jul 24 22:49:33 IST 2020 : Setting UI for files in bucket...
DEBUG | Fri Jul 24 22:49:33 IST 2020 : Setting UI for files in bucket...
DEBUG | Fri Jul 24 22:49:34 IST 2020 : Setting UI for files in bucket...
DEBUG | Fri Jul 24 22:49:34 IST 2020 : Setting UI for files in bucket...
