Session Id: 20207-153452
DEBUG | Sat Jul 25 15:34:52 IST 2020 : Services initiated
DEBUG | Sat Jul 25 15:35:01 IST 2020 : Setting UI for files in bucket...
DEBUG | Sat Jul 25 15:35:24 IST 2020 : Setting UI for files in bucket...
INFO  | Sat Jul 25 15:35:35 IST 2020 : Files with same names (but not same hash) found. Will show overwrite strategy dialog.
INFO  | Sat Jul 25 15:35:35 IST 2020 : Files with same names and relative paths copied together from different sources. Will show overwrite strategy dialog.
DEBUG | Sat Jul 25 15:35:36 IST 2020 : Setting UI for files in bucket...
DEBUG | Sat Jul 25 15:35:36 IST 2020 : Setting UI for files in bucket...
DEBUG | Sat Jul 25 15:35:37 IST 2020 : Setting UI for files in bucket...
DEBUG | Sat Jul 25 15:35:37 IST 2020 : Setting UI for files in bucket...
DEBUG | Sat Jul 25 15:35:38 IST 2020 : Setting UI for files in bucket...
DEBUG | Sat Jul 25 15:35:38 IST 2020 : Setting UI for files in bucket...
DEBUG | Sat Jul 25 15:35:39 IST 2020 : Overwrite strategy decided : 
DEBUG | Sat Jul 25 15:35:39 IST 2020 : RENAME_SKIPPED_FILES : false
DEBUG | Sat Jul 25 15:35:39 IST 2020 : ASK_FOR_EACH_FILE : false
DEBUG | Sat Jul 25 15:35:39 IST 2020 : COPY_MULTIPLE_FILES_TO_SAME_PATH__ASK_FOR_EACH_FILE : true
INFO  | Sat Jul 25 15:35:39 IST 2020 : Copying 6 files.
--------------------------------------------------------------------------------
INFO  | Sat Jul 25 15:35:39 IST 2020 : 0 of 6 copied
DEBUG | Sat Jul 25 15:35:39 IST 2020 : Setting UI for files in bucket...
----------------------------------------------
DEBUG | Sat Jul 25 15:35:39 IST 2020 : Setting UI for files in bucket...
INFO  | Sat Jul 25 15:35:39 IST 2020 : The file already exists in destination : C:\Users\user\Desktop\src\set-4\1.bmp
DEBUG | Sat Jul 25 15:35:39 IST 2020 : Setting UI for files in bucket...
DEBUG | Sat Jul 25 15:35:39 IST 2020 : Setting UI for files in bucket...
DEBUG | Sat Jul 25 15:35:40 IST 2020 : Setting UI for files in bucket...
DEBUG | Sat Jul 25 15:35:40 IST 2020 : Setting UI for files in bucket...
DEBUG | Sat Jul 25 15:35:41 IST 2020 : Setting UI for files in bucket...
DEBUG | Sat Jul 25 15:35:41 IST 2020 : Setting UI for files in bucket...
DEBUG | Sat Jul 25 15:35:42 IST 2020 : Setting UI for files in bucket...
DEBUG | Sat Jul 25 15:35:42 IST 2020 : Setting UI for files in bucket...
DEBUG | Sat Jul 25 15:35:43 IST 2020 : Setting UI for files in bucket...
DEBUG | Sat Jul 25 15:35:43 IST 2020 : Setting UI for files in bucket...
DEBUG | Sat Jul 25 15:35:44 IST 2020 : Setting UI for files in bucket...
DEBUG | Sat Jul 25 15:35:44 IST 2020 : Setting UI for files in bucket...
DEBUG | Sat Jul 25 15:35:45 IST 2020 : Setting UI for files in bucket...
DEBUG | Sat Jul 25 15:35:45 IST 2020 : Setting UI for files in bucket...
DEBUG | Sat Jul 25 15:35:46 IST 2020 : Setting UI for files in bucket...
DEBUG | Sat Jul 25 15:35:46 IST 2020 : Setting UI for files in bucket...
DEBUG | Sat Jul 25 15:35:47 IST 2020 : Setting UI for files in bucket...
DEBUG | Sat Jul 25 15:35:47 IST 2020 : Setting UI for files in bucket...
DEBUG | Sat Jul 25 15:35:48 IST 2020 : Setting UI for files in bucket...
DEBUG | Sat Jul 25 15:35:48 IST 2020 : Setting UI for files in bucket...
DEBUG | Sat Jul 25 15:35:49 IST 2020 : Setting UI for files in bucket...
DEBUG | Sat Jul 25 15:35:49 IST 2020 : Setting UI for files in bucket...
DEBUG | Sat Jul 25 15:35:50 IST 2020 : Setting UI for files in bucket...
DEBUG | Sat Jul 25 15:35:50 IST 2020 : Setting UI for files in bucket...
DEBUG | Sat Jul 25 15:35:51 IST 2020 : Setting UI for files in bucket...
DEBUG | Sat Jul 25 15:35:51 IST 2020 : Setting UI for files in bucket...
DEBUG | Sat Jul 25 15:35:52 IST 2020 : Setting UI for files in bucket...
DEBUG | Sat Jul 25 15:35:52 IST 2020 : Setting UI for files in bucket...
DEBUG | Sat Jul 25 15:35:53 IST 2020 : Setting UI for files in bucket...
DEBUG | Sat Jul 25 15:35:54 IST 2020 : Setting UI for files in bucket...
DEBUG | Sat Jul 25 15:35:54 IST 2020 : Setting UI for files in bucket...
DEBUG | Sat Jul 25 15:35:55 IST 2020 : Setting UI for files in bucket...
DEBUG | Sat Jul 25 15:35:55 IST 2020 : Setting UI for files in bucket...
DEBUG | Sat Jul 25 15:35:56 IST 2020 : Setting UI for files in bucket...
DEBUG | Sat Jul 25 15:35:56 IST 2020 : Setting UI for files in bucket...
DEBUG | Sat Jul 25 15:35:57 IST 2020 : Setting UI for files in bucket...
DEBUG | Sat Jul 25 15:35:57 IST 2020 : Setting UI for files in bucket...
DEBUG | Sat Jul 25 15:35:58 IST 2020 : Setting UI for files in bucket...
DEBUG | Sat Jul 25 15:35:58 IST 2020 : Setting UI for files in bucket...
DEBUG | Sat Jul 25 15:35:59 IST 2020 : Setting UI for files in bucket...
DEBUG | Sat Jul 25 15:35:59 IST 2020 : Setting UI for files in bucket...
DEBUG | Sat Jul 25 15:36:00 IST 2020 : Setting UI for files in bucket...
DEBUG | Sat Jul 25 15:36:00 IST 2020 : Setting UI for files in bucket...
DEBUG | Sat Jul 25 15:36:01 IST 2020 : Setting UI for files in bucket...
DEBUG | Sat Jul 25 15:36:01 IST 2020 : Setting UI for files in bucket...
DEBUG | Sat Jul 25 15:36:02 IST 2020 : Setting UI for files in bucket...
DEBUG | Sat Jul 25 15:36:02 IST 2020 : Setting UI for files in bucket...
DEBUG | Sat Jul 25 15:36:03 IST 2020 : Setting UI for files in bucket...
DEBUG | Sat Jul 25 15:36:03 IST 2020 : Setting UI for files in bucket...
DEBUG | Sat Jul 25 15:36:04 IST 2020 : Setting UI for files in bucket...
DEBUG | Sat Jul 25 15:36:04 IST 2020 : Setting UI for files in bucket...
DEBUG | Sat Jul 25 15:36:05 IST 2020 : Setting UI for files in bucket...
DEBUG | Sat Jul 25 15:36:05 IST 2020 : Setting UI for files in bucket...
DEBUG | Sat Jul 25 15:36:06 IST 2020 : Setting UI for files in bucket...
DEBUG | Sat Jul 25 15:36:06 IST 2020 : Setting UI for files in bucket...
DEBUG | Sat Jul 25 15:36:07 IST 2020 : Setting UI for files in bucket...
DEBUG | Sat Jul 25 15:36:07 IST 2020 : Setting UI for files in bucket...
DEBUG | Sat Jul 25 15:36:08 IST 2020 : Setting UI for files in bucket...
DEBUG | Sat Jul 25 15:36:08 IST 2020 : Setting UI for files in bucket...
DEBUG | Sat Jul 25 15:36:09 IST 2020 : Setting UI for files in bucket...
DEBUG | Sat Jul 25 15:36:09 IST 2020 : Setting UI for files in bucket...
DEBUG | Sat Jul 25 15:36:10 IST 2020 : Setting UI for files in bucket...
DEBUG | Sat Jul 25 15:36:11 IST 2020 : Setting UI for files in bucket...
DEBUG | Sat Jul 25 15:36:11 IST 2020 : Setting UI for files in bucket...
DEBUG | Sat Jul 25 15:36:12 IST 2020 : Setting UI for files in bucket...
DEBUG | Sat Jul 25 15:36:12 IST 2020 : Setting UI for files in bucket...
DEBUG | Sat Jul 25 15:36:13 IST 2020 : Setting UI for files in bucket...
DEBUG | Sat Jul 25 15:36:13 IST 2020 : Setting UI for files in bucket...
DEBUG | Sat Jul 25 15:36:14 IST 2020 : Setting UI for files in bucket...
DEBUG | Sat Jul 25 15:36:14 IST 2020 : Setting UI for files in bucket...
DEBUG | Sat Jul 25 15:36:15 IST 2020 : Setting UI for files in bucket...
DEBUG | Sat Jul 25 15:36:15 IST 2020 : Setting UI for files in bucket...
DEBUG | Sat Jul 25 15:36:16 IST 2020 : Setting UI for files in bucket...
DEBUG | Sat Jul 25 15:36:16 IST 2020 : Setting UI for files in bucket...
DEBUG | Sat Jul 25 15:36:17 IST 2020 : Setting UI for files in bucket...
DEBUG | Sat Jul 25 15:36:17 IST 2020 : Setting UI for files in bucket...
DEBUG | Sat Jul 25 15:36:18 IST 2020 : Setting UI for files in bucket...
DEBUG | Sat Jul 25 15:36:18 IST 2020 : Setting UI for files in bucket...
DEBUG | Sat Jul 25 15:36:19 IST 2020 : Setting UI for files in bucket...
DEBUG | Sat Jul 25 15:36:19 IST 2020 : Setting UI for files in bucket...
DEBUG | Sat Jul 25 15:36:20 IST 2020 : Setting UI for files in bucket...
DEBUG | Sat Jul 25 15:36:20 IST 2020 : Setting UI for files in bucket...
DEBUG | Sat Jul 25 15:36:21 IST 2020 : Setting UI for files in bucket...
DEBUG | Sat Jul 25 15:36:21 IST 2020 : Setting UI for files in bucket...
DEBUG | Sat Jul 25 15:36:22 IST 2020 : Setting UI for files in bucket...
DEBUG | Sat Jul 25 15:36:22 IST 2020 : Setting UI for files in bucket...
DEBUG | Sat Jul 25 15:36:23 IST 2020 : Setting UI for files in bucket...
DEBUG | Sat Jul 25 15:36:24 IST 2020 : Setting UI for files in bucket...
DEBUG | Sat Jul 25 15:36:24 IST 2020 : Setting UI for files in bucket...
DEBUG | Sat Jul 25 15:36:25 IST 2020 : Setting UI for files in bucket...
DEBUG | Sat Jul 25 15:36:25 IST 2020 : Setting UI for files in bucket...
DEBUG | Sat Jul 25 15:36:26 IST 2020 : Setting UI for files in bucket...
DEBUG | Sat Jul 25 15:36:26 IST 2020 : Setting UI for files in bucket...
DEBUG | Sat Jul 25 15:36:27 IST 2020 : Setting UI for files in bucket...
DEBUG | Sat Jul 25 15:36:28 IST 2020 : Setting UI for files in bucket...
DEBUG | Sat Jul 25 15:36:28 IST 2020 : Setting UI for files in bucket...
DEBUG | Sat Jul 25 15:36:29 IST 2020 : Setting UI for files in bucket...
DEBUG | Sat Jul 25 15:36:29 IST 2020 : Setting UI for files in bucket...
DEBUG | Sat Jul 25 15:36:30 IST 2020 : Setting UI for files in bucket...
DEBUG | Sat Jul 25 15:36:30 IST 2020 : Setting UI for files in bucket...
DEBUG | Sat Jul 25 15:36:31 IST 2020 : Setting UI for files in bucket...
DEBUG | Sat Jul 25 15:36:31 IST 2020 : Setting UI for files in bucket...
DEBUG | Sat Jul 25 15:36:32 IST 2020 : Setting UI for files in bucket...
DEBUG | Sat Jul 25 15:36:32 IST 2020 : Setting UI for files in bucket...
DEBUG | Sat Jul 25 15:36:33 IST 2020 : Setting UI for files in bucket...
DEBUG | Sat Jul 25 15:36:33 IST 2020 : Setting UI for files in bucket...
DEBUG | Sat Jul 25 15:36:34 IST 2020 : Setting UI for files in bucket...
DEBUG | Sat Jul 25 15:36:34 IST 2020 : Setting UI for files in bucket...
DEBUG | Sat Jul 25 15:36:35 IST 2020 : Setting UI for files in bucket...
DEBUG | Sat Jul 25 15:36:35 IST 2020 : Setting UI for files in bucket...
DEBUG | Sat Jul 25 15:36:36 IST 2020 : Setting UI for files in bucket...
DEBUG | Sat Jul 25 15:36:36 IST 2020 : Setting UI for files in bucket...
DEBUG | Sat Jul 25 15:36:37 IST 2020 : Setting UI for files in bucket...
DEBUG | Sat Jul 25 15:36:37 IST 2020 : Setting UI for files in bucket...
DEBUG | Sat Jul 25 15:36:38 IST 2020 : Setting UI for files in bucket...
DEBUG | Sat Jul 25 15:36:38 IST 2020 : Setting UI for files in bucket...
DEBUG | Sat Jul 25 15:36:39 IST 2020 : Setting UI for files in bucket...
DEBUG | Sat Jul 25 15:36:39 IST 2020 : Setting UI for files in bucket...
DEBUG | Sat Jul 25 15:36:40 IST 2020 : Setting UI for files in bucket...
DEBUG | Sat Jul 25 15:36:40 IST 2020 : Setting UI for files in bucket...
DEBUG | Sat Jul 25 15:36:41 IST 2020 : Setting UI for files in bucket...
DEBUG | Sat Jul 25 15:36:41 IST 2020 : Setting UI for files in bucket...
DEBUG | Sat Jul 25 15:36:42 IST 2020 : Setting UI for files in bucket...
DEBUG | Sat Jul 25 15:36:42 IST 2020 : Setting UI for files in bucket...
DEBUG | Sat Jul 25 15:36:43 IST 2020 : Setting UI for files in bucket...
DEBUG | Sat Jul 25 15:36:43 IST 2020 : Setting UI for files in bucket...
DEBUG | Sat Jul 25 15:36:44 IST 2020 : Setting UI for files in bucket...
DEBUG | Sat Jul 25 15:36:44 IST 2020 : Setting UI for files in bucket...
DEBUG | Sat Jul 25 15:36:45 IST 2020 : Setting UI for files in bucket...
DEBUG | Sat Jul 25 15:36:46 IST 2020 : Setting UI for files in bucket...
DEBUG | Sat Jul 25 15:36:46 IST 2020 : Setting UI for files in bucket...
DEBUG | Sat Jul 25 15:36:47 IST 2020 : Setting UI for files in bucket...
DEBUG | Sat Jul 25 15:36:47 IST 2020 : Setting UI for files in bucket...
DEBUG | Sat Jul 25 15:36:48 IST 2020 : Setting UI for files in bucket...
DEBUG | Sat Jul 25 15:36:48 IST 2020 : Setting UI for files in bucket...
DEBUG | Sat Jul 25 15:36:49 IST 2020 : Setting UI for files in bucket...
DEBUG | Sat Jul 25 15:36:49 IST 2020 : Setting UI for files in bucket...
DEBUG | Sat Jul 25 15:36:50 IST 2020 : Setting UI for files in bucket...
DEBUG | Sat Jul 25 15:36:50 IST 2020 : Setting UI for files in bucket...
DEBUG | Sat Jul 25 15:36:51 IST 2020 : Setting UI for files in bucket...
DEBUG | Sat Jul 25 15:36:51 IST 2020 : Setting UI for files in bucket...
DEBUG | Sat Jul 25 15:36:52 IST 2020 : Setting UI for files in bucket...
DEBUG | Sat Jul 25 15:36:52 IST 2020 : Setting UI for files in bucket...
DEBUG | Sat Jul 25 15:36:53 IST 2020 : Setting UI for files in bucket...
DEBUG | Sat Jul 25 15:36:53 IST 2020 : Setting UI for files in bucket...
DEBUG | Sat Jul 25 15:36:54 IST 2020 : Setting UI for files in bucket...
DEBUG | Sat Jul 25 15:36:54 IST 2020 : Setting UI for files in bucket...
DEBUG | Sat Jul 25 15:36:55 IST 2020 : Setting UI for files in bucket...
DEBUG | Sat Jul 25 15:36:55 IST 2020 : Setting UI for files in bucket...
DEBUG | Sat Jul 25 15:36:56 IST 2020 : Setting UI for files in bucket...
DEBUG | Sat Jul 25 15:36:56 IST 2020 : Setting UI for files in bucket...
DEBUG | Sat Jul 25 15:36:57 IST 2020 : Setting UI for files in bucket...
DEBUG | Sat Jul 25 15:36:57 IST 2020 : Setting UI for files in bucket...
DEBUG | Sat Jul 25 15:36:58 IST 2020 : Setting UI for files in bucket...
DEBUG | Sat Jul 25 15:36:58 IST 2020 : Setting UI for files in bucket...
DEBUG | Sat Jul 25 15:36:59 IST 2020 : Setting UI for files in bucket...
DEBUG | Sat Jul 25 15:36:59 IST 2020 : Setting UI for files in bucket...
DEBUG | Sat Jul 25 15:37:00 IST 2020 : Setting UI for files in bucket...
DEBUG | Sat Jul 25 15:37:00 IST 2020 : Setting UI for files in bucket...
DEBUG | Sat Jul 25 15:37:01 IST 2020 : Setting UI for files in bucket...
DEBUG | Sat Jul 25 15:37:01 IST 2020 : Setting UI for files in bucket...
DEBUG | Sat Jul 25 15:37:02 IST 2020 : Setting UI for files in bucket...
DEBUG | Sat Jul 25 15:37:03 IST 2020 : Setting UI for files in bucket...
DEBUG | Sat Jul 25 15:37:03 IST 2020 : Setting UI for files in bucket...
DEBUG | Sat Jul 25 15:37:04 IST 2020 : Setting UI for files in bucket...
DEBUG | Sat Jul 25 15:37:04 IST 2020 : Setting UI for files in bucket...
DEBUG | Sat Jul 25 15:37:05 IST 2020 : Setting UI for files in bucket...
DEBUG | Sat Jul 25 15:37:05 IST 2020 : Setting UI for files in bucket...
DEBUG | Sat Jul 25 15:37:06 IST 2020 : Setting UI for files in bucket...
DEBUG | Sat Jul 25 15:37:06 IST 2020 : Setting UI for files in bucket...
DEBUG | Sat Jul 25 15:37:07 IST 2020 : Setting UI for files in bucket...
DEBUG | Sat Jul 25 15:37:07 IST 2020 : Setting UI for files in bucket...
DEBUG | Sat Jul 25 15:37:08 IST 2020 : Setting UI for files in bucket...
DEBUG | Sat Jul 25 15:37:08 IST 2020 : Setting UI for files in bucket...
DEBUG | Sat Jul 25 15:37:09 IST 2020 : Setting UI for files in bucket...
DEBUG | Sat Jul 25 15:37:09 IST 2020 : Setting UI for files in bucket...
DEBUG | Sat Jul 25 15:37:10 IST 2020 : Setting UI for files in bucket...
DEBUG | Sat Jul 25 15:37:10 IST 2020 : Setting UI for files in bucket...
DEBUG | Sat Jul 25 15:37:11 IST 2020 : Setting UI for files in bucket...
DEBUG | Sat Jul 25 15:37:11 IST 2020 : Setting UI for files in bucket...
DEBUG | Sat Jul 25 15:37:12 IST 2020 : Setting UI for files in bucket...
DEBUG | Sat Jul 25 15:37:12 IST 2020 : Setting UI for files in bucket...
DEBUG | Sat Jul 25 15:37:13 IST 2020 : Setting UI for files in bucket...
DEBUG | Sat Jul 25 15:37:13 IST 2020 : Setting UI for files in bucket...
DEBUG | Sat Jul 25 15:37:14 IST 2020 : Setting UI for files in bucket...
DEBUG | Sat Jul 25 15:37:14 IST 2020 : Setting UI for files in bucket...
DEBUG | Sat Jul 25 15:37:15 IST 2020 : Setting UI for files in bucket...
DEBUG | Sat Jul 25 15:37:15 IST 2020 : Setting UI for files in bucket...
DEBUG | Sat Jul 25 15:37:16 IST 2020 : Setting UI for files in bucket...
DEBUG | Sat Jul 25 15:37:16 IST 2020 : Setting UI for files in bucket...
DEBUG | Sat Jul 25 15:37:17 IST 2020 : Setting UI for files in bucket...
WARN  | Sat Jul 25 15:37:17 IST 2020 : Same named file exists : 1.bmp
INFO  | Sat Jul 25 15:37:17 IST 2020 : Skipping the file (not even renaming)
INFO  | Sat Jul 25 15:37:17 IST 2020 : 1 of 6 copied
DEBUG | Sat Jul 25 15:37:17 IST 2020 : Setting UI for files in bucket...
----------------------------------------------
DEBUG | Sat Jul 25 15:37:17 IST 2020 : Setting UI for files in bucket...
INFO  | Sat Jul 25 15:37:17 IST 2020 : The file already exists in destination : C:\Users\user\Desktop\src\set-5\1.bmp
WARN  | Sat Jul 25 15:37:17 IST 2020 : Same named file exists : 1.bmp
INFO  | Sat Jul 25 15:37:17 IST 2020 : Skipping the file (not even renaming)
INFO  | Sat Jul 25 15:37:17 IST 2020 : 2 of 6 copied
DEBUG | Sat Jul 25 15:37:17 IST 2020 : Setting UI for files in bucket...
DEBUG | Sat Jul 25 15:37:17 IST 2020 : Setting UI for files in bucket...
----------------------------------------------
DEBUG | Sat Jul 25 15:37:17 IST 2020 : Setting UI for files in bucket...
INFO  | Sat Jul 25 15:37:17 IST 2020 : The file already exists in destination : C:\Users\user\Desktop\src\set-4\2.bmp
WARN  | Sat Jul 25 15:37:18 IST 2020 : Same named file exists : 2.bmp
INFO  | Sat Jul 25 15:37:18 IST 2020 : Skipping the file (not even renaming)
INFO  | Sat Jul 25 15:37:18 IST 2020 : 3 of 6 copied
DEBUG | Sat Jul 25 15:37:18 IST 2020 : Setting UI for files in bucket...
----------------------------------------------
DEBUG | Sat Jul 25 15:37:18 IST 2020 : Setting UI for files in bucket...
INFO  | Sat Jul 25 15:37:18 IST 2020 : The file already exists in destination : C:\Users\user\Desktop\src\set-5\2.bmp
WARN  | Sat Jul 25 15:37:18 IST 2020 : Same named file exists : 2.bmp
INFO  | Sat Jul 25 15:37:18 IST 2020 : Skipping the file (not even renaming)
INFO  | Sat Jul 25 15:37:18 IST 2020 : 4 of 6 copied
DEBUG | Sat Jul 25 15:37:18 IST 2020 : Setting UI for files in bucket...
----------------------------------------------
DEBUG | Sat Jul 25 15:37:18 IST 2020 : Setting UI for files in bucket...
INFO  | Sat Jul 25 15:37:18 IST 2020 : The file already exists in destination : C:\Users\user\Desktop\src\set-4\3.bmp
WARN  | Sat Jul 25 15:37:18 IST 2020 : Same named file exists : 3.bmp
INFO  | Sat Jul 25 15:37:18 IST 2020 : Skipping the file (not even renaming)
INFO  | Sat Jul 25 15:37:18 IST 2020 : 5 of 6 copied
DEBUG | Sat Jul 25 15:37:18 IST 2020 : Setting UI for files in bucket...
----------------------------------------------
DEBUG | Sat Jul 25 15:37:18 IST 2020 : Setting UI for files in bucket...
INFO  | Sat Jul 25 15:37:18 IST 2020 : The file already exists in destination : C:\Users\user\Desktop\src\set-5\3.bmp
DEBUG | Sat Jul 25 15:37:18 IST 2020 : Setting UI for files in bucket...
WARN  | Sat Jul 25 15:37:18 IST 2020 : Same named file exists : 3.bmp
INFO  | Sat Jul 25 15:37:18 IST 2020 : Skipping the file (not even renaming)
INFO  | Sat Jul 25 15:37:18 IST 2020 : 6 of 6 copied
DEBUG | Sat Jul 25 15:37:18 IST 2020 : Setting UI for files in bucket...
DEBUG | Sat Jul 25 15:37:18 IST 2020 : Setting UI for files in bucket...
DEBUG | Sat Jul 25 15:37:18 IST 2020 : Setting UI for files in bucket...
DEBUG | Sat Jul 25 15:37:28 IST 2020 : Setting UI for files in bucket...
DEBUG | Sat Jul 25 15:37:34 IST 2020 : Setting UI for files in bucket...
INFO  | Sat Jul 25 15:37:37 IST 2020 : Files with same names (but not same hash) found. Will show overwrite strategy dialog.
INFO  | Sat Jul 25 15:37:37 IST 2020 : Files with same names and relative paths copied together from different sources. Will show overwrite strategy dialog.
DEBUG | Sat Jul 25 15:37:37 IST 2020 : Setting UI for files in bucket...
DEBUG | Sat Jul 25 15:37:38 IST 2020 : Setting UI for files in bucket...
DEBUG | Sat Jul 25 15:37:38 IST 2020 : Setting UI for files in bucket...
DEBUG | Sat Jul 25 15:37:39 IST 2020 : Setting UI for files in bucket...
DEBUG | Sat Jul 25 15:37:39 IST 2020 : Setting UI for files in bucket...
DEBUG | Sat Jul 25 15:37:40 IST 2020 : Setting UI for files in bucket...
DEBUG | Sat Jul 25 15:37:40 IST 2020 : Setting UI for files in bucket...
DEBUG | Sat Jul 25 15:37:41 IST 2020 : Setting UI for files in bucket...
DEBUG | Sat Jul 25 15:37:41 IST 2020 : Setting UI for files in bucket...
DEBUG | Sat Jul 25 15:37:42 IST 2020 : Setting UI for files in bucket...
DEBUG | Sat Jul 25 15:37:42 IST 2020 : Setting UI for files in bucket...
DEBUG | Sat Jul 25 15:37:43 IST 2020 : Setting UI for files in bucket...
DEBUG | Sat Jul 25 15:37:43 IST 2020 : Setting UI for files in bucket...
DEBUG | Sat Jul 25 15:37:44 IST 2020 : Setting UI for files in bucket...
DEBUG | Sat Jul 25 15:37:44 IST 2020 : Setting UI for files in bucket...
DEBUG | Sat Jul 25 15:37:45 IST 2020 : Setting UI for files in bucket...
DEBUG | Sat Jul 25 15:37:45 IST 2020 : Setting UI for files in bucket...
DEBUG | Sat Jul 25 15:37:46 IST 2020 : Setting UI for files in bucket...
DEBUG | Sat Jul 25 15:37:47 IST 2020 : Setting UI for files in bucket...
DEBUG | Sat Jul 25 15:37:47 IST 2020 : Setting UI for files in bucket...
DEBUG | Sat Jul 25 15:37:48 IST 2020 : Setting UI for files in bucket...
DEBUG | Sat Jul 25 15:37:48 IST 2020 : Setting UI for files in bucket...
DEBUG | Sat Jul 25 15:37:48 IST 2020 : Overwrite strategy decided : 
DEBUG | Sat Jul 25 15:37:48 IST 2020 : RENAME_SKIPPED_FILES : false
DEBUG | Sat Jul 25 15:37:48 IST 2020 : ASK_FOR_EACH_FILE : false
DEBUG | Sat Jul 25 15:37:48 IST 2020 : COPY_MULTIPLE_FILES_TO_SAME_PATH__ASK_FOR_EACH_FILE : true
INFO  | Sat Jul 25 15:37:48 IST 2020 : Copying 6 files.
--------------------------------------------------------------------------------
INFO  | Sat Jul 25 15:37:48 IST 2020 : 0 of 6 copied
DEBUG | Sat Jul 25 15:37:48 IST 2020 : Setting UI for files in bucket...
----------------------------------------------
DEBUG | Sat Jul 25 15:37:48 IST 2020 : Setting UI for files in bucket...
INFO  | Sat Jul 25 15:37:48 IST 2020 : The file already exists in destination : C:\Users\user\Desktop\src\set-5\1.bmp
DEBUG | Sat Jul 25 15:37:49 IST 2020 : Setting UI for files in bucket...
DEBUG | Sat Jul 25 15:37:49 IST 2020 : Setting UI for files in bucket...
DEBUG | Sat Jul 25 15:37:50 IST 2020 : Setting UI for files in bucket...
DEBUG | Sat Jul 25 15:37:50 IST 2020 : Setting UI for files in bucket...
DEBUG | Sat Jul 25 15:37:51 IST 2020 : Setting UI for files in bucket...
DEBUG | Sat Jul 25 15:37:51 IST 2020 : Setting UI for files in bucket...
DEBUG | Sat Jul 25 15:37:52 IST 2020 : Setting UI for files in bucket...
DEBUG | Sat Jul 25 15:37:52 IST 2020 : Setting UI for files in bucket...
DEBUG | Sat Jul 25 15:37:53 IST 2020 : Setting UI for files in bucket...
DEBUG | Sat Jul 25 15:37:53 IST 2020 : Setting UI for files in bucket...
DEBUG | Sat Jul 25 15:37:54 IST 2020 : Setting UI for files in bucket...
DEBUG | Sat Jul 25 15:37:54 IST 2020 : Setting UI for files in bucket...
DEBUG | Sat Jul 25 15:37:55 IST 2020 : Setting UI for files in bucket...
WARN  | Sat Jul 25 15:37:55 IST 2020 : Same named file exists : 1.bmp
WARN  | Sat Jul 25 15:37:55 IST 2020 : Overwriting existing file
DEBUG | Sat Jul 25 15:37:55 IST 2020 : Setting UI for files in bucket...
DEBUG | Sat Jul 25 15:37:55 IST 2020 : Copying the file using nio.Files.copy() method.
DEBUG | Sat Jul 25 15:37:55 IST 2020 : Setting UI for files in bucket...
DEBUG | Sat Jul 25 15:37:56 IST 2020 : Setting UI for files in bucket...
DEBUG | Sat Jul 25 15:37:56 IST 2020 : Setting UI for files in bucket...
DEBUG | Sat Jul 25 15:37:57 IST 2020 : Setting UI for files in bucket...
DEBUG | Sat Jul 25 15:37:57 IST 2020 : Setting UI for files in bucket...
DEBUG | Sat Jul 25 15:37:58 IST 2020 : Copy completed: 1.bmp
DEBUG | Sat Jul 25 15:37:58 IST 2020 : 1.bmp : Data integrity check passed.
INFO  | Sat Jul 25 15:37:58 IST 2020 : 1 of 6 copied
DEBUG | Sat Jul 25 15:37:58 IST 2020 : Setting UI for files in bucket...
----------------------------------------------
DEBUG | Sat Jul 25 15:37:58 IST 2020 : Setting UI for files in bucket...
INFO  | Sat Jul 25 15:37:58 IST 2020 : The file already exists in destination : C:\Users\user\Desktop\src\set-4\1.bmp
DEBUG | Sat Jul 25 15:37:58 IST 2020 : The file has been recently copied here. So apply duplicate source file rules.
INFO  | Sat Jul 25 15:37:58 IST 2020 : Ask user what to do about this particular file: 1.bmp
DEBUG | Sat Jul 25 15:37:58 IST 2020 : Setting UI for files in bucket...
DEBUG | Sat Jul 25 15:37:58 IST 2020 : Setting UI for files in bucket...
DEBUG | Sat Jul 25 15:37:59 IST 2020 : Setting UI for files in bucket...
DEBUG | Sat Jul 25 15:37:59 IST 2020 : Setting UI for files in bucket...
DEBUG | Sat Jul 25 15:38:00 IST 2020 : Setting UI for files in bucket...
DEBUG | Sat Jul 25 15:38:00 IST 2020 : Setting UI for files in bucket...
DEBUG | Sat Jul 25 15:38:01 IST 2020 : Setting UI for files in bucket...
DEBUG | Sat Jul 25 15:38:01 IST 2020 : Setting UI for files in bucket...
DEBUG | Sat Jul 25 15:38:02 IST 2020 : Setting UI for files in bucket...
DEBUG | Sat Jul 25 15:38:02 IST 2020 : Setting UI for files in bucket...
DEBUG | Sat Jul 25 15:38:03 IST 2020 : Setting UI for files in bucket...
DEBUG | Sat Jul 25 15:38:03 IST 2020 : Setting UI for files in bucket...
DEBUG | Sat Jul 25 15:38:04 IST 2020 : Setting UI for files in bucket...
DEBUG | Sat Jul 25 15:38:04 IST 2020 : Setting UI for files in bucket...
DEBUG | Sat Jul 25 15:38:05 IST 2020 : Setting UI for files in bucket...
DEBUG | Sat Jul 25 15:38:06 IST 2020 : Setting UI for files in bucket...
DEBUG | Sat Jul 25 15:38:06 IST 2020 : Setting UI for files in bucket...
DEBUG | Sat Jul 25 15:38:07 IST 2020 : Setting UI for files in bucket...
DEBUG | Sat Jul 25 15:38:07 IST 2020 : Setting UI for files in bucket...
DEBUG | Sat Jul 25 15:38:08 IST 2020 : Setting UI for files in bucket...
DEBUG | Sat Jul 25 15:38:08 IST 2020 : Setting UI for files in bucket...
DEBUG | Sat Jul 25 15:38:09 IST 2020 : Setting UI for files in bucket...
DEBUG | Sat Jul 25 15:38:09 IST 2020 : Setting UI for files in bucket...
DEBUG | Sat Jul 25 15:38:10 IST 2020 : Setting UI for files in bucket...
DEBUG | Sat Jul 25 15:38:10 IST 2020 : Setting UI for files in bucket...
DEBUG | Sat Jul 25 15:38:11 IST 2020 : Setting UI for files in bucket...
DEBUG | Sat Jul 25 15:38:11 IST 2020 : Setting UI for files in bucket...
DEBUG | Sat Jul 25 15:38:12 IST 2020 : Setting UI for files in bucket...
DEBUG | Sat Jul 25 15:38:12 IST 2020 : Setting UI for files in bucket...
DEBUG | Sat Jul 25 15:38:13 IST 2020 : Setting UI for files in bucket...
DEBUG | Sat Jul 25 15:38:13 IST 2020 : Setting UI for files in bucket...
DEBUG | Sat Jul 25 15:38:14 IST 2020 : Setting UI for files in bucket...
DEBUG | Sat Jul 25 15:38:14 IST 2020 : Setting UI for files in bucket...
DEBUG | Sat Jul 25 15:38:15 IST 2020 : Setting UI for files in bucket...
DEBUG | Sat Jul 25 15:38:15 IST 2020 : Setting UI for files in bucket...
DEBUG | Sat Jul 25 15:38:16 IST 2020 : Setting UI for files in bucket...
DEBUG | Sat Jul 25 15:38:16 IST 2020 : Setting UI for files in bucket...
DEBUG | Sat Jul 25 15:38:17 IST 2020 : Setting UI for files in bucket...
DEBUG | Sat Jul 25 15:38:17 IST 2020 : Setting UI for files in bucket...
DEBUG | Sat Jul 25 15:38:18 IST 2020 : Setting UI for files in bucket...
DEBUG | Sat Jul 25 15:38:18 IST 2020 : Setting UI for files in bucket...
DEBUG | Sat Jul 25 15:38:19 IST 2020 : Setting UI for files in bucket...
DEBUG | Sat Jul 25 15:38:19 IST 2020 : Setting UI for files in bucket...
DEBUG | Sat Jul 25 15:38:20 IST 2020 : Setting UI for files in bucket...
DEBUG | Sat Jul 25 15:38:20 IST 2020 : Setting UI for files in bucket...
DEBUG | Sat Jul 25 15:38:21 IST 2020 : Setting UI for files in bucket...
DEBUG | Sat Jul 25 15:38:21 IST 2020 : Setting UI for files in bucket...
DEBUG | Sat Jul 25 15:38:22 IST 2020 : Setting UI for files in bucket...
DEBUG | Sat Jul 25 15:38:23 IST 2020 : Setting UI for files in bucket...
DEBUG | Sat Jul 25 15:38:23 IST 2020 : Setting UI for files in bucket...
DEBUG | Sat Jul 25 15:38:24 IST 2020 : Setting UI for files in bucket...
DEBUG | Sat Jul 25 15:38:24 IST 2020 : Setting UI for files in bucket...
DEBUG | Sat Jul 25 15:38:25 IST 2020 : Setting UI for files in bucket...
DEBUG | Sat Jul 25 15:38:25 IST 2020 : Setting UI for files in bucket...
DEBUG | Sat Jul 25 15:38:26 IST 2020 : Setting UI for files in bucket...
DEBUG | Sat Jul 25 15:38:26 IST 2020 : Setting UI for files in bucket...
DEBUG | Sat Jul 25 15:38:27 IST 2020 : Setting UI for files in bucket...
DEBUG | Sat Jul 25 15:38:27 IST 2020 : Setting UI for files in bucket...
DEBUG | Sat Jul 25 15:38:28 IST 2020 : Setting UI for files in bucket...
DEBUG | Sat Jul 25 15:38:28 IST 2020 : Setting UI for files in bucket...
DEBUG | Sat Jul 25 15:38:29 IST 2020 : Setting UI for files in bucket...
DEBUG | Sat Jul 25 15:38:29 IST 2020 : Setting UI for files in bucket...
DEBUG | Sat Jul 25 15:38:30 IST 2020 : Setting UI for files in bucket...
DEBUG | Sat Jul 25 15:38:30 IST 2020 : Setting UI for files in bucket...
DEBUG | Sat Jul 25 15:38:31 IST 2020 : Setting UI for files in bucket...
DEBUG | Sat Jul 25 15:38:31 IST 2020 : Setting UI for files in bucket...
DEBUG | Sat Jul 25 15:38:32 IST 2020 : Setting UI for files in bucket...
DEBUG | Sat Jul 25 15:38:32 IST 2020 : Setting UI for files in bucket...
DEBUG | Sat Jul 25 15:38:33 IST 2020 : Setting UI for files in bucket...
DEBUG | Sat Jul 25 15:38:33 IST 2020 : Setting UI for files in bucket...
DEBUG | Sat Jul 25 15:38:34 IST 2020 : Setting UI for files in bucket...
DEBUG | Sat Jul 25 15:38:34 IST 2020 : Setting UI for files in bucket...
DEBUG | Sat Jul 25 15:38:35 IST 2020 : Setting UI for files in bucket...
DEBUG | Sat Jul 25 15:38:35 IST 2020 : Setting UI for files in bucket...
DEBUG | Sat Jul 25 15:38:36 IST 2020 : Setting UI for files in bucket...
DEBUG | Sat Jul 25 15:38:36 IST 2020 : Setting UI for files in bucket...
DEBUG | Sat Jul 25 15:38:37 IST 2020 : Setting UI for files in bucket...
DEBUG | Sat Jul 25 15:38:37 IST 2020 : Setting UI for files in bucket...
DEBUG | Sat Jul 25 15:38:38 IST 2020 : Setting UI for files in bucket...
DEBUG | Sat Jul 25 15:38:38 IST 2020 : Setting UI for files in bucket...
DEBUG | Sat Jul 25 15:38:39 IST 2020 : Setting UI for files in bucket...
DEBUG | Sat Jul 25 15:38:39 IST 2020 : Setting UI for files in bucket...
DEBUG | Sat Jul 25 15:38:40 IST 2020 : Setting UI for files in bucket...
DEBUG | Sat Jul 25 15:38:41 IST 2020 : Setting UI for files in bucket...
DEBUG | Sat Jul 25 15:38:41 IST 2020 : Setting UI for files in bucket...
DEBUG | Sat Jul 25 15:38:42 IST 2020 : Setting UI for files in bucket...
DEBUG | Sat Jul 25 15:38:42 IST 2020 : Setting UI for files in bucket...
DEBUG | Sat Jul 25 15:38:43 IST 2020 : Setting UI for files in bucket...
DEBUG | Sat Jul 25 15:38:43 IST 2020 : Setting UI for files in bucket...
DEBUG | Sat Jul 25 15:38:44 IST 2020 : Setting UI for files in bucket...
DEBUG | Sat Jul 25 15:38:44 IST 2020 : Setting UI for files in bucket...
DEBUG | Sat Jul 25 15:38:45 IST 2020 : Setting UI for files in bucket...
DEBUG | Sat Jul 25 15:38:45 IST 2020 : Setting UI for files in bucket...
DEBUG | Sat Jul 25 15:38:46 IST 2020 : Setting UI for files in bucket...
DEBUG | Sat Jul 25 15:38:46 IST 2020 : Setting UI for files in bucket...
DEBUG | Sat Jul 25 15:38:47 IST 2020 : Setting UI for files in bucket...
DEBUG | Sat Jul 25 15:38:47 IST 2020 : Setting UI for files in bucket...
DEBUG | Sat Jul 25 15:38:48 IST 2020 : Setting UI for files in bucket...
DEBUG | Sat Jul 25 15:38:48 IST 2020 : Setting UI for files in bucket...
DEBUG | Sat Jul 25 15:38:49 IST 2020 : Setting UI for files in bucket...
DEBUG | Sat Jul 25 15:38:49 IST 2020 : Setting UI for files in bucket...
DEBUG | Sat Jul 25 15:38:50 IST 2020 : Setting UI for files in bucket...
DEBUG | Sat Jul 25 15:38:50 IST 2020 : Setting UI for files in bucket...
DEBUG | Sat Jul 25 15:38:51 IST 2020 : Setting UI for files in bucket...
DEBUG | Sat Jul 25 15:38:51 IST 2020 : Setting UI for files in bucket...
DEBUG | Sat Jul 25 15:38:52 IST 2020 : Setting UI for files in bucket...
DEBUG | Sat Jul 25 15:38:52 IST 2020 : Setting UI for files in bucket...
DEBUG | Sat Jul 25 15:38:53 IST 2020 : Setting UI for files in bucket...
DEBUG | Sat Jul 25 15:38:53 IST 2020 : Setting UI for files in bucket...
DEBUG | Sat Jul 25 15:38:54 IST 2020 : Setting UI for files in bucket...
DEBUG | Sat Jul 25 15:38:54 IST 2020 : Setting UI for files in bucket...
DEBUG | Sat Jul 25 15:38:55 IST 2020 : Setting UI for files in bucket...
DEBUG | Sat Jul 25 15:38:55 IST 2020 : Setting UI for files in bucket...
DEBUG | Sat Jul 25 15:38:56 IST 2020 : Setting UI for files in bucket...
DEBUG | Sat Jul 25 15:38:56 IST 2020 : Setting UI for files in bucket...
DEBUG | Sat Jul 25 15:38:57 IST 2020 : Setting UI for files in bucket...
DEBUG | Sat Jul 25 15:38:58 IST 2020 : Setting UI for files in bucket...
DEBUG | Sat Jul 25 15:38:58 IST 2020 : Setting UI for files in bucket...
DEBUG | Sat Jul 25 15:38:59 IST 2020 : Setting UI for files in bucket...
DEBUG | Sat Jul 25 15:38:59 IST 2020 : Setting UI for files in bucket...
DEBUG | Sat Jul 25 15:39:00 IST 2020 : Setting UI for files in bucket...
DEBUG | Sat Jul 25 15:39:00 IST 2020 : Setting UI for files in bucket...
DEBUG | Sat Jul 25 15:39:01 IST 2020 : Setting UI for files in bucket...
DEBUG | Sat Jul 25 15:39:01 IST 2020 : Setting UI for files in bucket...
DEBUG | Sat Jul 25 15:39:02 IST 2020 : Setting UI for files in bucket...
DEBUG | Sat Jul 25 15:39:02 IST 2020 : Setting UI for files in bucket...
DEBUG | Sat Jul 25 15:39:03 IST 2020 : Setting UI for files in bucket...
DEBUG | Sat Jul 25 15:39:03 IST 2020 : Setting UI for files in bucket...
DEBUG | Sat Jul 25 15:39:04 IST 2020 : Setting UI for files in bucket...
DEBUG | Sat Jul 25 15:39:04 IST 2020 : Setting UI for files in bucket...
DEBUG | Sat Jul 25 15:39:05 IST 2020 : Setting UI for files in bucket...
DEBUG | Sat Jul 25 15:39:05 IST 2020 : Setting UI for files in bucket...
DEBUG | Sat Jul 25 15:39:06 IST 2020 : Setting UI for files in bucket...
DEBUG | Sat Jul 25 15:39:06 IST 2020 : Setting UI for files in bucket...
DEBUG | Sat Jul 25 15:39:07 IST 2020 : Setting UI for files in bucket...
DEBUG | Sat Jul 25 15:39:07 IST 2020 : Setting UI for files in bucket...
DEBUG | Sat Jul 25 15:39:08 IST 2020 : Setting UI for files in bucket...
DEBUG | Sat Jul 25 15:39:08 IST 2020 : Setting UI for files in bucket...
DEBUG | Sat Jul 25 15:39:09 IST 2020 : Setting UI for files in bucket...
DEBUG | Sat Jul 25 15:39:09 IST 2020 : Setting UI for files in bucket...
DEBUG | Sat Jul 25 15:39:10 IST 2020 : Setting UI for files in bucket...
DEBUG | Sat Jul 25 15:39:10 IST 2020 : Setting UI for files in bucket...
DEBUG | Sat Jul 25 15:39:11 IST 2020 : Setting UI for files in bucket...
DEBUG | Sat Jul 25 15:39:11 IST 2020 : Setting UI for files in bucket...
DEBUG | Sat Jul 25 15:39:12 IST 2020 : Setting UI for files in bucket...
DEBUG | Sat Jul 25 15:39:12 IST 2020 : Setting UI for files in bucket...
DEBUG | Sat Jul 25 15:39:13 IST 2020 : Setting UI for files in bucket...
DEBUG | Sat Jul 25 15:39:13 IST 2020 : Setting UI for files in bucket...
DEBUG | Sat Jul 25 15:39:14 IST 2020 : Setting UI for files in bucket...
DEBUG | Sat Jul 25 15:39:15 IST 2020 : Setting UI for files in bucket...
DEBUG | Sat Jul 25 15:39:15 IST 2020 : Setting UI for files in bucket...
DEBUG | Sat Jul 25 15:39:16 IST 2020 : Setting UI for files in bucket...
DEBUG | Sat Jul 25 15:39:16 IST 2020 : Setting UI for files in bucket...
DEBUG | Sat Jul 25 15:39:17 IST 2020 : Setting UI for files in bucket...
DEBUG | Sat Jul 25 15:39:17 IST 2020 : Setting UI for files in bucket...
DEBUG | Sat Jul 25 15:39:18 IST 2020 : Setting UI for files in bucket...
DEBUG | Sat Jul 25 15:39:18 IST 2020 : Setting UI for files in bucket...
DEBUG | Sat Jul 25 15:39:19 IST 2020 : Setting UI for files in bucket...
DEBUG | Sat Jul 25 15:39:19 IST 2020 : Setting UI for files in bucket...
DEBUG | Sat Jul 25 15:39:20 IST 2020 : Setting UI for files in bucket...
DEBUG | Sat Jul 25 15:39:20 IST 2020 : Setting UI for files in bucket...
DEBUG | Sat Jul 25 15:39:21 IST 2020 : Setting UI for files in bucket...
DEBUG | Sat Jul 25 15:39:21 IST 2020 : Setting UI for files in bucket...
DEBUG | Sat Jul 25 15:39:22 IST 2020 : Setting UI for files in bucket...
DEBUG | Sat Jul 25 15:39:22 IST 2020 : Setting UI for files in bucket...
DEBUG | Sat Jul 25 15:39:23 IST 2020 : Setting UI for files in bucket...
DEBUG | Sat Jul 25 15:39:23 IST 2020 : Setting UI for files in bucket...
DEBUG | Sat Jul 25 15:39:24 IST 2020 : Setting UI for files in bucket...
DEBUG | Sat Jul 25 15:39:24 IST 2020 : Setting UI for files in bucket...
DEBUG | Sat Jul 25 15:39:25 IST 2020 : Setting UI for files in bucket...
DEBUG | Sat Jul 25 15:39:25 IST 2020 : Setting UI for files in bucket...
DEBUG | Sat Jul 25 15:39:26 IST 2020 : Setting UI for files in bucket...
DEBUG | Sat Jul 25 15:39:26 IST 2020 : Setting UI for files in bucket...
DEBUG | Sat Jul 25 15:39:27 IST 2020 : Setting UI for files in bucket...
DEBUG | Sat Jul 25 15:39:27 IST 2020 : Setting UI for files in bucket...
DEBUG | Sat Jul 25 15:39:28 IST 2020 : Setting UI for files in bucket...
DEBUG | Sat Jul 25 15:39:28 IST 2020 : Setting UI for files in bucket...
DEBUG | Sat Jul 25 15:39:29 IST 2020 : Setting UI for files in bucket...
DEBUG | Sat Jul 25 15:39:29 IST 2020 : Setting UI for files in bucket...
DEBUG | Sat Jul 25 15:39:30 IST 2020 : Setting UI for files in bucket...
DEBUG | Sat Jul 25 15:39:30 IST 2020 : Setting UI for files in bucket...
DEBUG | Sat Jul 25 15:39:31 IST 2020 : Setting UI for files in bucket...
DEBUG | Sat Jul 25 15:39:31 IST 2020 : Setting UI for files in bucket...
DEBUG | Sat Jul 25 15:39:32 IST 2020 : Setting UI for files in bucket...
DEBUG | Sat Jul 25 15:39:33 IST 2020 : Setting UI for files in bucket...
DEBUG | Sat Jul 25 15:39:33 IST 2020 : Setting UI for files in bucket...
DEBUG | Sat Jul 25 15:39:34 IST 2020 : Setting UI for files in bucket...
DEBUG | Sat Jul 25 15:39:34 IST 2020 : Setting UI for files in bucket...
DEBUG | Sat Jul 25 15:39:35 IST 2020 : Setting UI for files in bucket...
DEBUG | Sat Jul 25 15:39:35 IST 2020 : Setting UI for files in bucket...
DEBUG | Sat Jul 25 15:39:36 IST 2020 : Setting UI for files in bucket...
DEBUG | Sat Jul 25 15:39:36 IST 2020 : Setting UI for files in bucket...
DEBUG | Sat Jul 25 15:39:37 IST 2020 : Setting UI for files in bucket...
DEBUG | Sat Jul 25 15:39:37 IST 2020 : Setting UI for files in bucket...
DEBUG | Sat Jul 25 15:39:38 IST 2020 : Setting UI for files in bucket...
DEBUG | Sat Jul 25 15:39:38 IST 2020 : Setting UI for files in bucket...
DEBUG | Sat Jul 25 15:39:39 IST 2020 : Setting UI for files in bucket...
DEBUG | Sat Jul 25 15:39:39 IST 2020 : Setting UI for files in bucket...
DEBUG | Sat Jul 25 15:39:40 IST 2020 : Setting UI for files in bucket...
DEBUG | Sat Jul 25 15:39:40 IST 2020 : Setting UI for files in bucket...
DEBUG | Sat Jul 25 15:39:41 IST 2020 : Setting UI for files in bucket...
DEBUG | Sat Jul 25 15:39:41 IST 2020 : Setting UI for files in bucket...
DEBUG | Sat Jul 25 15:39:42 IST 2020 : Setting UI for files in bucket...
DEBUG | Sat Jul 25 15:39:42 IST 2020 : Setting UI for files in bucket...
DEBUG | Sat Jul 25 15:39:43 IST 2020 : Setting UI for files in bucket...
DEBUG | Sat Jul 25 15:39:43 IST 2020 : Setting UI for files in bucket...
DEBUG | Sat Jul 25 15:39:44 IST 2020 : Setting UI for files in bucket...
DEBUG | Sat Jul 25 15:39:44 IST 2020 : Setting UI for files in bucket...
DEBUG | Sat Jul 25 15:39:45 IST 2020 : Setting UI for files in bucket...
DEBUG | Sat Jul 25 15:39:45 IST 2020 : Setting UI for files in bucket...
DEBUG | Sat Jul 25 15:39:46 IST 2020 : Setting UI for files in bucket...
DEBUG | Sat Jul 25 15:39:46 IST 2020 : Setting UI for files in bucket...
DEBUG | Sat Jul 25 15:39:47 IST 2020 : Setting UI for files in bucket...
DEBUG | Sat Jul 25 15:39:47 IST 2020 : Setting UI for files in bucket...
DEBUG | Sat Jul 25 15:39:48 IST 2020 : Setting UI for files in bucket...
DEBUG | Sat Jul 25 15:39:48 IST 2020 : Setting UI for files in bucket...
DEBUG | Sat Jul 25 15:39:49 IST 2020 : Setting UI for files in bucket...
DEBUG | Sat Jul 25 15:39:50 IST 2020 : Setting UI for files in bucket...
DEBUG | Sat Jul 25 15:39:50 IST 2020 : Setting UI for files in bucket...
DEBUG | Sat Jul 25 15:39:51 IST 2020 : Setting UI for files in bucket...
DEBUG | Sat Jul 25 15:39:51 IST 2020 : Setting UI for files in bucket...
DEBUG | Sat Jul 25 15:39:52 IST 2020 : Setting UI for files in bucket...
DEBUG | Sat Jul 25 15:39:52 IST 2020 : Setting UI for files in bucket...
DEBUG | Sat Jul 25 15:39:53 IST 2020 : Setting UI for files in bucket...
DEBUG | Sat Jul 25 15:39:53 IST 2020 : Setting UI for files in bucket...
DEBUG | Sat Jul 25 15:39:54 IST 2020 : Setting UI for files in bucket...
DEBUG | Sat Jul 25 15:39:54 IST 2020 : Setting UI for files in bucket...
DEBUG | Sat Jul 25 15:39:55 IST 2020 : Setting UI for files in bucket...
DEBUG | Sat Jul 25 15:39:55 IST 2020 : Setting UI for files in bucket...
DEBUG | Sat Jul 25 15:39:56 IST 2020 : Setting UI for files in bucket...
DEBUG | Sat Jul 25 15:39:56 IST 2020 : Setting UI for files in bucket...
DEBUG | Sat Jul 25 15:39:57 IST 2020 : Setting UI for files in bucket...
DEBUG | Sat Jul 25 15:39:57 IST 2020 : Setting UI for files in bucket...
DEBUG | Sat Jul 25 15:39:58 IST 2020 : Setting UI for files in bucket...
DEBUG | Sat Jul 25 15:39:58 IST 2020 : Setting UI for files in bucket...
DEBUG | Sat Jul 25 15:39:59 IST 2020 : Setting UI for files in bucket...
DEBUG | Sat Jul 25 15:39:59 IST 2020 : Setting UI for files in bucket...
DEBUG | Sat Jul 25 15:40:00 IST 2020 : Setting UI for files in bucket...
DEBUG | Sat Jul 25 15:40:00 IST 2020 : Setting UI for files in bucket...
DEBUG | Sat Jul 25 15:40:01 IST 2020 : Setting UI for files in bucket...
DEBUG | Sat Jul 25 15:40:01 IST 2020 : Setting UI for files in bucket...
DEBUG | Sat Jul 25 15:40:02 IST 2020 : Setting UI for files in bucket...
DEBUG | Sat Jul 25 15:40:02 IST 2020 : Setting UI for files in bucket...
DEBUG | Sat Jul 25 15:40:03 IST 2020 : Setting UI for files in bucket...
DEBUG | Sat Jul 25 15:40:03 IST 2020 : Setting UI for files in bucket...
DEBUG | Sat Jul 25 15:40:04 IST 2020 : Setting UI for files in bucket...
DEBUG | Sat Jul 25 15:40:04 IST 2020 : Setting UI for files in bucket...
DEBUG | Sat Jul 25 15:40:05 IST 2020 : Setting UI for files in bucket...
DEBUG | Sat Jul 25 15:40:05 IST 2020 : Setting UI for files in bucket...
DEBUG | Sat Jul 25 15:40:06 IST 2020 : Setting UI for files in bucket...
DEBUG | Sat Jul 25 15:40:06 IST 2020 : Setting UI for files in bucket...
DEBUG | Sat Jul 25 15:40:07 IST 2020 : Setting UI for files in bucket...
DEBUG | Sat Jul 25 15:40:08 IST 2020 : Setting UI for files in bucket...
DEBUG | Sat Jul 25 15:40:08 IST 2020 : Setting UI for files in bucket...
DEBUG | Sat Jul 25 15:40:09 IST 2020 : Setting UI for files in bucket...
DEBUG | Sat Jul 25 15:40:09 IST 2020 : Setting UI for files in bucket...
DEBUG | Sat Jul 25 15:40:10 IST 2020 : Setting UI for files in bucket...
DEBUG | Sat Jul 25 15:40:10 IST 2020 : Setting UI for files in bucket...
DEBUG | Sat Jul 25 15:40:11 IST 2020 : Setting UI for files in bucket...
DEBUG | Sat Jul 25 15:40:11 IST 2020 : Setting UI for files in bucket...
DEBUG | Sat Jul 25 15:40:12 IST 2020 : Setting UI for files in bucket...
DEBUG | Sat Jul 25 15:40:12 IST 2020 : Setting UI for files in bucket...
DEBUG | Sat Jul 25 15:40:13 IST 2020 : Setting UI for files in bucket...
DEBUG | Sat Jul 25 15:40:13 IST 2020 : Setting UI for files in bucket...
DEBUG | Sat Jul 25 15:40:14 IST 2020 : Setting UI for files in bucket...
DEBUG | Sat Jul 25 15:40:14 IST 2020 : Setting UI for files in bucket...
DEBUG | Sat Jul 25 15:40:15 IST 2020 : Setting UI for files in bucket...
DEBUG | Sat Jul 25 15:40:15 IST 2020 : Setting UI for files in bucket...
DEBUG | Sat Jul 25 15:40:16 IST 2020 : Setting UI for files in bucket...
DEBUG | Sat Jul 25 15:40:16 IST 2020 : Setting UI for files in bucket...
DEBUG | Sat Jul 25 15:40:17 IST 2020 : Setting UI for files in bucket...
DEBUG | Sat Jul 25 15:40:17 IST 2020 : Setting UI for files in bucket...
DEBUG | Sat Jul 25 15:40:18 IST 2020 : Setting UI for files in bucket...
DEBUG | Sat Jul 25 15:40:18 IST 2020 : Setting UI for files in bucket...
DEBUG | Sat Jul 25 15:40:19 IST 2020 : Setting UI for files in bucket...
DEBUG | Sat Jul 25 15:40:19 IST 2020 : Setting UI for files in bucket...
DEBUG | Sat Jul 25 15:40:20 IST 2020 : Setting UI for files in bucket...
DEBUG | Sat Jul 25 15:40:20 IST 2020 : Setting UI for files in bucket...
DEBUG | Sat Jul 25 15:40:21 IST 2020 : Setting UI for files in bucket...
DEBUG | Sat Jul 25 15:40:21 IST 2020 : Setting UI for files in bucket...
DEBUG | Sat Jul 25 15:40:22 IST 2020 : Setting UI for files in bucket...
DEBUG | Sat Jul 25 15:40:22 IST 2020 : Setting UI for files in bucket...
DEBUG | Sat Jul 25 15:40:23 IST 2020 : Setting UI for files in bucket...
DEBUG | Sat Jul 25 15:40:23 IST 2020 : Setting UI for files in bucket...
DEBUG | Sat Jul 25 15:40:24 IST 2020 : Setting UI for files in bucket...
DEBUG | Sat Jul 25 15:40:25 IST 2020 : Setting UI for files in bucket...
DEBUG | Sat Jul 25 15:40:25 IST 2020 : Setting UI for files in bucket...
DEBUG | Sat Jul 25 15:40:26 IST 2020 : Setting UI for files in bucket...
DEBUG | Sat Jul 25 15:40:26 IST 2020 : Setting UI for files in bucket...
DEBUG | Sat Jul 25 15:40:27 IST 2020 : Setting UI for files in bucket...
DEBUG | Sat Jul 25 15:40:27 IST 2020 : Setting UI for files in bucket...
DEBUG | Sat Jul 25 15:40:28 IST 2020 : Setting UI for files in bucket...
DEBUG | Sat Jul 25 15:40:28 IST 2020 : Setting UI for files in bucket...
DEBUG | Sat Jul 25 15:40:29 IST 2020 : Setting UI for files in bucket...
DEBUG | Sat Jul 25 15:40:29 IST 2020 : Setting UI for files in bucket...
DEBUG | Sat Jul 25 15:40:30 IST 2020 : Setting UI for files in bucket...
DEBUG | Sat Jul 25 15:40:30 IST 2020 : Setting UI for files in bucket...
DEBUG | Sat Jul 25 15:40:31 IST 2020 : Setting UI for files in bucket...
DEBUG | Sat Jul 25 15:40:31 IST 2020 : Setting UI for files in bucket...
DEBUG | Sat Jul 25 15:40:32 IST 2020 : Setting UI for files in bucket...
DEBUG | Sat Jul 25 15:40:32 IST 2020 : Setting UI for files in bucket...
DEBUG | Sat Jul 25 15:40:33 IST 2020 : Setting UI for files in bucket...
DEBUG | Sat Jul 25 15:40:33 IST 2020 : Setting UI for files in bucket...
DEBUG | Sat Jul 25 15:40:34 IST 2020 : Setting UI for files in bucket...
DEBUG | Sat Jul 25 15:40:34 IST 2020 : Setting UI for files in bucket...
DEBUG | Sat Jul 25 15:40:35 IST 2020 : Setting UI for files in bucket...
DEBUG | Sat Jul 25 15:40:35 IST 2020 : Setting UI for files in bucket...
DEBUG | Sat Jul 25 15:40:36 IST 2020 : Setting UI for files in bucket...
DEBUG | Sat Jul 25 15:40:36 IST 2020 : Setting UI for files in bucket...
DEBUG | Sat Jul 25 15:40:37 IST 2020 : Setting UI for files in bucket...
DEBUG | Sat Jul 25 15:40:37 IST 2020 : Setting UI for files in bucket...
DEBUG | Sat Jul 25 15:40:38 IST 2020 : Setting UI for files in bucket...
DEBUG | Sat Jul 25 15:40:38 IST 2020 : Setting UI for files in bucket...
DEBUG | Sat Jul 25 15:40:39 IST 2020 : Setting UI for files in bucket...
DEBUG | Sat Jul 25 15:40:39 IST 2020 : Setting UI for files in bucket...
DEBUG | Sat Jul 25 15:40:40 IST 2020 : Setting UI for files in bucket...
DEBUG | Sat Jul 25 15:40:40 IST 2020 : Setting UI for files in bucket...
DEBUG | Sat Jul 25 15:40:41 IST 2020 : Setting UI for files in bucket...
DEBUG | Sat Jul 25 15:40:42 IST 2020 : Setting UI for files in bucket...
DEBUG | Sat Jul 25 15:40:42 IST 2020 : Setting UI for files in bucket...
DEBUG | Sat Jul 25 15:40:43 IST 2020 : Setting UI for files in bucket...
DEBUG | Sat Jul 25 15:40:43 IST 2020 : Setting UI for files in bucket...
DEBUG | Sat Jul 25 15:40:44 IST 2020 : Setting UI for files in bucket...
DEBUG | Sat Jul 25 15:40:44 IST 2020 : Setting UI for files in bucket...
DEBUG | Sat Jul 25 15:40:45 IST 2020 : Setting UI for files in bucket...
DEBUG | Sat Jul 25 15:40:45 IST 2020 : Setting UI for files in bucket...
DEBUG | Sat Jul 25 15:40:46 IST 2020 : Setting UI for files in bucket...
DEBUG | Sat Jul 25 15:40:46 IST 2020 : Setting UI for files in bucket...
DEBUG | Sat Jul 25 15:40:47 IST 2020 : Setting UI for files in bucket...
DEBUG | Sat Jul 25 15:40:47 IST 2020 : Setting UI for files in bucket...
DEBUG | Sat Jul 25 15:40:48 IST 2020 : Setting UI for files in bucket...
DEBUG | Sat Jul 25 15:40:48 IST 2020 : Setting UI for files in bucket...
DEBUG | Sat Jul 25 15:40:49 IST 2020 : Setting UI for files in bucket...
DEBUG | Sat Jul 25 15:40:49 IST 2020 : Setting UI for files in bucket...
DEBUG | Sat Jul 25 15:40:50 IST 2020 : Setting UI for files in bucket...
DEBUG | Sat Jul 25 15:40:50 IST 2020 : Setting UI for files in bucket...
DEBUG | Sat Jul 25 15:40:51 IST 2020 : Setting UI for files in bucket...
DEBUG | Sat Jul 25 15:40:51 IST 2020 : Setting UI for files in bucket...
DEBUG | Sat Jul 25 15:40:52 IST 2020 : Setting UI for files in bucket...
DEBUG | Sat Jul 25 15:40:52 IST 2020 : Setting UI for files in bucket...
DEBUG | Sat Jul 25 15:40:53 IST 2020 : Setting UI for files in bucket...
DEBUG | Sat Jul 25 15:40:53 IST 2020 : Setting UI for files in bucket...
DEBUG | Sat Jul 25 15:40:54 IST 2020 : Setting UI for files in bucket...
DEBUG | Sat Jul 25 15:40:54 IST 2020 : Setting UI for files in bucket...
DEBUG | Sat Jul 25 15:40:55 IST 2020 : Setting UI for files in bucket...
DEBUG | Sat Jul 25 15:40:55 IST 2020 : Setting UI for files in bucket...
DEBUG | Sat Jul 25 15:40:56 IST 2020 : Setting UI for files in bucket...
DEBUG | Sat Jul 25 15:40:56 IST 2020 : Setting UI for files in bucket...
DEBUG | Sat Jul 25 15:40:57 IST 2020 : Setting UI for files in bucket...
DEBUG | Sat Jul 25 15:40:57 IST 2020 : Setting UI for files in bucket...
DEBUG | Sat Jul 25 15:40:58 IST 2020 : Setting UI for files in bucket...
DEBUG | Sat Jul 25 15:40:58 IST 2020 : Setting UI for files in bucket...
DEBUG | Sat Jul 25 15:40:59 IST 2020 : Setting UI for files in bucket...
DEBUG | Sat Jul 25 15:41:00 IST 2020 : Setting UI for files in bucket...
DEBUG | Sat Jul 25 15:41:00 IST 2020 : Setting UI for files in bucket...
DEBUG | Sat Jul 25 15:41:01 IST 2020 : Setting UI for files in bucket...
DEBUG | Sat Jul 25 15:41:01 IST 2020 : Setting UI for files in bucket...
DEBUG | Sat Jul 25 15:41:02 IST 2020 : Setting UI for files in bucket...
DEBUG | Sat Jul 25 15:41:02 IST 2020 : Setting UI for files in bucket...
DEBUG | Sat Jul 25 15:41:03 IST 2020 : Setting UI for files in bucket...
DEBUG | Sat Jul 25 15:41:03 IST 2020 : Setting UI for files in bucket...
DEBUG | Sat Jul 25 15:41:04 IST 2020 : Setting UI for files in bucket...
DEBUG | Sat Jul 25 15:41:04 IST 2020 : Setting UI for files in bucket...
DEBUG | Sat Jul 25 15:41:05 IST 2020 : Setting UI for files in bucket...
DEBUG | Sat Jul 25 15:41:05 IST 2020 : Setting UI for files in bucket...
DEBUG | Sat Jul 25 15:41:06 IST 2020 : Setting UI for files in bucket...
DEBUG | Sat Jul 25 15:41:06 IST 2020 : Setting UI for files in bucket...
DEBUG | Sat Jul 25 15:41:07 IST 2020 : Setting UI for files in bucket...
DEBUG | Sat Jul 25 15:41:07 IST 2020 : Setting UI for files in bucket...
DEBUG | Sat Jul 25 15:41:08 IST 2020 : Setting UI for files in bucket...
DEBUG | Sat Jul 25 15:41:08 IST 2020 : Setting UI for files in bucket...
DEBUG | Sat Jul 25 15:41:09 IST 2020 : Setting UI for files in bucket...
DEBUG | Sat Jul 25 15:41:09 IST 2020 : Setting UI for files in bucket...
DEBUG | Sat Jul 25 15:41:10 IST 2020 : Setting UI for files in bucket...
DEBUG | Sat Jul 25 15:41:10 IST 2020 : Setting UI for files in bucket...
DEBUG | Sat Jul 25 15:41:11 IST 2020 : Setting UI for files in bucket...
DEBUG | Sat Jul 25 15:41:11 IST 2020 : Setting UI for files in bucket...
DEBUG | Sat Jul 25 15:41:12 IST 2020 : Setting UI for files in bucket...
DEBUG | Sat Jul 25 15:41:12 IST 2020 : Setting UI for files in bucket...
DEBUG | Sat Jul 25 15:41:13 IST 2020 : Setting UI for files in bucket...
DEBUG | Sat Jul 25 15:41:13 IST 2020 : Setting UI for files in bucket...
DEBUG | Sat Jul 25 15:41:14 IST 2020 : Setting UI for files in bucket...
DEBUG | Sat Jul 25 15:41:14 IST 2020 : Setting UI for files in bucket...
DEBUG | Sat Jul 25 15:41:15 IST 2020 : Setting UI for files in bucket...
DEBUG | Sat Jul 25 15:41:15 IST 2020 : Setting UI for files in bucket...
DEBUG | Sat Jul 25 15:41:16 IST 2020 : Setting UI for files in bucket...
DEBUG | Sat Jul 25 15:41:17 IST 2020 : Setting UI for files in bucket...
DEBUG | Sat Jul 25 15:41:17 IST 2020 : Setting UI for files in bucket...
DEBUG | Sat Jul 25 15:41:18 IST 2020 : Setting UI for files in bucket...
DEBUG | Sat Jul 25 15:41:18 IST 2020 : Setting UI for files in bucket...
DEBUG | Sat Jul 25 15:41:19 IST 2020 : Setting UI for files in bucket...
DEBUG | Sat Jul 25 15:41:19 IST 2020 : Setting UI for files in bucket...
DEBUG | Sat Jul 25 15:41:20 IST 2020 : Setting UI for files in bucket...
DEBUG | Sat Jul 25 15:41:20 IST 2020 : Setting UI for files in bucket...
DEBUG | Sat Jul 25 15:41:21 IST 2020 : Setting UI for files in bucket...
DEBUG | Sat Jul 25 15:41:21 IST 2020 : Setting UI for files in bucket...
DEBUG | Sat Jul 25 15:41:22 IST 2020 : Setting UI for files in bucket...
DEBUG | Sat Jul 25 15:41:22 IST 2020 : Setting UI for files in bucket...
DEBUG | Sat Jul 25 15:41:23 IST 2020 : Setting UI for files in bucket...
DEBUG | Sat Jul 25 15:41:23 IST 2020 : Setting UI for files in bucket...
DEBUG | Sat Jul 25 15:41:24 IST 2020 : Setting UI for files in bucket...
DEBUG | Sat Jul 25 15:41:24 IST 2020 : Setting UI for files in bucket...
DEBUG | Sat Jul 25 15:41:25 IST 2020 : Setting UI for files in bucket...
DEBUG | Sat Jul 25 15:41:25 IST 2020 : Setting UI for files in bucket...
DEBUG | Sat Jul 25 15:41:26 IST 2020 : Setting UI for files in bucket...
DEBUG | Sat Jul 25 15:41:26 IST 2020 : Setting UI for files in bucket...
DEBUG | Sat Jul 25 15:41:27 IST 2020 : Setting UI for files in bucket...
DEBUG | Sat Jul 25 15:41:27 IST 2020 : Setting UI for files in bucket...
DEBUG | Sat Jul 25 15:41:28 IST 2020 : Setting UI for files in bucket...
DEBUG | Sat Jul 25 15:41:28 IST 2020 : Setting UI for files in bucket...
DEBUG | Sat Jul 25 15:41:29 IST 2020 : Setting UI for files in bucket...
DEBUG | Sat Jul 25 15:41:29 IST 2020 : Setting UI for files in bucket...
DEBUG | Sat Jul 25 15:41:30 IST 2020 : Setting UI for files in bucket...
DEBUG | Sat Jul 25 15:41:30 IST 2020 : Setting UI for files in bucket...
DEBUG | Sat Jul 25 15:41:31 IST 2020 : Setting UI for files in bucket...
DEBUG | Sat Jul 25 15:41:31 IST 2020 : Setting UI for files in bucket...
DEBUG | Sat Jul 25 15:41:32 IST 2020 : Setting UI for files in bucket...
DEBUG | Sat Jul 25 15:41:32 IST 2020 : Setting UI for files in bucket...
DEBUG | Sat Jul 25 15:41:33 IST 2020 : Setting UI for files in bucket...
DEBUG | Sat Jul 25 15:41:34 IST 2020 : Setting UI for files in bucket...
DEBUG | Sat Jul 25 15:41:34 IST 2020 : Setting UI for files in bucket...
DEBUG | Sat Jul 25 15:41:35 IST 2020 : Setting UI for files in bucket...
DEBUG | Sat Jul 25 15:41:35 IST 2020 : Setting UI for files in bucket...
DEBUG | Sat Jul 25 15:41:36 IST 2020 : Setting UI for files in bucket...
DEBUG | Sat Jul 25 15:41:36 IST 2020 : Setting UI for files in bucket...
DEBUG | Sat Jul 25 15:41:37 IST 2020 : Setting UI for files in bucket...
DEBUG | Sat Jul 25 15:41:37 IST 2020 : Setting UI for files in bucket...
DEBUG | Sat Jul 25 15:41:38 IST 2020 : Setting UI for files in bucket...
DEBUG | Sat Jul 25 15:41:38 IST 2020 : Setting UI for files in bucket...
DEBUG | Sat Jul 25 15:41:39 IST 2020 : Setting UI for files in bucket...
DEBUG | Sat Jul 25 15:41:39 IST 2020 : Setting UI for files in bucket...
DEBUG | Sat Jul 25 15:41:40 IST 2020 : Setting UI for files in bucket...
DEBUG | Sat Jul 25 15:41:40 IST 2020 : Setting UI for files in bucket...
DEBUG | Sat Jul 25 15:41:41 IST 2020 : Setting UI for files in bucket...
DEBUG | Sat Jul 25 15:41:41 IST 2020 : Setting UI for files in bucket...
DEBUG | Sat Jul 25 15:41:42 IST 2020 : Setting UI for files in bucket...
DEBUG | Sat Jul 25 15:41:42 IST 2020 : Setting UI for files in bucket...
DEBUG | Sat Jul 25 15:41:43 IST 2020 : Setting UI for files in bucket...
DEBUG | Sat Jul 25 15:41:43 IST 2020 : Setting UI for files in bucket...
DEBUG | Sat Jul 25 15:41:44 IST 2020 : Setting UI for files in bucket...
DEBUG | Sat Jul 25 15:41:44 IST 2020 : Setting UI for files in bucket...
DEBUG | Sat Jul 25 15:41:45 IST 2020 : Setting UI for files in bucket...
DEBUG | Sat Jul 25 15:41:45 IST 2020 : Setting UI for files in bucket...
DEBUG | Sat Jul 25 15:41:46 IST 2020 : Setting UI for files in bucket...
DEBUG | Sat Jul 25 15:41:46 IST 2020 : Setting UI for files in bucket...
DEBUG | Sat Jul 25 15:41:47 IST 2020 : Setting UI for files in bucket...
DEBUG | Sat Jul 25 15:41:47 IST 2020 : Setting UI for files in bucket...
DEBUG | Sat Jul 25 15:41:48 IST 2020 : Setting UI for files in bucket...
DEBUG | Sat Jul 25 15:41:48 IST 2020 : Setting UI for files in bucket...
DEBUG | Sat Jul 25 15:41:49 IST 2020 : Setting UI for files in bucket...
DEBUG | Sat Jul 25 15:41:49 IST 2020 : Setting UI for files in bucket...
DEBUG | Sat Jul 25 15:41:50 IST 2020 : Setting UI for files in bucket...
DEBUG | Sat Jul 25 15:41:50 IST 2020 : Setting UI for files in bucket...
DEBUG | Sat Jul 25 15:41:51 IST 2020 : Setting UI for files in bucket...
DEBUG | Sat Jul 25 15:41:52 IST 2020 : Setting UI for files in bucket...
DEBUG | Sat Jul 25 15:41:52 IST 2020 : Setting UI for files in bucket...
DEBUG | Sat Jul 25 15:41:53 IST 2020 : Setting UI for files in bucket...
DEBUG | Sat Jul 25 15:41:53 IST 2020 : Setting UI for files in bucket...
DEBUG | Sat Jul 25 15:41:54 IST 2020 : Setting UI for files in bucket...
DEBUG | Sat Jul 25 15:41:54 IST 2020 : Setting UI for files in bucket...
DEBUG | Sat Jul 25 15:41:55 IST 2020 : Setting UI for files in bucket...
DEBUG | Sat Jul 25 15:41:55 IST 2020 : Setting UI for files in bucket...
DEBUG | Sat Jul 25 15:41:56 IST 2020 : Setting UI for files in bucket...
DEBUG | Sat Jul 25 15:41:56 IST 2020 : Setting UI for files in bucket...
DEBUG | Sat Jul 25 15:41:57 IST 2020 : Setting UI for files in bucket...
DEBUG | Sat Jul 25 15:41:57 IST 2020 : Setting UI for files in bucket...
DEBUG | Sat Jul 25 15:41:58 IST 2020 : Setting UI for files in bucket...
DEBUG | Sat Jul 25 15:41:58 IST 2020 : Setting UI for files in bucket...
DEBUG | Sat Jul 25 15:41:59 IST 2020 : Setting UI for files in bucket...
DEBUG | Sat Jul 25 15:41:59 IST 2020 : Setting UI for files in bucket...
DEBUG | Sat Jul 25 15:42:00 IST 2020 : Setting UI for files in bucket...
INFO  | Sat Jul 25 15:42:00 IST 2020 : Renaming and copying file i.e. copying file with a different name
DEBUG | Sat Jul 25 15:42:00 IST 2020 : Setting UI for files in bucket...
DEBUG | Sat Jul 25 15:42:00 IST 2020 : Copying the file using nio.Files.copy() method.
DEBUG | Sat Jul 25 15:42:00 IST 2020 : Setting UI for files in bucket...
DEBUG | Sat Jul 25 15:42:01 IST 2020 : Setting UI for files in bucket...
DEBUG | Sat Jul 25 15:42:01 IST 2020 : Setting UI for files in bucket...
DEBUG | Sat Jul 25 15:42:02 IST 2020 : Setting UI for files in bucket...
DEBUG | Sat Jul 25 15:42:02 IST 2020 : Setting UI for files in bucket...
DEBUG | Sat Jul 25 15:42:03 IST 2020 : Copy completed: 1.bmp
DEBUG | Sat Jul 25 15:42:03 IST 2020 : 1.bmp : Data integrity check passed.
INFO  | Sat Jul 25 15:42:03 IST 2020 : 2 of 6 copied
DEBUG | Sat Jul 25 15:42:03 IST 2020 : Setting UI for files in bucket...
----------------------------------------------
DEBUG | Sat Jul 25 15:42:03 IST 2020 : Setting UI for files in bucket...
INFO  | Sat Jul 25 15:42:03 IST 2020 : The file already exists in destination : C:\Users\user\Desktop\src\set-5\2.bmp
WARN  | Sat Jul 25 15:42:03 IST 2020 : Same named file exists : 2.bmp
WARN  | Sat Jul 25 15:42:03 IST 2020 : Overwriting existing file
DEBUG | Sat Jul 25 15:42:03 IST 2020 : Setting UI for files in bucket...
DEBUG | Sat Jul 25 15:42:03 IST 2020 : Copying the file using nio.Files.copy() method.
DEBUG | Sat Jul 25 15:42:03 IST 2020 : Setting UI for files in bucket...
DEBUG | Sat Jul 25 15:42:03 IST 2020 : Setting UI for files in bucket...
DEBUG | Sat Jul 25 15:42:04 IST 2020 : Setting UI for files in bucket...
DEBUG | Sat Jul 25 15:42:04 IST 2020 : Setting UI for files in bucket...
DEBUG | Sat Jul 25 15:42:05 IST 2020 : Setting UI for files in bucket...
DEBUG | Sat Jul 25 15:42:05 IST 2020 : Setting UI for files in bucket...
DEBUG | Sat Jul 25 15:42:06 IST 2020 : Copy completed: 2.bmp
DEBUG | Sat Jul 25 15:42:06 IST 2020 : 2.bmp : Data integrity check passed.
INFO  | Sat Jul 25 15:42:06 IST 2020 : 3 of 6 copied
DEBUG | Sat Jul 25 15:42:06 IST 2020 : Setting UI for files in bucket...
----------------------------------------------
DEBUG | Sat Jul 25 15:42:06 IST 2020 : Setting UI for files in bucket...
INFO  | Sat Jul 25 15:42:06 IST 2020 : The file already exists in destination : C:\Users\user\Desktop\src\set-4\2.bmp
DEBUG | Sat Jul 25 15:42:06 IST 2020 : The file has been recently copied here. So apply duplicate source file rules.
INFO  | Sat Jul 25 15:42:06 IST 2020 : Ask user what to do about this particular file: 2.bmp
DEBUG | Sat Jul 25 15:42:06 IST 2020 : Setting UI for files in bucket...
DEBUG | Sat Jul 25 15:42:06 IST 2020 : Setting UI for files in bucket...
DEBUG | Sat Jul 25 15:42:07 IST 2020 : Setting UI for files in bucket...
DEBUG | Sat Jul 25 15:42:07 IST 2020 : Setting UI for files in bucket...
DEBUG | Sat Jul 25 15:42:08 IST 2020 : Setting UI for files in bucket...
INFO  | Sat Jul 25 15:42:08 IST 2020 : Renaming and copying file i.e. copying file with a different name
DEBUG | Sat Jul 25 15:42:08 IST 2020 : Setting UI for files in bucket...
DEBUG | Sat Jul 25 15:42:08 IST 2020 : Copying the file using nio.Files.copy() method.
DEBUG | Sat Jul 25 15:42:08 IST 2020 : Setting UI for files in bucket...
DEBUG | Sat Jul 25 15:42:09 IST 2020 : Setting UI for files in bucket...
DEBUG | Sat Jul 25 15:42:10 IST 2020 : Setting UI for files in bucket...
DEBUG | Sat Jul 25 15:42:10 IST 2020 : Setting UI for files in bucket...
DEBUG | Sat Jul 25 15:42:11 IST 2020 : Setting UI for files in bucket...
DEBUG | Sat Jul 25 15:42:11 IST 2020 : Copy completed: 2.bmp
DEBUG | Sat Jul 25 15:42:11 IST 2020 : 2.bmp : Data integrity check passed.
INFO  | Sat Jul 25 15:42:11 IST 2020 : 4 of 6 copied
DEBUG | Sat Jul 25 15:42:11 IST 2020 : Setting UI for files in bucket...
----------------------------------------------
DEBUG | Sat Jul 25 15:42:11 IST 2020 : Setting UI for files in bucket...
INFO  | Sat Jul 25 15:42:11 IST 2020 : The file already exists in destination : C:\Users\user\Desktop\src\set-5\3.bmp
WARN  | Sat Jul 25 15:42:11 IST 2020 : Same named file exists : 3.bmp
WARN  | Sat Jul 25 15:42:11 IST 2020 : Overwriting existing file
DEBUG | Sat Jul 25 15:42:11 IST 2020 : Setting UI for files in bucket...
DEBUG | Sat Jul 25 15:42:11 IST 2020 : Copying the file using nio.Files.copy() method.
DEBUG | Sat Jul 25 15:42:11 IST 2020 : Setting UI for files in bucket...
DEBUG | Sat Jul 25 15:42:12 IST 2020 : Setting UI for files in bucket...
DEBUG | Sat Jul 25 15:42:12 IST 2020 : Setting UI for files in bucket...
DEBUG | Sat Jul 25 15:42:13 IST 2020 : Setting UI for files in bucket...
DEBUG | Sat Jul 25 15:42:13 IST 2020 : Setting UI for files in bucket...
DEBUG | Sat Jul 25 15:42:14 IST 2020 : Setting UI for files in bucket...
DEBUG | Sat Jul 25 15:42:14 IST 2020 : Copy completed: 3.bmp
DEBUG | Sat Jul 25 15:42:14 IST 2020 : 3.bmp : Data integrity check passed.
INFO  | Sat Jul 25 15:42:14 IST 2020 : 5 of 6 copied
DEBUG | Sat Jul 25 15:42:14 IST 2020 : Setting UI for files in bucket...
----------------------------------------------
DEBUG | Sat Jul 25 15:42:14 IST 2020 : Setting UI for files in bucket...
INFO  | Sat Jul 25 15:42:14 IST 2020 : The file already exists in destination : C:\Users\user\Desktop\src\set-4\3.bmp
DEBUG | Sat Jul 25 15:42:14 IST 2020 : The file has been recently copied here. So apply duplicate source file rules.
INFO  | Sat Jul 25 15:42:14 IST 2020 : Ask user what to do about this particular file: 3.bmp
DEBUG | Sat Jul 25 15:42:14 IST 2020 : Setting UI for files in bucket...
DEBUG | Sat Jul 25 15:42:15 IST 2020 : Setting UI for files in bucket...
DEBUG | Sat Jul 25 15:42:15 IST 2020 : Setting UI for files in bucket...
INFO  | Sat Jul 25 15:42:15 IST 2020 : Renaming and copying file i.e. copying file with a different name
DEBUG | Sat Jul 25 15:42:15 IST 2020 : Setting UI for files in bucket...
DEBUG | Sat Jul 25 15:42:15 IST 2020 : Copying the file using nio.Files.copy() method.
DEBUG | Sat Jul 25 15:42:16 IST 2020 : Setting UI for files in bucket...
DEBUG | Sat Jul 25 15:42:16 IST 2020 : Setting UI for files in bucket...
DEBUG | Sat Jul 25 15:42:17 IST 2020 : Setting UI for files in bucket...
DEBUG | Sat Jul 25 15:42:17 IST 2020 : Setting UI for files in bucket...
DEBUG | Sat Jul 25 15:42:18 IST 2020 : Setting UI for files in bucket...
DEBUG | Sat Jul 25 15:42:18 IST 2020 : Setting UI for files in bucket...
DEBUG | Sat Jul 25 15:42:18 IST 2020 : Copy completed: 3.bmp
DEBUG | Sat Jul 25 15:42:18 IST 2020 : 3.bmp : Data integrity check passed.
INFO  | Sat Jul 25 15:42:18 IST 2020 : 6 of 6 copied
DEBUG | Sat Jul 25 15:42:18 IST 2020 : Setting UI for files in bucket...
DEBUG | Sat Jul 25 15:42:18 IST 2020 : Setting UI for files in bucket...
DEBUG | Sat Jul 25 15:42:18 IST 2020 : Setting UI for files in bucket...
