Session Id: 20206-201737
DEBUG | Fri Jul 24 20:17:37 IST 2020 : Services initiated
DEBUG | Fri Jul 24 20:17:42 IST 2020 : Setting UI for files in bucket...
DEBUG | Fri Jul 24 20:17:53 IST 2020 : Overwrite strategy decided : 
DEBUG | Fri Jul 24 20:17:53 IST 2020 : OVERWRITE_DIFFERENT_SIZE_OLDER_DATE : false
DEBUG | Fri Jul 24 20:17:53 IST 2020 : OVERWRITE_SAME_SIZE_OLDER_DATE : false
DEBUG | Fri Jul 24 20:17:53 IST 2020 : OVERWRITE_DIFFERENT_SIZE_LATEST_DATE : false
DEBUG | Fri Jul 24 20:17:53 IST 2020 : OVERWRITE_SAME_SIZE_LATEST_DATE : false
DEBUG | Fri Jul 24 20:17:53 IST 2020 : OVERWRITE_DIFFERENT_SIZE_SAME_DATE : false
DEBUG | Fri Jul 24 20:17:53 IST 2020 : OVERWRITE_SAME_SIZE_SAME_DATE : false
DEBUG | Fri Jul 24 20:17:53 IST 2020 : RENAME_SKIPPED_FILES : false
DEBUG | Fri Jul 24 20:17:53 IST 2020 : ASK_FOR_EACH_FILE : true
DEBUG | Fri Jul 24 20:17:53 IST 2020 : COPY_MULTIPLE_FILES_TO_SAME_PATH__ASK_FOR_EACH_FILE : true
DEBUG | Fri Jul 24 20:17:53 IST 2020 : COPY_MULTIPLE_FILES_TO_SAME_PATH__RENAME_AND_COPY : false
DEBUG | Fri Jul 24 20:17:53 IST 2020 : COPY_MULTIPLE_FILES_TO_SAME_PATH__RENAME_AND_COPY_IF_DISTINCT : false
DEBUG | Fri Jul 24 20:17:53 IST 2020 : COPY_MULTIPLE_FILES_TO_SAME_PATH__COPY_IF_LATEST : false
INFO  | Fri Jul 24 20:17:53 IST 2020 : Copying 168 files.
--------------------------------------------------------------------------------
INFO  | Fri Jul 24 20:17:53 IST 2020 : 0 of 168 copied
DEBUG | Fri Jul 24 20:17:53 IST 2020 : Setting UI for files in bucket...
----------------------------------------------
DEBUG | Fri Jul 24 20:17:53 IST 2020 : Setting UI for files in bucket...
INFO  | Fri Jul 24 20:17:53 IST 2020 : Skipping the file as same file already exists in destination.
INFO  | Fri Jul 24 20:17:53 IST 2020 : 1 of 168 copied
DEBUG | Fri Jul 24 20:17:53 IST 2020 : Setting UI for files in bucket...
----------------------------------------------
DEBUG | Fri Jul 24 20:17:53 IST 2020 : Setting UI for files in bucket...
INFO  | Fri Jul 24 20:17:53 IST 2020 : Skipping the file as same file already exists in destination.
INFO  | Fri Jul 24 20:17:53 IST 2020 : 2 of 168 copied
DEBUG | Fri Jul 24 20:17:53 IST 2020 : Setting UI for files in bucket...
----------------------------------------------
DEBUG | Fri Jul 24 20:17:53 IST 2020 : Setting UI for files in bucket...
INFO  | Fri Jul 24 20:17:53 IST 2020 : Skipping the file as same file already exists in destination.
INFO  | Fri Jul 24 20:17:53 IST 2020 : 3 of 168 copied
DEBUG | Fri Jul 24 20:17:53 IST 2020 : Setting UI for files in bucket...
----------------------------------------------
DEBUG | Fri Jul 24 20:17:53 IST 2020 : Setting UI for files in bucket...
INFO  | Fri Jul 24 20:17:53 IST 2020 : Skipping the file as same file already exists in destination.
INFO  | Fri Jul 24 20:17:53 IST 2020 : 4 of 168 copied
DEBUG | Fri Jul 24 20:17:53 IST 2020 : Setting UI for files in bucket...
----------------------------------------------
DEBUG | Fri Jul 24 20:17:53 IST 2020 : Setting UI for files in bucket...
INFO  | Fri Jul 24 20:17:53 IST 2020 : Skipping the file as same file already exists in destination.
INFO  | Fri Jul 24 20:17:53 IST 2020 : 5 of 168 copied
DEBUG | Fri Jul 24 20:17:53 IST 2020 : Setting UI for files in bucket...
----------------------------------------------
DEBUG | Fri Jul 24 20:17:53 IST 2020 : Setting UI for files in bucket...
INFO  | Fri Jul 24 20:17:53 IST 2020 : Skipping the file as same file already exists in destination.
INFO  | Fri Jul 24 20:17:53 IST 2020 : 6 of 168 copied
DEBUG | Fri Jul 24 20:17:53 IST 2020 : Setting UI for files in bucket...
----------------------------------------------
DEBUG | Fri Jul 24 20:17:53 IST 2020 : Setting UI for files in bucket...
INFO  | Fri Jul 24 20:17:53 IST 2020 : Skipping the file as same file already exists in destination.
INFO  | Fri Jul 24 20:17:53 IST 2020 : 7 of 168 copied
DEBUG | Fri Jul 24 20:17:53 IST 2020 : Setting UI for files in bucket...
----------------------------------------------
DEBUG | Fri Jul 24 20:17:53 IST 2020 : Setting UI for files in bucket...
INFO  | Fri Jul 24 20:17:53 IST 2020 : Skipping the file as same file already exists in destination.
INFO  | Fri Jul 24 20:17:53 IST 2020 : 8 of 168 copied
DEBUG | Fri Jul 24 20:17:53 IST 2020 : Setting UI for files in bucket...
----------------------------------------------
DEBUG | Fri Jul 24 20:17:53 IST 2020 : Setting UI for files in bucket...
INFO  | Fri Jul 24 20:17:53 IST 2020 : Skipping the file as same file already exists in destination.
INFO  | Fri Jul 24 20:17:53 IST 2020 : 9 of 168 copied
DEBUG | Fri Jul 24 20:17:53 IST 2020 : Setting UI for files in bucket...
----------------------------------------------
DEBUG | Fri Jul 24 20:17:53 IST 2020 : Setting UI for files in bucket...
INFO  | Fri Jul 24 20:17:53 IST 2020 : Skipping the file as same file already exists in destination.
INFO  | Fri Jul 24 20:17:53 IST 2020 : 10 of 168 copied
DEBUG | Fri Jul 24 20:17:53 IST 2020 : Setting UI for files in bucket...
----------------------------------------------
DEBUG | Fri Jul 24 20:17:53 IST 2020 : Setting UI for files in bucket...
INFO  | Fri Jul 24 20:17:53 IST 2020 : Skipping the file as same file already exists in destination.
INFO  | Fri Jul 24 20:17:53 IST 2020 : 11 of 168 copied
DEBUG | Fri Jul 24 20:17:53 IST 2020 : Setting UI for files in bucket...
----------------------------------------------
DEBUG | Fri Jul 24 20:17:53 IST 2020 : Setting UI for files in bucket...
INFO  | Fri Jul 24 20:17:53 IST 2020 : Skipping the file as same file already exists in destination.
INFO  | Fri Jul 24 20:17:53 IST 2020 : 12 of 168 copied
DEBUG | Fri Jul 24 20:17:53 IST 2020 : Setting UI for files in bucket...
----------------------------------------------
DEBUG | Fri Jul 24 20:17:53 IST 2020 : Setting UI for files in bucket...
INFO  | Fri Jul 24 20:17:53 IST 2020 : Skipping the file as same file already exists in destination.
INFO  | Fri Jul 24 20:17:53 IST 2020 : 13 of 168 copied
DEBUG | Fri Jul 24 20:17:53 IST 2020 : Setting UI for files in bucket...
----------------------------------------------
DEBUG | Fri Jul 24 20:17:53 IST 2020 : Setting UI for files in bucket...
INFO  | Fri Jul 24 20:17:53 IST 2020 : Skipping the file as same file already exists in destination.
INFO  | Fri Jul 24 20:17:53 IST 2020 : 14 of 168 copied
DEBUG | Fri Jul 24 20:17:53 IST 2020 : Setting UI for files in bucket...
----------------------------------------------
DEBUG | Fri Jul 24 20:17:53 IST 2020 : Setting UI for files in bucket...
INFO  | Fri Jul 24 20:17:53 IST 2020 : Skipping the file as same file already exists in destination.
INFO  | Fri Jul 24 20:17:53 IST 2020 : 15 of 168 copied
DEBUG | Fri Jul 24 20:17:53 IST 2020 : Setting UI for files in bucket...
----------------------------------------------
DEBUG | Fri Jul 24 20:17:53 IST 2020 : Setting UI for files in bucket...
INFO  | Fri Jul 24 20:17:53 IST 2020 : Skipping the file as same file already exists in destination.
INFO  | Fri Jul 24 20:17:53 IST 2020 : 16 of 168 copied
DEBUG | Fri Jul 24 20:17:53 IST 2020 : Setting UI for files in bucket...
----------------------------------------------
DEBUG | Fri Jul 24 20:17:53 IST 2020 : Setting UI for files in bucket...
INFO  | Fri Jul 24 20:17:53 IST 2020 : Skipping the file as same file already exists in destination.
INFO  | Fri Jul 24 20:17:53 IST 2020 : 17 of 168 copied
DEBUG | Fri Jul 24 20:17:53 IST 2020 : Setting UI for files in bucket...
----------------------------------------------
DEBUG | Fri Jul 24 20:17:53 IST 2020 : Setting UI for files in bucket...
INFO  | Fri Jul 24 20:17:53 IST 2020 : Skipping the file as same file already exists in destination.
INFO  | Fri Jul 24 20:17:53 IST 2020 : 18 of 168 copied
DEBUG | Fri Jul 24 20:17:53 IST 2020 : Setting UI for files in bucket...
----------------------------------------------
DEBUG | Fri Jul 24 20:17:53 IST 2020 : Setting UI for files in bucket...
INFO  | Fri Jul 24 20:17:53 IST 2020 : Skipping the file as same file already exists in destination.
INFO  | Fri Jul 24 20:17:53 IST 2020 : 19 of 168 copied
DEBUG | Fri Jul 24 20:17:53 IST 2020 : Setting UI for files in bucket...
----------------------------------------------
DEBUG | Fri Jul 24 20:17:53 IST 2020 : Setting UI for files in bucket...
INFO  | Fri Jul 24 20:17:53 IST 2020 : Skipping the file as same file already exists in destination.
INFO  | Fri Jul 24 20:17:53 IST 2020 : 20 of 168 copied
DEBUG | Fri Jul 24 20:17:53 IST 2020 : Setting UI for files in bucket...
----------------------------------------------
DEBUG | Fri Jul 24 20:17:53 IST 2020 : Setting UI for files in bucket...
INFO  | Fri Jul 24 20:17:53 IST 2020 : Skipping the file as same file already exists in destination.
INFO  | Fri Jul 24 20:17:53 IST 2020 : 21 of 168 copied
DEBUG | Fri Jul 24 20:17:53 IST 2020 : Setting UI for files in bucket...
----------------------------------------------
DEBUG | Fri Jul 24 20:17:53 IST 2020 : Setting UI for files in bucket...
DEBUG | Fri Jul 24 20:17:53 IST 2020 : Setting UI for files in bucket...
INFO  | Fri Jul 24 20:17:53 IST 2020 : Skipping the file as same file already exists in destination.
INFO  | Fri Jul 24 20:17:53 IST 2020 : 22 of 168 copied
DEBUG | Fri Jul 24 20:17:53 IST 2020 : Setting UI for files in bucket...
----------------------------------------------
DEBUG | Fri Jul 24 20:17:53 IST 2020 : Setting UI for files in bucket...
INFO  | Fri Jul 24 20:17:53 IST 2020 : Skipping the file as same file already exists in destination.
INFO  | Fri Jul 24 20:17:53 IST 2020 : 23 of 168 copied
DEBUG | Fri Jul 24 20:17:53 IST 2020 : Setting UI for files in bucket...
----------------------------------------------
DEBUG | Fri Jul 24 20:17:53 IST 2020 : Setting UI for files in bucket...
INFO  | Fri Jul 24 20:17:53 IST 2020 : Skipping the file as same file already exists in destination.
INFO  | Fri Jul 24 20:17:53 IST 2020 : 24 of 168 copied
DEBUG | Fri Jul 24 20:17:53 IST 2020 : Setting UI for files in bucket...
----------------------------------------------
DEBUG | Fri Jul 24 20:17:53 IST 2020 : Setting UI for files in bucket...
INFO  | Fri Jul 24 20:17:53 IST 2020 : Skipping the file as same file already exists in destination.
INFO  | Fri Jul 24 20:17:53 IST 2020 : 25 of 168 copied
DEBUG | Fri Jul 24 20:17:53 IST 2020 : Setting UI for files in bucket...
----------------------------------------------
DEBUG | Fri Jul 24 20:17:53 IST 2020 : Setting UI for files in bucket...
INFO  | Fri Jul 24 20:17:53 IST 2020 : Skipping the file as same file already exists in destination.
INFO  | Fri Jul 24 20:17:53 IST 2020 : 26 of 168 copied
DEBUG | Fri Jul 24 20:17:53 IST 2020 : Setting UI for files in bucket...
----------------------------------------------
DEBUG | Fri Jul 24 20:17:53 IST 2020 : Setting UI for files in bucket...
INFO  | Fri Jul 24 20:17:53 IST 2020 : Skipping the file as same file already exists in destination.
INFO  | Fri Jul 24 20:17:53 IST 2020 : 27 of 168 copied
DEBUG | Fri Jul 24 20:17:53 IST 2020 : Setting UI for files in bucket...
----------------------------------------------
DEBUG | Fri Jul 24 20:17:53 IST 2020 : Setting UI for files in bucket...
INFO  | Fri Jul 24 20:17:53 IST 2020 : Skipping the file as same file already exists in destination.
INFO  | Fri Jul 24 20:17:53 IST 2020 : 28 of 168 copied
DEBUG | Fri Jul 24 20:17:53 IST 2020 : Setting UI for files in bucket...
----------------------------------------------
DEBUG | Fri Jul 24 20:17:53 IST 2020 : Setting UI for files in bucket...
INFO  | Fri Jul 24 20:17:53 IST 2020 : Skipping the file as same file already exists in destination.
INFO  | Fri Jul 24 20:17:53 IST 2020 : 29 of 168 copied
DEBUG | Fri Jul 24 20:17:53 IST 2020 : Setting UI for files in bucket...
----------------------------------------------
DEBUG | Fri Jul 24 20:17:53 IST 2020 : Setting UI for files in bucket...
INFO  | Fri Jul 24 20:17:53 IST 2020 : Skipping the file as same file already exists in destination.
INFO  | Fri Jul 24 20:17:53 IST 2020 : 30 of 168 copied
DEBUG | Fri Jul 24 20:17:53 IST 2020 : Setting UI for files in bucket...
----------------------------------------------
DEBUG | Fri Jul 24 20:17:53 IST 2020 : Setting UI for files in bucket...
INFO  | Fri Jul 24 20:17:53 IST 2020 : Skipping the file as same file already exists in destination.
INFO  | Fri Jul 24 20:17:53 IST 2020 : 31 of 168 copied
DEBUG | Fri Jul 24 20:17:53 IST 2020 : Setting UI for files in bucket...
----------------------------------------------
DEBUG | Fri Jul 24 20:17:53 IST 2020 : Setting UI for files in bucket...
INFO  | Fri Jul 24 20:17:53 IST 2020 : Skipping the file as same file already exists in destination.
INFO  | Fri Jul 24 20:17:53 IST 2020 : 32 of 168 copied
DEBUG | Fri Jul 24 20:17:53 IST 2020 : Setting UI for files in bucket...
----------------------------------------------
DEBUG | Fri Jul 24 20:17:53 IST 2020 : Setting UI for files in bucket...
INFO  | Fri Jul 24 20:17:53 IST 2020 : Skipping the file as same file already exists in destination.
INFO  | Fri Jul 24 20:17:53 IST 2020 : 33 of 168 copied
DEBUG | Fri Jul 24 20:17:53 IST 2020 : Setting UI for files in bucket...
----------------------------------------------
DEBUG | Fri Jul 24 20:17:53 IST 2020 : Setting UI for files in bucket...
INFO  | Fri Jul 24 20:17:53 IST 2020 : Skipping the file as same file already exists in destination.
INFO  | Fri Jul 24 20:17:53 IST 2020 : 34 of 168 copied
DEBUG | Fri Jul 24 20:17:53 IST 2020 : Setting UI for files in bucket...
----------------------------------------------
DEBUG | Fri Jul 24 20:17:53 IST 2020 : Setting UI for files in bucket...
INFO  | Fri Jul 24 20:17:53 IST 2020 : Skipping the file as same file already exists in destination.
INFO  | Fri Jul 24 20:17:53 IST 2020 : 35 of 168 copied
DEBUG | Fri Jul 24 20:17:53 IST 2020 : Setting UI for files in bucket...
----------------------------------------------
DEBUG | Fri Jul 24 20:17:53 IST 2020 : Setting UI for files in bucket...
INFO  | Fri Jul 24 20:17:53 IST 2020 : Skipping the file as same file already exists in destination.
INFO  | Fri Jul 24 20:17:53 IST 2020 : 36 of 168 copied
DEBUG | Fri Jul 24 20:17:53 IST 2020 : Setting UI for files in bucket...
----------------------------------------------
DEBUG | Fri Jul 24 20:17:53 IST 2020 : Setting UI for files in bucket...
INFO  | Fri Jul 24 20:17:53 IST 2020 : Skipping the file as same file already exists in destination.
INFO  | Fri Jul 24 20:17:53 IST 2020 : 37 of 168 copied
DEBUG | Fri Jul 24 20:17:53 IST 2020 : Setting UI for files in bucket...
----------------------------------------------
DEBUG | Fri Jul 24 20:17:53 IST 2020 : Setting UI for files in bucket...
INFO  | Fri Jul 24 20:17:53 IST 2020 : Skipping the file as same file already exists in destination.
INFO  | Fri Jul 24 20:17:53 IST 2020 : 38 of 168 copied
DEBUG | Fri Jul 24 20:17:53 IST 2020 : Setting UI for files in bucket...
----------------------------------------------
DEBUG | Fri Jul 24 20:17:53 IST 2020 : Setting UI for files in bucket...
INFO  | Fri Jul 24 20:17:53 IST 2020 : Skipping the file as same file already exists in destination.
INFO  | Fri Jul 24 20:17:53 IST 2020 : 39 of 168 copied
DEBUG | Fri Jul 24 20:17:53 IST 2020 : Setting UI for files in bucket...
----------------------------------------------
DEBUG | Fri Jul 24 20:17:53 IST 2020 : Setting UI for files in bucket...
INFO  | Fri Jul 24 20:17:53 IST 2020 : Skipping the file as same file already exists in destination.
INFO  | Fri Jul 24 20:17:53 IST 2020 : 40 of 168 copied
DEBUG | Fri Jul 24 20:17:53 IST 2020 : Setting UI for files in bucket...
----------------------------------------------
DEBUG | Fri Jul 24 20:17:53 IST 2020 : Setting UI for files in bucket...
INFO  | Fri Jul 24 20:17:53 IST 2020 : Skipping the file as same file already exists in destination.
INFO  | Fri Jul 24 20:17:53 IST 2020 : 41 of 168 copied
DEBUG | Fri Jul 24 20:17:53 IST 2020 : Setting UI for files in bucket...
----------------------------------------------
DEBUG | Fri Jul 24 20:17:53 IST 2020 : Setting UI for files in bucket...
INFO  | Fri Jul 24 20:17:53 IST 2020 : Skipping the file as same file already exists in destination.
INFO  | Fri Jul 24 20:17:53 IST 2020 : 42 of 168 copied
DEBUG | Fri Jul 24 20:17:53 IST 2020 : Setting UI for files in bucket...
----------------------------------------------
DEBUG | Fri Jul 24 20:17:53 IST 2020 : Setting UI for files in bucket...
INFO  | Fri Jul 24 20:17:53 IST 2020 : Skipping the file as same file already exists in destination.
INFO  | Fri Jul 24 20:17:53 IST 2020 : 43 of 168 copied
DEBUG | Fri Jul 24 20:17:53 IST 2020 : Setting UI for files in bucket...
----------------------------------------------
DEBUG | Fri Jul 24 20:17:53 IST 2020 : Setting UI for files in bucket...
INFO  | Fri Jul 24 20:17:53 IST 2020 : Skipping the file as same file already exists in destination.
INFO  | Fri Jul 24 20:17:53 IST 2020 : 44 of 168 copied
DEBUG | Fri Jul 24 20:17:53 IST 2020 : Setting UI for files in bucket...
----------------------------------------------
DEBUG | Fri Jul 24 20:17:53 IST 2020 : Setting UI for files in bucket...
INFO  | Fri Jul 24 20:17:53 IST 2020 : Skipping the file as same file already exists in destination.
INFO  | Fri Jul 24 20:17:53 IST 2020 : 45 of 168 copied
DEBUG | Fri Jul 24 20:17:53 IST 2020 : Setting UI for files in bucket...
----------------------------------------------
DEBUG | Fri Jul 24 20:17:53 IST 2020 : Setting UI for files in bucket...
INFO  | Fri Jul 24 20:17:53 IST 2020 : Skipping the file as same file already exists in destination.
INFO  | Fri Jul 24 20:17:53 IST 2020 : 46 of 168 copied
DEBUG | Fri Jul 24 20:17:53 IST 2020 : Setting UI for files in bucket...
----------------------------------------------
DEBUG | Fri Jul 24 20:17:53 IST 2020 : Setting UI for files in bucket...
INFO  | Fri Jul 24 20:17:53 IST 2020 : Skipping the file as same file already exists in destination.
INFO  | Fri Jul 24 20:17:53 IST 2020 : 47 of 168 copied
DEBUG | Fri Jul 24 20:17:53 IST 2020 : Setting UI for files in bucket...
----------------------------------------------
DEBUG | Fri Jul 24 20:17:53 IST 2020 : Setting UI for files in bucket...
INFO  | Fri Jul 24 20:17:53 IST 2020 : Skipping the file as same file already exists in destination.
INFO  | Fri Jul 24 20:17:53 IST 2020 : 48 of 168 copied
DEBUG | Fri Jul 24 20:17:53 IST 2020 : Setting UI for files in bucket...
----------------------------------------------
DEBUG | Fri Jul 24 20:17:53 IST 2020 : Setting UI for files in bucket...
INFO  | Fri Jul 24 20:17:53 IST 2020 : Skipping the file as same file already exists in destination.
INFO  | Fri Jul 24 20:17:53 IST 2020 : 49 of 168 copied
DEBUG | Fri Jul 24 20:17:53 IST 2020 : Setting UI for files in bucket...
----------------------------------------------
DEBUG | Fri Jul 24 20:17:53 IST 2020 : Setting UI for files in bucket...
INFO  | Fri Jul 24 20:17:53 IST 2020 : Skipping the file as same file already exists in destination.
INFO  | Fri Jul 24 20:17:53 IST 2020 : 50 of 168 copied
DEBUG | Fri Jul 24 20:17:53 IST 2020 : Setting UI for files in bucket...
----------------------------------------------
DEBUG | Fri Jul 24 20:17:53 IST 2020 : Setting UI for files in bucket...
INFO  | Fri Jul 24 20:17:53 IST 2020 : Skipping the file as same file already exists in destination.
INFO  | Fri Jul 24 20:17:53 IST 2020 : 51 of 168 copied
DEBUG | Fri Jul 24 20:17:53 IST 2020 : Setting UI for files in bucket...
----------------------------------------------
DEBUG | Fri Jul 24 20:17:53 IST 2020 : Setting UI for files in bucket...
INFO  | Fri Jul 24 20:17:53 IST 2020 : Skipping the file as same file already exists in destination.
INFO  | Fri Jul 24 20:17:53 IST 2020 : 52 of 168 copied
DEBUG | Fri Jul 24 20:17:53 IST 2020 : Setting UI for files in bucket...
----------------------------------------------
DEBUG | Fri Jul 24 20:17:53 IST 2020 : Setting UI for files in bucket...
INFO  | Fri Jul 24 20:17:53 IST 2020 : Skipping the file as same file already exists in destination.
INFO  | Fri Jul 24 20:17:53 IST 2020 : 53 of 168 copied
DEBUG | Fri Jul 24 20:17:53 IST 2020 : Setting UI for files in bucket...
DEBUG | Fri Jul 24 20:17:54 IST 2020 : Setting UI for files in bucket...
----------------------------------------------
DEBUG | Fri Jul 24 20:17:54 IST 2020 : Setting UI for files in bucket...
INFO  | Fri Jul 24 20:17:54 IST 2020 : Skipping the file as same file already exists in destination.
INFO  | Fri Jul 24 20:17:54 IST 2020 : 54 of 168 copied
DEBUG | Fri Jul 24 20:17:54 IST 2020 : Setting UI for files in bucket...
----------------------------------------------
DEBUG | Fri Jul 24 20:17:54 IST 2020 : Setting UI for files in bucket...
INFO  | Fri Jul 24 20:17:54 IST 2020 : Skipping the file as same file already exists in destination.
INFO  | Fri Jul 24 20:17:54 IST 2020 : 55 of 168 copied
DEBUG | Fri Jul 24 20:17:54 IST 2020 : Setting UI for files in bucket...
----------------------------------------------
DEBUG | Fri Jul 24 20:17:54 IST 2020 : Setting UI for files in bucket...
INFO  | Fri Jul 24 20:17:54 IST 2020 : Skipping the file as same file already exists in destination.
INFO  | Fri Jul 24 20:17:54 IST 2020 : 56 of 168 copied
DEBUG | Fri Jul 24 20:17:54 IST 2020 : Setting UI for files in bucket...
----------------------------------------------
DEBUG | Fri Jul 24 20:17:54 IST 2020 : Setting UI for files in bucket...
INFO  | Fri Jul 24 20:17:54 IST 2020 : Skipping the file as same file already exists in destination.
INFO  | Fri Jul 24 20:17:54 IST 2020 : 57 of 168 copied
DEBUG | Fri Jul 24 20:17:54 IST 2020 : Setting UI for files in bucket...
----------------------------------------------
DEBUG | Fri Jul 24 20:17:54 IST 2020 : Setting UI for files in bucket...
INFO  | Fri Jul 24 20:17:54 IST 2020 : Skipping the file as same file already exists in destination.
INFO  | Fri Jul 24 20:17:54 IST 2020 : 58 of 168 copied
DEBUG | Fri Jul 24 20:17:54 IST 2020 : Setting UI for files in bucket...
----------------------------------------------
DEBUG | Fri Jul 24 20:17:54 IST 2020 : Setting UI for files in bucket...
INFO  | Fri Jul 24 20:17:54 IST 2020 : Skipping the file as same file already exists in destination.
INFO  | Fri Jul 24 20:17:54 IST 2020 : 59 of 168 copied
DEBUG | Fri Jul 24 20:17:54 IST 2020 : Setting UI for files in bucket...
----------------------------------------------
DEBUG | Fri Jul 24 20:17:54 IST 2020 : Setting UI for files in bucket...
INFO  | Fri Jul 24 20:17:54 IST 2020 : Skipping the file as same file already exists in destination.
INFO  | Fri Jul 24 20:17:54 IST 2020 : 60 of 168 copied
DEBUG | Fri Jul 24 20:17:54 IST 2020 : Setting UI for files in bucket...
----------------------------------------------
DEBUG | Fri Jul 24 20:17:54 IST 2020 : Setting UI for files in bucket...
INFO  | Fri Jul 24 20:17:54 IST 2020 : Skipping the file as same file already exists in destination.
INFO  | Fri Jul 24 20:17:54 IST 2020 : 61 of 168 copied
DEBUG | Fri Jul 24 20:17:54 IST 2020 : Setting UI for files in bucket...
----------------------------------------------
DEBUG | Fri Jul 24 20:17:54 IST 2020 : Setting UI for files in bucket...
INFO  | Fri Jul 24 20:17:54 IST 2020 : Skipping the file as same file already exists in destination.
INFO  | Fri Jul 24 20:17:54 IST 2020 : 62 of 168 copied
DEBUG | Fri Jul 24 20:17:54 IST 2020 : Setting UI for files in bucket...
----------------------------------------------
DEBUG | Fri Jul 24 20:17:54 IST 2020 : Setting UI for files in bucket...
INFO  | Fri Jul 24 20:17:54 IST 2020 : Skipping the file as same file already exists in destination.
INFO  | Fri Jul 24 20:17:54 IST 2020 : 63 of 168 copied
DEBUG | Fri Jul 24 20:17:54 IST 2020 : Setting UI for files in bucket...
----------------------------------------------
DEBUG | Fri Jul 24 20:17:54 IST 2020 : Setting UI for files in bucket...
INFO  | Fri Jul 24 20:17:54 IST 2020 : Skipping the file as same file already exists in destination.
INFO  | Fri Jul 24 20:17:54 IST 2020 : 64 of 168 copied
DEBUG | Fri Jul 24 20:17:54 IST 2020 : Setting UI for files in bucket...
----------------------------------------------
DEBUG | Fri Jul 24 20:17:54 IST 2020 : Setting UI for files in bucket...
INFO  | Fri Jul 24 20:17:54 IST 2020 : Skipping the file as same file already exists in destination.
INFO  | Fri Jul 24 20:17:54 IST 2020 : 65 of 168 copied
DEBUG | Fri Jul 24 20:17:54 IST 2020 : Setting UI for files in bucket...
----------------------------------------------
DEBUG | Fri Jul 24 20:17:54 IST 2020 : Setting UI for files in bucket...
INFO  | Fri Jul 24 20:17:54 IST 2020 : Skipping the file as same file already exists in destination.
INFO  | Fri Jul 24 20:17:54 IST 2020 : 66 of 168 copied
DEBUG | Fri Jul 24 20:17:54 IST 2020 : Setting UI for files in bucket...
----------------------------------------------
DEBUG | Fri Jul 24 20:17:54 IST 2020 : Setting UI for files in bucket...
INFO  | Fri Jul 24 20:17:54 IST 2020 : Skipping the file as same file already exists in destination.
INFO  | Fri Jul 24 20:17:54 IST 2020 : 67 of 168 copied
DEBUG | Fri Jul 24 20:17:54 IST 2020 : Setting UI for files in bucket...
----------------------------------------------
DEBUG | Fri Jul 24 20:17:54 IST 2020 : Setting UI for files in bucket...
INFO  | Fri Jul 24 20:17:54 IST 2020 : Skipping the file as same file already exists in destination.
INFO  | Fri Jul 24 20:17:54 IST 2020 : 68 of 168 copied
DEBUG | Fri Jul 24 20:17:54 IST 2020 : Setting UI for files in bucket...
----------------------------------------------
DEBUG | Fri Jul 24 20:17:54 IST 2020 : Setting UI for files in bucket...
INFO  | Fri Jul 24 20:17:54 IST 2020 : Skipping the file as same file already exists in destination.
INFO  | Fri Jul 24 20:17:54 IST 2020 : 69 of 168 copied
DEBUG | Fri Jul 24 20:17:54 IST 2020 : Setting UI for files in bucket...
----------------------------------------------
DEBUG | Fri Jul 24 20:17:54 IST 2020 : Setting UI for files in bucket...
INFO  | Fri Jul 24 20:17:54 IST 2020 : Skipping the file as same file already exists in destination.
INFO  | Fri Jul 24 20:17:54 IST 2020 : 70 of 168 copied
DEBUG | Fri Jul 24 20:17:54 IST 2020 : Setting UI for files in bucket...
----------------------------------------------
DEBUG | Fri Jul 24 20:17:54 IST 2020 : Setting UI for files in bucket...
INFO  | Fri Jul 24 20:17:54 IST 2020 : Skipping the file as same file already exists in destination.
INFO  | Fri Jul 24 20:17:54 IST 2020 : 71 of 168 copied
DEBUG | Fri Jul 24 20:17:54 IST 2020 : Setting UI for files in bucket...
----------------------------------------------
DEBUG | Fri Jul 24 20:17:54 IST 2020 : Setting UI for files in bucket...
INFO  | Fri Jul 24 20:17:54 IST 2020 : Skipping the file as same file already exists in destination.
INFO  | Fri Jul 24 20:17:54 IST 2020 : 72 of 168 copied
DEBUG | Fri Jul 24 20:17:54 IST 2020 : Setting UI for files in bucket...
----------------------------------------------
DEBUG | Fri Jul 24 20:17:54 IST 2020 : Setting UI for files in bucket...
INFO  | Fri Jul 24 20:17:54 IST 2020 : Skipping the file as same file already exists in destination.
INFO  | Fri Jul 24 20:17:54 IST 2020 : 73 of 168 copied
DEBUG | Fri Jul 24 20:17:54 IST 2020 : Setting UI for files in bucket...
----------------------------------------------
DEBUG | Fri Jul 24 20:17:54 IST 2020 : Setting UI for files in bucket...
INFO  | Fri Jul 24 20:17:54 IST 2020 : Skipping the file as same file already exists in destination.
INFO  | Fri Jul 24 20:17:54 IST 2020 : 74 of 168 copied
DEBUG | Fri Jul 24 20:17:54 IST 2020 : Setting UI for files in bucket...
----------------------------------------------
DEBUG | Fri Jul 24 20:17:54 IST 2020 : Setting UI for files in bucket...
INFO  | Fri Jul 24 20:17:54 IST 2020 : Skipping the file as same file already exists in destination.
INFO  | Fri Jul 24 20:17:54 IST 2020 : 75 of 168 copied
DEBUG | Fri Jul 24 20:17:54 IST 2020 : Setting UI for files in bucket...
----------------------------------------------
DEBUG | Fri Jul 24 20:17:54 IST 2020 : Setting UI for files in bucket...
INFO  | Fri Jul 24 20:17:54 IST 2020 : Skipping the file as same file already exists in destination.
INFO  | Fri Jul 24 20:17:54 IST 2020 : 76 of 168 copied
DEBUG | Fri Jul 24 20:17:54 IST 2020 : Setting UI for files in bucket...
----------------------------------------------
DEBUG | Fri Jul 24 20:17:54 IST 2020 : Setting UI for files in bucket...
INFO  | Fri Jul 24 20:17:54 IST 2020 : Skipping the file as same file already exists in destination.
INFO  | Fri Jul 24 20:17:54 IST 2020 : 77 of 168 copied
DEBUG | Fri Jul 24 20:17:54 IST 2020 : Setting UI for files in bucket...
----------------------------------------------
DEBUG | Fri Jul 24 20:17:54 IST 2020 : Setting UI for files in bucket...
INFO  | Fri Jul 24 20:17:54 IST 2020 : Skipping the file as same file already exists in destination.
INFO  | Fri Jul 24 20:17:54 IST 2020 : 78 of 168 copied
DEBUG | Fri Jul 24 20:17:54 IST 2020 : Setting UI for files in bucket...
----------------------------------------------
DEBUG | Fri Jul 24 20:17:54 IST 2020 : Setting UI for files in bucket...
INFO  | Fri Jul 24 20:17:54 IST 2020 : Skipping the file as same file already exists in destination.
INFO  | Fri Jul 24 20:17:54 IST 2020 : 79 of 168 copied
DEBUG | Fri Jul 24 20:17:54 IST 2020 : Setting UI for files in bucket...
----------------------------------------------
DEBUG | Fri Jul 24 20:17:54 IST 2020 : Setting UI for files in bucket...
INFO  | Fri Jul 24 20:17:54 IST 2020 : Skipping the file as same file already exists in destination.
INFO  | Fri Jul 24 20:17:54 IST 2020 : 80 of 168 copied
DEBUG | Fri Jul 24 20:17:54 IST 2020 : Setting UI for files in bucket...
----------------------------------------------
DEBUG | Fri Jul 24 20:17:54 IST 2020 : Setting UI for files in bucket...
INFO  | Fri Jul 24 20:17:54 IST 2020 : Skipping the file as same file already exists in destination.
INFO  | Fri Jul 24 20:17:54 IST 2020 : 81 of 168 copied
DEBUG | Fri Jul 24 20:17:54 IST 2020 : Setting UI for files in bucket...
----------------------------------------------
DEBUG | Fri Jul 24 20:17:54 IST 2020 : Setting UI for files in bucket...
DEBUG | Fri Jul 24 20:17:54 IST 2020 : Setting UI for files in bucket...
INFO  | Fri Jul 24 20:17:54 IST 2020 : Skipping the file as same file already exists in destination.
INFO  | Fri Jul 24 20:17:54 IST 2020 : 82 of 168 copied
DEBUG | Fri Jul 24 20:17:54 IST 2020 : Setting UI for files in bucket...
----------------------------------------------
DEBUG | Fri Jul 24 20:17:54 IST 2020 : Setting UI for files in bucket...
INFO  | Fri Jul 24 20:17:54 IST 2020 : Skipping the file as same file already exists in destination.
INFO  | Fri Jul 24 20:17:54 IST 2020 : 83 of 168 copied
DEBUG | Fri Jul 24 20:17:54 IST 2020 : Setting UI for files in bucket...
----------------------------------------------
DEBUG | Fri Jul 24 20:17:54 IST 2020 : Setting UI for files in bucket...
INFO  | Fri Jul 24 20:17:54 IST 2020 : Skipping the file as same file already exists in destination.
INFO  | Fri Jul 24 20:17:54 IST 2020 : 84 of 168 copied
DEBUG | Fri Jul 24 20:17:54 IST 2020 : Setting UI for files in bucket...
----------------------------------------------
DEBUG | Fri Jul 24 20:17:54 IST 2020 : Setting UI for files in bucket...
INFO  | Fri Jul 24 20:17:54 IST 2020 : Skipping the file as same file already exists in destination.
INFO  | Fri Jul 24 20:17:54 IST 2020 : 85 of 168 copied
DEBUG | Fri Jul 24 20:17:54 IST 2020 : Setting UI for files in bucket...
----------------------------------------------
DEBUG | Fri Jul 24 20:17:54 IST 2020 : Setting UI for files in bucket...
INFO  | Fri Jul 24 20:17:54 IST 2020 : Skipping the file as same file already exists in destination.
INFO  | Fri Jul 24 20:17:54 IST 2020 : 86 of 168 copied
DEBUG | Fri Jul 24 20:17:54 IST 2020 : Setting UI for files in bucket...
----------------------------------------------
DEBUG | Fri Jul 24 20:17:54 IST 2020 : Setting UI for files in bucket...
INFO  | Fri Jul 24 20:17:54 IST 2020 : Skipping the file as same file already exists in destination.
INFO  | Fri Jul 24 20:17:54 IST 2020 : 87 of 168 copied
DEBUG | Fri Jul 24 20:17:54 IST 2020 : Setting UI for files in bucket...
----------------------------------------------
DEBUG | Fri Jul 24 20:17:54 IST 2020 : Setting UI for files in bucket...
INFO  | Fri Jul 24 20:17:54 IST 2020 : Skipping the file as same file already exists in destination.
INFO  | Fri Jul 24 20:17:54 IST 2020 : 88 of 168 copied
DEBUG | Fri Jul 24 20:17:54 IST 2020 : Setting UI for files in bucket...
----------------------------------------------
DEBUG | Fri Jul 24 20:17:54 IST 2020 : Setting UI for files in bucket...
INFO  | Fri Jul 24 20:17:54 IST 2020 : Skipping the file as same file already exists in destination.
INFO  | Fri Jul 24 20:17:54 IST 2020 : 89 of 168 copied
DEBUG | Fri Jul 24 20:17:54 IST 2020 : Setting UI for files in bucket...
----------------------------------------------
DEBUG | Fri Jul 24 20:17:54 IST 2020 : Setting UI for files in bucket...
INFO  | Fri Jul 24 20:17:54 IST 2020 : Skipping the file as same file already exists in destination.
INFO  | Fri Jul 24 20:17:54 IST 2020 : 90 of 168 copied
DEBUG | Fri Jul 24 20:17:54 IST 2020 : Setting UI for files in bucket...
----------------------------------------------
DEBUG | Fri Jul 24 20:17:54 IST 2020 : Setting UI for files in bucket...
INFO  | Fri Jul 24 20:17:54 IST 2020 : Skipping the file as same file already exists in destination.
INFO  | Fri Jul 24 20:17:54 IST 2020 : 91 of 168 copied
DEBUG | Fri Jul 24 20:17:54 IST 2020 : Setting UI for files in bucket...
----------------------------------------------
DEBUG | Fri Jul 24 20:17:54 IST 2020 : Setting UI for files in bucket...
INFO  | Fri Jul 24 20:17:54 IST 2020 : Skipping the file as same file already exists in destination.
INFO  | Fri Jul 24 20:17:54 IST 2020 : 92 of 168 copied
DEBUG | Fri Jul 24 20:17:54 IST 2020 : Setting UI for files in bucket...
----------------------------------------------
DEBUG | Fri Jul 24 20:17:54 IST 2020 : Setting UI for files in bucket...
INFO  | Fri Jul 24 20:17:54 IST 2020 : Skipping the file as same file already exists in destination.
INFO  | Fri Jul 24 20:17:54 IST 2020 : 93 of 168 copied
DEBUG | Fri Jul 24 20:17:54 IST 2020 : Setting UI for files in bucket...
----------------------------------------------
DEBUG | Fri Jul 24 20:17:54 IST 2020 : Setting UI for files in bucket...
INFO  | Fri Jul 24 20:17:54 IST 2020 : Skipping the file as same file already exists in destination.
INFO  | Fri Jul 24 20:17:54 IST 2020 : 94 of 168 copied
DEBUG | Fri Jul 24 20:17:54 IST 2020 : Setting UI for files in bucket...
----------------------------------------------
DEBUG | Fri Jul 24 20:17:54 IST 2020 : Setting UI for files in bucket...
INFO  | Fri Jul 24 20:17:54 IST 2020 : Skipping the file as same file already exists in destination.
INFO  | Fri Jul 24 20:17:54 IST 2020 : 95 of 168 copied
DEBUG | Fri Jul 24 20:17:54 IST 2020 : Setting UI for files in bucket...
----------------------------------------------
DEBUG | Fri Jul 24 20:17:54 IST 2020 : Setting UI for files in bucket...
INFO  | Fri Jul 24 20:17:54 IST 2020 : Skipping the file as same file already exists in destination.
INFO  | Fri Jul 24 20:17:54 IST 2020 : 96 of 168 copied
DEBUG | Fri Jul 24 20:17:54 IST 2020 : Setting UI for files in bucket...
----------------------------------------------
DEBUG | Fri Jul 24 20:17:54 IST 2020 : Setting UI for files in bucket...
INFO  | Fri Jul 24 20:17:54 IST 2020 : Skipping the file as same file already exists in destination.
INFO  | Fri Jul 24 20:17:54 IST 2020 : 97 of 168 copied
DEBUG | Fri Jul 24 20:17:54 IST 2020 : Setting UI for files in bucket...
----------------------------------------------
DEBUG | Fri Jul 24 20:17:54 IST 2020 : Setting UI for files in bucket...
INFO  | Fri Jul 24 20:17:54 IST 2020 : Skipping the file as same file already exists in destination.
INFO  | Fri Jul 24 20:17:54 IST 2020 : 98 of 168 copied
DEBUG | Fri Jul 24 20:17:54 IST 2020 : Setting UI for files in bucket...
----------------------------------------------
DEBUG | Fri Jul 24 20:17:54 IST 2020 : Setting UI for files in bucket...
INFO  | Fri Jul 24 20:17:54 IST 2020 : Skipping the file as same file already exists in destination.
INFO  | Fri Jul 24 20:17:54 IST 2020 : 99 of 168 copied
DEBUG | Fri Jul 24 20:17:54 IST 2020 : Setting UI for files in bucket...
----------------------------------------------
DEBUG | Fri Jul 24 20:17:54 IST 2020 : Setting UI for files in bucket...
INFO  | Fri Jul 24 20:17:54 IST 2020 : Skipping the file as same file already exists in destination.
INFO  | Fri Jul 24 20:17:54 IST 2020 : 100 of 168 copied
DEBUG | Fri Jul 24 20:17:54 IST 2020 : Setting UI for files in bucket...
----------------------------------------------
DEBUG | Fri Jul 24 20:17:54 IST 2020 : Setting UI for files in bucket...
INFO  | Fri Jul 24 20:17:54 IST 2020 : Skipping the file as same file already exists in destination.
INFO  | Fri Jul 24 20:17:54 IST 2020 : 101 of 168 copied
DEBUG | Fri Jul 24 20:17:54 IST 2020 : Setting UI for files in bucket...
DEBUG | Fri Jul 24 20:17:54 IST 2020 : Setting UI for files in bucket...
----------------------------------------------
DEBUG | Fri Jul 24 20:17:54 IST 2020 : Setting UI for files in bucket...
DEBUG | Fri Jul 24 20:17:55 IST 2020 : Setting UI for files in bucket...
DEBUG | Fri Jul 24 20:17:55 IST 2020 : Setting UI for files in bucket...
DEBUG | Fri Jul 24 20:17:56 IST 2020 : Setting UI for files in bucket...
DEBUG | Fri Jul 24 20:17:56 IST 2020 : Setting UI for files in bucket...
DEBUG | Fri Jul 24 20:17:56 IST 2020 : Setting UI for files in bucket...
DEBUG | Fri Jul 24 20:18:11 IST 2020 : Setting UI for files in bucket...
INFO  | Fri Jul 24 20:18:23 IST 2020 : Files with same names (but not same hash) found. Will show overwrite strategy dialog.
DEBUG | Fri Jul 24 20:18:23 IST 2020 : Setting UI for files in bucket...
DEBUG | Fri Jul 24 20:18:24 IST 2020 : Setting UI for files in bucket...
DEBUG | Fri Jul 24 20:18:24 IST 2020 : Setting UI for files in bucket...
DEBUG | Fri Jul 24 20:18:25 IST 2020 : Setting UI for files in bucket...
DEBUG | Fri Jul 24 20:18:25 IST 2020 : Setting UI for files in bucket...
DEBUG | Fri Jul 24 20:18:26 IST 2020 : Setting UI for files in bucket...
DEBUG | Fri Jul 24 20:18:26 IST 2020 : Setting UI for files in bucket...
DEBUG | Fri Jul 24 20:18:27 IST 2020 : Setting UI for files in bucket...
DEBUG | Fri Jul 24 20:18:27 IST 2020 : Setting UI for files in bucket...
DEBUG | Fri Jul 24 20:18:28 IST 2020 : Setting UI for files in bucket...
DEBUG | Fri Jul 24 20:18:28 IST 2020 : Setting UI for files in bucket...
DEBUG | Fri Jul 24 20:18:29 IST 2020 : Setting UI for files in bucket...
DEBUG | Fri Jul 24 20:18:29 IST 2020 : Setting UI for files in bucket...
DEBUG | Fri Jul 24 20:18:30 IST 2020 : Setting UI for files in bucket...
DEBUG | Fri Jul 24 20:18:30 IST 2020 : Setting UI for files in bucket...
DEBUG | Fri Jul 24 20:18:31 IST 2020 : Setting UI for files in bucket...
DEBUG | Fri Jul 24 20:18:31 IST 2020 : Setting UI for files in bucket...
DEBUG | Fri Jul 24 20:18:32 IST 2020 : Setting UI for files in bucket...
DEBUG | Fri Jul 24 20:18:32 IST 2020 : Setting UI for files in bucket...
DEBUG | Fri Jul 24 20:18:33 IST 2020 : Setting UI for files in bucket...
DEBUG | Fri Jul 24 20:18:34 IST 2020 : Setting UI for files in bucket...
DEBUG | Fri Jul 24 20:18:34 IST 2020 : Setting UI for files in bucket...
DEBUG | Fri Jul 24 20:18:35 IST 2020 : Setting UI for files in bucket...
DEBUG | Fri Jul 24 20:18:35 IST 2020 : Setting UI for files in bucket...
DEBUG | Fri Jul 24 20:18:36 IST 2020 : Setting UI for files in bucket...
DEBUG | Fri Jul 24 20:18:36 IST 2020 : Setting UI for files in bucket...
DEBUG | Fri Jul 24 20:18:37 IST 2020 : Setting UI for files in bucket...
DEBUG | Fri Jul 24 20:18:37 IST 2020 : Setting UI for files in bucket...
DEBUG | Fri Jul 24 20:18:38 IST 2020 : Setting UI for files in bucket...
DEBUG | Fri Jul 24 20:18:38 IST 2020 : Setting UI for files in bucket...
DEBUG | Fri Jul 24 20:18:39 IST 2020 : Setting UI for files in bucket...
DEBUG | Fri Jul 24 20:18:39 IST 2020 : Setting UI for files in bucket...
DEBUG | Fri Jul 24 20:18:40 IST 2020 : Setting UI for files in bucket...
DEBUG | Fri Jul 24 20:18:40 IST 2020 : Setting UI for files in bucket...
DEBUG | Fri Jul 24 20:18:41 IST 2020 : Setting UI for files in bucket...
DEBUG | Fri Jul 24 20:18:41 IST 2020 : Setting UI for files in bucket...
DEBUG | Fri Jul 24 20:18:42 IST 2020 : Setting UI for files in bucket...
DEBUG | Fri Jul 24 20:18:42 IST 2020 : Setting UI for files in bucket...
DEBUG | Fri Jul 24 20:18:43 IST 2020 : Setting UI for files in bucket...
DEBUG | Fri Jul 24 20:18:43 IST 2020 : Setting UI for files in bucket...
DEBUG | Fri Jul 24 20:18:44 IST 2020 : Setting UI for files in bucket...
DEBUG | Fri Jul 24 20:18:44 IST 2020 : Setting UI for files in bucket...
DEBUG | Fri Jul 24 20:18:45 IST 2020 : Setting UI for files in bucket...
DEBUG | Fri Jul 24 20:18:45 IST 2020 : Setting UI for files in bucket...
DEBUG | Fri Jul 24 20:18:46 IST 2020 : Setting UI for files in bucket...
DEBUG | Fri Jul 24 20:18:46 IST 2020 : Setting UI for files in bucket...
DEBUG | Fri Jul 24 20:18:47 IST 2020 : Setting UI for files in bucket...
DEBUG | Fri Jul 24 20:18:47 IST 2020 : Setting UI for files in bucket...
DEBUG | Fri Jul 24 20:18:48 IST 2020 : Setting UI for files in bucket...
DEBUG | Fri Jul 24 20:18:48 IST 2020 : Setting UI for files in bucket...
DEBUG | Fri Jul 24 20:18:49 IST 2020 : Setting UI for files in bucket...
DEBUG | Fri Jul 24 20:18:49 IST 2020 : Setting UI for files in bucket...
DEBUG | Fri Jul 24 20:18:50 IST 2020 : Setting UI for files in bucket...
DEBUG | Fri Jul 24 20:18:51 IST 2020 : Setting UI for files in bucket...
DEBUG | Fri Jul 24 20:18:51 IST 2020 : Setting UI for files in bucket...
DEBUG | Fri Jul 24 20:18:52 IST 2020 : Setting UI for files in bucket...
DEBUG | Fri Jul 24 20:18:52 IST 2020 : Setting UI for files in bucket...
DEBUG | Fri Jul 24 20:18:53 IST 2020 : Setting UI for files in bucket...
DEBUG | Fri Jul 24 20:18:53 IST 2020 : Setting UI for files in bucket...
DEBUG | Fri Jul 24 20:18:54 IST 2020 : Setting UI for files in bucket...
DEBUG | Fri Jul 24 20:18:54 IST 2020 : Setting UI for files in bucket...
DEBUG | Fri Jul 24 20:18:55 IST 2020 : Setting UI for files in bucket...
DEBUG | Fri Jul 24 20:18:55 IST 2020 : Setting UI for files in bucket...
DEBUG | Fri Jul 24 20:18:56 IST 2020 : Setting UI for files in bucket...
DEBUG | Fri Jul 24 20:18:56 IST 2020 : Setting UI for files in bucket...
DEBUG | Fri Jul 24 20:18:57 IST 2020 : Setting UI for files in bucket...
DEBUG | Fri Jul 24 20:18:57 IST 2020 : Setting UI for files in bucket...
DEBUG | Fri Jul 24 20:18:58 IST 2020 : Setting UI for files in bucket...
DEBUG | Fri Jul 24 20:18:58 IST 2020 : Setting UI for files in bucket...
DEBUG | Fri Jul 24 20:18:59 IST 2020 : Setting UI for files in bucket...
DEBUG | Fri Jul 24 20:18:59 IST 2020 : Setting UI for files in bucket...
DEBUG | Fri Jul 24 20:19:00 IST 2020 : Setting UI for files in bucket...
DEBUG | Fri Jul 24 20:19:00 IST 2020 : Setting UI for files in bucket...
DEBUG | Fri Jul 24 20:19:01 IST 2020 : Setting UI for files in bucket...
DEBUG | Fri Jul 24 20:19:01 IST 2020 : Setting UI for files in bucket...
DEBUG | Fri Jul 24 20:19:02 IST 2020 : Setting UI for files in bucket...
DEBUG | Fri Jul 24 20:19:02 IST 2020 : Setting UI for files in bucket...
DEBUG | Fri Jul 24 20:19:03 IST 2020 : Setting UI for files in bucket...
DEBUG | Fri Jul 24 20:19:03 IST 2020 : Setting UI for files in bucket...
DEBUG | Fri Jul 24 20:19:04 IST 2020 : Setting UI for files in bucket...
DEBUG | Fri Jul 24 20:19:04 IST 2020 : Setting UI for files in bucket...
DEBUG | Fri Jul 24 20:19:05 IST 2020 : Setting UI for files in bucket...
DEBUG | Fri Jul 24 20:19:05 IST 2020 : Setting UI for files in bucket...
DEBUG | Fri Jul 24 20:19:06 IST 2020 : Setting UI for files in bucket...
DEBUG | Fri Jul 24 20:19:06 IST 2020 : Setting UI for files in bucket...
DEBUG | Fri Jul 24 20:19:07 IST 2020 : Setting UI for files in bucket...
DEBUG | Fri Jul 24 20:19:07 IST 2020 : Setting UI for files in bucket...
DEBUG | Fri Jul 24 20:19:08 IST 2020 : Setting UI for files in bucket...
DEBUG | Fri Jul 24 20:19:09 IST 2020 : Setting UI for files in bucket...
DEBUG | Fri Jul 24 20:19:09 IST 2020 : Setting UI for files in bucket...
DEBUG | Fri Jul 24 20:19:10 IST 2020 : Setting UI for files in bucket...
DEBUG | Fri Jul 24 20:19:10 IST 2020 : Setting UI for files in bucket...
DEBUG | Fri Jul 24 20:19:11 IST 2020 : Setting UI for files in bucket...
DEBUG | Fri Jul 24 20:19:11 IST 2020 : Setting UI for files in bucket...
DEBUG | Fri Jul 24 20:19:12 IST 2020 : Setting UI for files in bucket...
DEBUG | Fri Jul 24 20:19:12 IST 2020 : Setting UI for files in bucket...
DEBUG | Fri Jul 24 20:19:13 IST 2020 : Setting UI for files in bucket...
DEBUG | Fri Jul 24 20:19:13 IST 2020 : Setting UI for files in bucket...
DEBUG | Fri Jul 24 20:19:14 IST 2020 : Setting UI for files in bucket...
DEBUG | Fri Jul 24 20:19:14 IST 2020 : Setting UI for files in bucket...
DEBUG | Fri Jul 24 20:19:15 IST 2020 : Setting UI for files in bucket...
DEBUG | Fri Jul 24 20:19:15 IST 2020 : Setting UI for files in bucket...
DEBUG | Fri Jul 24 20:19:16 IST 2020 : Setting UI for files in bucket...
DEBUG | Fri Jul 24 20:19:16 IST 2020 : Setting UI for files in bucket...
DEBUG | Fri Jul 24 20:19:17 IST 2020 : Setting UI for files in bucket...
DEBUG | Fri Jul 24 20:19:17 IST 2020 : Setting UI for files in bucket...
DEBUG | Fri Jul 24 20:19:18 IST 2020 : Setting UI for files in bucket...
DEBUG | Fri Jul 24 20:19:18 IST 2020 : Setting UI for files in bucket...
DEBUG | Fri Jul 24 20:19:19 IST 2020 : Setting UI for files in bucket...
DEBUG | Fri Jul 24 20:19:19 IST 2020 : Setting UI for files in bucket...
DEBUG | Fri Jul 24 20:19:20 IST 2020 : Setting UI for files in bucket...
DEBUG | Fri Jul 24 20:19:20 IST 2020 : Setting UI for files in bucket...
DEBUG | Fri Jul 24 20:19:21 IST 2020 : Setting UI for files in bucket...
DEBUG | Fri Jul 24 20:19:21 IST 2020 : Setting UI for files in bucket...
DEBUG | Fri Jul 24 20:19:22 IST 2020 : Setting UI for files in bucket...
DEBUG | Fri Jul 24 20:19:22 IST 2020 : Setting UI for files in bucket...
DEBUG | Fri Jul 24 20:19:23 IST 2020 : Setting UI for files in bucket...
DEBUG | Fri Jul 24 20:19:23 IST 2020 : Setting UI for files in bucket...
DEBUG | Fri Jul 24 20:19:24 IST 2020 : Setting UI for files in bucket...
DEBUG | Fri Jul 24 20:19:24 IST 2020 : Setting UI for files in bucket...
DEBUG | Fri Jul 24 20:19:25 IST 2020 : Setting UI for files in bucket...
DEBUG | Fri Jul 24 20:19:26 IST 2020 : Setting UI for files in bucket...
DEBUG | Fri Jul 24 20:19:26 IST 2020 : Setting UI for files in bucket...
DEBUG | Fri Jul 24 20:19:27 IST 2020 : Setting UI for files in bucket...
DEBUG | Fri Jul 24 20:19:27 IST 2020 : Setting UI for files in bucket...
DEBUG | Fri Jul 24 20:19:28 IST 2020 : Setting UI for files in bucket...
DEBUG | Fri Jul 24 20:19:28 IST 2020 : Setting UI for files in bucket...
DEBUG | Fri Jul 24 20:19:29 IST 2020 : Setting UI for files in bucket...
DEBUG | Fri Jul 24 20:19:29 IST 2020 : Setting UI for files in bucket...
DEBUG | Fri Jul 24 20:19:30 IST 2020 : Setting UI for files in bucket...
DEBUG | Fri Jul 24 20:19:30 IST 2020 : Setting UI for files in bucket...
DEBUG | Fri Jul 24 20:19:31 IST 2020 : Setting UI for files in bucket...
DEBUG | Fri Jul 24 20:19:31 IST 2020 : Setting UI for files in bucket...
DEBUG | Fri Jul 24 20:19:32 IST 2020 : Setting UI for files in bucket...
DEBUG | Fri Jul 24 20:19:32 IST 2020 : Setting UI for files in bucket...
DEBUG | Fri Jul 24 20:19:33 IST 2020 : Setting UI for files in bucket...
DEBUG | Fri Jul 24 20:19:33 IST 2020 : Setting UI for files in bucket...
DEBUG | Fri Jul 24 20:19:34 IST 2020 : Setting UI for files in bucket...
DEBUG | Fri Jul 24 20:19:34 IST 2020 : Setting UI for files in bucket...
DEBUG | Fri Jul 24 20:19:35 IST 2020 : Setting UI for files in bucket...
DEBUG | Fri Jul 24 20:19:35 IST 2020 : Setting UI for files in bucket...
DEBUG | Fri Jul 24 20:19:36 IST 2020 : Setting UI for files in bucket...
DEBUG | Fri Jul 24 20:19:36 IST 2020 : Setting UI for files in bucket...
DEBUG | Fri Jul 24 20:19:37 IST 2020 : Setting UI for files in bucket...
DEBUG | Fri Jul 24 20:19:37 IST 2020 : Setting UI for files in bucket...
DEBUG | Fri Jul 24 20:19:38 IST 2020 : Setting UI for files in bucket...
DEBUG | Fri Jul 24 20:19:38 IST 2020 : Setting UI for files in bucket...
DEBUG | Fri Jul 24 20:19:39 IST 2020 : Setting UI for files in bucket...
DEBUG | Fri Jul 24 20:19:39 IST 2020 : Setting UI for files in bucket...
DEBUG | Fri Jul 24 20:19:40 IST 2020 : Setting UI for files in bucket...
DEBUG | Fri Jul 24 20:19:40 IST 2020 : Setting UI for files in bucket...
DEBUG | Fri Jul 24 20:19:41 IST 2020 : Setting UI for files in bucket...
DEBUG | Fri Jul 24 20:19:41 IST 2020 : Setting UI for files in bucket...
DEBUG | Fri Jul 24 20:19:42 IST 2020 : Setting UI for files in bucket...
DEBUG | Fri Jul 24 20:19:42 IST 2020 : Setting UI for files in bucket...
DEBUG | Fri Jul 24 20:19:43 IST 2020 : Setting UI for files in bucket...
DEBUG | Fri Jul 24 20:19:44 IST 2020 : Setting UI for files in bucket...
DEBUG | Fri Jul 24 20:19:44 IST 2020 : Setting UI for files in bucket...
DEBUG | Fri Jul 24 20:19:45 IST 2020 : Setting UI for files in bucket...
DEBUG | Fri Jul 24 20:19:45 IST 2020 : Setting UI for files in bucket...
DEBUG | Fri Jul 24 20:19:46 IST 2020 : Setting UI for files in bucket...
DEBUG | Fri Jul 24 20:19:46 IST 2020 : Setting UI for files in bucket...
DEBUG | Fri Jul 24 20:19:47 IST 2020 : Setting UI for files in bucket...
DEBUG | Fri Jul 24 20:19:47 IST 2020 : Setting UI for files in bucket...
DEBUG | Fri Jul 24 20:19:48 IST 2020 : Setting UI for files in bucket...
DEBUG | Fri Jul 24 20:19:48 IST 2020 : Setting UI for files in bucket...
DEBUG | Fri Jul 24 20:19:49 IST 2020 : Setting UI for files in bucket...
DEBUG | Fri Jul 24 20:19:49 IST 2020 : Setting UI for files in bucket...
DEBUG | Fri Jul 24 20:19:50 IST 2020 : Setting UI for files in bucket...
DEBUG | Fri Jul 24 20:19:50 IST 2020 : Setting UI for files in bucket...
DEBUG | Fri Jul 24 20:19:51 IST 2020 : Setting UI for files in bucket...
DEBUG | Fri Jul 24 20:19:51 IST 2020 : Setting UI for files in bucket...
DEBUG | Fri Jul 24 20:19:52 IST 2020 : Setting UI for files in bucket...
DEBUG | Fri Jul 24 20:19:52 IST 2020 : Setting UI for files in bucket...
DEBUG | Fri Jul 24 20:19:53 IST 2020 : Setting UI for files in bucket...
DEBUG | Fri Jul 24 20:19:53 IST 2020 : Setting UI for files in bucket...
DEBUG | Fri Jul 24 20:19:54 IST 2020 : Setting UI for files in bucket...
DEBUG | Fri Jul 24 20:19:54 IST 2020 : Setting UI for files in bucket...
DEBUG | Fri Jul 24 20:19:55 IST 2020 : Setting UI for files in bucket...
DEBUG | Fri Jul 24 20:19:55 IST 2020 : Setting UI for files in bucket...
DEBUG | Fri Jul 24 20:19:56 IST 2020 : Setting UI for files in bucket...
DEBUG | Fri Jul 24 20:19:56 IST 2020 : Setting UI for files in bucket...
DEBUG | Fri Jul 24 20:19:57 IST 2020 : Setting UI for files in bucket...
DEBUG | Fri Jul 24 20:19:57 IST 2020 : Setting UI for files in bucket...
DEBUG | Fri Jul 24 20:19:58 IST 2020 : Setting UI for files in bucket...
DEBUG | Fri Jul 24 20:19:58 IST 2020 : Setting UI for files in bucket...
DEBUG | Fri Jul 24 20:19:59 IST 2020 : Setting UI for files in bucket...
DEBUG | Fri Jul 24 20:19:59 IST 2020 : Setting UI for files in bucket...
DEBUG | Fri Jul 24 20:20:00 IST 2020 : Setting UI for files in bucket...
DEBUG | Fri Jul 24 20:20:01 IST 2020 : Setting UI for files in bucket...
DEBUG | Fri Jul 24 20:20:01 IST 2020 : Setting UI for files in bucket...
DEBUG | Fri Jul 24 20:20:02 IST 2020 : Setting UI for files in bucket...
DEBUG | Fri Jul 24 20:20:02 IST 2020 : Setting UI for files in bucket...
DEBUG | Fri Jul 24 20:20:03 IST 2020 : Setting UI for files in bucket...
DEBUG | Fri Jul 24 20:20:03 IST 2020 : Setting UI for files in bucket...
DEBUG | Fri Jul 24 20:20:04 IST 2020 : Setting UI for files in bucket...
DEBUG | Fri Jul 24 20:20:04 IST 2020 : Setting UI for files in bucket...
DEBUG | Fri Jul 24 20:20:05 IST 2020 : Setting UI for files in bucket...
DEBUG | Fri Jul 24 20:20:05 IST 2020 : Setting UI for files in bucket...
DEBUG | Fri Jul 24 20:20:06 IST 2020 : Setting UI for files in bucket...
DEBUG | Fri Jul 24 20:20:06 IST 2020 : Setting UI for files in bucket...
DEBUG | Fri Jul 24 20:20:07 IST 2020 : Setting UI for files in bucket...
DEBUG | Fri Jul 24 20:20:07 IST 2020 : Setting UI for files in bucket...
DEBUG | Fri Jul 24 20:20:08 IST 2020 : Setting UI for files in bucket...
DEBUG | Fri Jul 24 20:20:08 IST 2020 : Setting UI for files in bucket...
DEBUG | Fri Jul 24 20:20:09 IST 2020 : Setting UI for files in bucket...
