Session Id: 20206-202340
DEBUG | Fri Jul 24 20:23:40 IST 2020 : Services initiated
DEBUG | Fri Jul 24 20:23:45 IST 2020 : Setting UI for files in bucket...
INFO  | Fri Jul 24 20:23:49 IST 2020 : Files with same names (but not same hash) found. Will show overwrite strategy dialog.
DEBUG | Fri Jul 24 20:23:50 IST 2020 : Setting UI for files in bucket...
DEBUG | Fri Jul 24 20:23:50 IST 2020 : Setting UI for files in bucket...
DEBUG | Fri Jul 24 20:23:51 IST 2020 : Setting UI for files in bucket...
DEBUG | Fri Jul 24 20:23:51 IST 2020 : Setting UI for files in bucket...
DEBUG | Fri Jul 24 20:23:52 IST 2020 : Setting UI for files in bucket...
DEBUG | Fri Jul 24 20:23:52 IST 2020 : Setting UI for files in bucket...
DEBUG | Fri Jul 24 20:23:53 IST 2020 : Setting UI for files in bucket...
DEBUG | Fri Jul 24 20:23:53 IST 2020 : Setting UI for files in bucket...
DEBUG | Fri Jul 24 20:23:54 IST 2020 : Setting UI for files in bucket...
DEBUG | Fri Jul 24 20:23:54 IST 2020 : Setting UI for files in bucket...
DEBUG | Fri Jul 24 20:23:55 IST 2020 : Setting UI for files in bucket...
DEBUG | Fri Jul 24 20:23:55 IST 2020 : Setting UI for files in bucket...
DEBUG | Fri Jul 24 20:23:56 IST 2020 : Setting UI for files in bucket...
DEBUG | Fri Jul 24 20:23:56 IST 2020 : Setting UI for files in bucket...
DEBUG | Fri Jul 24 20:23:57 IST 2020 : Setting UI for files in bucket...
DEBUG | Fri Jul 24 20:23:57 IST 2020 : Setting UI for files in bucket...
DEBUG | Fri Jul 24 20:23:58 IST 2020 : Setting UI for files in bucket...
DEBUG | Fri Jul 24 20:23:58 IST 2020 : Setting UI for files in bucket...
DEBUG | Fri Jul 24 20:23:59 IST 2020 : Setting UI for files in bucket...
DEBUG | Fri Jul 24 20:24:00 IST 2020 : Setting UI for files in bucket...
DEBUG | Fri Jul 24 20:24:00 IST 2020 : Setting UI for files in bucket...
DEBUG | Fri Jul 24 20:24:01 IST 2020 : Setting UI for files in bucket...
DEBUG | Fri Jul 24 20:24:01 IST 2020 : Setting UI for files in bucket...
DEBUG | Fri Jul 24 20:24:02 IST 2020 : Setting UI for files in bucket...
DEBUG | Fri Jul 24 20:24:02 IST 2020 : Setting UI for files in bucket...
DEBUG | Fri Jul 24 20:24:03 IST 2020 : Setting UI for files in bucket...
DEBUG | Fri Jul 24 20:24:03 IST 2020 : Setting UI for files in bucket...
DEBUG | Fri Jul 24 20:24:04 IST 2020 : Setting UI for files in bucket...
DEBUG | Fri Jul 24 20:24:04 IST 2020 : Setting UI for files in bucket...
DEBUG | Fri Jul 24 20:24:05 IST 2020 : Setting UI for files in bucket...
DEBUG | Fri Jul 24 20:24:05 IST 2020 : Setting UI for files in bucket...
DEBUG | Fri Jul 24 20:24:06 IST 2020 : Setting UI for files in bucket...
DEBUG | Fri Jul 24 20:24:06 IST 2020 : Setting UI for files in bucket...
DEBUG | Fri Jul 24 20:24:07 IST 2020 : Setting UI for files in bucket...
DEBUG | Fri Jul 24 20:24:07 IST 2020 : Setting UI for files in bucket...
DEBUG | Fri Jul 24 20:24:08 IST 2020 : Setting UI for files in bucket...
DEBUG | Fri Jul 24 20:24:08 IST 2020 : Setting UI for files in bucket...
DEBUG | Fri Jul 24 20:24:09 IST 2020 : Setting UI for files in bucket...
DEBUG | Fri Jul 24 20:24:09 IST 2020 : Setting UI for files in bucket...
DEBUG | Fri Jul 24 20:24:10 IST 2020 : Setting UI for files in bucket...
