DEBUG | Tue Jul 28 23:29:23 IST 2020 : Adding file for copy: C:\Users\user\Desktop\src\set-2\set-2\1.bmp
DEBUG | Tue Jul 28 23:29:23 IST 2020 : Add to copy List: C:\Users\user\Desktop\src\set-2\set-2\1.bmp
DEBUG | Tue Jul 28 23:29:23 IST 2020 : Added to copy List: C:\Users\user\Desktop\src\set-2\set-2\1.bmp
DEBUG | Tue Jul 28 23:29:23 IST 2020 : Adding file for copy: C:\Users\user\Desktop\src\set-2\1.bmp
DEBUG | Tue Jul 28 23:29:23 IST 2020 : Add to copy List: C:\Users\user\Desktop\src\set-2\1.bmp
DEBUG | Tue Jul 28 23:29:23 IST 2020 : Added to copy List: C:\Users\user\Desktop\src\set-2\1.bmp
WARN  | Tue Jul 28 23:29:23 IST 2020 : Failed to unzip the resources: D:\Programs\LidoSoftwares\LidoCopy\res.zip (The system cannot find the file specified)
Session Id: 20210-232923
DEBUG | Tue Jul 28 23:29:23 IST 2020 : Services initiated
DEBUG | Tue Jul 28 23:29:24 IST 2020 : Add file for copy: D:\Programs\LidoSoftwares\LidoCopy\files\ifapzYRTSP1595959163442
DEBUG | Tue Jul 28 23:29:24 IST 2020 : passing to backpanel >> C:\Users\user\Desktop\src\set-2\1.bmp
DEBUG | Tue Jul 28 23:29:24 IST 2020 : Got file for copy: C:\Users\user\Desktop\src\set-2\1.bmp
DEBUG | Tue Jul 28 23:29:24 IST 2020 : Added file for copy to srcFiles: 1
DEBUG | Tue Jul 28 23:29:24 IST 2020 : Setting UI for files in bucket...
DEBUG | Tue Jul 28 23:29:24 IST 2020 : Add file for copy: D:\Programs\LidoSoftwares\LidoCopy\files\MhrmtRHuty1595959163442
DEBUG | Tue Jul 28 23:29:24 IST 2020 : passing to backpanel >> C:\Users\user\Desktop\src\set-2\set-2\1.bmp
DEBUG | Tue Jul 28 23:29:24 IST 2020 : Got file for copy: C:\Users\user\Desktop\src\set-2\set-2\1.bmp
DEBUG | Tue Jul 28 23:29:24 IST 2020 : Added file for copy to srcFiles: 2
DEBUG | Tue Jul 28 23:29:24 IST 2020 : Setting UI for files in bucket...
DEBUG | Tue Jul 28 23:29:24 IST 2020 : Setting UI for files in bucket...
INFO  | Tue Jul 28 23:29:29 IST 2020 : Files with same names (but not same hash) found. Will show overwrite strategy dialog.
INFO  | Tue Jul 28 23:29:29 IST 2020 : Files with same names and relative paths copied together from different sources. Will show overwrite strategy dialog.
DEBUG | Tue Jul 28 23:29:29 IST 2020 : Setting UI for files in bucket...
DEBUG | Tue Jul 28 23:29:30 IST 2020 : Setting UI for files in bucket...
DEBUG | Tue Jul 28 23:29:30 IST 2020 : Setting UI for files in bucket...
DEBUG | Tue Jul 28 23:29:31 IST 2020 : Setting UI for files in bucket...
DEBUG | Tue Jul 28 23:29:31 IST 2020 : Setting UI for files in bucket...
DEBUG | Tue Jul 28 23:29:32 IST 2020 : Setting UI for files in bucket...
DEBUG | Tue Jul 28 23:29:32 IST 2020 : Setting UI for files in bucket...
DEBUG | Tue Jul 28 23:29:33 IST 2020 : Setting UI for files in bucket...
DEBUG | Tue Jul 28 23:29:33 IST 2020 : Setting UI for files in bucket...
DEBUG | Tue Jul 28 23:29:34 IST 2020 : Setting UI for files in bucket...
DEBUG | Tue Jul 28 23:29:34 IST 2020 : Setting UI for files in bucket...
DEBUG | Tue Jul 28 23:29:35 IST 2020 : Setting UI for files in bucket...
DEBUG | Tue Jul 28 23:29:35 IST 2020 : Setting UI for files in bucket...
DEBUG | Tue Jul 28 23:29:36 IST 2020 : Setting UI for files in bucket...
DEBUG | Tue Jul 28 23:29:36 IST 2020 : Setting UI for files in bucket...
DEBUG | Tue Jul 28 23:29:37 IST 2020 : Setting UI for files in bucket...
DEBUG | Tue Jul 28 23:29:37 IST 2020 : Setting UI for files in bucket...
DEBUG | Tue Jul 28 23:29:38 IST 2020 : Setting UI for files in bucket...
DEBUG | Tue Jul 28 23:29:38 IST 2020 : Setting UI for files in bucket...
DEBUG | Tue Jul 28 23:29:39 IST 2020 : Setting UI for files in bucket...
DEBUG | Tue Jul 28 23:29:39 IST 2020 : Setting UI for files in bucket...
DEBUG | Tue Jul 28 23:29:40 IST 2020 : Setting UI for files in bucket...
DEBUG | Tue Jul 28 23:29:40 IST 2020 : Setting UI for files in bucket...
DEBUG | Tue Jul 28 23:29:41 IST 2020 : Setting UI for files in bucket...
DEBUG | Tue Jul 28 23:29:41 IST 2020 : Setting UI for files in bucket...
DEBUG | Tue Jul 28 23:29:42 IST 2020 : Setting UI for files in bucket...
DEBUG | Tue Jul 28 23:29:42 IST 2020 : Setting UI for files in bucket...
DEBUG | Tue Jul 28 23:29:43 IST 2020 : Setting UI for files in bucket...
DEBUG | Tue Jul 28 23:29:43 IST 2020 : Setting UI for files in bucket...
DEBUG | Tue Jul 28 23:29:44 IST 2020 : Setting UI for files in bucket...
DEBUG | Tue Jul 28 23:29:44 IST 2020 : Setting UI for files in bucket...
DEBUG | Tue Jul 28 23:29:45 IST 2020 : Setting UI for files in bucket...
DEBUG | Tue Jul 28 23:29:45 IST 2020 : Setting UI for files in bucket...
DEBUG | Tue Jul 28 23:29:46 IST 2020 : Setting UI for files in bucket...
DEBUG | Tue Jul 28 23:29:46 IST 2020 : Setting UI for files in bucket...
DEBUG | Tue Jul 28 23:29:47 IST 2020 : Setting UI for files in bucket...
DEBUG | Tue Jul 28 23:29:47 IST 2020 : Setting UI for files in bucket...
DEBUG | Tue Jul 28 23:29:48 IST 2020 : Setting UI for files in bucket...
DEBUG | Tue Jul 28 23:29:48 IST 2020 : Setting UI for files in bucket...
DEBUG | Tue Jul 28 23:29:49 IST 2020 : Setting UI for files in bucket...
DEBUG | Tue Jul 28 23:29:49 IST 2020 : Setting UI for files in bucket...
DEBUG | Tue Jul 28 23:29:50 IST 2020 : Setting UI for files in bucket...
DEBUG | Tue Jul 28 23:29:50 IST 2020 : Setting UI for files in bucket...
DEBUG | Tue Jul 28 23:29:51 IST 2020 : Setting UI for files in bucket...
DEBUG | Tue Jul 28 23:29:51 IST 2020 : Setting UI for files in bucket...
DEBUG | Tue Jul 28 23:29:52 IST 2020 : Setting UI for files in bucket...
DEBUG | Tue Jul 28 23:29:52 IST 2020 : Setting UI for files in bucket...
DEBUG | Tue Jul 28 23:29:53 IST 2020 : Setting UI for files in bucket...
WARN  | Tue Jul 28 23:29:23 IST 2020 : Failed to unzip the resources: D:\Programs\LidoSoftwares\LidoCopy\res.zip (The system cannot find the file specified)
Session Id: 20210-232923
DEBUG | Tue Jul 28 23:29:23 IST 2020 : Services initiated
DEBUG | Tue Jul 28 23:29:24 IST 2020 : Add file for copy: D:\Programs\LidoSoftwares\LidoCopy\files\ifapzYRTSP1595959163442
DEBUG | Tue Jul 28 23:29:24 IST 2020 : passing to backpanel >> C:\Users\user\Desktop\src\set-2\1.bmp
DEBUG | Tue Jul 28 23:29:24 IST 2020 : Got file for copy: C:\Users\user\Desktop\src\set-2\1.bmp
DEBUG | Tue Jul 28 23:29:24 IST 2020 : Added file for copy to srcFiles: 1
DEBUG | Tue Jul 28 23:29:24 IST 2020 : Setting UI for files in bucket...
DEBUG | Tue Jul 28 23:29:24 IST 2020 : Add file for copy: D:\Programs\LidoSoftwares\LidoCopy\files\MhrmtRHuty1595959163442
DEBUG | Tue Jul 28 23:29:24 IST 2020 : passing to backpanel >> C:\Users\user\Desktop\src\set-2\set-2\1.bmp
DEBUG | Tue Jul 28 23:29:24 IST 2020 : Got file for copy: C:\Users\user\Desktop\src\set-2\set-2\1.bmp
DEBUG | Tue Jul 28 23:29:24 IST 2020 : Added file for copy to srcFiles: 2
DEBUG | Tue Jul 28 23:29:24 IST 2020 : Setting UI for files in bucket...
DEBUG | Tue Jul 28 23:29:24 IST 2020 : Setting UI for files in bucket...
INFO  | Tue Jul 28 23:29:29 IST 2020 : Files with same names (but not same hash) found. Will show overwrite strategy dialog.
INFO  | Tue Jul 28 23:29:29 IST 2020 : Files with same names and relative paths copied together from different sources. Will show overwrite strategy dialog.
DEBUG | Tue Jul 28 23:29:29 IST 2020 : Setting UI for files in bucket...
DEBUG | Tue Jul 28 23:29:30 IST 2020 : Setting UI for files in bucket...
DEBUG | Tue Jul 28 23:29:30 IST 2020 : Setting UI for files in bucket...
DEBUG | Tue Jul 28 23:29:31 IST 2020 : Setting UI for files in bucket...
DEBUG | Tue Jul 28 23:29:31 IST 2020 : Setting UI for files in bucket...
DEBUG | Tue Jul 28 23:29:32 IST 2020 : Setting UI for files in bucket...
DEBUG | Tue Jul 28 23:29:32 IST 2020 : Setting UI for files in bucket...
DEBUG | Tue Jul 28 23:29:33 IST 2020 : Setting UI for files in bucket...
DEBUG | Tue Jul 28 23:29:33 IST 2020 : Setting UI for files in bucket...
DEBUG | Tue Jul 28 23:29:34 IST 2020 : Setting UI for files in bucket...
DEBUG | Tue Jul 28 23:29:34 IST 2020 : Setting UI for files in bucket...
DEBUG | Tue Jul 28 23:29:35 IST 2020 : Setting UI for files in bucket...
DEBUG | Tue Jul 28 23:29:35 IST 2020 : Setting UI for files in bucket...
DEBUG | Tue Jul 28 23:29:36 IST 2020 : Setting UI for files in bucket...
DEBUG | Tue Jul 28 23:29:36 IST 2020 : Setting UI for files in bucket...
DEBUG | Tue Jul 28 23:29:37 IST 2020 : Setting UI for files in bucket...
DEBUG | Tue Jul 28 23:29:37 IST 2020 : Setting UI for files in bucket...
DEBUG | Tue Jul 28 23:29:38 IST 2020 : Setting UI for files in bucket...
DEBUG | Tue Jul 28 23:29:38 IST 2020 : Setting UI for files in bucket...
DEBUG | Tue Jul 28 23:29:39 IST 2020 : Setting UI for files in bucket...
DEBUG | Tue Jul 28 23:29:39 IST 2020 : Setting UI for files in bucket...
DEBUG | Tue Jul 28 23:29:40 IST 2020 : Setting UI for files in bucket...
DEBUG | Tue Jul 28 23:29:40 IST 2020 : Setting UI for files in bucket...
DEBUG | Tue Jul 28 23:29:41 IST 2020 : Setting UI for files in bucket...
DEBUG | Tue Jul 28 23:29:41 IST 2020 : Setting UI for files in bucket...
DEBUG | Tue Jul 28 23:29:42 IST 2020 : Setting UI for files in bucket...
DEBUG | Tue Jul 28 23:29:42 IST 2020 : Setting UI for files in bucket...
DEBUG | Tue Jul 28 23:29:43 IST 2020 : Setting UI for files in bucket...
DEBUG | Tue Jul 28 23:29:43 IST 2020 : Setting UI for files in bucket...
DEBUG | Tue Jul 28 23:29:44 IST 2020 : Setting UI for files in bucket...
DEBUG | Tue Jul 28 23:29:44 IST 2020 : Setting UI for files in bucket...
DEBUG | Tue Jul 28 23:29:45 IST 2020 : Setting UI for files in bucket...
DEBUG | Tue Jul 28 23:29:45 IST 2020 : Setting UI for files in bucket...
DEBUG | Tue Jul 28 23:29:46 IST 2020 : Setting UI for files in bucket...
DEBUG | Tue Jul 28 23:29:46 IST 2020 : Setting UI for files in bucket...
DEBUG | Tue Jul 28 23:29:47 IST 2020 : Setting UI for files in bucket...
DEBUG | Tue Jul 28 23:29:47 IST 2020 : Setting UI for files in bucket...
DEBUG | Tue Jul 28 23:29:48 IST 2020 : Setting UI for files in bucket...
DEBUG | Tue Jul 28 23:29:48 IST 2020 : Setting UI for files in bucket...
DEBUG | Tue Jul 28 23:29:49 IST 2020 : Setting UI for files in bucket...
DEBUG | Tue Jul 28 23:29:49 IST 2020 : Setting UI for files in bucket...
DEBUG | Tue Jul 28 23:29:50 IST 2020 : Setting UI for files in bucket...
DEBUG | Tue Jul 28 23:29:50 IST 2020 : Setting UI for files in bucket...
DEBUG | Tue Jul 28 23:29:51 IST 2020 : Setting UI for files in bucket...
DEBUG | Tue Jul 28 23:29:51 IST 2020 : Setting UI for files in bucket...
DEBUG | Tue Jul 28 23:29:52 IST 2020 : Setting UI for files in bucket...
DEBUG | Tue Jul 28 23:29:52 IST 2020 : Setting UI for files in bucket...
DEBUG | Tue Jul 28 23:29:53 IST 2020 : Setting UI for files in bucket...
DEBUG | Tue Jul 28 23:29:53 IST 2020 : Setting UI for files in bucket...
DEBUG | Tue Jul 28 23:29:54 IST 2020 : Setting UI for files in bucket...
DEBUG | Tue Jul 28 23:29:54 IST 2020 : Setting UI for files in bucket...
DEBUG | Tue Jul 28 23:29:55 IST 2020 : Setting UI for files in bucket...
DEBUG | Tue Jul 28 23:29:55 IST 2020 : Setting UI for files in bucket...
DEBUG | Tue Jul 28 23:29:56 IST 2020 : Setting UI for files in bucket...
DEBUG | Tue Jul 28 23:29:56 IST 2020 : Setting UI for files in bucket...
DEBUG | Tue Jul 28 23:29:57 IST 2020 : Setting UI for files in bucket...
DEBUG | Tue Jul 28 23:29:57 IST 2020 : Setting UI for files in bucket...
DEBUG | Tue Jul 28 23:29:58 IST 2020 : Setting UI for files in bucket...
DEBUG | Tue Jul 28 23:29:58 IST 2020 : Setting UI for files in bucket...
DEBUG | Tue Jul 28 23:29:59 IST 2020 : Setting UI for files in bucket...
DEBUG | Tue Jul 28 23:29:59 IST 2020 : Setting UI for files in bucket...
DEBUG | Tue Jul 28 23:30:00 IST 2020 : Setting UI for files in bucket...
DEBUG | Tue Jul 28 23:30:00 IST 2020 : Setting UI for files in bucket...
DEBUG | Tue Jul 28 23:30:01 IST 2020 : Setting UI for files in bucket...
DEBUG | Tue Jul 28 23:30:01 IST 2020 : Setting UI for files in bucket...
DEBUG | Tue Jul 28 23:30:02 IST 2020 : Setting UI for files in bucket...
DEBUG | Tue Jul 28 23:30:02 IST 2020 : Setting UI for files in bucket...
DEBUG | Tue Jul 28 23:30:03 IST 2020 : Setting UI for files in bucket...
DEBUG | Tue Jul 28 23:30:03 IST 2020 : Setting UI for files in bucket...
DEBUG | Tue Jul 28 23:30:04 IST 2020 : Setting UI for files in bucket...
DEBUG | Tue Jul 28 23:30:04 IST 2020 : Setting UI for files in bucket...
DEBUG | Tue Jul 28 23:30:05 IST 2020 : Setting UI for files in bucket...
DEBUG | Tue Jul 28 23:30:05 IST 2020 : Setting UI for files in bucket...
DEBUG | Tue Jul 28 23:30:06 IST 2020 : Setting UI for files in bucket...
DEBUG | Tue Jul 28 23:30:06 IST 2020 : Setting UI for files in bucket...
DEBUG | Tue Jul 28 23:30:07 IST 2020 : Setting UI for files in bucket...
DEBUG | Tue Jul 28 23:30:07 IST 2020 : Setting UI for files in bucket...
DEBUG | Tue Jul 28 23:30:08 IST 2020 : Setting UI for files in bucket...
DEBUG | Tue Jul 28 23:30:08 IST 2020 : Setting UI for files in bucket...
DEBUG | Tue Jul 28 23:30:09 IST 2020 : Setting UI for files in bucket...
DEBUG | Tue Jul 28 23:30:09 IST 2020 : Setting UI for files in bucket...
DEBUG | Tue Jul 28 23:30:10 IST 2020 : Setting UI for files in bucket...
DEBUG | Tue Jul 28 23:30:10 IST 2020 : Setting UI for files in bucket...
DEBUG | Tue Jul 28 23:30:11 IST 2020 : Setting UI for files in bucket...
DEBUG | Tue Jul 28 23:30:11 IST 2020 : Setting UI for files in bucket...
DEBUG | Tue Jul 28 23:30:12 IST 2020 : Setting UI for files in bucket...
DEBUG | Tue Jul 28 23:30:12 IST 2020 : Setting UI for files in bucket...
DEBUG | Tue Jul 28 23:30:13 IST 2020 : Setting UI for files in bucket...
DEBUG | Tue Jul 28 23:30:13 IST 2020 : Setting UI for files in bucket...
DEBUG | Tue Jul 28 23:30:14 IST 2020 : Setting UI for files in bucket...
DEBUG | Tue Jul 28 23:30:14 IST 2020 : Setting UI for files in bucket...
DEBUG | Tue Jul 28 23:30:15 IST 2020 : Setting UI for files in bucket...
DEBUG | Tue Jul 28 23:30:15 IST 2020 : Setting UI for files in bucket...
DEBUG | Tue Jul 28 23:30:16 IST 2020 : Setting UI for files in bucket...
DEBUG | Tue Jul 28 23:30:16 IST 2020 : Setting UI for files in bucket...
DEBUG | Tue Jul 28 23:30:17 IST 2020 : Setting UI for files in bucket...
DEBUG | Tue Jul 28 23:30:17 IST 2020 : Setting UI for files in bucket...
DEBUG | Tue Jul 28 23:30:18 IST 2020 : Setting UI for files in bucket...
DEBUG | Tue Jul 28 23:30:18 IST 2020 : Setting UI for files in bucket...
DEBUG | Tue Jul 28 23:30:19 IST 2020 : Setting UI for files in bucket...
DEBUG | Tue Jul 28 23:30:19 IST 2020 : Setting UI for files in bucket...
DEBUG | Tue Jul 28 23:30:20 IST 2020 : Setting UI for files in bucket...
DEBUG | Tue Jul 28 23:30:20 IST 2020 : Setting UI for files in bucket...
DEBUG | Tue Jul 28 23:30:21 IST 2020 : Setting UI for files in bucket...
DEBUG | Tue Jul 28 23:30:21 IST 2020 : Setting UI for files in bucket...
DEBUG | Tue Jul 28 23:30:22 IST 2020 : Setting UI for files in bucket...
DEBUG | Tue Jul 28 23:30:22 IST 2020 : Setting UI for files in bucket...
DEBUG | Tue Jul 28 23:30:23 IST 2020 : Setting UI for files in bucket...
DEBUG | Tue Jul 28 23:29:53 IST 2020 : Setting UI for files in bucket...
DEBUG | Tue Jul 28 23:29:54 IST 2020 : Setting UI for files in bucket...
DEBUG | Tue Jul 28 23:29:54 IST 2020 : Setting UI for files in bucket...
DEBUG | Tue Jul 28 23:29:55 IST 2020 : Setting UI for files in bucket...
DEBUG | Tue Jul 28 23:29:55 IST 2020 : Setting UI for files in bucket...
DEBUG | Tue Jul 28 23:29:56 IST 2020 : Setting UI for files in bucket...
DEBUG | Tue Jul 28 23:29:56 IST 2020 : Setting UI for files in bucket...
DEBUG | Tue Jul 28 23:29:57 IST 2020 : Setting UI for files in bucket...
DEBUG | Tue Jul 28 23:29:57 IST 2020 : Setting UI for files in bucket...
DEBUG | Tue Jul 28 23:29:58 IST 2020 : Setting UI for files in bucket...
DEBUG | Tue Jul 28 23:29:58 IST 2020 : Setting UI for files in bucket...
DEBUG | Tue Jul 28 23:29:59 IST 2020 : Setting UI for files in bucket...
DEBUG | Tue Jul 28 23:29:59 IST 2020 : Setting UI for files in bucket...
DEBUG | Tue Jul 28 23:30:00 IST 2020 : Setting UI for files in bucket...
DEBUG | Tue Jul 28 23:30:00 IST 2020 : Setting UI for files in bucket...
DEBUG | Tue Jul 28 23:30:01 IST 2020 : Setting UI for files in bucket...
DEBUG | Tue Jul 28 23:30:01 IST 2020 : Setting UI for files in bucket...
DEBUG | Tue Jul 28 23:30:02 IST 2020 : Setting UI for files in bucket...
DEBUG | Tue Jul 28 23:30:02 IST 2020 : Setting UI for files in bucket...
DEBUG | Tue Jul 28 23:30:03 IST 2020 : Setting UI for files in bucket...
DEBUG | Tue Jul 28 23:30:03 IST 2020 : Setting UI for files in bucket...
DEBUG | Tue Jul 28 23:30:04 IST 2020 : Setting UI for files in bucket...
DEBUG | Tue Jul 28 23:30:04 IST 2020 : Setting UI for files in bucket...
DEBUG | Tue Jul 28 23:30:05 IST 2020 : Setting UI for files in bucket...
DEBUG | Tue Jul 28 23:30:05 IST 2020 : Setting UI for files in bucket...
DEBUG | Tue Jul 28 23:30:06 IST 2020 : Setting UI for files in bucket...
DEBUG | Tue Jul 28 23:30:06 IST 2020 : Setting UI for files in bucket...
DEBUG | Tue Jul 28 23:30:07 IST 2020 : Setting UI for files in bucket...
DEBUG | Tue Jul 28 23:30:07 IST 2020 : Setting UI for files in bucket...
DEBUG | Tue Jul 28 23:30:08 IST 2020 : Setting UI for files in bucket...
DEBUG | Tue Jul 28 23:30:08 IST 2020 : Setting UI for files in bucket...
DEBUG | Tue Jul 28 23:30:09 IST 2020 : Setting UI for files in bucket...
DEBUG | Tue Jul 28 23:30:09 IST 2020 : Setting UI for files in bucket...
DEBUG | Tue Jul 28 23:30:10 IST 2020 : Setting UI for files in bucket...
DEBUG | Tue Jul 28 23:30:10 IST 2020 : Setting UI for files in bucket...
DEBUG | Tue Jul 28 23:30:11 IST 2020 : Setting UI for files in bucket...
DEBUG | Tue Jul 28 23:30:11 IST 2020 : Setting UI for files in bucket...
DEBUG | Tue Jul 28 23:30:12 IST 2020 : Setting UI for files in bucket...
DEBUG | Tue Jul 28 23:30:12 IST 2020 : Setting UI for files in bucket...
DEBUG | Tue Jul 28 23:30:13 IST 2020 : Setting UI for files in bucket...
DEBUG | Tue Jul 28 23:30:13 IST 2020 : Setting UI for files in bucket...
DEBUG | Tue Jul 28 23:30:14 IST 2020 : Setting UI for files in bucket...
DEBUG | Tue Jul 28 23:30:14 IST 2020 : Setting UI for files in bucket...
DEBUG | Tue Jul 28 23:30:15 IST 2020 : Setting UI for files in bucket...
DEBUG | Tue Jul 28 23:30:15 IST 2020 : Setting UI for files in bucket...
DEBUG | Tue Jul 28 23:30:16 IST 2020 : Setting UI for files in bucket...
DEBUG | Tue Jul 28 23:30:16 IST 2020 : Setting UI for files in bucket...
DEBUG | Tue Jul 28 23:30:17 IST 2020 : Setting UI for files in bucket...
DEBUG | Tue Jul 28 23:30:17 IST 2020 : Setting UI for files in bucket...
DEBUG | Tue Jul 28 23:30:18 IST 2020 : Setting UI for files in bucket...
DEBUG | Tue Jul 28 23:30:18 IST 2020 : Setting UI for files in bucket...
DEBUG | Tue Jul 28 23:30:19 IST 2020 : Setting UI for files in bucket...
DEBUG | Tue Jul 28 23:30:19 IST 2020 : Setting UI for files in bucket...
DEBUG | Tue Jul 28 23:30:20 IST 2020 : Setting UI for files in bucket...
DEBUG | Tue Jul 28 23:30:20 IST 2020 : Setting UI for files in bucket...
DEBUG | Tue Jul 28 23:30:21 IST 2020 : Setting UI for files in bucket...
DEBUG | Tue Jul 28 23:30:21 IST 2020 : Setting UI for files in bucket...
DEBUG | Tue Jul 28 23:30:22 IST 2020 : Setting UI for files in bucket...
DEBUG | Tue Jul 28 23:30:22 IST 2020 : Setting UI for files in bucket...
DEBUG | Tue Jul 28 23:30:23 IST 2020 : Setting UI for files in bucket...
DEBUG | Tue Jul 28 23:30:23 IST 2020 : Setting UI for files in bucket...
DEBUG | Tue Jul 28 23:30:24 IST 2020 : Setting UI for files in bucket...
DEBUG | Tue Jul 28 23:30:24 IST 2020 : Setting UI for files in bucket...
DEBUG | Tue Jul 28 23:30:25 IST 2020 : Setting UI for files in bucket...
DEBUG | Tue Jul 28 23:30:25 IST 2020 : Setting UI for files in bucket...
DEBUG | Tue Jul 28 23:30:26 IST 2020 : Setting UI for files in bucket...
DEBUG | Tue Jul 28 23:30:26 IST 2020 : Setting UI for files in bucket...
DEBUG | Tue Jul 28 23:30:27 IST 2020 : Setting UI for files in bucket...
DEBUG | Tue Jul 28 23:30:27 IST 2020 : Setting UI for files in bucket...
DEBUG | Tue Jul 28 23:30:28 IST 2020 : Setting UI for files in bucket...
DEBUG | Tue Jul 28 23:30:28 IST 2020 : Setting UI for files in bucket...
DEBUG | Tue Jul 28 23:30:29 IST 2020 : Setting UI for files in bucket...
DEBUG | Tue Jul 28 23:30:29 IST 2020 : Setting UI for files in bucket...
DEBUG | Tue Jul 28 23:30:30 IST 2020 : Setting UI for files in bucket...
DEBUG | Tue Jul 28 23:30:30 IST 2020 : Setting UI for files in bucket...
DEBUG | Tue Jul 28 23:30:31 IST 2020 : Setting UI for files in bucket...
DEBUG | Tue Jul 28 23:30:31 IST 2020 : Setting UI for files in bucket...
DEBUG | Tue Jul 28 23:30:32 IST 2020 : Setting UI for files in bucket...
DEBUG | Tue Jul 28 23:30:32 IST 2020 : Setting UI for files in bucket...
DEBUG | Tue Jul 28 23:30:33 IST 2020 : Setting UI for files in bucket...
DEBUG | Tue Jul 28 23:30:33 IST 2020 : Setting UI for files in bucket...
DEBUG | Tue Jul 28 23:30:34 IST 2020 : Setting UI for files in bucket...
DEBUG | Tue Jul 28 23:30:34 IST 2020 : Setting UI for files in bucket...
DEBUG | Tue Jul 28 23:30:35 IST 2020 : Setting UI for files in bucket...
DEBUG | Tue Jul 28 23:30:35 IST 2020 : Setting UI for files in bucket...
DEBUG | Tue Jul 28 23:30:36 IST 2020 : Setting UI for files in bucket...
DEBUG | Tue Jul 28 23:30:36 IST 2020 : Setting UI for files in bucket...
DEBUG | Tue Jul 28 23:30:37 IST 2020 : Setting UI for files in bucket...
DEBUG | Tue Jul 28 23:30:37 IST 2020 : Setting UI for files in bucket...
DEBUG | Tue Jul 28 23:30:38 IST 2020 : Setting UI for files in bucket...
DEBUG | Tue Jul 28 23:30:38 IST 2020 : Setting UI for files in bucket...
DEBUG | Tue Jul 28 23:30:39 IST 2020 : Setting UI for files in bucket...
DEBUG | Tue Jul 28 23:30:39 IST 2020 : Setting UI for files in bucket...
DEBUG | Tue Jul 28 23:30:40 IST 2020 : Setting UI for files in bucket...
DEBUG | Tue Jul 28 23:30:40 IST 2020 : Setting UI for files in bucket...
DEBUG | Tue Jul 28 23:30:41 IST 2020 : Setting UI for files in bucket...
DEBUG | Tue Jul 28 23:30:41 IST 2020 : Setting UI for files in bucket...
DEBUG | Tue Jul 28 23:30:42 IST 2020 : Setting UI for files in bucket...
DEBUG | Tue Jul 28 23:30:42 IST 2020 : Setting UI for files in bucket...
DEBUG | Tue Jul 28 23:30:43 IST 2020 : Setting UI for files in bucket...
DEBUG | Tue Jul 28 23:30:43 IST 2020 : Setting UI for files in bucket...
DEBUG | Tue Jul 28 23:30:44 IST 2020 : Setting UI for files in bucket...
DEBUG | Tue Jul 28 23:30:44 IST 2020 : Setting UI for files in bucket...
DEBUG | Tue Jul 28 23:30:45 IST 2020 : Setting UI for files in bucket...
DEBUG | Tue Jul 28 23:30:45 IST 2020 : Setting UI for files in bucket...
DEBUG | Tue Jul 28 23:30:46 IST 2020 : Setting UI for files in bucket...
DEBUG | Tue Jul 28 23:30:46 IST 2020 : Setting UI for files in bucket...
DEBUG | Tue Jul 28 23:30:47 IST 2020 : Setting UI for files in bucket...
DEBUG | Tue Jul 28 23:30:47 IST 2020 : Setting UI for files in bucket...
DEBUG | Tue Jul 28 23:30:48 IST 2020 : Setting UI for files in bucket...
DEBUG | Tue Jul 28 23:30:48 IST 2020 : Setting UI for files in bucket...
DEBUG | Tue Jul 28 23:30:49 IST 2020 : Setting UI for files in bucket...
DEBUG | Tue Jul 28 23:30:49 IST 2020 : Setting UI for files in bucket...
DEBUG | Tue Jul 28 23:30:50 IST 2020 : Setting UI for files in bucket...
DEBUG | Tue Jul 28 23:30:50 IST 2020 : Setting UI for files in bucket...
DEBUG | Tue Jul 28 23:30:51 IST 2020 : Setting UI for files in bucket...
DEBUG | Tue Jul 28 23:30:51 IST 2020 : Setting UI for files in bucket...
DEBUG | Tue Jul 28 23:30:52 IST 2020 : Setting UI for files in bucket...
DEBUG | Tue Jul 28 23:30:52 IST 2020 : Setting UI for files in bucket...
DEBUG | Tue Jul 28 23:30:53 IST 2020 : Setting UI for files in bucket...
DEBUG | Tue Jul 28 23:30:23 IST 2020 : Setting UI for files in bucket...
DEBUG | Tue Jul 28 23:30:24 IST 2020 : Setting UI for files in bucket...
DEBUG | Tue Jul 28 23:30:24 IST 2020 : Setting UI for files in bucket...
DEBUG | Tue Jul 28 23:30:25 IST 2020 : Setting UI for files in bucket...
DEBUG | Tue Jul 28 23:30:25 IST 2020 : Setting UI for files in bucket...
DEBUG | Tue Jul 28 23:30:26 IST 2020 : Setting UI for files in bucket...
DEBUG | Tue Jul 28 23:30:26 IST 2020 : Setting UI for files in bucket...
DEBUG | Tue Jul 28 23:30:27 IST 2020 : Setting UI for files in bucket...
DEBUG | Tue Jul 28 23:30:27 IST 2020 : Setting UI for files in bucket...
DEBUG | Tue Jul 28 23:30:28 IST 2020 : Setting UI for files in bucket...
DEBUG | Tue Jul 28 23:30:28 IST 2020 : Setting UI for files in bucket...
DEBUG | Tue Jul 28 23:30:29 IST 2020 : Setting UI for files in bucket...
DEBUG | Tue Jul 28 23:30:29 IST 2020 : Setting UI for files in bucket...
DEBUG | Tue Jul 28 23:30:30 IST 2020 : Setting UI for files in bucket...
DEBUG | Tue Jul 28 23:30:30 IST 2020 : Setting UI for files in bucket...
DEBUG | Tue Jul 28 23:30:31 IST 2020 : Setting UI for files in bucket...
DEBUG | Tue Jul 28 23:30:31 IST 2020 : Setting UI for files in bucket...
DEBUG | Tue Jul 28 23:30:32 IST 2020 : Setting UI for files in bucket...
DEBUG | Tue Jul 28 23:30:32 IST 2020 : Setting UI for files in bucket...
DEBUG | Tue Jul 28 23:30:33 IST 2020 : Setting UI for files in bucket...
DEBUG | Tue Jul 28 23:30:33 IST 2020 : Setting UI for files in bucket...
DEBUG | Tue Jul 28 23:30:34 IST 2020 : Setting UI for files in bucket...
DEBUG | Tue Jul 28 23:30:34 IST 2020 : Setting UI for files in bucket...
DEBUG | Tue Jul 28 23:30:35 IST 2020 : Setting UI for files in bucket...
DEBUG | Tue Jul 28 23:30:35 IST 2020 : Setting UI for files in bucket...
DEBUG | Tue Jul 28 23:30:36 IST 2020 : Setting UI for files in bucket...
DEBUG | Tue Jul 28 23:30:36 IST 2020 : Setting UI for files in bucket...
DEBUG | Tue Jul 28 23:30:37 IST 2020 : Setting UI for files in bucket...
DEBUG | Tue Jul 28 23:30:37 IST 2020 : Setting UI for files in bucket...
DEBUG | Tue Jul 28 23:30:38 IST 2020 : Setting UI for files in bucket...
DEBUG | Tue Jul 28 23:30:38 IST 2020 : Setting UI for files in bucket...
DEBUG | Tue Jul 28 23:30:39 IST 2020 : Setting UI for files in bucket...
DEBUG | Tue Jul 28 23:30:39 IST 2020 : Setting UI for files in bucket...
DEBUG | Tue Jul 28 23:30:40 IST 2020 : Setting UI for files in bucket...
DEBUG | Tue Jul 28 23:30:40 IST 2020 : Setting UI for files in bucket...
DEBUG | Tue Jul 28 23:30:41 IST 2020 : Setting UI for files in bucket...
DEBUG | Tue Jul 28 23:30:41 IST 2020 : Setting UI for files in bucket...
DEBUG | Tue Jul 28 23:30:42 IST 2020 : Setting UI for files in bucket...
DEBUG | Tue Jul 28 23:30:42 IST 2020 : Setting UI for files in bucket...
DEBUG | Tue Jul 28 23:30:43 IST 2020 : Setting UI for files in bucket...
DEBUG | Tue Jul 28 23:30:43 IST 2020 : Setting UI for files in bucket...
DEBUG | Tue Jul 28 23:30:44 IST 2020 : Setting UI for files in bucket...
DEBUG | Tue Jul 28 23:30:44 IST 2020 : Setting UI for files in bucket...
DEBUG | Tue Jul 28 23:30:45 IST 2020 : Setting UI for files in bucket...
DEBUG | Tue Jul 28 23:30:45 IST 2020 : Setting UI for files in bucket...
DEBUG | Tue Jul 28 23:30:46 IST 2020 : Setting UI for files in bucket...
DEBUG | Tue Jul 28 23:30:46 IST 2020 : Setting UI for files in bucket...
DEBUG | Tue Jul 28 23:30:47 IST 2020 : Setting UI for files in bucket...
DEBUG | Tue Jul 28 23:30:47 IST 2020 : Setting UI for files in bucket...
DEBUG | Tue Jul 28 23:30:48 IST 2020 : Setting UI for files in bucket...
DEBUG | Tue Jul 28 23:30:48 IST 2020 : Setting UI for files in bucket...
DEBUG | Tue Jul 28 23:30:49 IST 2020 : Setting UI for files in bucket...
DEBUG | Tue Jul 28 23:30:49 IST 2020 : Setting UI for files in bucket...
DEBUG | Tue Jul 28 23:30:50 IST 2020 : Setting UI for files in bucket...
DEBUG | Tue Jul 28 23:30:50 IST 2020 : Setting UI for files in bucket...
DEBUG | Tue Jul 28 23:30:51 IST 2020 : Setting UI for files in bucket...
DEBUG | Tue Jul 28 23:30:51 IST 2020 : Setting UI for files in bucket...
DEBUG | Tue Jul 28 23:30:52 IST 2020 : Setting UI for files in bucket...
DEBUG | Tue Jul 28 23:30:52 IST 2020 : Setting UI for files in bucket...
DEBUG | Tue Jul 28 23:30:53 IST 2020 : Setting UI for files in bucket...
DEBUG | Tue Jul 28 23:30:53 IST 2020 : Setting UI for files in bucket...
DEBUG | Tue Jul 28 23:30:54 IST 2020 : Setting UI for files in bucket...
DEBUG | Tue Jul 28 23:30:54 IST 2020 : Setting UI for files in bucket...
DEBUG | Tue Jul 28 23:30:55 IST 2020 : Setting UI for files in bucket...
DEBUG | Tue Jul 28 23:30:55 IST 2020 : Setting UI for files in bucket...
DEBUG | Tue Jul 28 23:30:56 IST 2020 : Setting UI for files in bucket...
DEBUG | Tue Jul 28 23:30:56 IST 2020 : Setting UI for files in bucket...
DEBUG | Tue Jul 28 23:30:57 IST 2020 : Setting UI for files in bucket...
DEBUG | Tue Jul 28 23:30:57 IST 2020 : Setting UI for files in bucket...
DEBUG | Tue Jul 28 23:30:58 IST 2020 : Setting UI for files in bucket...
DEBUG | Tue Jul 28 23:30:58 IST 2020 : Setting UI for files in bucket...
DEBUG | Tue Jul 28 23:30:59 IST 2020 : Setting UI for files in bucket...
DEBUG | Tue Jul 28 23:30:59 IST 2020 : Setting UI for files in bucket...
DEBUG | Tue Jul 28 23:31:00 IST 2020 : Setting UI for files in bucket...
DEBUG | Tue Jul 28 23:31:00 IST 2020 : Setting UI for files in bucket...
DEBUG | Tue Jul 28 23:31:01 IST 2020 : Setting UI for files in bucket...
DEBUG | Tue Jul 28 23:31:01 IST 2020 : Setting UI for files in bucket...
DEBUG | Tue Jul 28 23:31:02 IST 2020 : Setting UI for files in bucket...
DEBUG | Tue Jul 28 23:31:02 IST 2020 : Setting UI for files in bucket...
DEBUG | Tue Jul 28 23:31:03 IST 2020 : Setting UI for files in bucket...
DEBUG | Tue Jul 28 23:31:03 IST 2020 : Setting UI for files in bucket...
DEBUG | Tue Jul 28 23:31:04 IST 2020 : Setting UI for files in bucket...
DEBUG | Tue Jul 28 23:31:04 IST 2020 : Setting UI for files in bucket...
DEBUG | Tue Jul 28 23:31:05 IST 2020 : Setting UI for files in bucket...
DEBUG | Tue Jul 28 23:31:05 IST 2020 : Setting UI for files in bucket...
DEBUG | Tue Jul 28 23:31:06 IST 2020 : Setting UI for files in bucket...
DEBUG | Tue Jul 28 23:31:06 IST 2020 : Setting UI for files in bucket...
DEBUG | Tue Jul 28 23:31:07 IST 2020 : Setting UI for files in bucket...
DEBUG | Tue Jul 28 23:31:07 IST 2020 : Setting UI for files in bucket...
DEBUG | Tue Jul 28 23:31:08 IST 2020 : Setting UI for files in bucket...
DEBUG | Tue Jul 28 23:31:08 IST 2020 : Setting UI for files in bucket...
DEBUG | Tue Jul 28 23:31:09 IST 2020 : Setting UI for files in bucket...
DEBUG | Tue Jul 28 23:31:09 IST 2020 : Setting UI for files in bucket...
DEBUG | Tue Jul 28 23:31:10 IST 2020 : Setting UI for files in bucket...
DEBUG | Tue Jul 28 23:31:10 IST 2020 : Setting UI for files in bucket...
DEBUG | Tue Jul 28 23:31:11 IST 2020 : Setting UI for files in bucket...
DEBUG | Tue Jul 28 23:31:11 IST 2020 : Setting UI for files in bucket...
DEBUG | Tue Jul 28 23:31:12 IST 2020 : Setting UI for files in bucket...
DEBUG | Tue Jul 28 23:31:12 IST 2020 : Setting UI for files in bucket...
DEBUG | Tue Jul 28 23:31:13 IST 2020 : Setting UI for files in bucket...
DEBUG | Tue Jul 28 23:31:13 IST 2020 : Setting UI for files in bucket...
DEBUG | Tue Jul 28 23:31:14 IST 2020 : Setting UI for files in bucket...
DEBUG | Tue Jul 28 23:31:14 IST 2020 : Setting UI for files in bucket...
DEBUG | Tue Jul 28 23:31:15 IST 2020 : Setting UI for files in bucket...
DEBUG | Tue Jul 28 23:31:15 IST 2020 : Setting UI for files in bucket...
DEBUG | Tue Jul 28 23:31:16 IST 2020 : Setting UI for files in bucket...
DEBUG | Tue Jul 28 23:31:16 IST 2020 : Setting UI for files in bucket...
DEBUG | Tue Jul 28 23:31:17 IST 2020 : Setting UI for files in bucket...
DEBUG | Tue Jul 28 23:31:17 IST 2020 : Setting UI for files in bucket...
DEBUG | Tue Jul 28 23:31:18 IST 2020 : Setting UI for files in bucket...
DEBUG | Tue Jul 28 23:31:18 IST 2020 : Setting UI for files in bucket...
DEBUG | Tue Jul 28 23:31:19 IST 2020 : Setting UI for files in bucket...
DEBUG | Tue Jul 28 23:31:19 IST 2020 : Setting UI for files in bucket...
DEBUG | Tue Jul 28 23:31:20 IST 2020 : Setting UI for files in bucket...
DEBUG | Tue Jul 28 23:31:20 IST 2020 : Setting UI for files in bucket...
DEBUG | Tue Jul 28 23:31:21 IST 2020 : Setting UI for files in bucket...
DEBUG | Tue Jul 28 23:31:21 IST 2020 : Setting UI for files in bucket...
DEBUG | Tue Jul 28 23:31:22 IST 2020 : Setting UI for files in bucket...
DEBUG | Tue Jul 28 23:31:22 IST 2020 : Setting UI for files in bucket...
DEBUG | Tue Jul 28 23:31:23 IST 2020 : Setting UI for files in bucket...
DEBUG | Tue Jul 28 23:30:53 IST 2020 : Setting UI for files in bucket...
DEBUG | Tue Jul 28 23:30:54 IST 2020 : Setting UI for files in bucket...
DEBUG | Tue Jul 28 23:30:54 IST 2020 : Setting UI for files in bucket...
DEBUG | Tue Jul 28 23:30:55 IST 2020 : Setting UI for files in bucket...
DEBUG | Tue Jul 28 23:30:55 IST 2020 : Setting UI for files in bucket...
DEBUG | Tue Jul 28 23:30:56 IST 2020 : Setting UI for files in bucket...
DEBUG | Tue Jul 28 23:30:56 IST 2020 : Setting UI for files in bucket...
DEBUG | Tue Jul 28 23:30:57 IST 2020 : Setting UI for files in bucket...
DEBUG | Tue Jul 28 23:30:57 IST 2020 : Setting UI for files in bucket...
DEBUG | Tue Jul 28 23:30:58 IST 2020 : Setting UI for files in bucket...
DEBUG | Tue Jul 28 23:30:58 IST 2020 : Setting UI for files in bucket...
DEBUG | Tue Jul 28 23:30:59 IST 2020 : Setting UI for files in bucket...
DEBUG | Tue Jul 28 23:30:59 IST 2020 : Setting UI for files in bucket...
DEBUG | Tue Jul 28 23:31:00 IST 2020 : Setting UI for files in bucket...
DEBUG | Tue Jul 28 23:31:00 IST 2020 : Setting UI for files in bucket...
DEBUG | Tue Jul 28 23:31:01 IST 2020 : Setting UI for files in bucket...
DEBUG | Tue Jul 28 23:31:01 IST 2020 : Setting UI for files in bucket...
DEBUG | Tue Jul 28 23:31:02 IST 2020 : Setting UI for files in bucket...
DEBUG | Tue Jul 28 23:31:02 IST 2020 : Setting UI for files in bucket...
DEBUG | Tue Jul 28 23:31:03 IST 2020 : Setting UI for files in bucket...
DEBUG | Tue Jul 28 23:31:03 IST 2020 : Setting UI for files in bucket...
DEBUG | Tue Jul 28 23:31:04 IST 2020 : Setting UI for files in bucket...
DEBUG | Tue Jul 28 23:31:04 IST 2020 : Setting UI for files in bucket...
DEBUG | Tue Jul 28 23:31:05 IST 2020 : Setting UI for files in bucket...
DEBUG | Tue Jul 28 23:31:05 IST 2020 : Setting UI for files in bucket...
DEBUG | Tue Jul 28 23:31:06 IST 2020 : Setting UI for files in bucket...
DEBUG | Tue Jul 28 23:31:06 IST 2020 : Setting UI for files in bucket...
DEBUG | Tue Jul 28 23:31:07 IST 2020 : Setting UI for files in bucket...
DEBUG | Tue Jul 28 23:31:07 IST 2020 : Setting UI for files in bucket...
DEBUG | Tue Jul 28 23:31:08 IST 2020 : Setting UI for files in bucket...
DEBUG | Tue Jul 28 23:31:08 IST 2020 : Setting UI for files in bucket...
DEBUG | Tue Jul 28 23:31:09 IST 2020 : Setting UI for files in bucket...
DEBUG | Tue Jul 28 23:31:09 IST 2020 : Setting UI for files in bucket...
DEBUG | Tue Jul 28 23:31:10 IST 2020 : Setting UI for files in bucket...
DEBUG | Tue Jul 28 23:31:10 IST 2020 : Setting UI for files in bucket...
DEBUG | Tue Jul 28 23:31:11 IST 2020 : Setting UI for files in bucket...
DEBUG | Tue Jul 28 23:31:11 IST 2020 : Setting UI for files in bucket...
DEBUG | Tue Jul 28 23:31:12 IST 2020 : Setting UI for files in bucket...
DEBUG | Tue Jul 28 23:31:12 IST 2020 : Setting UI for files in bucket...
DEBUG | Tue Jul 28 23:31:13 IST 2020 : Setting UI for files in bucket...
DEBUG | Tue Jul 28 23:31:13 IST 2020 : Setting UI for files in bucket...
DEBUG | Tue Jul 28 23:31:14 IST 2020 : Setting UI for files in bucket...
DEBUG | Tue Jul 28 23:31:14 IST 2020 : Setting UI for files in bucket...
DEBUG | Tue Jul 28 23:31:15 IST 2020 : Setting UI for files in bucket...
DEBUG | Tue Jul 28 23:31:15 IST 2020 : Setting UI for files in bucket...
DEBUG | Tue Jul 28 23:31:16 IST 2020 : Setting UI for files in bucket...
DEBUG | Tue Jul 28 23:31:16 IST 2020 : Setting UI for files in bucket...
DEBUG | Tue Jul 28 23:31:17 IST 2020 : Setting UI for files in bucket...
DEBUG | Tue Jul 28 23:31:17 IST 2020 : Setting UI for files in bucket...
DEBUG | Tue Jul 28 23:31:18 IST 2020 : Setting UI for files in bucket...
DEBUG | Tue Jul 28 23:31:18 IST 2020 : Setting UI for files in bucket...
DEBUG | Tue Jul 28 23:31:19 IST 2020 : Setting UI for files in bucket...
DEBUG | Tue Jul 28 23:31:19 IST 2020 : Setting UI for files in bucket...
DEBUG | Tue Jul 28 23:31:20 IST 2020 : Setting UI for files in bucket...
DEBUG | Tue Jul 28 23:31:20 IST 2020 : Setting UI for files in bucket...
DEBUG | Tue Jul 28 23:31:21 IST 2020 : Setting UI for files in bucket...
DEBUG | Tue Jul 28 23:31:21 IST 2020 : Setting UI for files in bucket...
DEBUG | Tue Jul 28 23:31:22 IST 2020 : Setting UI for files in bucket...
DEBUG | Tue Jul 28 23:31:22 IST 2020 : Setting UI for files in bucket...
DEBUG | Tue Jul 28 23:31:23 IST 2020 : Setting UI for files in bucket...
DEBUG | Tue Jul 28 23:31:23 IST 2020 : Setting UI for files in bucket...
DEBUG | Tue Jul 28 23:31:24 IST 2020 : Setting UI for files in bucket...
DEBUG | Tue Jul 28 23:31:24 IST 2020 : Setting UI for files in bucket...
DEBUG | Tue Jul 28 23:31:25 IST 2020 : Setting UI for files in bucket...
DEBUG | Tue Jul 28 23:31:25 IST 2020 : Setting UI for files in bucket...
DEBUG | Tue Jul 28 23:31:26 IST 2020 : Setting UI for files in bucket...
DEBUG | Tue Jul 28 23:31:26 IST 2020 : Setting UI for files in bucket...
DEBUG | Tue Jul 28 23:31:27 IST 2020 : Setting UI for files in bucket...
DEBUG | Tue Jul 28 23:31:27 IST 2020 : Setting UI for files in bucket...
DEBUG | Tue Jul 28 23:31:28 IST 2020 : Setting UI for files in bucket...
DEBUG | Tue Jul 28 23:31:28 IST 2020 : Setting UI for files in bucket...
DEBUG | Tue Jul 28 23:31:29 IST 2020 : Setting UI for files in bucket...
DEBUG | Tue Jul 28 23:31:29 IST 2020 : Setting UI for files in bucket...
DEBUG | Tue Jul 28 23:31:30 IST 2020 : Setting UI for files in bucket...
DEBUG | Tue Jul 28 23:31:30 IST 2020 : Setting UI for files in bucket...
DEBUG | Tue Jul 28 23:31:31 IST 2020 : Setting UI for files in bucket...
DEBUG | Tue Jul 28 23:31:31 IST 2020 : Setting UI for files in bucket...
DEBUG | Tue Jul 28 23:31:32 IST 2020 : Setting UI for files in bucket...
DEBUG | Tue Jul 28 23:31:32 IST 2020 : Setting UI for files in bucket...
DEBUG | Tue Jul 28 23:31:33 IST 2020 : Setting UI for files in bucket...
DEBUG | Tue Jul 28 23:31:33 IST 2020 : Setting UI for files in bucket...
DEBUG | Tue Jul 28 23:31:34 IST 2020 : Setting UI for files in bucket...
DEBUG | Tue Jul 28 23:31:34 IST 2020 : Setting UI for files in bucket...
DEBUG | Tue Jul 28 23:31:35 IST 2020 : Setting UI for files in bucket...
DEBUG | Tue Jul 28 23:31:35 IST 2020 : Setting UI for files in bucket...
DEBUG | Tue Jul 28 23:31:36 IST 2020 : Setting UI for files in bucket...
DEBUG | Tue Jul 28 23:31:36 IST 2020 : Setting UI for files in bucket...
DEBUG | Tue Jul 28 23:31:37 IST 2020 : Setting UI for files in bucket...
DEBUG | Tue Jul 28 23:31:37 IST 2020 : Setting UI for files in bucket...
DEBUG | Tue Jul 28 23:31:38 IST 2020 : Setting UI for files in bucket...
DEBUG | Tue Jul 28 23:31:38 IST 2020 : Setting UI for files in bucket...
DEBUG | Tue Jul 28 23:31:39 IST 2020 : Setting UI for files in bucket...
DEBUG | Tue Jul 28 23:31:39 IST 2020 : Setting UI for files in bucket...
DEBUG | Tue Jul 28 23:31:40 IST 2020 : Setting UI for files in bucket...
DEBUG | Tue Jul 28 23:31:40 IST 2020 : Setting UI for files in bucket...
DEBUG | Tue Jul 28 23:31:41 IST 2020 : Setting UI for files in bucket...
DEBUG | Tue Jul 28 23:31:41 IST 2020 : Setting UI for files in bucket...
DEBUG | Tue Jul 28 23:31:42 IST 2020 : Setting UI for files in bucket...
DEBUG | Tue Jul 28 23:31:42 IST 2020 : Setting UI for files in bucket...
DEBUG | Tue Jul 28 23:31:43 IST 2020 : Setting UI for files in bucket...
DEBUG | Tue Jul 28 23:31:43 IST 2020 : Setting UI for files in bucket...
DEBUG | Tue Jul 28 23:31:44 IST 2020 : Setting UI for files in bucket...
DEBUG | Tue Jul 28 23:31:44 IST 2020 : Setting UI for files in bucket...
DEBUG | Tue Jul 28 23:31:45 IST 2020 : Setting UI for files in bucket...
DEBUG | Tue Jul 28 23:31:45 IST 2020 : Setting UI for files in bucket...
DEBUG | Tue Jul 28 23:31:46 IST 2020 : Setting UI for files in bucket...
DEBUG | Tue Jul 28 23:31:46 IST 2020 : Setting UI for files in bucket...
DEBUG | Tue Jul 28 23:31:47 IST 2020 : Setting UI for files in bucket...
DEBUG | Tue Jul 28 23:31:47 IST 2020 : Setting UI for files in bucket...
DEBUG | Tue Jul 28 23:31:48 IST 2020 : Setting UI for files in bucket...
DEBUG | Tue Jul 28 23:31:48 IST 2020 : Setting UI for files in bucket...
DEBUG | Tue Jul 28 23:31:49 IST 2020 : Setting UI for files in bucket...
DEBUG | Tue Jul 28 23:31:49 IST 2020 : Setting UI for files in bucket...
DEBUG | Tue Jul 28 23:31:50 IST 2020 : Setting UI for files in bucket...
DEBUG | Tue Jul 28 23:31:50 IST 2020 : Setting UI for files in bucket...
DEBUG | Tue Jul 28 23:31:51 IST 2020 : Setting UI for files in bucket...
DEBUG | Tue Jul 28 23:31:51 IST 2020 : Setting UI for files in bucket...
DEBUG | Tue Jul 28 23:31:52 IST 2020 : Setting UI for files in bucket...
DEBUG | Tue Jul 28 23:31:52 IST 2020 : Setting UI for files in bucket...
DEBUG | Tue Jul 28 23:31:53 IST 2020 : Setting UI for files in bucket...
DEBUG | Tue Jul 28 23:31:23 IST 2020 : Setting UI for files in bucket...
DEBUG | Tue Jul 28 23:31:24 IST 2020 : Setting UI for files in bucket...
DEBUG | Tue Jul 28 23:31:24 IST 2020 : Setting UI for files in bucket...
DEBUG | Tue Jul 28 23:31:25 IST 2020 : Setting UI for files in bucket...
DEBUG | Tue Jul 28 23:31:25 IST 2020 : Setting UI for files in bucket...
DEBUG | Tue Jul 28 23:31:26 IST 2020 : Setting UI for files in bucket...
DEBUG | Tue Jul 28 23:31:26 IST 2020 : Setting UI for files in bucket...
DEBUG | Tue Jul 28 23:31:27 IST 2020 : Setting UI for files in bucket...
DEBUG | Tue Jul 28 23:31:27 IST 2020 : Setting UI for files in bucket...
DEBUG | Tue Jul 28 23:31:28 IST 2020 : Setting UI for files in bucket...
DEBUG | Tue Jul 28 23:31:28 IST 2020 : Setting UI for files in bucket...
DEBUG | Tue Jul 28 23:31:29 IST 2020 : Setting UI for files in bucket...
DEBUG | Tue Jul 28 23:31:29 IST 2020 : Setting UI for files in bucket...
DEBUG | Tue Jul 28 23:31:30 IST 2020 : Setting UI for files in bucket...
DEBUG | Tue Jul 28 23:31:30 IST 2020 : Setting UI for files in bucket...
DEBUG | Tue Jul 28 23:31:31 IST 2020 : Setting UI for files in bucket...
DEBUG | Tue Jul 28 23:31:31 IST 2020 : Setting UI for files in bucket...
DEBUG | Tue Jul 28 23:31:32 IST 2020 : Setting UI for files in bucket...
DEBUG | Tue Jul 28 23:31:32 IST 2020 : Setting UI for files in bucket...
DEBUG | Tue Jul 28 23:31:33 IST 2020 : Setting UI for files in bucket...
DEBUG | Tue Jul 28 23:31:33 IST 2020 : Setting UI for files in bucket...
DEBUG | Tue Jul 28 23:31:34 IST 2020 : Setting UI for files in bucket...
DEBUG | Tue Jul 28 23:31:34 IST 2020 : Setting UI for files in bucket...
DEBUG | Tue Jul 28 23:31:35 IST 2020 : Setting UI for files in bucket...
DEBUG | Tue Jul 28 23:31:35 IST 2020 : Setting UI for files in bucket...
DEBUG | Tue Jul 28 23:31:36 IST 2020 : Setting UI for files in bucket...
DEBUG | Tue Jul 28 23:31:36 IST 2020 : Setting UI for files in bucket...
DEBUG | Tue Jul 28 23:31:37 IST 2020 : Setting UI for files in bucket...
DEBUG | Tue Jul 28 23:31:37 IST 2020 : Setting UI for files in bucket...
DEBUG | Tue Jul 28 23:31:38 IST 2020 : Setting UI for files in bucket...
DEBUG | Tue Jul 28 23:31:38 IST 2020 : Setting UI for files in bucket...
DEBUG | Tue Jul 28 23:31:39 IST 2020 : Setting UI for files in bucket...
DEBUG | Tue Jul 28 23:31:39 IST 2020 : Setting UI for files in bucket...
DEBUG | Tue Jul 28 23:31:40 IST 2020 : Setting UI for files in bucket...
DEBUG | Tue Jul 28 23:31:40 IST 2020 : Setting UI for files in bucket...
DEBUG | Tue Jul 28 23:31:41 IST 2020 : Setting UI for files in bucket...
DEBUG | Tue Jul 28 23:31:41 IST 2020 : Setting UI for files in bucket...
DEBUG | Tue Jul 28 23:31:42 IST 2020 : Setting UI for files in bucket...
DEBUG | Tue Jul 28 23:31:42 IST 2020 : Setting UI for files in bucket...
DEBUG | Tue Jul 28 23:31:43 IST 2020 : Setting UI for files in bucket...
DEBUG | Tue Jul 28 23:31:43 IST 2020 : Setting UI for files in bucket...
DEBUG | Tue Jul 28 23:31:44 IST 2020 : Setting UI for files in bucket...
DEBUG | Tue Jul 28 23:31:44 IST 2020 : Setting UI for files in bucket...
DEBUG | Tue Jul 28 23:31:45 IST 2020 : Setting UI for files in bucket...
DEBUG | Tue Jul 28 23:31:45 IST 2020 : Setting UI for files in bucket...
DEBUG | Tue Jul 28 23:31:46 IST 2020 : Setting UI for files in bucket...
DEBUG | Tue Jul 28 23:31:46 IST 2020 : Setting UI for files in bucket...
DEBUG | Tue Jul 28 23:31:47 IST 2020 : Setting UI for files in bucket...
DEBUG | Tue Jul 28 23:31:47 IST 2020 : Setting UI for files in bucket...
DEBUG | Tue Jul 28 23:31:48 IST 2020 : Setting UI for files in bucket...
DEBUG | Tue Jul 28 23:31:48 IST 2020 : Setting UI for files in bucket...
DEBUG | Tue Jul 28 23:31:49 IST 2020 : Setting UI for files in bucket...
DEBUG | Tue Jul 28 23:31:49 IST 2020 : Setting UI for files in bucket...
DEBUG | Tue Jul 28 23:31:50 IST 2020 : Setting UI for files in bucket...
DEBUG | Tue Jul 28 23:31:50 IST 2020 : Setting UI for files in bucket...
DEBUG | Tue Jul 28 23:31:51 IST 2020 : Setting UI for files in bucket...
DEBUG | Tue Jul 28 23:31:51 IST 2020 : Setting UI for files in bucket...
DEBUG | Tue Jul 28 23:31:52 IST 2020 : Setting UI for files in bucket...
DEBUG | Tue Jul 28 23:31:52 IST 2020 : Setting UI for files in bucket...
DEBUG | Tue Jul 28 23:31:53 IST 2020 : Setting UI for files in bucket...
DEBUG | Tue Jul 28 23:31:53 IST 2020 : Setting UI for files in bucket...
DEBUG | Tue Jul 28 23:31:54 IST 2020 : Setting UI for files in bucket...
DEBUG | Tue Jul 28 23:31:54 IST 2020 : Setting UI for files in bucket...
DEBUG | Tue Jul 28 23:31:55 IST 2020 : Setting UI for files in bucket...
DEBUG | Tue Jul 28 23:31:55 IST 2020 : Setting UI for files in bucket...
DEBUG | Tue Jul 28 23:31:56 IST 2020 : Setting UI for files in bucket...
DEBUG | Tue Jul 28 23:31:56 IST 2020 : Setting UI for files in bucket...
DEBUG | Tue Jul 28 23:31:57 IST 2020 : Setting UI for files in bucket...
DEBUG | Tue Jul 28 23:31:57 IST 2020 : Setting UI for files in bucket...
DEBUG | Tue Jul 28 23:31:58 IST 2020 : Setting UI for files in bucket...
DEBUG | Tue Jul 28 23:31:58 IST 2020 : Setting UI for files in bucket...
DEBUG | Tue Jul 28 23:31:59 IST 2020 : Setting UI for files in bucket...
DEBUG | Tue Jul 28 23:31:59 IST 2020 : Setting UI for files in bucket...
DEBUG | Tue Jul 28 23:32:00 IST 2020 : Setting UI for files in bucket...
DEBUG | Tue Jul 28 23:32:00 IST 2020 : Setting UI for files in bucket...
DEBUG | Tue Jul 28 23:32:01 IST 2020 : Setting UI for files in bucket...
DEBUG | Tue Jul 28 23:32:01 IST 2020 : Setting UI for files in bucket...
DEBUG | Tue Jul 28 23:32:02 IST 2020 : Setting UI for files in bucket...
DEBUG | Tue Jul 28 23:32:02 IST 2020 : Setting UI for files in bucket...
DEBUG | Tue Jul 28 23:32:03 IST 2020 : Setting UI for files in bucket...
DEBUG | Tue Jul 28 23:32:03 IST 2020 : Setting UI for files in bucket...
DEBUG | Tue Jul 28 23:32:04 IST 2020 : Setting UI for files in bucket...
DEBUG | Tue Jul 28 23:32:04 IST 2020 : Setting UI for files in bucket...
DEBUG | Tue Jul 28 23:32:05 IST 2020 : Setting UI for files in bucket...
DEBUG | Tue Jul 28 23:32:05 IST 2020 : Setting UI for files in bucket...
DEBUG | Tue Jul 28 23:32:06 IST 2020 : Setting UI for files in bucket...
DEBUG | Tue Jul 28 23:32:06 IST 2020 : Setting UI for files in bucket...
DEBUG | Tue Jul 28 23:32:07 IST 2020 : Setting UI for files in bucket...
DEBUG | Tue Jul 28 23:32:07 IST 2020 : Setting UI for files in bucket...
DEBUG | Tue Jul 28 23:32:08 IST 2020 : Setting UI for files in bucket...
DEBUG | Tue Jul 28 23:32:08 IST 2020 : Setting UI for files in bucket...
DEBUG | Tue Jul 28 23:32:09 IST 2020 : Setting UI for files in bucket...
DEBUG | Tue Jul 28 23:32:09 IST 2020 : Setting UI for files in bucket...
DEBUG | Tue Jul 28 23:32:10 IST 2020 : Setting UI for files in bucket...
DEBUG | Tue Jul 28 23:32:10 IST 2020 : Setting UI for files in bucket...
DEBUG | Tue Jul 28 23:32:11 IST 2020 : Setting UI for files in bucket...
DEBUG | Tue Jul 28 23:32:11 IST 2020 : Setting UI for files in bucket...
DEBUG | Tue Jul 28 23:32:12 IST 2020 : Setting UI for files in bucket...
DEBUG | Tue Jul 28 23:32:12 IST 2020 : Setting UI for files in bucket...
DEBUG | Tue Jul 28 23:32:13 IST 2020 : Setting UI for files in bucket...
DEBUG | Tue Jul 28 23:32:13 IST 2020 : Setting UI for files in bucket...
DEBUG | Tue Jul 28 23:32:14 IST 2020 : Setting UI for files in bucket...
DEBUG | Tue Jul 28 23:32:14 IST 2020 : Setting UI for files in bucket...
DEBUG | Tue Jul 28 23:32:15 IST 2020 : Setting UI for files in bucket...
DEBUG | Tue Jul 28 23:32:15 IST 2020 : Setting UI for files in bucket...
DEBUG | Tue Jul 28 23:32:16 IST 2020 : Setting UI for files in bucket...
DEBUG | Tue Jul 28 23:32:16 IST 2020 : Setting UI for files in bucket...
DEBUG | Tue Jul 28 23:32:17 IST 2020 : Setting UI for files in bucket...
DEBUG | Tue Jul 28 23:32:17 IST 2020 : Setting UI for files in bucket...
DEBUG | Tue Jul 28 23:32:18 IST 2020 : Setting UI for files in bucket...
DEBUG | Tue Jul 28 23:32:18 IST 2020 : Setting UI for files in bucket...
DEBUG | Tue Jul 28 23:32:19 IST 2020 : Setting UI for files in bucket...
DEBUG | Tue Jul 28 23:32:19 IST 2020 : Setting UI for files in bucket...
DEBUG | Tue Jul 28 23:32:20 IST 2020 : Setting UI for files in bucket...
DEBUG | Tue Jul 28 23:32:20 IST 2020 : Setting UI for files in bucket...
DEBUG | Tue Jul 28 23:32:21 IST 2020 : Setting UI for files in bucket...
DEBUG | Tue Jul 28 23:32:21 IST 2020 : Setting UI for files in bucket...
DEBUG | Tue Jul 28 23:32:22 IST 2020 : Setting UI for files in bucket...
DEBUG | Tue Jul 28 23:32:22 IST 2020 : Setting UI for files in bucket...
DEBUG | Tue Jul 28 23:32:23 IST 2020 : Setting UI for files in bucket...
DEBUG | Tue Jul 28 23:31:53 IST 2020 : Setting UI for files in bucket...
DEBUG | Tue Jul 28 23:31:54 IST 2020 : Setting UI for files in bucket...
DEBUG | Tue Jul 28 23:31:54 IST 2020 : Setting UI for files in bucket...
DEBUG | Tue Jul 28 23:31:55 IST 2020 : Setting UI for files in bucket...
DEBUG | Tue Jul 28 23:31:55 IST 2020 : Setting UI for files in bucket...
DEBUG | Tue Jul 28 23:31:56 IST 2020 : Setting UI for files in bucket...
DEBUG | Tue Jul 28 23:31:56 IST 2020 : Setting UI for files in bucket...
DEBUG | Tue Jul 28 23:31:57 IST 2020 : Setting UI for files in bucket...
DEBUG | Tue Jul 28 23:31:57 IST 2020 : Setting UI for files in bucket...
DEBUG | Tue Jul 28 23:31:58 IST 2020 : Setting UI for files in bucket...
DEBUG | Tue Jul 28 23:31:58 IST 2020 : Setting UI for files in bucket...
DEBUG | Tue Jul 28 23:31:59 IST 2020 : Setting UI for files in bucket...
DEBUG | Tue Jul 28 23:31:59 IST 2020 : Setting UI for files in bucket...
DEBUG | Tue Jul 28 23:32:00 IST 2020 : Setting UI for files in bucket...
DEBUG | Tue Jul 28 23:32:00 IST 2020 : Setting UI for files in bucket...
DEBUG | Tue Jul 28 23:32:01 IST 2020 : Setting UI for files in bucket...
DEBUG | Tue Jul 28 23:32:01 IST 2020 : Setting UI for files in bucket...
DEBUG | Tue Jul 28 23:32:02 IST 2020 : Setting UI for files in bucket...
DEBUG | Tue Jul 28 23:32:02 IST 2020 : Setting UI for files in bucket...
DEBUG | Tue Jul 28 23:32:03 IST 2020 : Setting UI for files in bucket...
DEBUG | Tue Jul 28 23:32:03 IST 2020 : Setting UI for files in bucket...
DEBUG | Tue Jul 28 23:32:04 IST 2020 : Setting UI for files in bucket...
DEBUG | Tue Jul 28 23:32:04 IST 2020 : Setting UI for files in bucket...
DEBUG | Tue Jul 28 23:32:05 IST 2020 : Setting UI for files in bucket...
DEBUG | Tue Jul 28 23:32:05 IST 2020 : Setting UI for files in bucket...
DEBUG | Tue Jul 28 23:32:06 IST 2020 : Setting UI for files in bucket...
DEBUG | Tue Jul 28 23:32:06 IST 2020 : Setting UI for files in bucket...
DEBUG | Tue Jul 28 23:32:07 IST 2020 : Setting UI for files in bucket...
DEBUG | Tue Jul 28 23:32:07 IST 2020 : Setting UI for files in bucket...
DEBUG | Tue Jul 28 23:32:08 IST 2020 : Setting UI for files in bucket...
DEBUG | Tue Jul 28 23:32:08 IST 2020 : Setting UI for files in bucket...
DEBUG | Tue Jul 28 23:32:09 IST 2020 : Setting UI for files in bucket...
DEBUG | Tue Jul 28 23:32:09 IST 2020 : Setting UI for files in bucket...
DEBUG | Tue Jul 28 23:32:10 IST 2020 : Setting UI for files in bucket...
DEBUG | Tue Jul 28 23:32:10 IST 2020 : Setting UI for files in bucket...
DEBUG | Tue Jul 28 23:32:11 IST 2020 : Setting UI for files in bucket...
DEBUG | Tue Jul 28 23:32:11 IST 2020 : Setting UI for files in bucket...
DEBUG | Tue Jul 28 23:32:12 IST 2020 : Setting UI for files in bucket...
DEBUG | Tue Jul 28 23:32:12 IST 2020 : Setting UI for files in bucket...
DEBUG | Tue Jul 28 23:32:13 IST 2020 : Setting UI for files in bucket...
DEBUG | Tue Jul 28 23:32:13 IST 2020 : Setting UI for files in bucket...
DEBUG | Tue Jul 28 23:32:14 IST 2020 : Setting UI for files in bucket...
DEBUG | Tue Jul 28 23:32:14 IST 2020 : Setting UI for files in bucket...
DEBUG | Tue Jul 28 23:32:15 IST 2020 : Setting UI for files in bucket...
DEBUG | Tue Jul 28 23:32:15 IST 2020 : Setting UI for files in bucket...
DEBUG | Tue Jul 28 23:32:16 IST 2020 : Setting UI for files in bucket...
DEBUG | Tue Jul 28 23:32:16 IST 2020 : Setting UI for files in bucket...
DEBUG | Tue Jul 28 23:32:17 IST 2020 : Setting UI for files in bucket...
DEBUG | Tue Jul 28 23:32:17 IST 2020 : Setting UI for files in bucket...
DEBUG | Tue Jul 28 23:32:18 IST 2020 : Setting UI for files in bucket...
DEBUG | Tue Jul 28 23:32:18 IST 2020 : Setting UI for files in bucket...
DEBUG | Tue Jul 28 23:32:19 IST 2020 : Setting UI for files in bucket...
DEBUG | Tue Jul 28 23:32:19 IST 2020 : Setting UI for files in bucket...
DEBUG | Tue Jul 28 23:32:20 IST 2020 : Setting UI for files in bucket...
DEBUG | Tue Jul 28 23:32:20 IST 2020 : Setting UI for files in bucket...
DEBUG | Tue Jul 28 23:32:21 IST 2020 : Setting UI for files in bucket...
DEBUG | Tue Jul 28 23:32:21 IST 2020 : Setting UI for files in bucket...
DEBUG | Tue Jul 28 23:32:22 IST 2020 : Setting UI for files in bucket...
DEBUG | Tue Jul 28 23:32:22 IST 2020 : Setting UI for files in bucket...
DEBUG | Tue Jul 28 23:32:23 IST 2020 : Setting UI for files in bucket...
DEBUG | Tue Jul 28 23:32:23 IST 2020 : Setting UI for files in bucket...
DEBUG | Tue Jul 28 23:32:24 IST 2020 : Setting UI for files in bucket...
DEBUG | Tue Jul 28 23:32:24 IST 2020 : Setting UI for files in bucket...
DEBUG | Tue Jul 28 23:32:25 IST 2020 : Setting UI for files in bucket...
DEBUG | Tue Jul 28 23:32:25 IST 2020 : Setting UI for files in bucket...
DEBUG | Tue Jul 28 23:32:26 IST 2020 : Setting UI for files in bucket...
DEBUG | Tue Jul 28 23:32:26 IST 2020 : Setting UI for files in bucket...
DEBUG | Tue Jul 28 23:32:27 IST 2020 : Setting UI for files in bucket...
DEBUG | Tue Jul 28 23:32:27 IST 2020 : Setting UI for files in bucket...
DEBUG | Tue Jul 28 23:32:28 IST 2020 : Setting UI for files in bucket...
DEBUG | Tue Jul 28 23:32:28 IST 2020 : Setting UI for files in bucket...
DEBUG | Tue Jul 28 23:32:29 IST 2020 : Setting UI for files in bucket...
DEBUG | Tue Jul 28 23:32:29 IST 2020 : Setting UI for files in bucket...
DEBUG | Tue Jul 28 23:32:30 IST 2020 : Setting UI for files in bucket...
DEBUG | Tue Jul 28 23:32:30 IST 2020 : Setting UI for files in bucket...
DEBUG | Tue Jul 28 23:32:31 IST 2020 : Setting UI for files in bucket...
DEBUG | Tue Jul 28 23:32:31 IST 2020 : Setting UI for files in bucket...
DEBUG | Tue Jul 28 23:32:32 IST 2020 : Setting UI for files in bucket...
DEBUG | Tue Jul 28 23:32:32 IST 2020 : Setting UI for files in bucket...
DEBUG | Tue Jul 28 23:32:33 IST 2020 : Setting UI for files in bucket...
DEBUG | Tue Jul 28 23:32:33 IST 2020 : Setting UI for files in bucket...
DEBUG | Tue Jul 28 23:32:34 IST 2020 : Setting UI for files in bucket...
DEBUG | Tue Jul 28 23:32:34 IST 2020 : Setting UI for files in bucket...
DEBUG | Tue Jul 28 23:32:35 IST 2020 : Setting UI for files in bucket...
DEBUG | Tue Jul 28 23:32:35 IST 2020 : Setting UI for files in bucket...
DEBUG | Tue Jul 28 23:32:36 IST 2020 : Setting UI for files in bucket...
DEBUG | Tue Jul 28 23:32:36 IST 2020 : Setting UI for files in bucket...
DEBUG | Tue Jul 28 23:32:37 IST 2020 : Setting UI for files in bucket...
DEBUG | Tue Jul 28 23:32:37 IST 2020 : Setting UI for files in bucket...
DEBUG | Tue Jul 28 23:32:38 IST 2020 : Setting UI for files in bucket...
DEBUG | Tue Jul 28 23:32:38 IST 2020 : Setting UI for files in bucket...
DEBUG | Tue Jul 28 23:32:39 IST 2020 : Setting UI for files in bucket...
DEBUG | Tue Jul 28 23:32:39 IST 2020 : Setting UI for files in bucket...
DEBUG | Tue Jul 28 23:32:40 IST 2020 : Setting UI for files in bucket...
DEBUG | Tue Jul 28 23:32:40 IST 2020 : Setting UI for files in bucket...
DEBUG | Tue Jul 28 23:32:41 IST 2020 : Setting UI for files in bucket...
DEBUG | Tue Jul 28 23:32:41 IST 2020 : Setting UI for files in bucket...
DEBUG | Tue Jul 28 23:32:42 IST 2020 : Setting UI for files in bucket...
DEBUG | Tue Jul 28 23:32:42 IST 2020 : Setting UI for files in bucket...
DEBUG | Tue Jul 28 23:32:43 IST 2020 : Setting UI for files in bucket...
DEBUG | Tue Jul 28 23:32:43 IST 2020 : Setting UI for files in bucket...
DEBUG | Tue Jul 28 23:32:44 IST 2020 : Setting UI for files in bucket...
DEBUG | Tue Jul 28 23:32:44 IST 2020 : Setting UI for files in bucket...
DEBUG | Tue Jul 28 23:32:45 IST 2020 : Setting UI for files in bucket...
DEBUG | Tue Jul 28 23:32:45 IST 2020 : Setting UI for files in bucket...
DEBUG | Tue Jul 28 23:32:46 IST 2020 : Setting UI for files in bucket...
DEBUG | Tue Jul 28 23:32:46 IST 2020 : Setting UI for files in bucket...
DEBUG | Tue Jul 28 23:32:47 IST 2020 : Setting UI for files in bucket...
DEBUG | Tue Jul 28 23:32:47 IST 2020 : Setting UI for files in bucket...
DEBUG | Tue Jul 28 23:32:48 IST 2020 : Setting UI for files in bucket...
DEBUG | Tue Jul 28 23:32:48 IST 2020 : Setting UI for files in bucket...
DEBUG | Tue Jul 28 23:32:49 IST 2020 : Setting UI for files in bucket...
DEBUG | Tue Jul 28 23:32:49 IST 2020 : Setting UI for files in bucket...
DEBUG | Tue Jul 28 23:32:50 IST 2020 : Setting UI for files in bucket...
DEBUG | Tue Jul 28 23:32:50 IST 2020 : Setting UI for files in bucket...
DEBUG | Tue Jul 28 23:32:51 IST 2020 : Setting UI for files in bucket...
DEBUG | Tue Jul 28 23:32:51 IST 2020 : Setting UI for files in bucket...
DEBUG | Tue Jul 28 23:32:52 IST 2020 : Setting UI for files in bucket...
DEBUG | Tue Jul 28 23:32:52 IST 2020 : Setting UI for files in bucket...
DEBUG | Tue Jul 28 23:32:53 IST 2020 : Setting UI for files in bucket...
DEBUG | Tue Jul 28 23:32:23 IST 2020 : Setting UI for files in bucket...
DEBUG | Tue Jul 28 23:32:24 IST 2020 : Setting UI for files in bucket...
DEBUG | Tue Jul 28 23:32:24 IST 2020 : Setting UI for files in bucket...
DEBUG | Tue Jul 28 23:32:25 IST 2020 : Setting UI for files in bucket...
DEBUG | Tue Jul 28 23:32:25 IST 2020 : Setting UI for files in bucket...
DEBUG | Tue Jul 28 23:32:26 IST 2020 : Setting UI for files in bucket...
DEBUG | Tue Jul 28 23:32:26 IST 2020 : Setting UI for files in bucket...
DEBUG | Tue Jul 28 23:32:27 IST 2020 : Setting UI for files in bucket...
DEBUG | Tue Jul 28 23:32:27 IST 2020 : Setting UI for files in bucket...
DEBUG | Tue Jul 28 23:32:28 IST 2020 : Setting UI for files in bucket...
DEBUG | Tue Jul 28 23:32:28 IST 2020 : Setting UI for files in bucket...
DEBUG | Tue Jul 28 23:32:29 IST 2020 : Setting UI for files in bucket...
DEBUG | Tue Jul 28 23:32:29 IST 2020 : Setting UI for files in bucket...
DEBUG | Tue Jul 28 23:32:30 IST 2020 : Setting UI for files in bucket...
DEBUG | Tue Jul 28 23:32:30 IST 2020 : Setting UI for files in bucket...
DEBUG | Tue Jul 28 23:32:31 IST 2020 : Setting UI for files in bucket...
DEBUG | Tue Jul 28 23:32:31 IST 2020 : Setting UI for files in bucket...
DEBUG | Tue Jul 28 23:32:32 IST 2020 : Setting UI for files in bucket...
DEBUG | Tue Jul 28 23:32:32 IST 2020 : Setting UI for files in bucket...
DEBUG | Tue Jul 28 23:32:33 IST 2020 : Setting UI for files in bucket...
DEBUG | Tue Jul 28 23:32:33 IST 2020 : Setting UI for files in bucket...
DEBUG | Tue Jul 28 23:32:34 IST 2020 : Setting UI for files in bucket...
DEBUG | Tue Jul 28 23:32:34 IST 2020 : Setting UI for files in bucket...
DEBUG | Tue Jul 28 23:32:35 IST 2020 : Setting UI for files in bucket...
DEBUG | Tue Jul 28 23:32:35 IST 2020 : Setting UI for files in bucket...
DEBUG | Tue Jul 28 23:32:36 IST 2020 : Setting UI for files in bucket...
DEBUG | Tue Jul 28 23:32:36 IST 2020 : Setting UI for files in bucket...
DEBUG | Tue Jul 28 23:32:37 IST 2020 : Setting UI for files in bucket...
DEBUG | Tue Jul 28 23:32:37 IST 2020 : Setting UI for files in bucket...
DEBUG | Tue Jul 28 23:32:38 IST 2020 : Setting UI for files in bucket...
DEBUG | Tue Jul 28 23:32:38 IST 2020 : Setting UI for files in bucket...
DEBUG | Tue Jul 28 23:32:39 IST 2020 : Setting UI for files in bucket...
DEBUG | Tue Jul 28 23:32:39 IST 2020 : Setting UI for files in bucket...
DEBUG | Tue Jul 28 23:32:40 IST 2020 : Setting UI for files in bucket...
DEBUG | Tue Jul 28 23:32:40 IST 2020 : Setting UI for files in bucket...
DEBUG | Tue Jul 28 23:32:41 IST 2020 : Setting UI for files in bucket...
DEBUG | Tue Jul 28 23:32:41 IST 2020 : Setting UI for files in bucket...
DEBUG | Tue Jul 28 23:32:42 IST 2020 : Setting UI for files in bucket...
DEBUG | Tue Jul 28 23:32:42 IST 2020 : Setting UI for files in bucket...
DEBUG | Tue Jul 28 23:32:43 IST 2020 : Setting UI for files in bucket...
DEBUG | Tue Jul 28 23:32:43 IST 2020 : Setting UI for files in bucket...
DEBUG | Tue Jul 28 23:32:44 IST 2020 : Setting UI for files in bucket...
DEBUG | Tue Jul 28 23:32:44 IST 2020 : Setting UI for files in bucket...
DEBUG | Tue Jul 28 23:32:45 IST 2020 : Setting UI for files in bucket...
DEBUG | Tue Jul 28 23:32:45 IST 2020 : Setting UI for files in bucket...
DEBUG | Tue Jul 28 23:32:46 IST 2020 : Setting UI for files in bucket...
DEBUG | Tue Jul 28 23:32:46 IST 2020 : Setting UI for files in bucket...
DEBUG | Tue Jul 28 23:32:47 IST 2020 : Setting UI for files in bucket...
DEBUG | Tue Jul 28 23:32:47 IST 2020 : Setting UI for files in bucket...
DEBUG | Tue Jul 28 23:32:48 IST 2020 : Setting UI for files in bucket...
DEBUG | Tue Jul 28 23:32:48 IST 2020 : Setting UI for files in bucket...
DEBUG | Tue Jul 28 23:32:49 IST 2020 : Setting UI for files in bucket...
DEBUG | Tue Jul 28 23:32:49 IST 2020 : Setting UI for files in bucket...
DEBUG | Tue Jul 28 23:32:50 IST 2020 : Setting UI for files in bucket...
DEBUG | Tue Jul 28 23:32:50 IST 2020 : Setting UI for files in bucket...
DEBUG | Tue Jul 28 23:32:51 IST 2020 : Setting UI for files in bucket...
DEBUG | Tue Jul 28 23:32:51 IST 2020 : Setting UI for files in bucket...
DEBUG | Tue Jul 28 23:32:52 IST 2020 : Setting UI for files in bucket...
DEBUG | Tue Jul 28 23:32:52 IST 2020 : Setting UI for files in bucket...
DEBUG | Tue Jul 28 23:32:53 IST 2020 : Setting UI for files in bucket...
