Session Id: 20206-224943
DEBUG | Fri Jul 24 22:49:43 IST 2020 : Services initiated
DEBUG | Fri Jul 24 22:49:49 IST 2020 : Setting UI for files in bucket...
INFO  | Fri Jul 24 22:49:57 IST 2020 : Files with same names (but not same hash) found. Will show overwrite strategy dialog.
DEBUG | Fri Jul 24 22:49:58 IST 2020 : Setting UI for files in bucket...
DEBUG | Fri Jul 24 22:49:58 IST 2020 : Setting UI for files in bucket...
DEBUG | Fri Jul 24 22:49:59 IST 2020 : Setting UI for files in bucket...
DEBUG | Fri Jul 24 22:49:59 IST 2020 : Setting UI for files in bucket...
DEBUG | Fri Jul 24 22:50:00 IST 2020 : Setting UI for files in bucket...
DEBUG | Fri Jul 24 22:50:00 IST 2020 : Setting UI for files in bucket...
DEBUG | Fri Jul 24 22:50:01 IST 2020 : Setting UI for files in bucket...
DEBUG | Fri Jul 24 22:50:02 IST 2020 : Setting UI for files in bucket...
DEBUG | Fri Jul 24 22:50:02 IST 2020 : Setting UI for files in bucket...
DEBUG | Fri Jul 24 22:50:03 IST 2020 : Setting UI for files in bucket...
DEBUG | Fri Jul 24 22:50:03 IST 2020 : Setting UI for files in bucket...
DEBUG | Fri Jul 24 22:50:04 IST 2020 : Setting UI for files in bucket...
DEBUG | Fri Jul 24 22:50:04 IST 2020 : Setting UI for files in bucket...
DEBUG | Fri Jul 24 22:50:05 IST 2020 : Setting UI for files in bucket...
DEBUG | Fri Jul 24 22:50:05 IST 2020 : Setting UI for files in bucket...
DEBUG | Fri Jul 24 22:50:06 IST 2020 : Setting UI for files in bucket...
DEBUG | Fri Jul 24 22:50:06 IST 2020 : Setting UI for files in bucket...
DEBUG | Fri Jul 24 22:50:07 IST 2020 : Setting UI for files in bucket...
DEBUG | Fri Jul 24 22:50:07 IST 2020 : Setting UI for files in bucket...
DEBUG | Fri Jul 24 22:50:08 IST 2020 : Setting UI for files in bucket...
DEBUG | Fri Jul 24 22:50:08 IST 2020 : Setting UI for files in bucket...
DEBUG | Fri Jul 24 22:50:09 IST 2020 : Setting UI for files in bucket...
DEBUG | Fri Jul 24 22:50:09 IST 2020 : Setting UI for files in bucket...
DEBUG | Fri Jul 24 22:50:10 IST 2020 : Setting UI for files in bucket...
DEBUG | Fri Jul 24 22:50:10 IST 2020 : Setting UI for files in bucket...
DEBUG | Fri Jul 24 22:50:11 IST 2020 : Setting UI for files in bucket...
DEBUG | Fri Jul 24 22:50:11 IST 2020 : Setting UI for files in bucket...
DEBUG | Fri Jul 24 22:50:12 IST 2020 : Setting UI for files in bucket...
DEBUG | Fri Jul 24 22:50:12 IST 2020 : Setting UI for files in bucket...
DEBUG | Fri Jul 24 22:50:13 IST 2020 : Setting UI for files in bucket...
DEBUG | Fri Jul 24 22:50:13 IST 2020 : Setting UI for files in bucket...
DEBUG | Fri Jul 24 22:50:14 IST 2020 : Setting UI for files in bucket...
DEBUG | Fri Jul 24 22:50:14 IST 2020 : Setting UI for files in bucket...
DEBUG | Fri Jul 24 22:50:15 IST 2020 : Setting UI for files in bucket...
DEBUG | Fri Jul 24 22:50:15 IST 2020 : Setting UI for files in bucket...
DEBUG | Fri Jul 24 22:50:16 IST 2020 : Setting UI for files in bucket...
DEBUG | Fri Jul 24 22:50:16 IST 2020 : Setting UI for files in bucket...
DEBUG | Fri Jul 24 22:50:17 IST 2020 : Setting UI for files in bucket...
DEBUG | Fri Jul 24 22:50:17 IST 2020 : Setting UI for files in bucket...
DEBUG | Fri Jul 24 22:50:18 IST 2020 : Setting UI for files in bucket...
DEBUG | Fri Jul 24 22:50:18 IST 2020 : Setting UI for files in bucket...
DEBUG | Fri Jul 24 22:50:19 IST 2020 : Setting UI for files in bucket...
DEBUG | Fri Jul 24 22:50:20 IST 2020 : Setting UI for files in bucket...
DEBUG | Fri Jul 24 22:50:20 IST 2020 : Setting UI for files in bucket...
DEBUG | Fri Jul 24 22:50:21 IST 2020 : Setting UI for files in bucket...
DEBUG | Fri Jul 24 22:50:21 IST 2020 : Setting UI for files in bucket...
DEBUG | Fri Jul 24 22:50:22 IST 2020 : Setting UI for files in bucket...
DEBUG | Fri Jul 24 22:50:22 IST 2020 : Setting UI for files in bucket...
DEBUG | Fri Jul 24 22:50:23 IST 2020 : Setting UI for files in bucket...
DEBUG | Fri Jul 24 22:50:23 IST 2020 : Setting UI for files in bucket...
DEBUG | Fri Jul 24 22:50:24 IST 2020 : Setting UI for files in bucket...
DEBUG | Fri Jul 24 22:50:24 IST 2020 : Setting UI for files in bucket...
DEBUG | Fri Jul 24 22:50:25 IST 2020 : Setting UI for files in bucket...
DEBUG | Fri Jul 24 22:50:25 IST 2020 : Setting UI for files in bucket...
DEBUG | Fri Jul 24 22:50:26 IST 2020 : Setting UI for files in bucket...
DEBUG | Fri Jul 24 22:50:26 IST 2020 : Setting UI for files in bucket...
DEBUG | Fri Jul 24 22:50:27 IST 2020 : Setting UI for files in bucket...
DEBUG | Fri Jul 24 22:50:27 IST 2020 : Setting UI for files in bucket...
DEBUG | Fri Jul 24 22:50:28 IST 2020 : Setting UI for files in bucket...
DEBUG | Fri Jul 24 22:50:28 IST 2020 : Setting UI for files in bucket...
DEBUG | Fri Jul 24 22:50:29 IST 2020 : Setting UI for files in bucket...
DEBUG | Fri Jul 24 22:50:29 IST 2020 : Setting UI for files in bucket...
DEBUG | Fri Jul 24 22:50:30 IST 2020 : Setting UI for files in bucket...
DEBUG | Fri Jul 24 22:50:30 IST 2020 : Setting UI for files in bucket...
DEBUG | Fri Jul 24 22:50:31 IST 2020 : Setting UI for files in bucket...
DEBUG | Fri Jul 24 22:50:31 IST 2020 : Setting UI for files in bucket...
DEBUG | Fri Jul 24 22:50:32 IST 2020 : Setting UI for files in bucket...
DEBUG | Fri Jul 24 22:50:32 IST 2020 : Setting UI for files in bucket...
DEBUG | Fri Jul 24 22:50:33 IST 2020 : Setting UI for files in bucket...
DEBUG | Fri Jul 24 22:50:33 IST 2020 : Setting UI for files in bucket...
DEBUG | Fri Jul 24 22:50:34 IST 2020 : Setting UI for files in bucket...
DEBUG | Fri Jul 24 22:50:34 IST 2020 : Setting UI for files in bucket...
DEBUG | Fri Jul 24 22:50:35 IST 2020 : Setting UI for files in bucket...
DEBUG | Fri Jul 24 22:50:35 IST 2020 : Setting UI for files in bucket...
DEBUG | Fri Jul 24 22:50:36 IST 2020 : Setting UI for files in bucket...
DEBUG | Fri Jul 24 22:50:37 IST 2020 : Setting UI for files in bucket...
DEBUG | Fri Jul 24 22:50:37 IST 2020 : Setting UI for files in bucket...
DEBUG | Fri Jul 24 22:50:38 IST 2020 : Setting UI for files in bucket...
DEBUG | Fri Jul 24 22:50:38 IST 2020 : Setting UI for files in bucket...
DEBUG | Fri Jul 24 22:50:39 IST 2020 : Setting UI for files in bucket...
DEBUG | Fri Jul 24 22:50:39 IST 2020 : Setting UI for files in bucket...
DEBUG | Fri Jul 24 22:50:40 IST 2020 : Setting UI for files in bucket...
DEBUG | Fri Jul 24 22:50:40 IST 2020 : Setting UI for files in bucket...
DEBUG | Fri Jul 24 22:50:41 IST 2020 : Setting UI for files in bucket...
DEBUG | Fri Jul 24 22:50:41 IST 2020 : Setting UI for files in bucket...
DEBUG | Fri Jul 24 22:50:42 IST 2020 : Setting UI for files in bucket...
DEBUG | Fri Jul 24 22:50:42 IST 2020 : Setting UI for files in bucket...
DEBUG | Fri Jul 24 22:50:43 IST 2020 : Setting UI for files in bucket...
DEBUG | Fri Jul 24 22:50:43 IST 2020 : Setting UI for files in bucket...
DEBUG | Fri Jul 24 22:50:44 IST 2020 : Setting UI for files in bucket...
DEBUG | Fri Jul 24 22:50:44 IST 2020 : Setting UI for files in bucket...
DEBUG | Fri Jul 24 22:50:45 IST 2020 : Setting UI for files in bucket...
DEBUG | Fri Jul 24 22:50:45 IST 2020 : Setting UI for files in bucket...
DEBUG | Fri Jul 24 22:50:46 IST 2020 : Setting UI for files in bucket...
DEBUG | Fri Jul 24 22:50:46 IST 2020 : Setting UI for files in bucket...
DEBUG | Fri Jul 24 22:50:47 IST 2020 : Setting UI for files in bucket...
DEBUG | Fri Jul 24 22:50:47 IST 2020 : Setting UI for files in bucket...
DEBUG | Fri Jul 24 22:50:48 IST 2020 : Setting UI for files in bucket...
DEBUG | Fri Jul 24 22:50:48 IST 2020 : Setting UI for files in bucket...
DEBUG | Fri Jul 24 22:50:49 IST 2020 : Setting UI for files in bucket...
DEBUG | Fri Jul 24 22:50:49 IST 2020 : Setting UI for files in bucket...
DEBUG | Fri Jul 24 22:50:50 IST 2020 : Setting UI for files in bucket...
DEBUG | Fri Jul 24 22:50:50 IST 2020 : Setting UI for files in bucket...
DEBUG | Fri Jul 24 22:50:51 IST 2020 : Setting UI for files in bucket...
DEBUG | Fri Jul 24 22:50:51 IST 2020 : Setting UI for files in bucket...
DEBUG | Fri Jul 24 22:50:52 IST 2020 : Setting UI for files in bucket...
DEBUG | Fri Jul 24 22:50:52 IST 2020 : Setting UI for files in bucket...
DEBUG | Fri Jul 24 22:50:53 IST 2020 : Setting UI for files in bucket...
DEBUG | Fri Jul 24 22:50:54 IST 2020 : Setting UI for files in bucket...
DEBUG | Fri Jul 24 22:50:54 IST 2020 : Setting UI for files in bucket...
DEBUG | Fri Jul 24 22:50:55 IST 2020 : Setting UI for files in bucket...
DEBUG | Fri Jul 24 22:50:55 IST 2020 : Setting UI for files in bucket...
DEBUG | Fri Jul 24 22:50:56 IST 2020 : Setting UI for files in bucket...
DEBUG | Fri Jul 24 22:50:56 IST 2020 : Setting UI for files in bucket...
DEBUG | Fri Jul 24 22:50:57 IST 2020 : Setting UI for files in bucket...
DEBUG | Fri Jul 24 22:50:57 IST 2020 : Setting UI for files in bucket...
DEBUG | Fri Jul 24 22:50:58 IST 2020 : Setting UI for files in bucket...
DEBUG | Fri Jul 24 22:50:58 IST 2020 : Setting UI for files in bucket...
DEBUG | Fri Jul 24 22:50:59 IST 2020 : Setting UI for files in bucket...
DEBUG | Fri Jul 24 22:50:59 IST 2020 : Setting UI for files in bucket...
DEBUG | Fri Jul 24 22:51:00 IST 2020 : Setting UI for files in bucket...
DEBUG | Fri Jul 24 22:51:00 IST 2020 : Setting UI for files in bucket...
DEBUG | Fri Jul 24 22:51:01 IST 2020 : Setting UI for files in bucket...
DEBUG | Fri Jul 24 22:51:01 IST 2020 : Setting UI for files in bucket...
DEBUG | Fri Jul 24 22:51:02 IST 2020 : Setting UI for files in bucket...
DEBUG | Fri Jul 24 22:51:02 IST 2020 : Setting UI for files in bucket...
DEBUG | Fri Jul 24 22:51:03 IST 2020 : Setting UI for files in bucket...
DEBUG | Fri Jul 24 22:51:03 IST 2020 : Setting UI for files in bucket...
DEBUG | Fri Jul 24 22:51:04 IST 2020 : Setting UI for files in bucket...
DEBUG | Fri Jul 24 22:51:04 IST 2020 : Setting UI for files in bucket...
DEBUG | Fri Jul 24 22:51:05 IST 2020 : Setting UI for files in bucket...
DEBUG | Fri Jul 24 22:51:05 IST 2020 : Setting UI for files in bucket...
DEBUG | Fri Jul 24 22:51:06 IST 2020 : Setting UI for files in bucket...
DEBUG | Fri Jul 24 22:51:06 IST 2020 : Setting UI for files in bucket...
DEBUG | Fri Jul 24 22:51:07 IST 2020 : Setting UI for files in bucket...
DEBUG | Fri Jul 24 22:51:07 IST 2020 : Setting UI for files in bucket...
DEBUG | Fri Jul 24 22:51:08 IST 2020 : Setting UI for files in bucket...
DEBUG | Fri Jul 24 22:51:08 IST 2020 : Setting UI for files in bucket...
DEBUG | Fri Jul 24 22:51:09 IST 2020 : Setting UI for files in bucket...
DEBUG | Fri Jul 24 22:51:09 IST 2020 : Setting UI for files in bucket...
DEBUG | Fri Jul 24 22:51:10 IST 2020 : Setting UI for files in bucket...
DEBUG | Fri Jul 24 22:51:10 IST 2020 : Setting UI for files in bucket...
DEBUG | Fri Jul 24 22:51:11 IST 2020 : Setting UI for files in bucket...
DEBUG | Fri Jul 24 22:51:12 IST 2020 : Setting UI for files in bucket...
DEBUG | Fri Jul 24 22:51:12 IST 2020 : Setting UI for files in bucket...
DEBUG | Fri Jul 24 22:51:13 IST 2020 : Setting UI for files in bucket...
DEBUG | Fri Jul 24 22:51:13 IST 2020 : Setting UI for files in bucket...
DEBUG | Fri Jul 24 22:51:14 IST 2020 : Setting UI for files in bucket...
DEBUG | Fri Jul 24 22:51:14 IST 2020 : Setting UI for files in bucket...
DEBUG | Fri Jul 24 22:51:15 IST 2020 : Setting UI for files in bucket...
