Session Id: 20207-195207
DEBUG | Sat Jul 25 19:52:07 IST 2020 : Services initiated
DEBUG | Sat Jul 25 19:52:13 IST 2020 : Setting UI for files in bucket...
INFO  | Sat Jul 25 19:52:18 IST 2020 : Files with same names (but not same hash) found. Will show overwrite strategy dialog.
DEBUG | Sat Jul 25 19:52:19 IST 2020 : Setting UI for files in bucket...
DEBUG | Sat Jul 25 19:52:19 IST 2020 : Setting UI for files in bucket...
DEBUG | Sat Jul 25 19:52:20 IST 2020 : Setting UI for files in bucket...
DEBUG | Sat Jul 25 19:52:20 IST 2020 : Setting UI for files in bucket...
DEBUG | Sat Jul 25 19:52:21 IST 2020 : Setting UI for files in bucket...
DEBUG | Sat Jul 25 19:52:21 IST 2020 : Setting UI for files in bucket...
DEBUG | Sat Jul 25 19:52:21 IST 2020 : Overwrite strategy decided : 
DEBUG | Sat Jul 25 19:52:21 IST 2020 : RENAME_SKIPPED_FILES : false
DEBUG | Sat Jul 25 19:52:21 IST 2020 : ASK_FOR_EACH_FILE : false
DEBUG | Sat Jul 25 19:52:21 IST 2020 : COPY_MULTIPLE_FILES_TO_SAME_PATH__ASK_FOR_EACH_FILE : true
INFO  | Sat Jul 25 19:52:21 IST 2020 : Copying 168 files.
--------------------------------------------------------------------------------
INFO  | Sat Jul 25 19:52:21 IST 2020 : 0 of 168 copied
DEBUG | Sat Jul 25 19:52:21 IST 2020 : Setting UI for files in bucket...
----------------------------------------------
DEBUG | Sat Jul 25 19:52:21 IST 2020 : Setting UI for files in bucket...
INFO  | Sat Jul 25 19:52:21 IST 2020 : The file already exists in destination : C:\Users\user\Desktop\src\Love Is Just Apain.avi
WARN  | Sat Jul 25 19:52:21 IST 2020 : Same named file exists : Love Is Just Apain.avi
INFO  | Sat Jul 25 19:52:21 IST 2020 : Skipping the file (not even renaming)
INFO  | Sat Jul 25 19:52:21 IST 2020 : 1 of 168 copied
DEBUG | Sat Jul 25 19:52:21 IST 2020 : Setting UI for files in bucket...
----------------------------------------------
DEBUG | Sat Jul 25 19:52:21 IST 2020 : Setting UI for files in bucket...
INFO  | Sat Jul 25 19:52:21 IST 2020 : The file already exists in destination : C:\Users\user\Desktop\src\Vasegra.avi
WARN  | Sat Jul 25 19:52:21 IST 2020 : Same named file exists : Vasegra.avi
INFO  | Sat Jul 25 19:52:21 IST 2020 : Skipping the file (not even renaming)
INFO  | Sat Jul 25 19:52:21 IST 2020 : 2 of 168 copied
DEBUG | Sat Jul 25 19:52:21 IST 2020 : Setting UI for files in bucket...
----------------------------------------------
DEBUG | Sat Jul 25 19:52:21 IST 2020 : Setting UI for files in bucket...
INFO  | Sat Jul 25 19:52:21 IST 2020 : The file already exists in destination : C:\Users\user\Desktop\src\Girlfriend.avi
WARN  | Sat Jul 25 19:52:21 IST 2020 : Same named file exists : Girlfriend.avi
INFO  | Sat Jul 25 19:52:21 IST 2020 : Skipping the file (not even renaming)
INFO  | Sat Jul 25 19:52:21 IST 2020 : 3 of 168 copied
DEBUG | Sat Jul 25 19:52:21 IST 2020 : Setting UI for files in bucket...
----------------------------------------------
DEBUG | Sat Jul 25 19:52:21 IST 2020 : Setting UI for files in bucket...
INFO  | Sat Jul 25 19:52:21 IST 2020 : The file already exists in destination : C:\Users\user\Desktop\src\set-1\1.bmp
WARN  | Sat Jul 25 19:52:21 IST 2020 : Same named file exists : 1.bmp
INFO  | Sat Jul 25 19:52:21 IST 2020 : Skipping the file (not even renaming)
INFO  | Sat Jul 25 19:52:21 IST 2020 : 4 of 168 copied
DEBUG | Sat Jul 25 19:52:21 IST 2020 : Setting UI for files in bucket...
----------------------------------------------
DEBUG | Sat Jul 25 19:52:21 IST 2020 : Setting UI for files in bucket...
INFO  | Sat Jul 25 19:52:21 IST 2020 : The file already exists in destination : C:\Users\user\Desktop\src\set-3\1.bmp
WARN  | Sat Jul 25 19:52:21 IST 2020 : Same named file exists : 1.bmp
INFO  | Sat Jul 25 19:52:21 IST 2020 : Skipping the file (not even renaming)
INFO  | Sat Jul 25 19:52:21 IST 2020 : 5 of 168 copied
DEBUG | Sat Jul 25 19:52:21 IST 2020 : Setting UI for files in bucket...
----------------------------------------------
DEBUG | Sat Jul 25 19:52:22 IST 2020 : Setting UI for files in bucket...
INFO  | Sat Jul 25 19:52:22 IST 2020 : The file already exists in destination : C:\Users\user\Desktop\src\set-2\1.bmp
WARN  | Sat Jul 25 19:52:22 IST 2020 : Same named file exists : 1.bmp
INFO  | Sat Jul 25 19:52:22 IST 2020 : Skipping the file (not even renaming)
INFO  | Sat Jul 25 19:52:22 IST 2020 : 6 of 168 copied
DEBUG | Sat Jul 25 19:52:22 IST 2020 : Setting UI for files in bucket...
----------------------------------------------
DEBUG | Sat Jul 25 19:52:22 IST 2020 : Setting UI for files in bucket...
INFO  | Sat Jul 25 19:52:22 IST 2020 : The file already exists in destination : C:\Users\user\Desktop\src\set-4\1.bmp
WARN  | Sat Jul 25 19:52:22 IST 2020 : Same named file exists : 1.bmp
INFO  | Sat Jul 25 19:52:22 IST 2020 : Skipping the file (not even renaming)
INFO  | Sat Jul 25 19:52:22 IST 2020 : 7 of 168 copied
DEBUG | Sat Jul 25 19:52:22 IST 2020 : Setting UI for files in bucket...
----------------------------------------------
DEBUG | Sat Jul 25 19:52:22 IST 2020 : Setting UI for files in bucket...
INFO  | Sat Jul 25 19:52:22 IST 2020 : The file already exists in destination : C:\Users\user\Desktop\src\set-5\1.bmp
WARN  | Sat Jul 25 19:52:22 IST 2020 : Same named file exists : 1.bmp
INFO  | Sat Jul 25 19:52:22 IST 2020 : Skipping the file (not even renaming)
INFO  | Sat Jul 25 19:52:22 IST 2020 : 8 of 168 copied
DEBUG | Sat Jul 25 19:52:22 IST 2020 : Setting UI for files in bucket...
----------------------------------------------
DEBUG | Sat Jul 25 19:52:22 IST 2020 : Setting UI for files in bucket...
INFO  | Sat Jul 25 19:52:22 IST 2020 : The file already exists in destination : C:\Users\user\Desktop\src\set-6\1.bmp
WARN  | Sat Jul 25 19:52:22 IST 2020 : Same named file exists : 1.bmp
INFO  | Sat Jul 25 19:52:22 IST 2020 : Skipping the file (not even renaming)
INFO  | Sat Jul 25 19:52:22 IST 2020 : 9 of 168 copied
DEBUG | Sat Jul 25 19:52:22 IST 2020 : Setting UI for files in bucket...
----------------------------------------------
DEBUG | Sat Jul 25 19:52:22 IST 2020 : Setting UI for files in bucket...
INFO  | Sat Jul 25 19:52:22 IST 2020 : The file already exists in destination : C:\Users\user\Desktop\src\set-3\11.bmp
WARN  | Sat Jul 25 19:52:22 IST 2020 : Same named file exists : 11.bmp
INFO  | Sat Jul 25 19:52:22 IST 2020 : Skipping the file (not even renaming)
INFO  | Sat Jul 25 19:52:22 IST 2020 : 10 of 168 copied
DEBUG | Sat Jul 25 19:52:22 IST 2020 : Setting UI for files in bucket...
----------------------------------------------
DEBUG | Sat Jul 25 19:52:22 IST 2020 : Setting UI for files in bucket...
INFO  | Sat Jul 25 19:52:22 IST 2020 : The file already exists in destination : C:\Users\user\Desktop\src\set-1\2.bmp
WARN  | Sat Jul 25 19:52:22 IST 2020 : Same named file exists : 2.bmp
INFO  | Sat Jul 25 19:52:22 IST 2020 : Skipping the file (not even renaming)
INFO  | Sat Jul 25 19:52:22 IST 2020 : 11 of 168 copied
DEBUG | Sat Jul 25 19:52:22 IST 2020 : Setting UI for files in bucket...
DEBUG | Sat Jul 25 19:52:22 IST 2020 : Setting UI for files in bucket...
----------------------------------------------
Session Id: 20207-195207
DEBUG | Sat Jul 25 19:52:07 IST 2020 : Services initiated
DEBUG | Sat Jul 25 19:52:13 IST 2020 : Setting UI for files in bucket...
INFO  | Sat Jul 25 19:52:18 IST 2020 : Files with same names (but not same hash) found. Will show overwrite strategy dialog.
DEBUG | Sat Jul 25 19:52:19 IST 2020 : Setting UI for files in bucket...
DEBUG | Sat Jul 25 19:52:19 IST 2020 : Setting UI for files in bucket...
DEBUG | Sat Jul 25 19:52:20 IST 2020 : Setting UI for files in bucket...
DEBUG | Sat Jul 25 19:52:20 IST 2020 : Setting UI for files in bucket...
DEBUG | Sat Jul 25 19:52:21 IST 2020 : Setting UI for files in bucket...
DEBUG | Sat Jul 25 19:52:21 IST 2020 : Setting UI for files in bucket...
DEBUG | Sat Jul 25 19:52:21 IST 2020 : Overwrite strategy decided : 
DEBUG | Sat Jul 25 19:52:21 IST 2020 : RENAME_SKIPPED_FILES : false
DEBUG | Sat Jul 25 19:52:21 IST 2020 : ASK_FOR_EACH_FILE : false
DEBUG | Sat Jul 25 19:52:21 IST 2020 : COPY_MULTIPLE_FILES_TO_SAME_PATH__ASK_FOR_EACH_FILE : true
INFO  | Sat Jul 25 19:52:21 IST 2020 : Copying 168 files.
--------------------------------------------------------------------------------
INFO  | Sat Jul 25 19:52:21 IST 2020 : 0 of 168 copied
DEBUG | Sat Jul 25 19:52:21 IST 2020 : Setting UI for files in bucket...
----------------------------------------------
DEBUG | Sat Jul 25 19:52:21 IST 2020 : Setting UI for files in bucket...
INFO  | Sat Jul 25 19:52:21 IST 2020 : The file already exists in destination : C:\Users\user\Desktop\src\Love Is Just Apain.avi
WARN  | Sat Jul 25 19:52:21 IST 2020 : Same named file exists : Love Is Just Apain.avi
INFO  | Sat Jul 25 19:52:21 IST 2020 : Skipping the file (not even renaming)
INFO  | Sat Jul 25 19:52:21 IST 2020 : 1 of 168 copied
DEBUG | Sat Jul 25 19:52:21 IST 2020 : Setting UI for files in bucket...
----------------------------------------------
DEBUG | Sat Jul 25 19:52:21 IST 2020 : Setting UI for files in bucket...
INFO  | Sat Jul 25 19:52:21 IST 2020 : The file already exists in destination : C:\Users\user\Desktop\src\Vasegra.avi
WARN  | Sat Jul 25 19:52:21 IST 2020 : Same named file exists : Vasegra.avi
INFO  | Sat Jul 25 19:52:21 IST 2020 : Skipping the file (not even renaming)
INFO  | Sat Jul 25 19:52:21 IST 2020 : 2 of 168 copied
DEBUG | Sat Jul 25 19:52:21 IST 2020 : Setting UI for files in bucket...
----------------------------------------------
DEBUG | Sat Jul 25 19:52:21 IST 2020 : Setting UI for files in bucket...
INFO  | Sat Jul 25 19:52:21 IST 2020 : The file already exists in destination : C:\Users\user\Desktop\src\Girlfriend.avi
WARN  | Sat Jul 25 19:52:21 IST 2020 : Same named file exists : Girlfriend.avi
INFO  | Sat Jul 25 19:52:21 IST 2020 : Skipping the file (not even renaming)
INFO  | Sat Jul 25 19:52:21 IST 2020 : 3 of 168 copied
DEBUG | Sat Jul 25 19:52:21 IST 2020 : Setting UI for files in bucket...
----------------------------------------------
DEBUG | Sat Jul 25 19:52:21 IST 2020 : Setting UI for files in bucket...
INFO  | Sat Jul 25 19:52:21 IST 2020 : The file already exists in destination : C:\Users\user\Desktop\src\set-1\1.bmp
WARN  | Sat Jul 25 19:52:21 IST 2020 : Same named file exists : 1.bmp
INFO  | Sat Jul 25 19:52:21 IST 2020 : Skipping the file (not even renaming)
INFO  | Sat Jul 25 19:52:21 IST 2020 : 4 of 168 copied
DEBUG | Sat Jul 25 19:52:21 IST 2020 : Setting UI for files in bucket...
----------------------------------------------
DEBUG | Sat Jul 25 19:52:21 IST 2020 : Setting UI for files in bucket...
INFO  | Sat Jul 25 19:52:21 IST 2020 : The file already exists in destination : C:\Users\user\Desktop\src\set-3\1.bmp
WARN  | Sat Jul 25 19:52:21 IST 2020 : Same named file exists : 1.bmp
INFO  | Sat Jul 25 19:52:21 IST 2020 : Skipping the file (not even renaming)
INFO  | Sat Jul 25 19:52:21 IST 2020 : 5 of 168 copied
DEBUG | Sat Jul 25 19:52:21 IST 2020 : Setting UI for files in bucket...
----------------------------------------------
DEBUG | Sat Jul 25 19:52:22 IST 2020 : Setting UI for files in bucket...
INFO  | Sat Jul 25 19:52:22 IST 2020 : The file already exists in destination : C:\Users\user\Desktop\src\set-2\1.bmp
WARN  | Sat Jul 25 19:52:22 IST 2020 : Same named file exists : 1.bmp
INFO  | Sat Jul 25 19:52:22 IST 2020 : Skipping the file (not even renaming)
INFO  | Sat Jul 25 19:52:22 IST 2020 : 6 of 168 copied
DEBUG | Sat Jul 25 19:52:22 IST 2020 : Setting UI for files in bucket...
----------------------------------------------
DEBUG | Sat Jul 25 19:52:22 IST 2020 : Setting UI for files in bucket...
INFO  | Sat Jul 25 19:52:22 IST 2020 : The file already exists in destination : C:\Users\user\Desktop\src\set-4\1.bmp
WARN  | Sat Jul 25 19:52:22 IST 2020 : Same named file exists : 1.bmp
INFO  | Sat Jul 25 19:52:22 IST 2020 : Skipping the file (not even renaming)
INFO  | Sat Jul 25 19:52:22 IST 2020 : 7 of 168 copied
DEBUG | Sat Jul 25 19:52:22 IST 2020 : Setting UI for files in bucket...
----------------------------------------------
DEBUG | Sat Jul 25 19:52:22 IST 2020 : Setting UI for files in bucket...
INFO  | Sat Jul 25 19:52:22 IST 2020 : The file already exists in destination : C:\Users\user\Desktop\src\set-5\1.bmp
WARN  | Sat Jul 25 19:52:22 IST 2020 : Same named file exists : 1.bmp
INFO  | Sat Jul 25 19:52:22 IST 2020 : Skipping the file (not even renaming)
INFO  | Sat Jul 25 19:52:22 IST 2020 : 8 of 168 copied
DEBUG | Sat Jul 25 19:52:22 IST 2020 : Setting UI for files in bucket...
----------------------------------------------
DEBUG | Sat Jul 25 19:52:22 IST 2020 : Setting UI for files in bucket...
INFO  | Sat Jul 25 19:52:22 IST 2020 : The file already exists in destination : C:\Users\user\Desktop\src\set-6\1.bmp
WARN  | Sat Jul 25 19:52:22 IST 2020 : Same named file exists : 1.bmp
INFO  | Sat Jul 25 19:52:22 IST 2020 : Skipping the file (not even renaming)
INFO  | Sat Jul 25 19:52:22 IST 2020 : 9 of 168 copied
DEBUG | Sat Jul 25 19:52:22 IST 2020 : Setting UI for files in bucket...
----------------------------------------------
DEBUG | Sat Jul 25 19:52:22 IST 2020 : Setting UI for files in bucket...
INFO  | Sat Jul 25 19:52:22 IST 2020 : The file already exists in destination : C:\Users\user\Desktop\src\set-3\11.bmp
WARN  | Sat Jul 25 19:52:22 IST 2020 : Same named file exists : 11.bmp
INFO  | Sat Jul 25 19:52:22 IST 2020 : Skipping the file (not even renaming)
INFO  | Sat Jul 25 19:52:22 IST 2020 : 10 of 168 copied
DEBUG | Sat Jul 25 19:52:22 IST 2020 : Setting UI for files in bucket...
----------------------------------------------
DEBUG | Sat Jul 25 19:52:22 IST 2020 : Setting UI for files in bucket...
INFO  | Sat Jul 25 19:52:22 IST 2020 : The file already exists in destination : C:\Users\user\Desktop\src\set-1\2.bmp
WARN  | Sat Jul 25 19:52:22 IST 2020 : Same named file exists : 2.bmp
INFO  | Sat Jul 25 19:52:22 IST 2020 : Skipping the file (not even renaming)
INFO  | Sat Jul 25 19:52:22 IST 2020 : 11 of 168 copied
DEBUG | Sat Jul 25 19:52:22 IST 2020 : Setting UI for files in bucket...
DEBUG | Sat Jul 25 19:52:22 IST 2020 : Setting UI for files in bucket...
INFO  | Sat Jul 25 19:52:22 IST 2020 : The file already exists in destination : C:\Users\user\Desktop\src\set-2\2.bmp
WARN  | Sat Jul 25 19:52:22 IST 2020 : Same named file exists : 2.bmp
INFO  | Sat Jul 25 19:52:22 IST 2020 : Skipping the file (not even renaming)
INFO  | Sat Jul 25 19:52:22 IST 2020 : 12 of 168 copied
DEBUG | Sat Jul 25 19:52:22 IST 2020 : Setting UI for files in bucket...
----------------------------------------------
DEBUG | Sat Jul 25 19:52:22 IST 2020 : Setting UI for files in bucket...
INFO  | Sat Jul 25 19:52:22 IST 2020 : The file already exists in destination : C:\Users\user\Desktop\src\set-3\2.bmp
WARN  | Sat Jul 25 19:52:22 IST 2020 : Same named file exists : 2.bmp
INFO  | Sat Jul 25 19:52:22 IST 2020 : Skipping the file (not even renaming)
INFO  | Sat Jul 25 19:52:22 IST 2020 : 13 of 168 copied
DEBUG | Sat Jul 25 19:52:22 IST 2020 : Setting UI for files in bucket...
----------------------------------------------
DEBUG | Sat Jul 25 19:52:22 IST 2020 : Setting UI for files in bucket...
INFO  | Sat Jul 25 19:52:22 IST 2020 : The file already exists in destination : C:\Users\user\Desktop\src\set-4\2.bmp
WARN  | Sat Jul 25 19:52:22 IST 2020 : Same named file exists : 2.bmp
INFO  | Sat Jul 25 19:52:22 IST 2020 : Skipping the file (not even renaming)
INFO  | Sat Jul 25 19:52:22 IST 2020 : 14 of 168 copied
DEBUG | Sat Jul 25 19:52:22 IST 2020 : Setting UI for files in bucket...
----------------------------------------------
DEBUG | Sat Jul 25 19:52:22 IST 2020 : Setting UI for files in bucket...
INFO  | Sat Jul 25 19:52:22 IST 2020 : The file already exists in destination : C:\Users\user\Desktop\src\set-5\2.bmp
WARN  | Sat Jul 25 19:52:22 IST 2020 : Same named file exists : 2.bmp
INFO  | Sat Jul 25 19:52:22 IST 2020 : Skipping the file (not even renaming)
INFO  | Sat Jul 25 19:52:22 IST 2020 : 15 of 168 copied
DEBUG | Sat Jul 25 19:52:22 IST 2020 : Setting UI for files in bucket...
----------------------------------------------
DEBUG | Sat Jul 25 19:52:22 IST 2020 : Setting UI for files in bucket...
INFO  | Sat Jul 25 19:52:22 IST 2020 : The file already exists in destination : C:\Users\user\Desktop\src\set-6\2.bmp
WARN  | Sat Jul 25 19:52:22 IST 2020 : Same named file exists : 2.bmp
INFO  | Sat Jul 25 19:52:22 IST 2020 : Skipping the file (not even renaming)
INFO  | Sat Jul 25 19:52:22 IST 2020 : 16 of 168 copied
DEBUG | Sat Jul 25 19:52:22 IST 2020 : Setting UI for files in bucket...
----------------------------------------------
DEBUG | Sat Jul 25 19:52:22 IST 2020 : Setting UI for files in bucket...
INFO  | Sat Jul 25 19:52:22 IST 2020 : The file already exists in destination : C:\Users\user\Desktop\src\set-1\3.bmp
WARN  | Sat Jul 25 19:52:22 IST 2020 : Same named file exists : 3.bmp
INFO  | Sat Jul 25 19:52:22 IST 2020 : Skipping the file (not even renaming)
INFO  | Sat Jul 25 19:52:22 IST 2020 : 17 of 168 copied
DEBUG | Sat Jul 25 19:52:22 IST 2020 : Setting UI for files in bucket...
----------------------------------------------
DEBUG | Sat Jul 25 19:52:22 IST 2020 : Setting UI for files in bucket...
INFO  | Sat Jul 25 19:52:22 IST 2020 : The file already exists in destination : C:\Users\user\Desktop\src\set-2\3.bmp
WARN  | Sat Jul 25 19:52:22 IST 2020 : Same named file exists : 3.bmp
INFO  | Sat Jul 25 19:52:22 IST 2020 : Skipping the file (not even renaming)
INFO  | Sat Jul 25 19:52:22 IST 2020 : 18 of 168 copied
DEBUG | Sat Jul 25 19:52:22 IST 2020 : Setting UI for files in bucket...
----------------------------------------------
DEBUG | Sat Jul 25 19:52:22 IST 2020 : Setting UI for files in bucket...
INFO  | Sat Jul 25 19:52:22 IST 2020 : The file already exists in destination : C:\Users\user\Desktop\src\set-4\3.bmp
WARN  | Sat Jul 25 19:52:22 IST 2020 : Same named file exists : 3.bmp
INFO  | Sat Jul 25 19:52:22 IST 2020 : Skipping the file (not even renaming)
INFO  | Sat Jul 25 19:52:22 IST 2020 : 19 of 168 copied
DEBUG | Sat Jul 25 19:52:22 IST 2020 : Setting UI for files in bucket...
----------------------------------------------
DEBUG | Sat Jul 25 19:52:22 IST 2020 : Setting UI for files in bucket...
INFO  | Sat Jul 25 19:52:22 IST 2020 : The file already exists in destination : C:\Users\user\Desktop\src\set-5\3.bmp
WARN  | Sat Jul 25 19:52:22 IST 2020 : Same named file exists : 3.bmp
INFO  | Sat Jul 25 19:52:22 IST 2020 : Skipping the file (not even renaming)
INFO  | Sat Jul 25 19:52:22 IST 2020 : 20 of 168 copied
DEBUG | Sat Jul 25 19:52:22 IST 2020 : Setting UI for files in bucket...
----------------------------------------------
DEBUG | Sat Jul 25 19:52:22 IST 2020 : Setting UI for files in bucket...
INFO  | Sat Jul 25 19:52:22 IST 2020 : The file already exists in destination : C:\Users\user\Desktop\src\set-6\3.bmp
WARN  | Sat Jul 25 19:52:22 IST 2020 : Same named file exists : 3.bmp
INFO  | Sat Jul 25 19:52:22 IST 2020 : Skipping the file (not even renaming)
INFO  | Sat Jul 25 19:52:22 IST 2020 : 21 of 168 copied
DEBUG | Sat Jul 25 19:52:22 IST 2020 : Setting UI for files in bucket...
----------------------------------------------
DEBUG | Sat Jul 25 19:52:22 IST 2020 : Setting UI for files in bucket...
INFO  | Sat Jul 25 19:52:22 IST 2020 : The file already exists in destination : C:\Users\user\Desktop\src\set-6\3_2.bmp
WARN  | Sat Jul 25 19:52:22 IST 2020 : Same named file exists : 3_2.bmp
INFO  | Sat Jul 25 19:52:22 IST 2020 : Skipping the file (not even renaming)
INFO  | Sat Jul 25 19:52:22 IST 2020 : 22 of 168 copied
DEBUG | Sat Jul 25 19:52:22 IST 2020 : Setting UI for files in bucket...
----------------------------------------------
DEBUG | Sat Jul 25 19:52:22 IST 2020 : Setting UI for files in bucket...
INFO  | Sat Jul 25 19:52:22 IST 2020 : The file already exists in destination : C:\Users\user\Desktop\src\set-3\set-3\1.bmp
WARN  | Sat Jul 25 19:52:22 IST 2020 : Same named file exists : 1.bmp
INFO  | Sat Jul 25 19:52:22 IST 2020 : Skipping the file (not even renaming)
INFO  | Sat Jul 25 19:52:22 IST 2020 : 23 of 168 copied
DEBUG | Sat Jul 25 19:52:22 IST 2020 : Setting UI for files in bucket...
----------------------------------------------
DEBUG | Sat Jul 25 19:52:22 IST 2020 : Setting UI for files in bucket...
INFO  | Sat Jul 25 19:52:22 IST 2020 : The file already exists in destination : C:\Users\user\Desktop\src\set-1\set-1\1.bmp
WARN  | Sat Jul 25 19:52:22 IST 2020 : Same named file exists : 1.bmp
INFO  | Sat Jul 25 19:52:22 IST 2020 : Skipping the file (not even renaming)
INFO  | Sat Jul 25 19:52:22 IST 2020 : 24 of 168 copied
DEBUG | Sat Jul 25 19:52:22 IST 2020 : Setting UI for files in bucket...
----------------------------------------------
DEBUG | Sat Jul 25 19:52:22 IST 2020 : Setting UI for files in bucket...
INFO  | Sat Jul 25 19:52:22 IST 2020 : The file already exists in destination : C:\Users\user\Desktop\src\set-1\set-2\1.bmp
WARN  | Sat Jul 25 19:52:22 IST 2020 : Same named file exists : 1.bmp
INFO  | Sat Jul 25 19:52:22 IST 2020 : Skipping the file (not even renaming)
INFO  | Sat Jul 25 19:52:22 IST 2020 : 25 of 168 copied
DEBUG | Sat Jul 25 19:52:22 IST 2020 : Setting UI for files in bucket...
----------------------------------------------
DEBUG | Sat Jul 25 19:52:22 IST 2020 : Setting UI for files in bucket...
INFO  | Sat Jul 25 19:52:22 IST 2020 : The file already exists in destination : C:\Users\user\Desktop\src\set-2\set-2\1.bmp
WARN  | Sat Jul 25 19:52:22 IST 2020 : Same named file exists : 1.bmp
INFO  | Sat Jul 25 19:52:22 IST 2020 : Skipping the file (not even renaming)
INFO  | Sat Jul 25 19:52:22 IST 2020 : 26 of 168 copied
DEBUG | Sat Jul 25 19:52:22 IST 2020 : Setting UI for files in bucket...
----------------------------------------------
DEBUG | Sat Jul 25 19:52:22 IST 2020 : Setting UI for files in bucket...
INFO  | Sat Jul 25 19:52:22 IST 2020 : The file already exists in destination : C:\Users\user\Desktop\src\set-3\set-3\11.bmp
WARN  | Sat Jul 25 19:52:22 IST 2020 : Same named file exists : 11.bmp
INFO  | Sat Jul 25 19:52:22 IST 2020 : Skipping the file (not even renaming)
INFO  | Sat Jul 25 19:52:22 IST 2020 : 27 of 168 copied
DEBUG | Sat Jul 25 19:52:22 IST 2020 : Setting UI for files in bucket...
----------------------------------------------
DEBUG | Sat Jul 25 19:52:22 IST 2020 : Setting UI for files in bucket...
INFO  | Sat Jul 25 19:52:22 IST 2020 : The file already exists in destination : C:\Users\user\Desktop\src\set-1\set-1\2.bmp
WARN  | Sat Jul 25 19:52:22 IST 2020 : Same named file exists : 2.bmp
INFO  | Sat Jul 25 19:52:22 IST 2020 : Skipping the file (not even renaming)
INFO  | Sat Jul 25 19:52:22 IST 2020 : 28 of 168 copied
DEBUG | Sat Jul 25 19:52:22 IST 2020 : Setting UI for files in bucket...
----------------------------------------------
DEBUG | Sat Jul 25 19:52:22 IST 2020 : Setting UI for files in bucket...
INFO  | Sat Jul 25 19:52:22 IST 2020 : The file already exists in destination : C:\Users\user\Desktop\src\set-1\set-2\2.bmp
WARN  | Sat Jul 25 19:52:22 IST 2020 : Same named file exists : 2.bmp
INFO  | Sat Jul 25 19:52:22 IST 2020 : Skipping the file (not even renaming)
INFO  | Sat Jul 25 19:52:22 IST 2020 : 29 of 168 copied
DEBUG | Sat Jul 25 19:52:22 IST 2020 : Setting UI for files in bucket...
----------------------------------------------
DEBUG | Sat Jul 25 19:52:22 IST 2020 : Setting UI for files in bucket...
INFO  | Sat Jul 25 19:52:22 IST 2020 : The file already exists in destination : C:\Users\user\Desktop\src\set-2\set-2\2.bmp
WARN  | Sat Jul 25 19:52:22 IST 2020 : Same named file exists : 2.bmp
INFO  | Sat Jul 25 19:52:22 IST 2020 : Skipping the file (not even renaming)
INFO  | Sat Jul 25 19:52:22 IST 2020 : 30 of 168 copied
DEBUG | Sat Jul 25 19:52:22 IST 2020 : Setting UI for files in bucket...
----------------------------------------------
DEBUG | Sat Jul 25 19:52:22 IST 2020 : Setting UI for files in bucket...
INFO  | Sat Jul 25 19:52:22 IST 2020 : The file already exists in destination : C:\Users\user\Desktop\src\set-3\set-3\2.bmp
WARN  | Sat Jul 25 19:52:22 IST 2020 : Same named file exists : 2.bmp
INFO  | Sat Jul 25 19:52:22 IST 2020 : Skipping the file (not even renaming)
INFO  | Sat Jul 25 19:52:22 IST 2020 : 31 of 168 copied
DEBUG | Sat Jul 25 19:52:22 IST 2020 : Setting UI for files in bucket...
----------------------------------------------
DEBUG | Sat Jul 25 19:52:22 IST 2020 : Setting UI for files in bucket...
INFO  | Sat Jul 25 19:52:22 IST 2020 : The file already exists in destination : C:\Users\user\Desktop\src\set-1\set-1\3.bmp
WARN  | Sat Jul 25 19:52:22 IST 2020 : Same named file exists : 3.bmp
INFO  | Sat Jul 25 19:52:22 IST 2020 : Skipping the file (not even renaming)
INFO  | Sat Jul 25 19:52:22 IST 2020 : 32 of 168 copied
DEBUG | Sat Jul 25 19:52:22 IST 2020 : Setting UI for files in bucket...
----------------------------------------------
DEBUG | Sat Jul 25 19:52:22 IST 2020 : Setting UI for files in bucket...
INFO  | Sat Jul 25 19:52:22 IST 2020 : The file already exists in destination : C:\Users\user\Desktop\src\set-1\set-2\3.bmp
WARN  | Sat Jul 25 19:52:22 IST 2020 : Same named file exists : 3.bmp
INFO  | Sat Jul 25 19:52:22 IST 2020 : Skipping the file (not even renaming)
INFO  | Sat Jul 25 19:52:22 IST 2020 : 33 of 168 copied
DEBUG | Sat Jul 25 19:52:22 IST 2020 : Setting UI for files in bucket...
----------------------------------------------
DEBUG | Sat Jul 25 19:52:22 IST 2020 : Setting UI for files in bucket...
INFO  | Sat Jul 25 19:52:22 IST 2020 : The file already exists in destination : C:\Users\user\Desktop\src\set-2\set-2\3.bmp
WARN  | Sat Jul 25 19:52:22 IST 2020 : Same named file exists : 3.bmp
INFO  | Sat Jul 25 19:52:22 IST 2020 : Skipping the file (not even renaming)
INFO  | Sat Jul 25 19:52:22 IST 2020 : 34 of 168 copied
DEBUG | Sat Jul 25 19:52:22 IST 2020 : Setting UI for files in bucket...
----------------------------------------------
DEBUG | Sat Jul 25 19:52:22 IST 2020 : Setting UI for files in bucket...
INFO  | Sat Jul 25 19:52:22 IST 2020 : The file already exists in destination : C:\Users\user\Desktop\src\set-1\set-2\set-3\1.bmp
WARN  | Sat Jul 25 19:52:22 IST 2020 : Same named file exists : 1.bmp
INFO  | Sat Jul 25 19:52:22 IST 2020 : Skipping the file (not even renaming)
INFO  | Sat Jul 25 19:52:22 IST 2020 : 35 of 168 copied
DEBUG | Sat Jul 25 19:52:22 IST 2020 : Setting UI for files in bucket...
----------------------------------------------
DEBUG | Sat Jul 25 19:52:22 IST 2020 : Setting UI for files in bucket...
INFO  | Sat Jul 25 19:52:22 IST 2020 : The file already exists in destination : C:\Users\user\Desktop\src\set-1\set-1\set-1\1.bmp
WARN  | Sat Jul 25 19:52:22 IST 2020 : Same named file exists : 1.bmp
INFO  | Sat Jul 25 19:52:22 IST 2020 : Skipping the file (not even renaming)
INFO  | Sat Jul 25 19:52:22 IST 2020 : 36 of 168 copied
DEBUG | Sat Jul 25 19:52:22 IST 2020 : Setting UI for files in bucket...
----------------------------------------------
DEBUG | Sat Jul 25 19:52:22 IST 2020 : Setting UI for files in bucket...
INFO  | Sat Jul 25 19:52:22 IST 2020 : The file already exists in destination : C:\Users\user\Desktop\src\set-1\set-1\set-2\1.bmp
WARN  | Sat Jul 25 19:52:22 IST 2020 : Same named file exists : 1.bmp
INFO  | Sat Jul 25 19:52:22 IST 2020 : Skipping the file (not even renaming)
INFO  | Sat Jul 25 19:52:22 IST 2020 : 37 of 168 copied
DEBUG | Sat Jul 25 19:52:22 IST 2020 : Setting UI for files in bucket...
----------------------------------------------
DEBUG | Sat Jul 25 19:52:22 IST 2020 : Setting UI for files in bucket...
INFO  | Sat Jul 25 19:52:22 IST 2020 : The file already exists in destination : C:\Users\user\Desktop\src\set-1\set-2\set-2\1.bmp
WARN  | Sat Jul 25 19:52:22 IST 2020 : Same named file exists : 1.bmp
INFO  | Sat Jul 25 19:52:22 IST 2020 : Skipping the file (not even renaming)
INFO  | Sat Jul 25 19:52:22 IST 2020 : 38 of 168 copied
DEBUG | Sat Jul 25 19:52:22 IST 2020 : Setting UI for files in bucket...
----------------------------------------------
DEBUG | Sat Jul 25 19:52:22 IST 2020 : Setting UI for files in bucket...
INFO  | Sat Jul 25 19:52:22 IST 2020 : The file already exists in destination : C:\Users\user\Desktop\src\set-1\set-2\set-3\11.bmp
WARN  | Sat Jul 25 19:52:22 IST 2020 : Same named file exists : 11.bmp
INFO  | Sat Jul 25 19:52:22 IST 2020 : Skipping the file (not even renaming)
INFO  | Sat Jul 25 19:52:22 IST 2020 : 39 of 168 copied
DEBUG | Sat Jul 25 19:52:22 IST 2020 : Setting UI for files in bucket...
----------------------------------------------
DEBUG | Sat Jul 25 19:52:22 IST 2020 : Setting UI for files in bucket...
INFO  | Sat Jul 25 19:52:22 IST 2020 : The file already exists in destination : C:\Users\user\Desktop\src\set-1\set-1\set-1\2.bmp
WARN  | Sat Jul 25 19:52:22 IST 2020 : Same named file exists : 2.bmp
INFO  | Sat Jul 25 19:52:22 IST 2020 : Skipping the file (not even renaming)
INFO  | Sat Jul 25 19:52:22 IST 2020 : 40 of 168 copied
DEBUG | Sat Jul 25 19:52:22 IST 2020 : Setting UI for files in bucket...
----------------------------------------------
DEBUG | Sat Jul 25 19:52:22 IST 2020 : Setting UI for files in bucket...
INFO  | Sat Jul 25 19:52:22 IST 2020 : The file already exists in destination : C:\Users\user\Desktop\src\set-1\set-1\set-2\2.bmp
WARN  | Sat Jul 25 19:52:22 IST 2020 : Same named file exists : 2.bmp
INFO  | Sat Jul 25 19:52:22 IST 2020 : Skipping the file (not even renaming)
INFO  | Sat Jul 25 19:52:22 IST 2020 : 41 of 168 copied
DEBUG | Sat Jul 25 19:52:22 IST 2020 : Setting UI for files in bucket...
----------------------------------------------
DEBUG | Sat Jul 25 19:52:22 IST 2020 : Setting UI for files in bucket...
INFO  | Sat Jul 25 19:52:22 IST 2020 : The file already exists in destination : C:\Users\user\Desktop\src\set-1\set-2\set-2\2.bmp
WARN  | Sat Jul 25 19:52:22 IST 2020 : Same named file exists : 2.bmp
INFO  | Sat Jul 25 19:52:22 IST 2020 : Skipping the file (not even renaming)
INFO  | Sat Jul 25 19:52:22 IST 2020 : 42 of 168 copied
DEBUG | Sat Jul 25 19:52:22 IST 2020 : Setting UI for files in bucket...
----------------------------------------------
DEBUG | Sat Jul 25 19:52:22 IST 2020 : Setting UI for files in bucket...
INFO  | Sat Jul 25 19:52:22 IST 2020 : The file already exists in destination : C:\Users\user\Desktop\src\set-1\set-2\set-3\2.bmp
WARN  | Sat Jul 25 19:52:22 IST 2020 : Same named file exists : 2.bmp
INFO  | Sat Jul 25 19:52:22 IST 2020 : Skipping the file (not even renaming)
INFO  | Sat Jul 25 19:52:22 IST 2020 : 43 of 168 copied
DEBUG | Sat Jul 25 19:52:22 IST 2020 : Setting UI for files in bucket...
----------------------------------------------
DEBUG | Sat Jul 25 19:52:22 IST 2020 : Setting UI for files in bucket...
INFO  | Sat Jul 25 19:52:22 IST 2020 : The file already exists in destination : C:\Users\user\Desktop\src\set-1\set-1\set-1\3.bmp
WARN  | Sat Jul 25 19:52:22 IST 2020 : Same named file exists : 3.bmp
INFO  | Sat Jul 25 19:52:22 IST 2020 : Skipping the file (not even renaming)
INFO  | Sat Jul 25 19:52:22 IST 2020 : 44 of 168 copied
DEBUG | Sat Jul 25 19:52:22 IST 2020 : Setting UI for files in bucket...
----------------------------------------------
DEBUG | Sat Jul 25 19:52:22 IST 2020 : Setting UI for files in bucket...
INFO  | Sat Jul 25 19:52:22 IST 2020 : The file already exists in destination : C:\Users\user\Desktop\src\set-1\set-1\set-2\3.bmp
WARN  | Sat Jul 25 19:52:22 IST 2020 : Same named file exists : 3.bmp
INFO  | Sat Jul 25 19:52:22 IST 2020 : Skipping the file (not even renaming)
INFO  | Sat Jul 25 19:52:22 IST 2020 : 45 of 168 copied
DEBUG | Sat Jul 25 19:52:22 IST 2020 : Setting UI for files in bucket...
----------------------------------------------
DEBUG | Sat Jul 25 19:52:22 IST 2020 : Setting UI for files in bucket...
INFO  | Sat Jul 25 19:52:22 IST 2020 : The file already exists in destination : C:\Users\user\Desktop\src\set-1\set-2\set-2\3.bmp
WARN  | Sat Jul 25 19:52:22 IST 2020 : Same named file exists : 3.bmp
INFO  | Sat Jul 25 19:52:22 IST 2020 : Skipping the file (not even renaming)
INFO  | Sat Jul 25 19:52:22 IST 2020 : 46 of 168 copied
DEBUG | Sat Jul 25 19:52:22 IST 2020 : Setting UI for files in bucket...
----------------------------------------------
DEBUG | Sat Jul 25 19:52:22 IST 2020 : Setting UI for files in bucket...
INFO  | Sat Jul 25 19:52:22 IST 2020 : The file already exists in destination : C:\Users\user\Desktop\src\set-1\set-2\set-3\set-3\1.bmp
WARN  | Sat Jul 25 19:52:22 IST 2020 : Same named file exists : 1.bmp
INFO  | Sat Jul 25 19:52:22 IST 2020 : Skipping the file (not even renaming)
INFO  | Sat Jul 25 19:52:22 IST 2020 : 47 of 168 copied
DEBUG | Sat Jul 25 19:52:22 IST 2020 : Setting UI for files in bucket...
----------------------------------------------
DEBUG | Sat Jul 25 19:52:22 IST 2020 : Setting UI for files in bucket...
INFO  | Sat Jul 25 19:52:22 IST 2020 : The file already exists in destination : C:\Users\user\Desktop\src\set-1\set-1\set-1\set-1\1.bmp
WARN  | Sat Jul 25 19:52:22 IST 2020 : Same named file exists : 1.bmp
INFO  | Sat Jul 25 19:52:22 IST 2020 : Skipping the file (not even renaming)
INFO  | Sat Jul 25 19:52:22 IST 2020 : 48 of 168 copied
DEBUG | Sat Jul 25 19:52:22 IST 2020 : Setting UI for files in bucket...
----------------------------------------------
DEBUG | Sat Jul 25 19:52:22 IST 2020 : Setting UI for files in bucket...
DEBUG | Sat Jul 25 19:52:22 IST 2020 : Same named file do not exist, so copy simply : 1.bmp
DEBUG | Sat Jul 25 19:52:22 IST 2020 : Setting UI for files in bucket...
DEBUG | Sat Jul 25 19:52:22 IST 2020 : Copying the file using nio.Files.copy() method.
DEBUG | Sat Jul 25 19:52:22 IST 2020 : Setting UI for files in bucket...
DEBUG | Sat Jul 25 19:52:23 IST 2020 : Setting UI for files in bucket...
DEBUG | Sat Jul 25 19:52:23 IST 2020 : Setting UI for files in bucket...
DEBUG | Sat Jul 25 19:52:24 IST 2020 : Setting UI for files in bucket...
DEBUG | Sat Jul 25 19:52:24 IST 2020 : Setting UI for files in bucket...
DEBUG | Sat Jul 25 19:52:25 IST 2020 : Setting UI for files in bucket...
DEBUG | Sat Jul 25 19:52:25 IST 2020 : Copy completed: 1.bmp
DEBUG | Sat Jul 25 19:52:25 IST 2020 : 1.bmp : Data integrity check passed.
INFO  | Sat Jul 25 19:52:25 IST 2020 : 49 of 168 copied
DEBUG | Sat Jul 25 19:52:25 IST 2020 : Setting UI for files in bucket...
----------------------------------------------
DEBUG | Sat Jul 25 19:52:25 IST 2020 : Setting UI for files in bucket...
DEBUG | Sat Jul 25 19:52:25 IST 2020 : Same named file do not exist, so copy simply : 1.bmp
DEBUG | Sat Jul 25 19:52:25 IST 2020 : Setting UI for files in bucket...
DEBUG | Sat Jul 25 19:52:25 IST 2020 : Copying the file using nio.Files.copy() method.
DEBUG | Sat Jul 25 19:52:25 IST 2020 : Setting UI for files in bucket...
DEBUG | Sat Jul 25 19:52:26 IST 2020 : Setting UI for files in bucket...
DEBUG | Sat Jul 25 19:52:26 IST 2020 : Setting UI for files in bucket...
DEBUG | Sat Jul 25 19:52:27 IST 2020 : Setting UI for files in bucket...
DEBUG | Sat Jul 25 19:52:27 IST 2020 : Setting UI for files in bucket...
DEBUG | Sat Jul 25 19:52:28 IST 2020 : Setting UI for files in bucket...
DEBUG | Sat Jul 25 19:52:28 IST 2020 : Copy completed: 1.bmp
DEBUG | Sat Jul 25 19:52:28 IST 2020 : 1.bmp : Data integrity check passed.
INFO  | Sat Jul 25 19:52:28 IST 2020 : 50 of 168 copied
DEBUG | Sat Jul 25 19:52:28 IST 2020 : Setting UI for files in bucket...
----------------------------------------------
DEBUG | Sat Jul 25 19:52:28 IST 2020 : Setting UI for files in bucket...
INFO  | Sat Jul 25 19:52:28 IST 2020 : The file already exists in destination : C:\Users\user\Desktop\src\set-1\set-2\set-3\set-4\1.bmp
WARN  | Sat Jul 25 19:52:28 IST 2020 : Same named file exists : 1.bmp
INFO  | Sat Jul 25 19:52:28 IST 2020 : Skipping the file (not even renaming)
INFO  | Sat Jul 25 19:52:28 IST 2020 : 51 of 168 copied
DEBUG | Sat Jul 25 19:52:28 IST 2020 : Setting UI for files in bucket...
----------------------------------------------
DEBUG | Sat Jul 25 19:52:28 IST 2020 : Setting UI for files in bucket...
DEBUG | Sat Jul 25 19:52:28 IST 2020 : Same named file do not exist, so copy simply : 11.bmp
DEBUG | Sat Jul 25 19:52:28 IST 2020 : Setting UI for files in bucket...
DEBUG | Sat Jul 25 19:52:28 IST 2020 : Copying the file using nio.Files.copy() method.
DEBUG | Sat Jul 25 19:52:28 IST 2020 : Setting UI for files in bucket...
DEBUG | Sat Jul 25 19:52:29 IST 2020 : Setting UI for files in bucket...
DEBUG | Sat Jul 25 19:52:29 IST 2020 : Setting UI for files in bucket...
DEBUG | Sat Jul 25 19:52:30 IST 2020 : Setting UI for files in bucket...
DEBUG | Sat Jul 25 19:52:30 IST 2020 : Setting UI for files in bucket...
DEBUG | Sat Jul 25 19:52:31 IST 2020 : Setting UI for files in bucket...
DEBUG | Sat Jul 25 19:52:31 IST 2020 : Copy completed: 11.bmp
DEBUG | Sat Jul 25 19:52:31 IST 2020 : 11.bmp : Data integrity check passed.
INFO  | Sat Jul 25 19:52:31 IST 2020 : 52 of 168 copied
DEBUG | Sat Jul 25 19:52:31 IST 2020 : Setting UI for files in bucket...
----------------------------------------------
DEBUG | Sat Jul 25 19:52:31 IST 2020 : Setting UI for files in bucket...
INFO  | Sat Jul 25 19:52:31 IST 2020 : The file already exists in destination : C:\Users\user\Desktop\src\set-1\set-1\set-1\set-1\2.bmp
WARN  | Sat Jul 25 19:52:31 IST 2020 : Same named file exists : 2.bmp
INFO  | Sat Jul 25 19:52:31 IST 2020 : Skipping the file (not even renaming)
INFO  | Sat Jul 25 19:52:31 IST 2020 : 53 of 168 copied
DEBUG | Sat Jul 25 19:52:31 IST 2020 : Setting UI for files in bucket...
----------------------------------------------
DEBUG | Sat Jul 25 19:52:31 IST 2020 : Setting UI for files in bucket...
DEBUG | Sat Jul 25 19:52:31 IST 2020 : Same named file do not exist, so copy simply : 2.bmp
DEBUG | Sat Jul 25 19:52:31 IST 2020 : Setting UI for files in bucket...
DEBUG | Sat Jul 25 19:52:31 IST 2020 : Copying the file using nio.Files.copy() method.
DEBUG | Sat Jul 25 19:52:31 IST 2020 : Setting UI for files in bucket...
DEBUG | Sat Jul 25 19:52:32 IST 2020 : Setting UI for files in bucket...
DEBUG | Sat Jul 25 19:52:32 IST 2020 : Setting UI for files in bucket...
DEBUG | Sat Jul 25 19:52:33 IST 2020 : Setting UI for files in bucket...
DEBUG | Sat Jul 25 19:52:33 IST 2020 : Setting UI for files in bucket...
DEBUG | Sat Jul 25 19:52:34 IST 2020 : Setting UI for files in bucket...
DEBUG | Sat Jul 25 19:52:34 IST 2020 : Copy completed: 2.bmp
DEBUG | Sat Jul 25 19:52:34 IST 2020 : 2.bmp : Data integrity check passed.
INFO  | Sat Jul 25 19:52:34 IST 2020 : 54 of 168 copied
DEBUG | Sat Jul 25 19:52:34 IST 2020 : Setting UI for files in bucket...
----------------------------------------------
DEBUG | Sat Jul 25 19:52:34 IST 2020 : Setting UI for files in bucket...
DEBUG | Sat Jul 25 19:52:34 IST 2020 : Same named file do not exist, so copy simply : 2.bmp
DEBUG | Sat Jul 25 19:52:34 IST 2020 : Setting UI for files in bucket...
DEBUG | Sat Jul 25 19:52:34 IST 2020 : Copying the file using nio.Files.copy() method.
DEBUG | Sat Jul 25 19:52:34 IST 2020 : Setting UI for files in bucket...
DEBUG | Sat Jul 25 19:52:35 IST 2020 : Setting UI for files in bucket...
DEBUG | Sat Jul 25 19:52:35 IST 2020 : Setting UI for files in bucket...
DEBUG | Sat Jul 25 19:52:36 IST 2020 : Setting UI for files in bucket...
DEBUG | Sat Jul 25 19:52:36 IST 2020 : Setting UI for files in bucket...
DEBUG | Sat Jul 25 19:52:37 IST 2020 : Setting UI for files in bucket...
DEBUG | Sat Jul 25 19:52:37 IST 2020 : Copy completed: 2.bmp
DEBUG | Sat Jul 25 19:52:37 IST 2020 : 2.bmp : Data integrity check passed.
INFO  | Sat Jul 25 19:52:37 IST 2020 : 55 of 168 copied
DEBUG | Sat Jul 25 19:52:37 IST 2020 : Setting UI for files in bucket...
----------------------------------------------
DEBUG | Sat Jul 25 19:52:37 IST 2020 : Setting UI for files in bucket...
DEBUG | Sat Jul 25 19:52:37 IST 2020 : Same named file do not exist, so copy simply : 2.bmp
DEBUG | Sat Jul 25 19:52:37 IST 2020 : Setting UI for files in bucket...
DEBUG | Sat Jul 25 19:52:37 IST 2020 : Copying the file using nio.Files.copy() method.
DEBUG | Sat Jul 25 19:52:37 IST 2020 : Setting UI for files in bucket...
DEBUG | Sat Jul 25 19:52:38 IST 2020 : Setting UI for files in bucket...
DEBUG | Sat Jul 25 19:52:38 IST 2020 : Setting UI for files in bucket...
DEBUG | Sat Jul 25 19:52:39 IST 2020 : Setting UI for files in bucket...
DEBUG | Sat Jul 25 19:52:39 IST 2020 : Setting UI for files in bucket...
DEBUG | Sat Jul 25 19:52:40 IST 2020 : Setting UI for files in bucket...
DEBUG | Sat Jul 25 19:52:40 IST 2020 : Copy completed: 2.bmp
DEBUG | Sat Jul 25 19:52:40 IST 2020 : 2.bmp : Data integrity check passed.
INFO  | Sat Jul 25 19:52:40 IST 2020 : 56 of 168 copied
DEBUG | Sat Jul 25 19:52:40 IST 2020 : Setting UI for files in bucket...
----------------------------------------------
DEBUG | Sat Jul 25 19:52:40 IST 2020 : Setting UI for files in bucket...
INFO  | Sat Jul 25 19:52:40 IST 2020 : The file already exists in destination : C:\Users\user\Desktop\src\set-1\set-2\set-3\set-4\2.bmp
WARN  | Sat Jul 25 19:52:40 IST 2020 : Same named file exists : 2.bmp
INFO  | Sat Jul 25 19:52:40 IST 2020 : Skipping the file (not even renaming)
INFO  | Sat Jul 25 19:52:40 IST 2020 : 57 of 168 copied
DEBUG | Sat Jul 25 19:52:40 IST 2020 : Setting UI for files in bucket...
----------------------------------------------
DEBUG | Sat Jul 25 19:52:40 IST 2020 : Setting UI for files in bucket...
INFO  | Sat Jul 25 19:52:40 IST 2020 : The file already exists in destination : C:\Users\user\Desktop\src\set-1\set-1\set-1\set-1\3.bmp
WARN  | Sat Jul 25 19:52:40 IST 2020 : Same named file exists : 3.bmp
INFO  | Sat Jul 25 19:52:40 IST 2020 : Skipping the file (not even renaming)
INFO  | Sat Jul 25 19:52:40 IST 2020 : 58 of 168 copied
DEBUG | Sat Jul 25 19:52:40 IST 2020 : Setting UI for files in bucket...
----------------------------------------------
DEBUG | Sat Jul 25 19:52:40 IST 2020 : Setting UI for files in bucket...
DEBUG | Sat Jul 25 19:52:40 IST 2020 : Same named file do not exist, so copy simply : 3.bmp
DEBUG | Sat Jul 25 19:52:40 IST 2020 : Setting UI for files in bucket...
DEBUG | Sat Jul 25 19:52:40 IST 2020 : Copying the file using nio.Files.copy() method.
DEBUG | Sat Jul 25 19:52:40 IST 2020 : Setting UI for files in bucket...
DEBUG | Sat Jul 25 19:52:41 IST 2020 : Setting UI for files in bucket...
DEBUG | Sat Jul 25 19:52:41 IST 2020 : Setting UI for files in bucket...
DEBUG | Sat Jul 25 19:52:42 IST 2020 : Setting UI for files in bucket...
DEBUG | Sat Jul 25 19:52:42 IST 2020 : Setting UI for files in bucket...
DEBUG | Sat Jul 25 19:52:43 IST 2020 : Setting UI for files in bucket...
DEBUG | Sat Jul 25 19:52:43 IST 2020 : Copy completed: 3.bmp
DEBUG | Sat Jul 25 19:52:43 IST 2020 : 3.bmp : Data integrity check passed.
INFO  | Sat Jul 25 19:52:43 IST 2020 : 59 of 168 copied
DEBUG | Sat Jul 25 19:52:43 IST 2020 : Setting UI for files in bucket...
----------------------------------------------
DEBUG | Sat Jul 25 19:52:43 IST 2020 : Setting UI for files in bucket...
DEBUG | Sat Jul 25 19:52:43 IST 2020 : Same named file do not exist, so copy simply : 3.bmp
DEBUG | Sat Jul 25 19:52:43 IST 2020 : Setting UI for files in bucket...
DEBUG | Sat Jul 25 19:52:43 IST 2020 : Copying the file using nio.Files.copy() method.
DEBUG | Sat Jul 25 19:52:43 IST 2020 : Setting UI for files in bucket...
DEBUG | Sat Jul 25 19:52:44 IST 2020 : Setting UI for files in bucket...
DEBUG | Sat Jul 25 19:52:44 IST 2020 : Setting UI for files in bucket...
DEBUG | Sat Jul 25 19:52:45 IST 2020 : Setting UI for files in bucket...
DEBUG | Sat Jul 25 19:52:45 IST 2020 : Setting UI for files in bucket...
DEBUG | Sat Jul 25 19:52:46 IST 2020 : Setting UI for files in bucket...
DEBUG | Sat Jul 25 19:52:46 IST 2020 : Copy completed: 3.bmp
DEBUG | Sat Jul 25 19:52:46 IST 2020 : 3.bmp : Data integrity check passed.
INFO  | Sat Jul 25 19:52:46 IST 2020 : 60 of 168 copied
DEBUG | Sat Jul 25 19:52:46 IST 2020 : Setting UI for files in bucket...
----------------------------------------------
DEBUG | Sat Jul 25 19:52:46 IST 2020 : Setting UI for files in bucket...
INFO  | Sat Jul 25 19:52:46 IST 2020 : The file already exists in destination : C:\Users\user\Desktop\src\set-1\set-2\set-3\set-4\3.bmp
WARN  | Sat Jul 25 19:52:46 IST 2020 : Same named file exists : 3.bmp
INFO  | Sat Jul 25 19:52:46 IST 2020 : Skipping the file (not even renaming)
INFO  | Sat Jul 25 19:52:46 IST 2020 : 61 of 168 copied
DEBUG | Sat Jul 25 19:52:46 IST 2020 : Setting UI for files in bucket...
----------------------------------------------
DEBUG | Sat Jul 25 19:52:46 IST 2020 : Setting UI for files in bucket...
DEBUG | Sat Jul 25 19:52:46 IST 2020 : Same named file do not exist, so copy simply : 1.bmp
DEBUG | Sat Jul 25 19:52:46 IST 2020 : Setting UI for files in bucket...
DEBUG | Sat Jul 25 19:52:46 IST 2020 : Copying the file using nio.Files.copy() method.
DEBUG | Sat Jul 25 19:52:46 IST 2020 : Setting UI for files in bucket...
DEBUG | Sat Jul 25 19:52:47 IST 2020 : Setting UI for files in bucket...
DEBUG | Sat Jul 25 19:52:47 IST 2020 : Setting UI for files in bucket...
DEBUG | Sat Jul 25 19:52:48 IST 2020 : Setting UI for files in bucket...
DEBUG | Sat Jul 25 19:52:48 IST 2020 : Setting UI for files in bucket...
DEBUG | Sat Jul 25 19:52:49 IST 2020 : Setting UI for files in bucket...
DEBUG | Sat Jul 25 19:52:49 IST 2020 : Copy completed: 1.bmp
DEBUG | Sat Jul 25 19:52:49 IST 2020 : 1.bmp : Data integrity check passed.
INFO  | Sat Jul 25 19:52:49 IST 2020 : 62 of 168 copied
DEBUG | Sat Jul 25 19:52:49 IST 2020 : Setting UI for files in bucket...
----------------------------------------------
DEBUG | Sat Jul 25 19:52:49 IST 2020 : Setting UI for files in bucket...
INFO  | Sat Jul 25 19:52:49 IST 2020 : The file already exists in destination : C:\Users\user\Desktop\src\set-1\set-1\set-1\set-1\set-1\1.bmp
WARN  | Sat Jul 25 19:52:49 IST 2020 : Same named file exists : 1.bmp
INFO  | Sat Jul 25 19:52:49 IST 2020 : Skipping the file (not even renaming)
INFO  | Sat Jul 25 19:52:49 IST 2020 : 63 of 168 copied
DEBUG | Sat Jul 25 19:52:49 IST 2020 : Setting UI for files in bucket...
----------------------------------------------
DEBUG | Sat Jul 25 19:52:49 IST 2020 : Setting UI for files in bucket...
DEBUG | Sat Jul 25 19:52:49 IST 2020 : Same named file do not exist, so copy simply : 1.bmp
DEBUG | Sat Jul 25 19:52:49 IST 2020 : Setting UI for files in bucket...
DEBUG | Sat Jul 25 19:52:49 IST 2020 : Copying the file using nio.Files.copy() method.
DEBUG | Sat Jul 25 19:52:49 IST 2020 : Setting UI for files in bucket...
DEBUG | Sat Jul 25 19:52:50 IST 2020 : Setting UI for files in bucket...
DEBUG | Sat Jul 25 19:52:50 IST 2020 : Setting UI for files in bucket...
DEBUG | Sat Jul 25 19:52:51 IST 2020 : Setting UI for files in bucket...
DEBUG | Sat Jul 25 19:52:51 IST 2020 : Setting UI for files in bucket...
DEBUG | Sat Jul 25 19:52:52 IST 2020 : Copy completed: 1.bmp
DEBUG | Sat Jul 25 19:52:52 IST 2020 : 1.bmp : Data integrity check passed.
INFO  | Sat Jul 25 19:52:52 IST 2020 : 64 of 168 copied
DEBUG | Sat Jul 25 19:52:52 IST 2020 : Setting UI for files in bucket...
----------------------------------------------
DEBUG | Sat Jul 25 19:52:52 IST 2020 : Setting UI for files in bucket...
DEBUG | Sat Jul 25 19:52:52 IST 2020 : Same named file do not exist, so copy simply : 1.bmp
DEBUG | Sat Jul 25 19:52:52 IST 2020 : Setting UI for files in bucket...
DEBUG | Sat Jul 25 19:52:52 IST 2020 : Copying the file using nio.Files.copy() method.
DEBUG | Sat Jul 25 19:52:52 IST 2020 : Setting UI for files in bucket...
DEBUG | Sat Jul 25 19:52:52 IST 2020 : Setting UI for files in bucket...
DEBUG | Sat Jul 25 19:52:53 IST 2020 : Setting UI for files in bucket...
DEBUG | Sat Jul 25 19:52:53 IST 2020 : Setting UI for files in bucket...
DEBUG | Sat Jul 25 19:52:54 IST 2020 : Setting UI for files in bucket...
DEBUG | Sat Jul 25 19:52:54 IST 2020 : Setting UI for files in bucket...
DEBUG | Sat Jul 25 19:52:55 IST 2020 : Copy completed: 1.bmp
DEBUG | Sat Jul 25 19:52:55 IST 2020 : 1.bmp : Data integrity check passed.
INFO  | Sat Jul 25 19:52:55 IST 2020 : 65 of 168 copied
DEBUG | Sat Jul 25 19:52:55 IST 2020 : Setting UI for files in bucket...
----------------------------------------------
DEBUG | Sat Jul 25 19:52:55 IST 2020 : Setting UI for files in bucket...
INFO  | Sat Jul 25 19:52:55 IST 2020 : The file already exists in destination : C:\Users\user\Desktop\src\set-1\set-2\set-3\set-4\set-5\1.bmp
WARN  | Sat Jul 25 19:52:55 IST 2020 : Same named file exists : 1.bmp
INFO  | Sat Jul 25 19:52:55 IST 2020 : Skipping the file (not even renaming)
INFO  | Sat Jul 25 19:52:55 IST 2020 : 66 of 168 copied
DEBUG | Sat Jul 25 19:52:55 IST 2020 : Setting UI for files in bucket...
----------------------------------------------
DEBUG | Sat Jul 25 19:52:55 IST 2020 : Setting UI for files in bucket...
DEBUG | Sat Jul 25 19:52:55 IST 2020 : Same named file do not exist, so copy simply : 11.bmp
DEBUG | Sat Jul 25 19:52:55 IST 2020 : Setting UI for files in bucket...
DEBUG | Sat Jul 25 19:52:55 IST 2020 : Copying the file using nio.Files.copy() method.
DEBUG | Sat Jul 25 19:52:55 IST 2020 : Setting UI for files in bucket...
DEBUG | Sat Jul 25 19:52:55 IST 2020 : Setting UI for files in bucket...
DEBUG | Sat Jul 25 19:52:56 IST 2020 : Setting UI for files in bucket...
DEBUG | Sat Jul 25 19:52:56 IST 2020 : Setting UI for files in bucket...
DEBUG | Sat Jul 25 19:52:57 IST 2020 : Setting UI for files in bucket...
DEBUG | Sat Jul 25 19:52:57 IST 2020 : Setting UI for files in bucket...
DEBUG | Sat Jul 25 19:52:57 IST 2020 : Copy completed: 11.bmp
DEBUG | Sat Jul 25 19:52:57 IST 2020 : 11.bmp : Data integrity check passed.
INFO  | Sat Jul 25 19:52:57 IST 2020 : 67 of 168 copied
DEBUG | Sat Jul 25 19:52:57 IST 2020 : Setting UI for files in bucket...
----------------------------------------------
DEBUG | Sat Jul 25 19:52:57 IST 2020 : Setting UI for files in bucket...
INFO  | Sat Jul 25 19:52:57 IST 2020 : The file already exists in destination : C:\Users\user\Desktop\src\set-1\set-1\set-1\set-1\set-1\2.bmp
WARN  | Sat Jul 25 19:52:57 IST 2020 : Same named file exists : 2.bmp
INFO  | Sat Jul 25 19:52:57 IST 2020 : Skipping the file (not even renaming)
INFO  | Sat Jul 25 19:52:57 IST 2020 : 68 of 168 copied
DEBUG | Sat Jul 25 19:52:57 IST 2020 : Setting UI for files in bucket...
----------------------------------------------
DEBUG | Sat Jul 25 19:52:58 IST 2020 : Setting UI for files in bucket...
DEBUG | Sat Jul 25 19:52:58 IST 2020 : Same named file do not exist, so copy simply : 2.bmp
DEBUG | Sat Jul 25 19:52:58 IST 2020 : Setting UI for files in bucket...
DEBUG | Sat Jul 25 19:52:58 IST 2020 : Copying the file using nio.Files.copy() method.
DEBUG | Sat Jul 25 19:52:58 IST 2020 : Setting UI for files in bucket...
DEBUG | Sat Jul 25 19:52:58 IST 2020 : Setting UI for files in bucket...
DEBUG | Sat Jul 25 19:52:59 IST 2020 : Setting UI for files in bucket...
DEBUG | Sat Jul 25 19:52:59 IST 2020 : Setting UI for files in bucket...
DEBUG | Sat Jul 25 19:53:00 IST 2020 : Setting UI for files in bucket...
DEBUG | Sat Jul 25 19:53:00 IST 2020 : Setting UI for files in bucket...
DEBUG | Sat Jul 25 19:53:00 IST 2020 : Copy completed: 2.bmp
DEBUG | Sat Jul 25 19:53:00 IST 2020 : 2.bmp : Data integrity check passed.
INFO  | Sat Jul 25 19:53:00 IST 2020 : 69 of 168 copied
DEBUG | Sat Jul 25 19:53:00 IST 2020 : Setting UI for files in bucket...
----------------------------------------------
DEBUG | Sat Jul 25 19:53:00 IST 2020 : Setting UI for files in bucket...
DEBUG | Sat Jul 25 19:53:00 IST 2020 : Same named file do not exist, so copy simply : 2.bmp
DEBUG | Sat Jul 25 19:53:00 IST 2020 : Setting UI for files in bucket...
DEBUG | Sat Jul 25 19:53:00 IST 2020 : Copying the file using nio.Files.copy() method.
DEBUG | Sat Jul 25 19:53:01 IST 2020 : Setting UI for files in bucket...
DEBUG | Sat Jul 25 19:53:01 IST 2020 : Setting UI for files in bucket...
DEBUG | Sat Jul 25 19:53:02 IST 2020 : Setting UI for files in bucket...
DEBUG | Sat Jul 25 19:53:02 IST 2020 : Setting UI for files in bucket...
DEBUG | Sat Jul 25 19:53:03 IST 2020 : Setting UI for files in bucket...
DEBUG | Sat Jul 25 19:53:03 IST 2020 : Setting UI for files in bucket...
DEBUG | Sat Jul 25 19:53:03 IST 2020 : Copy completed: 2.bmp
DEBUG | Sat Jul 25 19:53:03 IST 2020 : 2.bmp : Data integrity check passed.
INFO  | Sat Jul 25 19:53:03 IST 2020 : 70 of 168 copied
DEBUG | Sat Jul 25 19:53:03 IST 2020 : Setting UI for files in bucket...
----------------------------------------------
DEBUG | Sat Jul 25 19:53:03 IST 2020 : Setting UI for files in bucket...
DEBUG | Sat Jul 25 19:53:03 IST 2020 : Same named file do not exist, so copy simply : 2.bmp
DEBUG | Sat Jul 25 19:53:03 IST 2020 : Setting UI for files in bucket...
DEBUG | Sat Jul 25 19:53:03 IST 2020 : Copying the file using nio.Files.copy() method.
DEBUG | Sat Jul 25 19:53:04 IST 2020 : Setting UI for files in bucket...
DEBUG | Sat Jul 25 19:53:04 IST 2020 : Setting UI for files in bucket...
DEBUG | Sat Jul 25 19:53:05 IST 2020 : Setting UI for files in bucket...
DEBUG | Sat Jul 25 19:53:05 IST 2020 : Setting UI for files in bucket...
DEBUG | Sat Jul 25 19:53:06 IST 2020 : Setting UI for files in bucket...
DEBUG | Sat Jul 25 19:53:06 IST 2020 : Setting UI for files in bucket...
DEBUG | Sat Jul 25 19:53:06 IST 2020 : Copy completed: 2.bmp
DEBUG | Sat Jul 25 19:53:06 IST 2020 : 2.bmp : Data integrity check passed.
INFO  | Sat Jul 25 19:53:06 IST 2020 : 71 of 168 copied
DEBUG | Sat Jul 25 19:53:06 IST 2020 : Setting UI for files in bucket...
----------------------------------------------
DEBUG | Sat Jul 25 19:53:06 IST 2020 : Setting UI for files in bucket...
INFO  | Sat Jul 25 19:53:06 IST 2020 : The file already exists in destination : C:\Users\user\Desktop\src\set-1\set-2\set-3\set-4\set-5\2.bmp
WARN  | Sat Jul 25 19:53:06 IST 2020 : Same named file exists : 2.bmp
INFO  | Sat Jul 25 19:53:06 IST 2020 : Skipping the file (not even renaming)
INFO  | Sat Jul 25 19:53:06 IST 2020 : 72 of 168 copied
DEBUG | Sat Jul 25 19:53:06 IST 2020 : Setting UI for files in bucket...
----------------------------------------------
DEBUG | Sat Jul 25 19:53:06 IST 2020 : Setting UI for files in bucket...
INFO  | Sat Jul 25 19:53:06 IST 2020 : The file already exists in destination : C:\Users\user\Desktop\src\set-1\set-1\set-1\set-1\set-1\3.bmp
WARN  | Sat Jul 25 19:53:06 IST 2020 : Same named file exists : 3.bmp
INFO  | Sat Jul 25 19:53:06 IST 2020 : Skipping the file (not even renaming)
INFO  | Sat Jul 25 19:53:06 IST 2020 : 73 of 168 copied
DEBUG | Sat Jul 25 19:53:06 IST 2020 : Setting UI for files in bucket...
----------------------------------------------
DEBUG | Sat Jul 25 19:53:06 IST 2020 : Setting UI for files in bucket...
DEBUG | Sat Jul 25 19:53:06 IST 2020 : Same named file do not exist, so copy simply : 3.bmp
DEBUG | Sat Jul 25 19:53:06 IST 2020 : Setting UI for files in bucket...
DEBUG | Sat Jul 25 19:53:06 IST 2020 : Copying the file using nio.Files.copy() method.
DEBUG | Sat Jul 25 19:53:07 IST 2020 : Setting UI for files in bucket...
