Session Id: 20206-224449
DEBUG | Fri Jul 24 22:44:49 IST 2020 : Services initiated
DEBUG | Fri Jul 24 22:44:55 IST 2020 : Setting UI for files in bucket...
INFO  | Fri Jul 24 22:45:01 IST 2020 : Files with same names (but not same hash) found. Will show overwrite strategy dialog.
DEBUG | Fri Jul 24 22:45:02 IST 2020 : Setting UI for files in bucket...
DEBUG | Fri Jul 24 22:45:02 IST 2020 : Setting UI for files in bucket...
DEBUG | Fri Jul 24 22:45:03 IST 2020 : Setting UI for files in bucket...
DEBUG | Fri Jul 24 22:45:03 IST 2020 : Setting UI for files in bucket...
DEBUG | Fri Jul 24 22:45:04 IST 2020 : Setting UI for files in bucket...
DEBUG | Fri Jul 24 22:45:04 IST 2020 : Setting UI for files in bucket...
DEBUG | Fri Jul 24 22:45:05 IST 2020 : Setting UI for files in bucket...
DEBUG | Fri Jul 24 22:45:05 IST 2020 : Setting UI for files in bucket...
DEBUG | Fri Jul 24 22:45:06 IST 2020 : Setting UI for files in bucket...
DEBUG | Fri Jul 24 22:45:06 IST 2020 : Setting UI for files in bucket...
DEBUG | Fri Jul 24 22:45:07 IST 2020 : Setting UI for files in bucket...
DEBUG | Fri Jul 24 22:45:07 IST 2020 : Setting UI for files in bucket...
DEBUG | Fri Jul 24 22:45:08 IST 2020 : Setting UI for files in bucket...
DEBUG | Fri Jul 24 22:45:08 IST 2020 : Setting UI for files in bucket...
DEBUG | Fri Jul 24 22:45:09 IST 2020 : Setting UI for files in bucket...
DEBUG | Fri Jul 24 22:45:09 IST 2020 : Setting UI for files in bucket...
DEBUG | Fri Jul 24 22:45:10 IST 2020 : Setting UI for files in bucket...
DEBUG | Fri Jul 24 22:45:10 IST 2020 : Setting UI for files in bucket...
DEBUG | Fri Jul 24 22:45:11 IST 2020 : Setting UI for files in bucket...
DEBUG | Fri Jul 24 22:45:11 IST 2020 : Setting UI for files in bucket...
DEBUG | Fri Jul 24 22:45:12 IST 2020 : Setting UI for files in bucket...
DEBUG | Fri Jul 24 22:45:13 IST 2020 : Setting UI for files in bucket...
DEBUG | Fri Jul 24 22:45:13 IST 2020 : Setting UI for files in bucket...
DEBUG | Fri Jul 24 22:45:14 IST 2020 : Setting UI for files in bucket...
DEBUG | Fri Jul 24 22:45:14 IST 2020 : Setting UI for files in bucket...
DEBUG | Fri Jul 24 22:45:15 IST 2020 : Setting UI for files in bucket...
DEBUG | Fri Jul 24 22:45:15 IST 2020 : Setting UI for files in bucket...
DEBUG | Fri Jul 24 22:45:16 IST 2020 : Setting UI for files in bucket...
DEBUG | Fri Jul 24 22:45:16 IST 2020 : Setting UI for files in bucket...
DEBUG | Fri Jul 24 22:45:17 IST 2020 : Setting UI for files in bucket...
DEBUG | Fri Jul 24 22:45:17 IST 2020 : Setting UI for files in bucket...
DEBUG | Fri Jul 24 22:45:18 IST 2020 : Setting UI for files in bucket...
DEBUG | Fri Jul 24 22:45:18 IST 2020 : Setting UI for files in bucket...
DEBUG | Fri Jul 24 22:45:19 IST 2020 : Setting UI for files in bucket...
DEBUG | Fri Jul 24 22:45:19 IST 2020 : Setting UI for files in bucket...
DEBUG | Fri Jul 24 22:45:20 IST 2020 : Setting UI for files in bucket...
DEBUG | Fri Jul 24 22:45:20 IST 2020 : Setting UI for files in bucket...
DEBUG | Fri Jul 24 22:45:21 IST 2020 : Setting UI for files in bucket...
DEBUG | Fri Jul 24 22:45:21 IST 2020 : Setting UI for files in bucket...
DEBUG | Fri Jul 24 22:45:22 IST 2020 : Setting UI for files in bucket...
DEBUG | Fri Jul 24 22:45:22 IST 2020 : Setting UI for files in bucket...
DEBUG | Fri Jul 24 22:45:23 IST 2020 : Setting UI for files in bucket...
DEBUG | Fri Jul 24 22:45:23 IST 2020 : Setting UI for files in bucket...
DEBUG | Fri Jul 24 22:45:24 IST 2020 : Setting UI for files in bucket...
DEBUG | Fri Jul 24 22:45:24 IST 2020 : Setting UI for files in bucket...
DEBUG | Fri Jul 24 22:45:25 IST 2020 : Setting UI for files in bucket...
DEBUG | Fri Jul 24 22:45:25 IST 2020 : Setting UI for files in bucket...
DEBUG | Fri Jul 24 22:45:26 IST 2020 : Setting UI for files in bucket...
DEBUG | Fri Jul 24 22:45:26 IST 2020 : Setting UI for files in bucket...
DEBUG | Fri Jul 24 22:45:27 IST 2020 : Setting UI for files in bucket...
DEBUG | Fri Jul 24 22:45:27 IST 2020 : Setting UI for files in bucket...
DEBUG | Fri Jul 24 22:45:28 IST 2020 : Setting UI for files in bucket...
DEBUG | Fri Jul 24 22:45:28 IST 2020 : Setting UI for files in bucket...
DEBUG | Fri Jul 24 22:45:29 IST 2020 : Setting UI for files in bucket...
DEBUG | Fri Jul 24 22:45:30 IST 2020 : Setting UI for files in bucket...
DEBUG | Fri Jul 24 22:45:30 IST 2020 : Setting UI for files in bucket...
DEBUG | Fri Jul 24 22:45:31 IST 2020 : Setting UI for files in bucket...
DEBUG | Fri Jul 24 22:45:31 IST 2020 : Setting UI for files in bucket...
DEBUG | Fri Jul 24 22:45:32 IST 2020 : Setting UI for files in bucket...
DEBUG | Fri Jul 24 22:45:32 IST 2020 : Setting UI for files in bucket...
DEBUG | Fri Jul 24 22:45:33 IST 2020 : Setting UI for files in bucket...
DEBUG | Fri Jul 24 22:45:33 IST 2020 : Setting UI for files in bucket...
DEBUG | Fri Jul 24 22:45:34 IST 2020 : Setting UI for files in bucket...
DEBUG | Fri Jul 24 22:45:34 IST 2020 : Setting UI for files in bucket...
DEBUG | Fri Jul 24 22:45:35 IST 2020 : Setting UI for files in bucket...
DEBUG | Fri Jul 24 22:45:35 IST 2020 : Setting UI for files in bucket...
DEBUG | Fri Jul 24 22:45:36 IST 2020 : Setting UI for files in bucket...
DEBUG | Fri Jul 24 22:45:36 IST 2020 : Setting UI for files in bucket...
DEBUG | Fri Jul 24 22:45:37 IST 2020 : Setting UI for files in bucket...
DEBUG | Fri Jul 24 22:45:37 IST 2020 : Setting UI for files in bucket...
DEBUG | Fri Jul 24 22:45:38 IST 2020 : Setting UI for files in bucket...
DEBUG | Fri Jul 24 22:45:38 IST 2020 : Setting UI for files in bucket...
DEBUG | Fri Jul 24 22:45:39 IST 2020 : Setting UI for files in bucket...
DEBUG | Fri Jul 24 22:45:39 IST 2020 : Setting UI for files in bucket...
DEBUG | Fri Jul 24 22:45:40 IST 2020 : Setting UI for files in bucket...
DEBUG | Fri Jul 24 22:45:40 IST 2020 : Setting UI for files in bucket...
DEBUG | Fri Jul 24 22:45:41 IST 2020 : Setting UI for files in bucket...
DEBUG | Fri Jul 24 22:45:41 IST 2020 : Setting UI for files in bucket...
DEBUG | Fri Jul 24 22:45:42 IST 2020 : Setting UI for files in bucket...
DEBUG | Fri Jul 24 22:45:42 IST 2020 : Setting UI for files in bucket...
DEBUG | Fri Jul 24 22:45:43 IST 2020 : Setting UI for files in bucket...
DEBUG | Fri Jul 24 22:45:43 IST 2020 : Setting UI for files in bucket...
DEBUG | Fri Jul 24 22:45:44 IST 2020 : Setting UI for files in bucket...
DEBUG | Fri Jul 24 22:45:44 IST 2020 : Setting UI for files in bucket...
DEBUG | Fri Jul 24 22:45:45 IST 2020 : Setting UI for files in bucket...
DEBUG | Fri Jul 24 22:45:45 IST 2020 : Setting UI for files in bucket...
DEBUG | Fri Jul 24 22:45:46 IST 2020 : Setting UI for files in bucket...
DEBUG | Fri Jul 24 22:45:46 IST 2020 : Setting UI for files in bucket...
DEBUG | Fri Jul 24 22:45:47 IST 2020 : Setting UI for files in bucket...
DEBUG | Fri Jul 24 22:45:48 IST 2020 : Setting UI for files in bucket...
DEBUG | Fri Jul 24 22:45:48 IST 2020 : Setting UI for files in bucket...
DEBUG | Fri Jul 24 22:45:49 IST 2020 : Setting UI for files in bucket...
DEBUG | Fri Jul 24 22:45:49 IST 2020 : Setting UI for files in bucket...
