Session Id: 20207-170315
DEBUG | Sat Jul 25 17:03:15 IST 2020 : Services initiated
DEBUG | Sat Jul 25 17:03:21 IST 2020 : Setting UI for files in bucket...
INFO  | Sat Jul 25 17:03:26 IST 2020 : Files with same names (but not same hash) found. Will show overwrite strategy dialog.
DEBUG | Sat Jul 25 17:03:26 IST 2020 : Setting UI for files in bucket...
DEBUG | Sat Jul 25 17:03:27 IST 2020 : Setting UI for files in bucket...
DEBUG | Sat Jul 25 17:03:27 IST 2020 : Setting UI for files in bucket...
DEBUG | Sat Jul 25 17:03:28 IST 2020 : Setting UI for files in bucket...
DEBUG | Sat Jul 25 17:03:28 IST 2020 : Setting UI for files in bucket...
DEBUG | Sat Jul 25 17:03:29 IST 2020 : Setting UI for files in bucket...
DEBUG | Sat Jul 25 17:03:29 IST 2020 : Setting UI for files in bucket...
DEBUG | Sat Jul 25 17:03:30 IST 2020 : Setting UI for files in bucket...
DEBUG | Sat Jul 25 17:03:30 IST 2020 : Setting UI for files in bucket...
DEBUG | Sat Jul 25 17:03:31 IST 2020 : Setting UI for files in bucket...
DEBUG | Sat Jul 25 17:03:31 IST 2020 : Setting UI for files in bucket...
DEBUG | Sat Jul 25 17:03:32 IST 2020 : Setting UI for files in bucket...
DEBUG | Sat Jul 25 17:03:32 IST 2020 : Setting UI for files in bucket...
DEBUG | Sat Jul 25 17:03:33 IST 2020 : Setting UI for files in bucket...
DEBUG | Sat Jul 25 17:03:33 IST 2020 : Setting UI for files in bucket...
DEBUG | Sat Jul 25 17:03:34 IST 2020 : Setting UI for files in bucket...
DEBUG | Sat Jul 25 17:03:34 IST 2020 : Setting UI for files in bucket...
DEBUG | Sat Jul 25 17:03:35 IST 2020 : Setting UI for files in bucket...
DEBUG | Sat Jul 25 17:03:35 IST 2020 : Setting UI for files in bucket...
DEBUG | Sat Jul 25 17:03:36 IST 2020 : Setting UI for files in bucket...
DEBUG | Sat Jul 25 17:03:36 IST 2020 : Setting UI for files in bucket...
DEBUG | Sat Jul 25 17:03:37 IST 2020 : Setting UI for files in bucket...
DEBUG | Sat Jul 25 17:03:37 IST 2020 : Setting UI for files in bucket...
DEBUG | Sat Jul 25 17:03:38 IST 2020 : Setting UI for files in bucket...
DEBUG | Sat Jul 25 17:03:38 IST 2020 : Setting UI for files in bucket...
DEBUG | Sat Jul 25 17:03:39 IST 2020 : Setting UI for files in bucket...
DEBUG | Sat Jul 25 17:03:39 IST 2020 : Setting UI for files in bucket...
DEBUG | Sat Jul 25 17:03:40 IST 2020 : Setting UI for files in bucket...
DEBUG | Sat Jul 25 17:03:40 IST 2020 : Setting UI for files in bucket...
DEBUG | Sat Jul 25 17:03:41 IST 2020 : Setting UI for files in bucket...
DEBUG | Sat Jul 25 17:03:41 IST 2020 : Setting UI for files in bucket...
DEBUG | Sat Jul 25 17:03:42 IST 2020 : Setting UI for files in bucket...
DEBUG | Sat Jul 25 17:03:42 IST 2020 : Setting UI for files in bucket...
DEBUG | Sat Jul 25 17:03:43 IST 2020 : Setting UI for files in bucket...
DEBUG | Sat Jul 25 17:03:43 IST 2020 : Setting UI for files in bucket...
DEBUG | Sat Jul 25 17:03:44 IST 2020 : Setting UI for files in bucket...
DEBUG | Sat Jul 25 17:03:44 IST 2020 : Setting UI for files in bucket...
DEBUG | Sat Jul 25 17:03:45 IST 2020 : Setting UI for files in bucket...
