Session Id: 20207-202143
DEBUG | Sat Jul 25 20:21:43 IST 2020 : Services initiated
DEBUG | Sat Jul 25 20:21:53 IST 2020 : Setting UI for files in bucket...
INFO  | Sat Jul 25 20:21:58 IST 2020 : Files with same names (but not same hash) found. Will show overwrite strategy dialog.
DEBUG | Sat Jul 25 20:21:58 IST 2020 : Setting UI for files in bucket...
DEBUG | Sat Jul 25 20:21:59 IST 2020 : Setting UI for files in bucket...
DEBUG | Sat Jul 25 20:21:59 IST 2020 : Setting UI for files in bucket...
DEBUG | Sat Jul 25 20:22:00 IST 2020 : Setting UI for files in bucket...
DEBUG | Sat Jul 25 20:22:00 IST 2020 : Setting UI for files in bucket...
DEBUG | Sat Jul 25 20:22:01 IST 2020 : Setting UI for files in bucket...
DEBUG | Sat Jul 25 20:22:01 IST 2020 : Setting UI for files in bucket...
DEBUG | Sat Jul 25 20:22:02 IST 2020 : Setting UI for files in bucket...
DEBUG | Sat Jul 25 20:22:02 IST 2020 : Setting UI for files in bucket...
DEBUG | Sat Jul 25 20:22:03 IST 2020 : Setting UI for files in bucket...
DEBUG | Sat Jul 25 20:22:03 IST 2020 : Setting UI for files in bucket...
DEBUG | Sat Jul 25 20:22:04 IST 2020 : Setting UI for files in bucket...
DEBUG | Sat Jul 25 20:22:04 IST 2020 : Setting UI for files in bucket...
DEBUG | Sat Jul 25 20:22:05 IST 2020 : Setting UI for files in bucket...
DEBUG | Sat Jul 25 20:22:05 IST 2020 : Overwrite strategy decided : 
DEBUG | Sat Jul 25 20:22:05 IST 2020 : RENAME_SKIPPED_FILES : false
DEBUG | Sat Jul 25 20:22:05 IST 2020 : ASK_FOR_EACH_FILE : false
DEBUG | Sat Jul 25 20:22:05 IST 2020 : COPY_MULTIPLE_FILES_TO_SAME_PATH__ASK_FOR_EACH_FILE : true
INFO  | Sat Jul 25 20:22:05 IST 2020 : Copying 3 files.
--------------------------------------------------------------------------------
INFO  | Sat Jul 25 20:22:05 IST 2020 : 0 of 3 copied
DEBUG | Sat Jul 25 20:22:05 IST 2020 : Setting UI for files in bucket...
----------------------------------------------
DEBUG | Sat Jul 25 20:22:05 IST 2020 : Setting UI for files in bucket...
INFO  | Sat Jul 25 20:22:05 IST 2020 : The file already exists in destination : C:\Users\user\Desktop\src\Love Is Just Apain.avi
WARN  | Sat Jul 25 20:22:05 IST 2020 : Same named file exists : Love Is Just Apain.avi
WARN  | Sat Jul 25 20:22:05 IST 2020 : Overwriting existing file
DEBUG | Sat Jul 25 20:22:05 IST 2020 : Setting UI for files in bucket...
DEBUG | Sat Jul 25 20:22:05 IST 2020 : Copying the file using nio.Files.copy() method.
DEBUG | Sat Jul 25 20:22:05 IST 2020 : Setting UI for files in bucket...
DEBUG | Sat Jul 25 20:22:06 IST 2020 : Setting UI for files in bucket...
DEBUG | Sat Jul 25 20:22:06 IST 2020 : Setting UI for files in bucket...
DEBUG | Sat Jul 25 20:22:07 IST 2020 : Setting UI for files in bucket...
DEBUG | Sat Jul 25 20:22:07 IST 2020 : Setting UI for files in bucket...
DEBUG | Sat Jul 25 20:22:08 IST 2020 : Setting UI for files in bucket...
DEBUG | Sat Jul 25 20:22:08 IST 2020 : Setting UI for files in bucket...
DEBUG | Sat Jul 25 20:22:09 IST 2020 : Setting UI for files in bucket...
DEBUG | Sat Jul 25 20:22:09 IST 2020 : Setting UI for files in bucket...
DEBUG | Sat Jul 25 20:22:10 IST 2020 : Setting UI for files in bucket...
DEBUG | Sat Jul 25 20:22:10 IST 2020 : Setting UI for files in bucket...
DEBUG | Sat Jul 25 20:22:11 IST 2020 : Setting UI for files in bucket...
DEBUG | Sat Jul 25 20:22:11 IST 2020 : Setting UI for files in bucket...
DEBUG | Sat Jul 25 20:22:12 IST 2020 : Setting UI for files in bucket...
DEBUG | Sat Jul 25 20:22:12 IST 2020 : Setting UI for files in bucket...
DEBUG | Sat Jul 25 20:22:13 IST 2020 : Setting UI for files in bucket...
DEBUG | Sat Jul 25 20:22:13 IST 2020 : Setting UI for files in bucket...
DEBUG | Sat Jul 25 20:22:14 IST 2020 : Setting UI for files in bucket...
DEBUG | Sat Jul 25 20:22:14 IST 2020 : Setting UI for files in bucket...
DEBUG | Sat Jul 25 20:22:15 IST 2020 : Setting UI for files in bucket...
DEBUG | Sat Jul 25 20:22:15 IST 2020 : Setting UI for files in bucket...
DEBUG | Sat Jul 25 20:22:16 IST 2020 : Setting UI for files in bucket...
DEBUG | Sat Jul 25 20:22:16 IST 2020 : Setting UI for files in bucket...
DEBUG | Sat Jul 25 20:22:17 IST 2020 : Setting UI for files in bucket...
DEBUG | Sat Jul 25 20:22:17 IST 2020 : Setting UI for files in bucket...
DEBUG | Sat Jul 25 20:22:18 IST 2020 : Setting UI for files in bucket...
DEBUG | Sat Jul 25 20:22:18 IST 2020 : Setting UI for files in bucket...
DEBUG | Sat Jul 25 20:22:19 IST 2020 : Setting UI for files in bucket...
DEBUG | Sat Jul 25 20:22:19 IST 2020 : Setting UI for files in bucket...
DEBUG | Sat Jul 25 20:22:20 IST 2020 : Setting UI for files in bucket...
DEBUG | Sat Jul 25 20:22:20 IST 2020 : Setting UI for files in bucket...
DEBUG | Sat Jul 25 20:22:21 IST 2020 : Setting UI for files in bucket...
DEBUG | Sat Jul 25 20:22:21 IST 2020 : Setting UI for files in bucket...
DEBUG | Sat Jul 25 20:22:22 IST 2020 : Setting UI for files in bucket...
DEBUG | Sat Jul 25 20:22:22 IST 2020 : Setting UI for files in bucket...
DEBUG | Sat Jul 25 20:22:23 IST 2020 : Setting UI for files in bucket...
DEBUG | Sat Jul 25 20:22:23 IST 2020 : Setting UI for files in bucket...
DEBUG | Sat Jul 25 20:22:24 IST 2020 : Setting UI for files in bucket...
DEBUG | Sat Jul 25 20:22:24 IST 2020 : Setting UI for files in bucket...
DEBUG | Sat Jul 25 20:22:25 IST 2020 : Setting UI for files in bucket...
DEBUG | Sat Jul 25 20:22:25 IST 2020 : Setting UI for files in bucket...
DEBUG | Sat Jul 25 20:22:26 IST 2020 : Setting UI for files in bucket...
DEBUG | Sat Jul 25 20:22:26 IST 2020 : Setting UI for files in bucket...
DEBUG | Sat Jul 25 20:22:27 IST 2020 : Setting UI for files in bucket...
DEBUG | Sat Jul 25 20:22:27 IST 2020 : Setting UI for files in bucket...
DEBUG | Sat Jul 25 20:22:28 IST 2020 : Setting UI for files in bucket...
DEBUG | Sat Jul 25 20:22:28 IST 2020 : Setting UI for files in bucket...
DEBUG | Sat Jul 25 20:22:29 IST 2020 : Setting UI for files in bucket...
DEBUG | Sat Jul 25 20:22:29 IST 2020 : Setting UI for files in bucket...
DEBUG | Sat Jul 25 20:22:30 IST 2020 : Setting UI for files in bucket...
DEBUG | Sat Jul 25 20:22:30 IST 2020 : Setting UI for files in bucket...
DEBUG | Sat Jul 25 20:22:31 IST 2020 : Setting UI for files in bucket...
DEBUG | Sat Jul 25 20:22:31 IST 2020 : Setting UI for files in bucket...
DEBUG | Sat Jul 25 20:22:32 IST 2020 : Setting UI for files in bucket...
DEBUG | Sat Jul 25 20:22:32 IST 2020 : Setting UI for files in bucket...
DEBUG | Sat Jul 25 20:22:33 IST 2020 : Setting UI for files in bucket...
DEBUG | Sat Jul 25 20:22:33 IST 2020 : Setting UI for files in bucket...
DEBUG | Sat Jul 25 20:22:34 IST 2020 : Setting UI for files in bucket...
DEBUG | Sat Jul 25 20:22:34 IST 2020 : Setting UI for files in bucket...
DEBUG | Sat Jul 25 20:22:35 IST 2020 : Setting UI for files in bucket...
DEBUG | Sat Jul 25 20:22:35 IST 2020 : Setting UI for files in bucket...
DEBUG | Sat Jul 25 20:22:36 IST 2020 : Setting UI for files in bucket...
DEBUG | Sat Jul 25 20:22:36 IST 2020 : Setting UI for files in bucket...
DEBUG | Sat Jul 25 20:22:37 IST 2020 : Setting UI for files in bucket...
DEBUG | Sat Jul 25 20:22:37 IST 2020 : Setting UI for files in bucket...
DEBUG | Sat Jul 25 20:22:38 IST 2020 : Setting UI for files in bucket...
DEBUG | Sat Jul 25 20:22:38 IST 2020 : Setting UI for files in bucket...
DEBUG | Sat Jul 25 20:22:39 IST 2020 : Setting UI for files in bucket...
DEBUG | Sat Jul 25 20:22:39 IST 2020 : Setting UI for files in bucket...
DEBUG | Sat Jul 25 20:22:40 IST 2020 : Setting UI for files in bucket...
DEBUG | Sat Jul 25 20:22:40 IST 2020 : Setting UI for files in bucket...
DEBUG | Sat Jul 25 20:22:41 IST 2020 : Setting UI for files in bucket...
DEBUG | Sat Jul 25 20:22:41 IST 2020 : Setting UI for files in bucket...
DEBUG | Sat Jul 25 20:22:42 IST 2020 : Setting UI for files in bucket...
DEBUG | Sat Jul 25 20:22:42 IST 2020 : Setting UI for files in bucket...
DEBUG | Sat Jul 25 20:22:43 IST 2020 : Setting UI for files in bucket...
DEBUG | Sat Jul 25 20:22:43 IST 2020 : Setting UI for files in bucket...
DEBUG | Sat Jul 25 20:22:44 IST 2020 : Setting UI for files in bucket...
DEBUG | Sat Jul 25 20:22:44 IST 2020 : Setting UI for files in bucket...
DEBUG | Sat Jul 25 20:22:45 IST 2020 : Setting UI for files in bucket...
DEBUG | Sat Jul 25 20:22:45 IST 2020 : Setting UI for files in bucket...
DEBUG | Sat Jul 25 20:22:46 IST 2020 : Setting UI for files in bucket...
DEBUG | Sat Jul 25 20:22:46 IST 2020 : Setting UI for files in bucket...
DEBUG | Sat Jul 25 20:22:47 IST 2020 : Setting UI for files in bucket...
DEBUG | Sat Jul 25 20:22:47 IST 2020 : Setting UI for files in bucket...
DEBUG | Sat Jul 25 20:22:48 IST 2020 : Setting UI for files in bucket...
DEBUG | Sat Jul 25 20:22:48 IST 2020 : Setting UI for files in bucket...
DEBUG | Sat Jul 25 20:22:49 IST 2020 : Setting UI for files in bucket...
DEBUG | Sat Jul 25 20:22:49 IST 2020 : Setting UI for files in bucket...
DEBUG | Sat Jul 25 20:22:50 IST 2020 : Setting UI for files in bucket...
DEBUG | Sat Jul 25 20:22:50 IST 2020 : Setting UI for files in bucket...
DEBUG | Sat Jul 25 20:22:51 IST 2020 : Setting UI for files in bucket...
DEBUG | Sat Jul 25 20:22:51 IST 2020 : Setting UI for files in bucket...
DEBUG | Sat Jul 25 20:22:52 IST 2020 : Setting UI for files in bucket...
DEBUG | Sat Jul 25 20:22:52 IST 2020 : Setting UI for files in bucket...
DEBUG | Sat Jul 25 20:22:53 IST 2020 : Setting UI for files in bucket...
DEBUG | Sat Jul 25 20:22:53 IST 2020 : Setting UI for files in bucket...
DEBUG | Sat Jul 25 20:22:54 IST 2020 : Setting UI for files in bucket...
DEBUG | Sat Jul 25 20:22:54 IST 2020 : Setting UI for files in bucket...
DEBUG | Sat Jul 25 20:22:55 IST 2020 : Setting UI for files in bucket...
DEBUG | Sat Jul 25 20:22:55 IST 2020 : Setting UI for files in bucket...
DEBUG | Sat Jul 25 20:22:56 IST 2020 : Setting UI for files in bucket...
DEBUG | Sat Jul 25 20:22:56 IST 2020 : Setting UI for files in bucket...
DEBUG | Sat Jul 25 20:22:57 IST 2020 : Setting UI for files in bucket...
DEBUG | Sat Jul 25 20:22:57 IST 2020 : Setting UI for files in bucket...
DEBUG | Sat Jul 25 20:22:58 IST 2020 : Copy completed: Love Is Just Apain.avi
DEBUG | Sat Jul 25 20:22:58 IST 2020 : Love Is Just Apain.avi : Data integrity check passed.
INFO  | Sat Jul 25 20:22:58 IST 2020 : 1 of 3 copied
DEBUG | Sat Jul 25 20:22:58 IST 2020 : Setting UI for files in bucket...
----------------------------------------------
DEBUG | Sat Jul 25 20:22:58 IST 2020 : Setting UI for files in bucket...
INFO  | Sat Jul 25 20:22:58 IST 2020 : The file already exists in destination : C:\Users\user\Desktop\src\Vasegra.avi
WARN  | Sat Jul 25 20:22:58 IST 2020 : Same named file exists : Vasegra.avi
WARN  | Sat Jul 25 20:22:58 IST 2020 : Overwriting existing file
DEBUG | Sat Jul 25 20:22:58 IST 2020 : Setting UI for files in bucket...
DEBUG | Sat Jul 25 20:22:58 IST 2020 : Copying the file using nio.Files.copy() method.
DEBUG | Sat Jul 25 20:22:58 IST 2020 : Setting UI for files in bucket...
DEBUG | Sat Jul 25 20:22:58 IST 2020 : Setting UI for files in bucket...
DEBUG | Sat Jul 25 20:22:59 IST 2020 : Setting UI for files in bucket...
DEBUG | Sat Jul 25 20:22:59 IST 2020 : Setting UI for files in bucket...
DEBUG | Sat Jul 25 20:23:00 IST 2020 : Setting UI for files in bucket...
DEBUG | Sat Jul 25 20:23:00 IST 2020 : Setting UI for files in bucket...
DEBUG | Sat Jul 25 20:23:01 IST 2020 : Setting UI for files in bucket...
DEBUG | Sat Jul 25 20:23:01 IST 2020 : Setting UI for files in bucket...
DEBUG | Sat Jul 25 20:23:02 IST 2020 : Setting UI for files in bucket...
DEBUG | Sat Jul 25 20:23:02 IST 2020 : Setting UI for files in bucket...
DEBUG | Sat Jul 25 20:23:03 IST 2020 : Setting UI for files in bucket...
DEBUG | Sat Jul 25 20:23:03 IST 2020 : Setting UI for files in bucket...
DEBUG | Sat Jul 25 20:23:04 IST 2020 : Setting UI for files in bucket...
DEBUG | Sat Jul 25 20:23:04 IST 2020 : Setting UI for files in bucket...
DEBUG | Sat Jul 25 20:23:05 IST 2020 : Setting UI for files in bucket...
DEBUG | Sat Jul 25 20:23:05 IST 2020 : Setting UI for files in bucket...
DEBUG | Sat Jul 25 20:23:06 IST 2020 : Setting UI for files in bucket...
DEBUG | Sat Jul 25 20:23:06 IST 2020 : Setting UI for files in bucket...
DEBUG | Sat Jul 25 20:23:07 IST 2020 : Setting UI for files in bucket...
DEBUG | Sat Jul 25 20:23:07 IST 2020 : Setting UI for files in bucket...
DEBUG | Sat Jul 25 20:23:08 IST 2020 : Setting UI for files in bucket...
DEBUG | Sat Jul 25 20:23:08 IST 2020 : Setting UI for files in bucket...
DEBUG | Sat Jul 25 20:23:09 IST 2020 : Setting UI for files in bucket...
DEBUG | Sat Jul 25 20:23:09 IST 2020 : Setting UI for files in bucket...
DEBUG | Sat Jul 25 20:23:10 IST 2020 : Setting UI for files in bucket...
DEBUG | Sat Jul 25 20:23:10 IST 2020 : Setting UI for files in bucket...
DEBUG | Sat Jul 25 20:23:11 IST 2020 : Setting UI for files in bucket...
DEBUG | Sat Jul 25 20:23:11 IST 2020 : Setting UI for files in bucket...
DEBUG | Sat Jul 25 20:23:12 IST 2020 : Setting UI for files in bucket...
DEBUG | Sat Jul 25 20:23:12 IST 2020 : Setting UI for files in bucket...
DEBUG | Sat Jul 25 20:23:13 IST 2020 : Setting UI for files in bucket...
DEBUG | Sat Jul 25 20:23:13 IST 2020 : Setting UI for files in bucket...
DEBUG | Sat Jul 25 20:23:14 IST 2020 : Setting UI for files in bucket...
DEBUG | Sat Jul 25 20:23:14 IST 2020 : Setting UI for files in bucket...
DEBUG | Sat Jul 25 20:23:15 IST 2020 : Setting UI for files in bucket...
DEBUG | Sat Jul 25 20:23:15 IST 2020 : Setting UI for files in bucket...
DEBUG | Sat Jul 25 20:23:16 IST 2020 : Setting UI for files in bucket...
DEBUG | Sat Jul 25 20:23:16 IST 2020 : Setting UI for files in bucket...
DEBUG | Sat Jul 25 20:23:17 IST 2020 : Setting UI for files in bucket...
DEBUG | Sat Jul 25 20:23:17 IST 2020 : Setting UI for files in bucket...
DEBUG | Sat Jul 25 20:23:18 IST 2020 : Setting UI for files in bucket...
DEBUG | Sat Jul 25 20:23:18 IST 2020 : Setting UI for files in bucket...
DEBUG | Sat Jul 25 20:23:19 IST 2020 : Setting UI for files in bucket...
DEBUG | Sat Jul 25 20:23:19 IST 2020 : Setting UI for files in bucket...
DEBUG | Sat Jul 25 20:23:20 IST 2020 : Setting UI for files in bucket...
DEBUG | Sat Jul 25 20:23:20 IST 2020 : Setting UI for files in bucket...
DEBUG | Sat Jul 25 20:23:21 IST 2020 : Setting UI for files in bucket...
DEBUG | Sat Jul 25 20:23:21 IST 2020 : Setting UI for files in bucket...
DEBUG | Sat Jul 25 20:23:22 IST 2020 : Setting UI for files in bucket...
DEBUG | Sat Jul 25 20:23:22 IST 2020 : Setting UI for files in bucket...
DEBUG | Sat Jul 25 20:23:23 IST 2020 : Setting UI for files in bucket...
DEBUG | Sat Jul 25 20:23:23 IST 2020 : Setting UI for files in bucket...
DEBUG | Sat Jul 25 20:23:24 IST 2020 : Setting UI for files in bucket...
DEBUG | Sat Jul 25 20:23:24 IST 2020 : Setting UI for files in bucket...
DEBUG | Sat Jul 25 20:23:25 IST 2020 : Setting UI for files in bucket...
DEBUG | Sat Jul 25 20:23:25 IST 2020 : Setting UI for files in bucket...
DEBUG | Sat Jul 25 20:23:26 IST 2020 : Setting UI for files in bucket...
DEBUG | Sat Jul 25 20:23:26 IST 2020 : Setting UI for files in bucket...
DEBUG | Sat Jul 25 20:23:27 IST 2020 : Setting UI for files in bucket...
DEBUG | Sat Jul 25 20:23:27 IST 2020 : Setting UI for files in bucket...
DEBUG | Sat Jul 25 20:23:28 IST 2020 : Setting UI for files in bucket...
DEBUG | Sat Jul 25 20:23:28 IST 2020 : Setting UI for files in bucket...
DEBUG | Sat Jul 25 20:23:29 IST 2020 : Setting UI for files in bucket...
DEBUG | Sat Jul 25 20:23:29 IST 2020 : Setting UI for files in bucket...
DEBUG | Sat Jul 25 20:23:30 IST 2020 : Setting UI for files in bucket...
DEBUG | Sat Jul 25 20:23:30 IST 2020 : Setting UI for files in bucket...
DEBUG | Sat Jul 25 20:23:31 IST 2020 : Setting UI for files in bucket...
DEBUG | Sat Jul 25 20:23:31 IST 2020 : Setting UI for files in bucket...
DEBUG | Sat Jul 25 20:23:32 IST 2020 : Setting UI for files in bucket...
DEBUG | Sat Jul 25 20:23:32 IST 2020 : Setting UI for files in bucket...
DEBUG | Sat Jul 25 20:23:33 IST 2020 : Setting UI for files in bucket...
DEBUG | Sat Jul 25 20:23:33 IST 2020 : Setting UI for files in bucket...
DEBUG | Sat Jul 25 20:23:34 IST 2020 : Setting UI for files in bucket...
DEBUG | Sat Jul 25 20:23:34 IST 2020 : Setting UI for files in bucket...
DEBUG | Sat Jul 25 20:23:35 IST 2020 : Setting UI for files in bucket...
DEBUG | Sat Jul 25 20:23:35 IST 2020 : Setting UI for files in bucket...
DEBUG | Sat Jul 25 20:23:36 IST 2020 : Setting UI for files in bucket...
DEBUG | Sat Jul 25 20:23:36 IST 2020 : Setting UI for files in bucket...
DEBUG | Sat Jul 25 20:23:37 IST 2020 : Setting UI for files in bucket...
DEBUG | Sat Jul 25 20:23:37 IST 2020 : Setting UI for files in bucket...
DEBUG | Sat Jul 25 20:23:38 IST 2020 : Setting UI for files in bucket...
DEBUG | Sat Jul 25 20:23:38 IST 2020 : Setting UI for files in bucket...
DEBUG | Sat Jul 25 20:23:39 IST 2020 : Setting UI for files in bucket...
DEBUG | Sat Jul 25 20:23:39 IST 2020 : Setting UI for files in bucket...
DEBUG | Sat Jul 25 20:23:40 IST 2020 : Setting UI for files in bucket...
DEBUG | Sat Jul 25 20:23:40 IST 2020 : Setting UI for files in bucket...
DEBUG | Sat Jul 25 20:23:41 IST 2020 : Setting UI for files in bucket...
DEBUG | Sat Jul 25 20:23:41 IST 2020 : Setting UI for files in bucket...
DEBUG | Sat Jul 25 20:23:42 IST 2020 : Setting UI for files in bucket...
DEBUG | Sat Jul 25 20:23:42 IST 2020 : Setting UI for files in bucket...
DEBUG | Sat Jul 25 20:23:43 IST 2020 : Setting UI for files in bucket...
DEBUG | Sat Jul 25 20:23:43 IST 2020 : Setting UI for files in bucket...
DEBUG | Sat Jul 25 20:23:44 IST 2020 : Setting UI for files in bucket...
DEBUG | Sat Jul 25 20:23:44 IST 2020 : Setting UI for files in bucket...
DEBUG | Sat Jul 25 20:23:45 IST 2020 : Setting UI for files in bucket...
DEBUG | Sat Jul 25 20:23:45 IST 2020 : Setting UI for files in bucket...
DEBUG | Sat Jul 25 20:23:46 IST 2020 : Setting UI for files in bucket...
DEBUG | Sat Jul 25 20:23:46 IST 2020 : Setting UI for files in bucket...
DEBUG | Sat Jul 25 20:23:47 IST 2020 : Setting UI for files in bucket...
DEBUG | Sat Jul 25 20:23:47 IST 2020 : Setting UI for files in bucket...
DEBUG | Sat Jul 25 20:23:48 IST 2020 : Setting UI for files in bucket...
DEBUG | Sat Jul 25 20:23:48 IST 2020 : Setting UI for files in bucket...
DEBUG | Sat Jul 25 20:23:49 IST 2020 : Setting UI for files in bucket...
DEBUG | Sat Jul 25 20:23:49 IST 2020 : Setting UI for files in bucket...
ERROR | Sat Jul 25 20:23:50 IST 2020 : Vasegra.avi : Failed to copy the file : C:\Users\user\Desktop\dst\Vasegra.avi
DEBUG | Sat Jul 25 20:23:50 IST 2020 : Trying to copy the file using nio.Files.copy() method after deleting the dst file.
DEBUG | Sat Jul 25 20:23:50 IST 2020 : Setting UI for files in bucket...
DEBUG | Sat Jul 25 20:23:50 IST 2020 : Copy completed: Vasegra.avi
DEBUG | Sat Jul 25 20:23:50 IST 2020 : Vasegra.avi : Data integrity check passed.
INFO  | Sat Jul 25 20:23:50 IST 2020 : 2 of 3 copied
DEBUG | Sat Jul 25 20:23:50 IST 2020 : Setting UI for files in bucket...
----------------------------------------------
DEBUG | Sat Jul 25 20:23:50 IST 2020 : Setting UI for files in bucket...
INFO  | Sat Jul 25 20:23:50 IST 2020 : The file already exists in destination : C:\Users\user\Desktop\src\Girlfriend.avi
WARN  | Sat Jul 25 20:23:50 IST 2020 : Same named file exists : Girlfriend.avi
WARN  | Sat Jul 25 20:23:50 IST 2020 : Overwriting existing file
DEBUG | Sat Jul 25 20:23:50 IST 2020 : Setting UI for files in bucket...
DEBUG | Sat Jul 25 20:23:50 IST 2020 : Copying the file using nio.Files.copy() method.
DEBUG | Sat Jul 25 20:23:50 IST 2020 : Setting UI for files in bucket...
DEBUG | Sat Jul 25 20:23:51 IST 2020 : Setting UI for files in bucket...
DEBUG | Sat Jul 25 20:23:51 IST 2020 : Setting UI for files in bucket...
DEBUG | Sat Jul 25 20:23:52 IST 2020 : Setting UI for files in bucket...
DEBUG | Sat Jul 25 20:23:52 IST 2020 : Setting UI for files in bucket...
DEBUG | Sat Jul 25 20:23:53 IST 2020 : Setting UI for files in bucket...
DEBUG | Sat Jul 25 20:23:53 IST 2020 : Setting UI for files in bucket...
DEBUG | Sat Jul 25 20:23:54 IST 2020 : Setting UI for files in bucket...
DEBUG | Sat Jul 25 20:23:54 IST 2020 : Setting UI for files in bucket...
DEBUG | Sat Jul 25 20:23:55 IST 2020 : Setting UI for files in bucket...
DEBUG | Sat Jul 25 20:23:55 IST 2020 : Setting UI for files in bucket...
DEBUG | Sat Jul 25 20:23:56 IST 2020 : Setting UI for files in bucket...
DEBUG | Sat Jul 25 20:23:56 IST 2020 : Setting UI for files in bucket...
DEBUG | Sat Jul 25 20:23:57 IST 2020 : Setting UI for files in bucket...
DEBUG | Sat Jul 25 20:23:57 IST 2020 : Setting UI for files in bucket...
DEBUG | Sat Jul 25 20:23:58 IST 2020 : Setting UI for files in bucket...
DEBUG | Sat Jul 25 20:23:58 IST 2020 : Setting UI for files in bucket...
DEBUG | Sat Jul 25 20:23:59 IST 2020 : Setting UI for files in bucket...
DEBUG | Sat Jul 25 20:23:59 IST 2020 : Setting UI for files in bucket...
DEBUG | Sat Jul 25 20:24:00 IST 2020 : Setting UI for files in bucket...
DEBUG | Sat Jul 25 20:24:00 IST 2020 : Setting UI for files in bucket...
DEBUG | Sat Jul 25 20:24:01 IST 2020 : Setting UI for files in bucket...
DEBUG | Sat Jul 25 20:24:01 IST 2020 : Setting UI for files in bucket...
DEBUG | Sat Jul 25 20:24:02 IST 2020 : Setting UI for files in bucket...
DEBUG | Sat Jul 25 20:24:02 IST 2020 : Setting UI for files in bucket...
DEBUG | Sat Jul 25 20:24:03 IST 2020 : Setting UI for files in bucket...
DEBUG | Sat Jul 25 20:24:03 IST 2020 : Setting UI for files in bucket...
DEBUG | Sat Jul 25 20:24:04 IST 2020 : Setting UI for files in bucket...
DEBUG | Sat Jul 25 20:24:04 IST 2020 : Setting UI for files in bucket...
DEBUG | Sat Jul 25 20:24:05 IST 2020 : Setting UI for files in bucket...
DEBUG | Sat Jul 25 20:24:05 IST 2020 : Setting UI for files in bucket...
DEBUG | Sat Jul 25 20:24:06 IST 2020 : Setting UI for files in bucket...
DEBUG | Sat Jul 25 20:24:06 IST 2020 : Setting UI for files in bucket...
DEBUG | Sat Jul 25 20:24:07 IST 2020 : Setting UI for files in bucket...
DEBUG | Sat Jul 25 20:24:07 IST 2020 : Setting UI for files in bucket...
DEBUG | Sat Jul 25 20:24:08 IST 2020 : Setting UI for files in bucket...
DEBUG | Sat Jul 25 20:24:08 IST 2020 : Setting UI for files in bucket...
DEBUG | Sat Jul 25 20:24:09 IST 2020 : Setting UI for files in bucket...
DEBUG | Sat Jul 25 20:24:09 IST 2020 : Setting UI for files in bucket...
DEBUG | Sat Jul 25 20:24:10 IST 2020 : Setting UI for files in bucket...
DEBUG | Sat Jul 25 20:24:10 IST 2020 : Setting UI for files in bucket...
DEBUG | Sat Jul 25 20:24:11 IST 2020 : Setting UI for files in bucket...
DEBUG | Sat Jul 25 20:24:11 IST 2020 : Setting UI for files in bucket...
DEBUG | Sat Jul 25 20:24:12 IST 2020 : Setting UI for files in bucket...
DEBUG | Sat Jul 25 20:24:12 IST 2020 : Setting UI for files in bucket...
DEBUG | Sat Jul 25 20:24:13 IST 2020 : Setting UI for files in bucket...
DEBUG | Sat Jul 25 20:24:13 IST 2020 : Setting UI for files in bucket...
DEBUG | Sat Jul 25 20:24:14 IST 2020 : Setting UI for files in bucket...
DEBUG | Sat Jul 25 20:24:14 IST 2020 : Setting UI for files in bucket...
DEBUG | Sat Jul 25 20:24:15 IST 2020 : Setting UI for files in bucket...
DEBUG | Sat Jul 25 20:24:15 IST 2020 : Setting UI for files in bucket...
DEBUG | Sat Jul 25 20:24:16 IST 2020 : Setting UI for files in bucket...
DEBUG | Sat Jul 25 20:24:16 IST 2020 : Setting UI for files in bucket...
DEBUG | Sat Jul 25 20:24:17 IST 2020 : Setting UI for files in bucket...
DEBUG | Sat Jul 25 20:24:17 IST 2020 : Setting UI for files in bucket...
DEBUG | Sat Jul 25 20:24:18 IST 2020 : Setting UI for files in bucket...
DEBUG | Sat Jul 25 20:24:18 IST 2020 : Setting UI for files in bucket...
DEBUG | Sat Jul 25 20:24:19 IST 2020 : Setting UI for files in bucket...
DEBUG | Sat Jul 25 20:24:19 IST 2020 : Setting UI for files in bucket...
DEBUG | Sat Jul 25 20:24:20 IST 2020 : Setting UI for files in bucket...
DEBUG | Sat Jul 25 20:24:20 IST 2020 : Setting UI for files in bucket...
DEBUG | Sat Jul 25 20:24:21 IST 2020 : Setting UI for files in bucket...
DEBUG | Sat Jul 25 20:24:21 IST 2020 : Setting UI for files in bucket...
DEBUG | Sat Jul 25 20:24:22 IST 2020 : Setting UI for files in bucket...
DEBUG | Sat Jul 25 20:24:22 IST 2020 : Setting UI for files in bucket...
DEBUG | Sat Jul 25 20:24:23 IST 2020 : Setting UI for files in bucket...
DEBUG | Sat Jul 25 20:24:23 IST 2020 : Setting UI for files in bucket...
DEBUG | Sat Jul 25 20:24:24 IST 2020 : Setting UI for files in bucket...
DEBUG | Sat Jul 25 20:24:24 IST 2020 : Setting UI for files in bucket...
DEBUG | Sat Jul 25 20:24:25 IST 2020 : Setting UI for files in bucket...
DEBUG | Sat Jul 25 20:24:25 IST 2020 : Setting UI for files in bucket...
DEBUG | Sat Jul 25 20:24:26 IST 2020 : Setting UI for files in bucket...
DEBUG | Sat Jul 25 20:24:26 IST 2020 : Setting UI for files in bucket...
DEBUG | Sat Jul 25 20:24:27 IST 2020 : Setting UI for files in bucket...
DEBUG | Sat Jul 25 20:24:27 IST 2020 : Setting UI for files in bucket...
DEBUG | Sat Jul 25 20:24:28 IST 2020 : Setting UI for files in bucket...
DEBUG | Sat Jul 25 20:24:28 IST 2020 : Setting UI for files in bucket...
DEBUG | Sat Jul 25 20:24:29 IST 2020 : Setting UI for files in bucket...
DEBUG | Sat Jul 25 20:24:29 IST 2020 : Setting UI for files in bucket...
DEBUG | Sat Jul 25 20:24:30 IST 2020 : Setting UI for files in bucket...
DEBUG | Sat Jul 25 20:24:30 IST 2020 : Setting UI for files in bucket...
DEBUG | Sat Jul 25 20:24:31 IST 2020 : Setting UI for files in bucket...
DEBUG | Sat Jul 25 20:24:31 IST 2020 : Setting UI for files in bucket...
DEBUG | Sat Jul 25 20:24:32 IST 2020 : Setting UI for files in bucket...
DEBUG | Sat Jul 25 20:24:32 IST 2020 : Setting UI for files in bucket...
DEBUG | Sat Jul 25 20:24:33 IST 2020 : Setting UI for files in bucket...
DEBUG | Sat Jul 25 20:24:33 IST 2020 : Setting UI for files in bucket...
DEBUG | Sat Jul 25 20:24:34 IST 2020 : Setting UI for files in bucket...
DEBUG | Sat Jul 25 20:24:34 IST 2020 : Setting UI for files in bucket...
DEBUG | Sat Jul 25 20:24:35 IST 2020 : Setting UI for files in bucket...
DEBUG | Sat Jul 25 20:24:35 IST 2020 : Setting UI for files in bucket...
DEBUG | Sat Jul 25 20:24:36 IST 2020 : Setting UI for files in bucket...
DEBUG | Sat Jul 25 20:24:36 IST 2020 : Setting UI for files in bucket...
DEBUG | Sat Jul 25 20:24:37 IST 2020 : Setting UI for files in bucket...
DEBUG | Sat Jul 25 20:24:37 IST 2020 : Setting UI for files in bucket...
DEBUG | Sat Jul 25 20:24:38 IST 2020 : Setting UI for files in bucket...
DEBUG | Sat Jul 25 20:24:38 IST 2020 : Setting UI for files in bucket...
DEBUG | Sat Jul 25 20:24:39 IST 2020 : Setting UI for files in bucket...
DEBUG | Sat Jul 25 20:24:39 IST 2020 : Setting UI for files in bucket...
DEBUG | Sat Jul 25 20:24:40 IST 2020 : Setting UI for files in bucket...
DEBUG | Sat Jul 25 20:24:40 IST 2020 : Setting UI for files in bucket...
DEBUG | Sat Jul 25 20:24:41 IST 2020 : Setting UI for files in bucket...
DEBUG | Sat Jul 25 20:24:41 IST 2020 : Setting UI for files in bucket...
DEBUG | Sat Jul 25 20:24:42 IST 2020 : Setting UI for files in bucket...
DEBUG | Sat Jul 25 20:24:42 IST 2020 : Setting UI for files in bucket...
DEBUG | Sat Jul 25 20:24:43 IST 2020 : Setting UI for files in bucket...
