Session Id: 20206-213313
DEBUG | Fri Jul 24 21:33:13 IST 2020 : Services initiated
DEBUG | Fri Jul 24 21:33:23 IST 2020 : Setting UI for files in bucket...
INFO  | Fri Jul 24 21:33:31 IST 2020 : Files with same names (but not same hash) found. Will show overwrite strategy dialog.
DEBUG | Fri Jul 24 21:33:31 IST 2020 : Setting UI for files in bucket...
DEBUG | Fri Jul 24 21:33:32 IST 2020 : Setting UI for files in bucket...
DEBUG | Fri Jul 24 21:33:32 IST 2020 : Setting UI for files in bucket...
DEBUG | Fri Jul 24 21:33:33 IST 2020 : Setting UI for files in bucket...
DEBUG | Fri Jul 24 21:33:33 IST 2020 : Setting UI for files in bucket...
DEBUG | Fri Jul 24 21:33:34 IST 2020 : Setting UI for files in bucket...
DEBUG | Fri Jul 24 21:33:34 IST 2020 : Setting UI for files in bucket...
DEBUG | Fri Jul 24 21:33:35 IST 2020 : Setting UI for files in bucket...
DEBUG | Fri Jul 24 21:33:35 IST 2020 : Setting UI for files in bucket...
DEBUG | Fri Jul 24 21:33:36 IST 2020 : Setting UI for files in bucket...
DEBUG | Fri Jul 24 21:33:36 IST 2020 : Setting UI for files in bucket...
DEBUG | Fri Jul 24 21:33:37 IST 2020 : Setting UI for files in bucket...
DEBUG | Fri Jul 24 21:33:38 IST 2020 : Setting UI for files in bucket...
DEBUG | Fri Jul 24 21:33:38 IST 2020 : Setting UI for files in bucket...
DEBUG | Fri Jul 24 21:33:39 IST 2020 : Setting UI for files in bucket...
DEBUG | Fri Jul 24 21:33:39 IST 2020 : Setting UI for files in bucket...
DEBUG | Fri Jul 24 21:33:40 IST 2020 : Setting UI for files in bucket...
DEBUG | Fri Jul 24 21:33:40 IST 2020 : Setting UI for files in bucket...
DEBUG | Fri Jul 24 21:33:41 IST 2020 : Setting UI for files in bucket...
DEBUG | Fri Jul 24 21:33:41 IST 2020 : Setting UI for files in bucket...
DEBUG | Fri Jul 24 21:33:42 IST 2020 : Setting UI for files in bucket...
DEBUG | Fri Jul 24 21:33:42 IST 2020 : Setting UI for files in bucket...
DEBUG | Fri Jul 24 21:33:43 IST 2020 : Setting UI for files in bucket...
DEBUG | Fri Jul 24 21:33:43 IST 2020 : Setting UI for files in bucket...
DEBUG | Fri Jul 24 21:33:44 IST 2020 : Setting UI for files in bucket...
DEBUG | Fri Jul 24 21:33:44 IST 2020 : Setting UI for files in bucket...
DEBUG | Fri Jul 24 21:33:45 IST 2020 : Setting UI for files in bucket...
DEBUG | Fri Jul 24 21:33:45 IST 2020 : Setting UI for files in bucket...
DEBUG | Fri Jul 24 21:33:46 IST 2020 : Setting UI for files in bucket...
DEBUG | Fri Jul 24 21:33:46 IST 2020 : Setting UI for files in bucket...
DEBUG | Fri Jul 24 21:33:47 IST 2020 : Setting UI for files in bucket...
DEBUG | Fri Jul 24 21:33:47 IST 2020 : Setting UI for files in bucket...
DEBUG | Fri Jul 24 21:33:48 IST 2020 : Setting UI for files in bucket...
DEBUG | Fri Jul 24 21:33:48 IST 2020 : Setting UI for files in bucket...
DEBUG | Fri Jul 24 21:33:49 IST 2020 : Setting UI for files in bucket...
DEBUG | Fri Jul 24 21:33:49 IST 2020 : Setting UI for files in bucket...
DEBUG | Fri Jul 24 21:33:50 IST 2020 : Setting UI for files in bucket...
DEBUG | Fri Jul 24 21:33:50 IST 2020 : Setting UI for files in bucket...
DEBUG | Fri Jul 24 21:33:51 IST 2020 : Setting UI for files in bucket...
DEBUG | Fri Jul 24 21:33:51 IST 2020 : Setting UI for files in bucket...
DEBUG | Fri Jul 24 21:33:52 IST 2020 : Setting UI for files in bucket...
DEBUG | Fri Jul 24 21:33:52 IST 2020 : Setting UI for files in bucket...
DEBUG | Fri Jul 24 21:33:53 IST 2020 : Setting UI for files in bucket...
DEBUG | Fri Jul 24 21:33:53 IST 2020 : Setting UI for files in bucket...
DEBUG | Fri Jul 24 21:33:54 IST 2020 : Setting UI for files in bucket...
DEBUG | Fri Jul 24 21:33:55 IST 2020 : Setting UI for files in bucket...
DEBUG | Fri Jul 24 21:33:55 IST 2020 : Setting UI for files in bucket...
DEBUG | Fri Jul 24 21:33:56 IST 2020 : Setting UI for files in bucket...
DEBUG | Fri Jul 24 21:33:56 IST 2020 : Setting UI for files in bucket...
DEBUG | Fri Jul 24 21:33:57 IST 2020 : Setting UI for files in bucket...
DEBUG | Fri Jul 24 21:33:57 IST 2020 : Setting UI for files in bucket...
DEBUG | Fri Jul 24 21:33:58 IST 2020 : Setting UI for files in bucket...
DEBUG | Fri Jul 24 21:33:58 IST 2020 : Setting UI for files in bucket...
DEBUG | Fri Jul 24 21:33:59 IST 2020 : Setting UI for files in bucket...
DEBUG | Fri Jul 24 21:33:59 IST 2020 : Setting UI for files in bucket...
DEBUG | Fri Jul 24 21:34:00 IST 2020 : Setting UI for files in bucket...
DEBUG | Fri Jul 24 21:34:00 IST 2020 : Setting UI for files in bucket...
DEBUG | Fri Jul 24 21:34:01 IST 2020 : Setting UI for files in bucket...
DEBUG | Fri Jul 24 21:34:01 IST 2020 : Setting UI for files in bucket...
DEBUG | Fri Jul 24 21:34:02 IST 2020 : Setting UI for files in bucket...
DEBUG | Fri Jul 24 21:34:02 IST 2020 : Setting UI for files in bucket...
DEBUG | Fri Jul 24 21:34:03 IST 2020 : Setting UI for files in bucket...
DEBUG | Fri Jul 24 21:34:03 IST 2020 : Setting UI for files in bucket...
DEBUG | Fri Jul 24 21:34:04 IST 2020 : Setting UI for files in bucket...
DEBUG | Fri Jul 24 21:34:04 IST 2020 : Setting UI for files in bucket...
DEBUG | Fri Jul 24 21:34:05 IST 2020 : Setting UI for files in bucket...
DEBUG | Fri Jul 24 21:34:05 IST 2020 : Setting UI for files in bucket...
DEBUG | Fri Jul 24 21:34:06 IST 2020 : Setting UI for files in bucket...
DEBUG | Fri Jul 24 21:34:06 IST 2020 : Setting UI for files in bucket...
DEBUG | Fri Jul 24 21:34:07 IST 2020 : Setting UI for files in bucket...
DEBUG | Fri Jul 24 21:34:07 IST 2020 : Setting UI for files in bucket...
DEBUG | Fri Jul 24 21:34:08 IST 2020 : Setting UI for files in bucket...
DEBUG | Fri Jul 24 21:34:08 IST 2020 : Setting UI for files in bucket...
DEBUG | Fri Jul 24 21:34:09 IST 2020 : Setting UI for files in bucket...
DEBUG | Fri Jul 24 21:34:09 IST 2020 : Setting UI for files in bucket...
DEBUG | Fri Jul 24 21:34:10 IST 2020 : Setting UI for files in bucket...
DEBUG | Fri Jul 24 21:34:10 IST 2020 : Setting UI for files in bucket...
DEBUG | Fri Jul 24 21:34:11 IST 2020 : Setting UI for files in bucket...
DEBUG | Fri Jul 24 21:34:12 IST 2020 : Setting UI for files in bucket...
DEBUG | Fri Jul 24 21:34:12 IST 2020 : Setting UI for files in bucket...
DEBUG | Fri Jul 24 21:34:13 IST 2020 : Setting UI for files in bucket...
DEBUG | Fri Jul 24 21:34:13 IST 2020 : Setting UI for files in bucket...
DEBUG | Fri Jul 24 21:34:14 IST 2020 : Setting UI for files in bucket...
DEBUG | Fri Jul 24 21:34:14 IST 2020 : Setting UI for files in bucket...
