Session Id: 20209-233712
DEBUG | Mon Jul 27 23:37:12 IST 2020 : Services initiated
DEBUG | Mon Jul 27 23:37:14 IST 2020 : Add file for copy: D:\Programs\LidoSoftwares\LidoCopy\files\fCWZUkbNze1595873232797
DEBUG | Mon Jul 27 23:37:14 IST 2020 : passing to backpanel >> C:\Users\user\Desktop\src\set-2\1.bmp
DEBUG | Mon Jul 27 23:37:14 IST 2020 : Got file for copy: C:\Users\user\Desktop\src\set-2\1.bmp
DEBUG | Mon Jul 27 23:37:14 IST 2020 : Added file for copy to srcFiles: 1
DEBUG | Mon Jul 27 23:37:14 IST 2020 : Setting UI for files in bucket...
DEBUG | Mon Jul 27 23:37:14 IST 2020 : Add file for copy: D:\Programs\LidoSoftwares\LidoCopy\files\rtxkEqxlCF1595873232797
DEBUG | Mon Jul 27 23:37:14 IST 2020 : passing to backpanel >> C:\Users\user\Desktop\src\set-2\set-2\1.bmp
DEBUG | Mon Jul 27 23:37:14 IST 2020 : Got file for copy: C:\Users\user\Desktop\src\set-2\set-2\1.bmp
DEBUG | Mon Jul 27 23:37:14 IST 2020 : Added file for copy to srcFiles: 2
DEBUG | Mon Jul 27 23:37:14 IST 2020 : Setting UI for files in bucket...
DEBUG | Mon Jul 27 23:37:14 IST 2020 : Setting UI for files in bucket...
INFO  | Mon Jul 27 23:37:19 IST 2020 : Files with same names (but not same hash) found. Will show overwrite strategy dialog.
INFO  | Mon Jul 27 23:37:19 IST 2020 : Files with same names and relative paths copied together from different sources. Will show overwrite strategy dialog.
DEBUG | Mon Jul 27 23:37:20 IST 2020 : Setting UI for files in bucket...
DEBUG | Mon Jul 27 23:37:20 IST 2020 : Setting UI for files in bucket...
DEBUG | Mon Jul 27 23:37:21 IST 2020 : Setting UI for files in bucket...
DEBUG | Mon Jul 27 23:37:21 IST 2020 : Setting UI for files in bucket...
DEBUG | Mon Jul 27 23:37:22 IST 2020 : Setting UI for files in bucket...
DEBUG | Mon Jul 27 23:37:22 IST 2020 : Setting UI for files in bucket...
DEBUG | Mon Jul 27 23:37:23 IST 2020 : Setting UI for files in bucket...
DEBUG | Mon Jul 27 23:37:23 IST 2020 : Setting UI for files in bucket...
DEBUG | Mon Jul 27 23:37:24 IST 2020 : Setting UI for files in bucket...
DEBUG | Mon Jul 27 23:37:24 IST 2020 : Setting UI for files in bucket...
DEBUG | Mon Jul 27 23:37:25 IST 2020 : Setting UI for files in bucket...
DEBUG | Mon Jul 27 23:37:25 IST 2020 : Setting UI for files in bucket...
DEBUG | Mon Jul 27 23:37:26 IST 2020 : Setting UI for files in bucket...
DEBUG | Mon Jul 27 23:37:27 IST 2020 : Setting UI for files in bucket...
DEBUG | Mon Jul 27 23:37:27 IST 2020 : Setting UI for files in bucket...
DEBUG | Mon Jul 27 23:37:28 IST 2020 : Setting UI for files in bucket...
DEBUG | Mon Jul 27 23:37:28 IST 2020 : Setting UI for files in bucket...
DEBUG | Mon Jul 27 23:37:29 IST 2020 : Setting UI for files in bucket...
DEBUG | Mon Jul 27 23:37:29 IST 2020 : Setting UI for files in bucket...
DEBUG | Mon Jul 27 23:37:30 IST 2020 : Setting UI for files in bucket...
DEBUG | Mon Jul 27 23:37:30 IST 2020 : Setting UI for files in bucket...
DEBUG | Mon Jul 27 23:37:31 IST 2020 : Setting UI for files in bucket...
DEBUG | Mon Jul 27 23:37:31 IST 2020 : Setting UI for files in bucket...
DEBUG | Mon Jul 27 23:37:32 IST 2020 : Setting UI for files in bucket...
DEBUG | Mon Jul 27 23:37:32 IST 2020 : Setting UI for files in bucket...
DEBUG | Mon Jul 27 23:37:33 IST 2020 : Setting UI for files in bucket...
DEBUG | Mon Jul 27 23:37:33 IST 2020 : Setting UI for files in bucket...
DEBUG | Mon Jul 27 23:37:34 IST 2020 : Setting UI for files in bucket...
DEBUG | Mon Jul 27 23:37:34 IST 2020 : Setting UI for files in bucket...
DEBUG | Mon Jul 27 23:37:35 IST 2020 : Setting UI for files in bucket...
DEBUG | Mon Jul 27 23:37:35 IST 2020 : Setting UI for files in bucket...
DEBUG | Mon Jul 27 23:37:36 IST 2020 : Setting UI for files in bucket...
DEBUG | Mon Jul 27 23:37:36 IST 2020 : Setting UI for files in bucket...
DEBUG | Mon Jul 27 23:37:37 IST 2020 : Setting UI for files in bucket...
DEBUG | Mon Jul 27 23:37:37 IST 2020 : Setting UI for files in bucket...
DEBUG | Mon Jul 27 23:37:38 IST 2020 : Setting UI for files in bucket...
DEBUG | Mon Jul 27 23:37:38 IST 2020 : Setting UI for files in bucket...
DEBUG | Mon Jul 27 23:37:39 IST 2020 : Setting UI for files in bucket...
DEBUG | Mon Jul 27 23:37:39 IST 2020 : Setting UI for files in bucket...
DEBUG | Mon Jul 27 23:37:40 IST 2020 : Setting UI for files in bucket...
DEBUG | Mon Jul 27 23:37:40 IST 2020 : Setting UI for files in bucket...
DEBUG | Mon Jul 27 23:37:41 IST 2020 : Setting UI for files in bucket...
DEBUG | Mon Jul 27 23:37:41 IST 2020 : Setting UI for files in bucket...
DEBUG | Mon Jul 27 23:37:42 IST 2020 : Setting UI for files in bucket...
DEBUG | Mon Jul 27 23:37:42 IST 2020 : Setting UI for files in bucket...
DEBUG | Mon Jul 27 23:37:43 IST 2020 : Setting UI for files in bucket...
DEBUG | Mon Jul 27 23:37:44 IST 2020 : Setting UI for files in bucket...
DEBUG | Mon Jul 27 23:37:44 IST 2020 : Setting UI for files in bucket...
DEBUG | Mon Jul 27 23:37:45 IST 2020 : Setting UI for files in bucket...
DEBUG | Mon Jul 27 23:37:45 IST 2020 : Setting UI for files in bucket...
DEBUG | Mon Jul 27 23:37:46 IST 2020 : Setting UI for files in bucket...
DEBUG | Mon Jul 27 23:37:46 IST 2020 : Setting UI for files in bucket...
DEBUG | Mon Jul 27 23:37:47 IST 2020 : Setting UI for files in bucket...
DEBUG | Mon Jul 27 23:37:47 IST 2020 : Setting UI for files in bucket...
DEBUG | Mon Jul 27 23:37:48 IST 2020 : Setting UI for files in bucket...
DEBUG | Mon Jul 27 23:37:48 IST 2020 : Setting UI for files in bucket...
DEBUG | Mon Jul 27 23:37:49 IST 2020 : Setting UI for files in bucket...
DEBUG | Mon Jul 27 23:37:49 IST 2020 : Setting UI for files in bucket...
DEBUG | Mon Jul 27 23:37:50 IST 2020 : Setting UI for files in bucket...
DEBUG | Mon Jul 27 23:37:50 IST 2020 : Setting UI for files in bucket...
DEBUG | Mon Jul 27 23:37:51 IST 2020 : Setting UI for files in bucket...
DEBUG | Mon Jul 27 23:37:51 IST 2020 : Setting UI for files in bucket...
DEBUG | Mon Jul 27 23:37:52 IST 2020 : Setting UI for files in bucket...
DEBUG | Mon Jul 27 23:37:52 IST 2020 : Setting UI for files in bucket...
DEBUG | Mon Jul 27 23:37:53 IST 2020 : Setting UI for files in bucket...
DEBUG | Mon Jul 27 23:37:53 IST 2020 : Setting UI for files in bucket...
DEBUG | Mon Jul 27 23:37:54 IST 2020 : Setting UI for files in bucket...
DEBUG | Mon Jul 27 23:37:54 IST 2020 : Setting UI for files in bucket...
DEBUG | Mon Jul 27 23:37:55 IST 2020 : Setting UI for files in bucket...
DEBUG | Mon Jul 27 23:37:55 IST 2020 : Setting UI for files in bucket...
DEBUG | Mon Jul 27 23:37:56 IST 2020 : Setting UI for files in bucket...
DEBUG | Mon Jul 27 23:37:56 IST 2020 : Setting UI for files in bucket...
DEBUG | Mon Jul 27 23:37:57 IST 2020 : Setting UI for files in bucket...
DEBUG | Mon Jul 27 23:37:57 IST 2020 : Setting UI for files in bucket...
DEBUG | Mon Jul 27 23:37:58 IST 2020 : Setting UI for files in bucket...
DEBUG | Mon Jul 27 23:37:58 IST 2020 : Setting UI for files in bucket...
DEBUG | Mon Jul 27 23:37:59 IST 2020 : Setting UI for files in bucket...
DEBUG | Mon Jul 27 23:37:59 IST 2020 : Setting UI for files in bucket...
DEBUG | Mon Jul 27 23:38:00 IST 2020 : Setting UI for files in bucket...
DEBUG | Mon Jul 27 23:38:01 IST 2020 : Setting UI for files in bucket...
DEBUG | Mon Jul 27 23:38:01 IST 2020 : Setting UI for files in bucket...
DEBUG | Mon Jul 27 23:38:02 IST 2020 : Setting UI for files in bucket...
DEBUG | Mon Jul 27 23:38:02 IST 2020 : Setting UI for files in bucket...
DEBUG | Mon Jul 27 23:38:03 IST 2020 : Setting UI for files in bucket...
DEBUG | Mon Jul 27 23:38:03 IST 2020 : Setting UI for files in bucket...
DEBUG | Mon Jul 27 23:38:04 IST 2020 : Setting UI for files in bucket...
DEBUG | Mon Jul 27 23:38:04 IST 2020 : Setting UI for files in bucket...
DEBUG | Mon Jul 27 23:38:05 IST 2020 : Setting UI for files in bucket...
DEBUG | Mon Jul 27 23:38:05 IST 2020 : Setting UI for files in bucket...
DEBUG | Mon Jul 27 23:38:06 IST 2020 : Setting UI for files in bucket...
DEBUG | Mon Jul 27 23:38:06 IST 2020 : Setting UI for files in bucket...
DEBUG | Mon Jul 27 23:38:07 IST 2020 : Setting UI for files in bucket...
DEBUG | Mon Jul 27 23:38:07 IST 2020 : Setting UI for files in bucket...
DEBUG | Mon Jul 27 23:38:08 IST 2020 : Setting UI for files in bucket...
DEBUG | Mon Jul 27 23:38:08 IST 2020 : Setting UI for files in bucket...
DEBUG | Mon Jul 27 23:38:09 IST 2020 : Setting UI for files in bucket...
DEBUG | Mon Jul 27 23:38:09 IST 2020 : Setting UI for files in bucket...
DEBUG | Mon Jul 27 23:38:10 IST 2020 : Setting UI for files in bucket...
DEBUG | Mon Jul 27 23:38:10 IST 2020 : Setting UI for files in bucket...
DEBUG | Mon Jul 27 23:38:11 IST 2020 : Setting UI for files in bucket...
DEBUG | Mon Jul 27 23:38:11 IST 2020 : Setting UI for files in bucket...
DEBUG | Mon Jul 27 23:38:12 IST 2020 : Setting UI for files in bucket...
DEBUG | Mon Jul 27 23:38:12 IST 2020 : Setting UI for files in bucket...
DEBUG | Mon Jul 27 23:38:13 IST 2020 : Setting UI for files in bucket...
DEBUG | Mon Jul 27 23:38:13 IST 2020 : Setting UI for files in bucket...
DEBUG | Mon Jul 27 23:38:14 IST 2020 : Setting UI for files in bucket...
DEBUG | Mon Jul 27 23:38:14 IST 2020 : Setting UI for files in bucket...
DEBUG | Mon Jul 27 23:38:15 IST 2020 : Setting UI for files in bucket...
DEBUG | Mon Jul 27 23:38:15 IST 2020 : Setting UI for files in bucket...
DEBUG | Mon Jul 27 23:38:16 IST 2020 : Setting UI for files in bucket...
DEBUG | Mon Jul 27 23:38:16 IST 2020 : Setting UI for files in bucket...
DEBUG | Mon Jul 27 23:38:17 IST 2020 : Setting UI for files in bucket...
DEBUG | Mon Jul 27 23:38:17 IST 2020 : Setting UI for files in bucket...
DEBUG | Mon Jul 27 23:38:18 IST 2020 : Setting UI for files in bucket...
DEBUG | Mon Jul 27 23:38:19 IST 2020 : Setting UI for files in bucket...
DEBUG | Mon Jul 27 23:38:19 IST 2020 : Setting UI for files in bucket...
DEBUG | Mon Jul 27 23:38:20 IST 2020 : Setting UI for files in bucket...
DEBUG | Mon Jul 27 23:38:20 IST 2020 : Setting UI for files in bucket...
DEBUG | Mon Jul 27 23:38:21 IST 2020 : Setting UI for files in bucket...
DEBUG | Mon Jul 27 23:38:21 IST 2020 : Setting UI for files in bucket...
DEBUG | Mon Jul 27 23:38:22 IST 2020 : Setting UI for files in bucket...
DEBUG | Mon Jul 27 23:38:22 IST 2020 : Setting UI for files in bucket...
DEBUG | Mon Jul 27 23:38:23 IST 2020 : Setting UI for files in bucket...
DEBUG | Mon Jul 27 23:38:23 IST 2020 : Setting UI for files in bucket...
DEBUG | Mon Jul 27 23:38:24 IST 2020 : Setting UI for files in bucket...
DEBUG | Mon Jul 27 23:38:24 IST 2020 : Setting UI for files in bucket...
DEBUG | Mon Jul 27 23:38:25 IST 2020 : Setting UI for files in bucket...
DEBUG | Mon Jul 27 23:38:25 IST 2020 : Setting UI for files in bucket...
DEBUG | Mon Jul 27 23:38:26 IST 2020 : Setting UI for files in bucket...
DEBUG | Mon Jul 27 23:38:26 IST 2020 : Setting UI for files in bucket...
DEBUG | Mon Jul 27 23:38:27 IST 2020 : Setting UI for files in bucket...
DEBUG | Mon Jul 27 23:38:27 IST 2020 : Setting UI for files in bucket...
DEBUG | Mon Jul 27 23:38:28 IST 2020 : Setting UI for files in bucket...
DEBUG | Mon Jul 27 23:38:28 IST 2020 : Setting UI for files in bucket...
DEBUG | Mon Jul 27 23:38:29 IST 2020 : Setting UI for files in bucket...
DEBUG | Mon Jul 27 23:38:29 IST 2020 : Setting UI for files in bucket...
DEBUG | Mon Jul 27 23:38:30 IST 2020 : Setting UI for files in bucket...
DEBUG | Mon Jul 27 23:38:30 IST 2020 : Setting UI for files in bucket...
DEBUG | Mon Jul 27 23:38:31 IST 2020 : Setting UI for files in bucket...
DEBUG | Mon Jul 27 23:38:31 IST 2020 : Setting UI for files in bucket...
DEBUG | Mon Jul 27 23:38:32 IST 2020 : Setting UI for files in bucket...
DEBUG | Mon Jul 27 23:38:32 IST 2020 : Setting UI for files in bucket...
DEBUG | Mon Jul 27 23:38:33 IST 2020 : Setting UI for files in bucket...
DEBUG | Mon Jul 27 23:38:33 IST 2020 : Setting UI for files in bucket...
DEBUG | Mon Jul 27 23:38:34 IST 2020 : Setting UI for files in bucket...
DEBUG | Mon Jul 27 23:38:34 IST 2020 : Setting UI for files in bucket...
DEBUG | Mon Jul 27 23:38:35 IST 2020 : Setting UI for files in bucket...
DEBUG | Mon Jul 27 23:38:36 IST 2020 : Setting UI for files in bucket...
DEBUG | Mon Jul 27 23:38:36 IST 2020 : Setting UI for files in bucket...
DEBUG | Mon Jul 27 23:38:37 IST 2020 : Setting UI for files in bucket...
DEBUG | Mon Jul 27 23:38:37 IST 2020 : Setting UI for files in bucket...
DEBUG | Mon Jul 27 23:38:38 IST 2020 : Setting UI for files in bucket...
DEBUG | Mon Jul 27 23:38:38 IST 2020 : Setting UI for files in bucket...
DEBUG | Mon Jul 27 23:38:39 IST 2020 : Setting UI for files in bucket...
DEBUG | Mon Jul 27 23:38:39 IST 2020 : Setting UI for files in bucket...
DEBUG | Mon Jul 27 23:38:40 IST 2020 : Setting UI for files in bucket...
DEBUG | Mon Jul 27 23:38:40 IST 2020 : Setting UI for files in bucket...
DEBUG | Mon Jul 27 23:38:41 IST 2020 : Setting UI for files in bucket...
DEBUG | Mon Jul 27 23:38:41 IST 2020 : Setting UI for files in bucket...
DEBUG | Mon Jul 27 23:38:42 IST 2020 : Setting UI for files in bucket...
DEBUG | Mon Jul 27 23:38:42 IST 2020 : Setting UI for files in bucket...
DEBUG | Mon Jul 27 23:38:43 IST 2020 : Setting UI for files in bucket...
DEBUG | Mon Jul 27 23:38:43 IST 2020 : Setting UI for files in bucket...
