Session Id: 20206-230104
DEBUG | Fri Jul 24 23:01:04 IST 2020 : Services initiated
DEBUG | Fri Jul 24 23:01:11 IST 2020 : Setting UI for files in bucket...
INFO  | Fri Jul 24 23:01:17 IST 2020 : Files with same names (but not same hash) found. Will show overwrite strategy dialog.
DEBUG | Fri Jul 24 23:01:17 IST 2020 : Setting UI for files in bucket...
DEBUG | Fri Jul 24 23:01:18 IST 2020 : Setting UI for files in bucket...
DEBUG | Fri Jul 24 23:01:18 IST 2020 : Setting UI for files in bucket...
DEBUG | Fri Jul 24 23:01:19 IST 2020 : Setting UI for files in bucket...
DEBUG | Fri Jul 24 23:01:19 IST 2020 : Setting UI for files in bucket...
DEBUG | Fri Jul 24 23:01:20 IST 2020 : Setting UI for files in bucket...
DEBUG | Fri Jul 24 23:01:20 IST 2020 : Setting UI for files in bucket...
DEBUG | Fri Jul 24 23:01:21 IST 2020 : Setting UI for files in bucket...
DEBUG | Fri Jul 24 23:01:21 IST 2020 : Setting UI for files in bucket...
DEBUG | Fri Jul 24 23:01:22 IST 2020 : Setting UI for files in bucket...
DEBUG | Fri Jul 24 23:01:23 IST 2020 : Setting UI for files in bucket...
DEBUG | Fri Jul 24 23:01:23 IST 2020 : Setting UI for files in bucket...
DEBUG | Fri Jul 24 23:01:24 IST 2020 : Setting UI for files in bucket...
DEBUG | Fri Jul 24 23:01:24 IST 2020 : Setting UI for files in bucket...
DEBUG | Fri Jul 24 23:01:25 IST 2020 : Setting UI for files in bucket...
DEBUG | Fri Jul 24 23:01:25 IST 2020 : Setting UI for files in bucket...
DEBUG | Fri Jul 24 23:01:26 IST 2020 : Setting UI for files in bucket...
DEBUG | Fri Jul 24 23:01:26 IST 2020 : Setting UI for files in bucket...
DEBUG | Fri Jul 24 23:01:27 IST 2020 : Setting UI for files in bucket...
DEBUG | Fri Jul 24 23:01:27 IST 2020 : Setting UI for files in bucket...
DEBUG | Fri Jul 24 23:01:28 IST 2020 : Setting UI for files in bucket...
DEBUG | Fri Jul 24 23:01:28 IST 2020 : Setting UI for files in bucket...
DEBUG | Fri Jul 24 23:01:29 IST 2020 : Setting UI for files in bucket...
DEBUG | Fri Jul 24 23:01:29 IST 2020 : Setting UI for files in bucket...
DEBUG | Fri Jul 24 23:01:30 IST 2020 : Setting UI for files in bucket...
DEBUG | Fri Jul 24 23:01:30 IST 2020 : Setting UI for files in bucket...
DEBUG | Fri Jul 24 23:01:31 IST 2020 : Setting UI for files in bucket...
DEBUG | Fri Jul 24 23:01:31 IST 2020 : Setting UI for files in bucket...
DEBUG | Fri Jul 24 23:01:32 IST 2020 : Setting UI for files in bucket...
DEBUG | Fri Jul 24 23:01:32 IST 2020 : Setting UI for files in bucket...
DEBUG | Fri Jul 24 23:01:33 IST 2020 : Setting UI for files in bucket...
DEBUG | Fri Jul 24 23:01:33 IST 2020 : Setting UI for files in bucket...
DEBUG | Fri Jul 24 23:01:34 IST 2020 : Setting UI for files in bucket...
DEBUG | Fri Jul 24 23:01:34 IST 2020 : Setting UI for files in bucket...
DEBUG | Fri Jul 24 23:01:35 IST 2020 : Setting UI for files in bucket...
DEBUG | Fri Jul 24 23:01:35 IST 2020 : Setting UI for files in bucket...
DEBUG | Fri Jul 24 23:01:36 IST 2020 : Setting UI for files in bucket...
DEBUG | Fri Jul 24 23:01:36 IST 2020 : Setting UI for files in bucket...
DEBUG | Fri Jul 24 23:01:37 IST 2020 : Setting UI for files in bucket...
DEBUG | Fri Jul 24 23:01:37 IST 2020 : Setting UI for files in bucket...
DEBUG | Fri Jul 24 23:01:38 IST 2020 : Setting UI for files in bucket...
DEBUG | Fri Jul 24 23:01:38 IST 2020 : Setting UI for files in bucket...
DEBUG | Fri Jul 24 23:01:39 IST 2020 : Setting UI for files in bucket...
DEBUG | Fri Jul 24 23:01:40 IST 2020 : Setting UI for files in bucket...
DEBUG | Fri Jul 24 23:01:40 IST 2020 : Setting UI for files in bucket...
DEBUG | Fri Jul 24 23:01:41 IST 2020 : Setting UI for files in bucket...
DEBUG | Fri Jul 24 23:01:41 IST 2020 : Setting UI for files in bucket...
DEBUG | Fri Jul 24 23:01:42 IST 2020 : Setting UI for files in bucket...
DEBUG | Fri Jul 24 23:01:42 IST 2020 : Setting UI for files in bucket...
DEBUG | Fri Jul 24 23:01:43 IST 2020 : Setting UI for files in bucket...
DEBUG | Fri Jul 24 23:01:43 IST 2020 : Setting UI for files in bucket...
DEBUG | Fri Jul 24 23:01:44 IST 2020 : Setting UI for files in bucket...
DEBUG | Fri Jul 24 23:01:44 IST 2020 : Setting UI for files in bucket...
DEBUG | Fri Jul 24 23:01:45 IST 2020 : Setting UI for files in bucket...
DEBUG | Fri Jul 24 23:01:45 IST 2020 : Setting UI for files in bucket...
DEBUG | Fri Jul 24 23:01:46 IST 2020 : Setting UI for files in bucket...
DEBUG | Fri Jul 24 23:01:46 IST 2020 : Setting UI for files in bucket...
DEBUG | Fri Jul 24 23:01:47 IST 2020 : Setting UI for files in bucket...
DEBUG | Fri Jul 24 23:01:47 IST 2020 : Setting UI for files in bucket...
DEBUG | Fri Jul 24 23:01:48 IST 2020 : Setting UI for files in bucket...
DEBUG | Fri Jul 24 23:01:48 IST 2020 : Setting UI for files in bucket...
DEBUG | Fri Jul 24 23:01:49 IST 2020 : Setting UI for files in bucket...
DEBUG | Fri Jul 24 23:01:49 IST 2020 : Setting UI for files in bucket...
DEBUG | Fri Jul 24 23:01:50 IST 2020 : Setting UI for files in bucket...
DEBUG | Fri Jul 24 23:01:50 IST 2020 : Setting UI for files in bucket...
DEBUG | Fri Jul 24 23:01:51 IST 2020 : Setting UI for files in bucket...
DEBUG | Fri Jul 24 23:01:51 IST 2020 : Setting UI for files in bucket...
DEBUG | Fri Jul 24 23:01:52 IST 2020 : Setting UI for files in bucket...
DEBUG | Fri Jul 24 23:01:52 IST 2020 : Setting UI for files in bucket...
DEBUG | Fri Jul 24 23:01:53 IST 2020 : Setting UI for files in bucket...
DEBUG | Fri Jul 24 23:01:53 IST 2020 : Setting UI for files in bucket...
DEBUG | Fri Jul 24 23:01:54 IST 2020 : Setting UI for files in bucket...
DEBUG | Fri Jul 24 23:01:54 IST 2020 : Setting UI for files in bucket...
DEBUG | Fri Jul 24 23:01:55 IST 2020 : Setting UI for files in bucket...
DEBUG | Fri Jul 24 23:01:55 IST 2020 : Setting UI for files in bucket...
DEBUG | Fri Jul 24 23:01:56 IST 2020 : Setting UI for files in bucket...
DEBUG | Fri Jul 24 23:01:56 IST 2020 : Setting UI for files in bucket...
DEBUG | Fri Jul 24 23:01:57 IST 2020 : Setting UI for files in bucket...
DEBUG | Fri Jul 24 23:01:58 IST 2020 : Setting UI for files in bucket...
DEBUG | Fri Jul 24 23:01:58 IST 2020 : Setting UI for files in bucket...
DEBUG | Fri Jul 24 23:01:59 IST 2020 : Setting UI for files in bucket...
DEBUG | Fri Jul 24 23:01:59 IST 2020 : Setting UI for files in bucket...
DEBUG | Fri Jul 24 23:02:00 IST 2020 : Setting UI for files in bucket...
DEBUG | Fri Jul 24 23:02:00 IST 2020 : Setting UI for files in bucket...
DEBUG | Fri Jul 24 23:02:01 IST 2020 : Setting UI for files in bucket...
DEBUG | Fri Jul 24 23:02:01 IST 2020 : Setting UI for files in bucket...
DEBUG | Fri Jul 24 23:02:02 IST 2020 : Setting UI for files in bucket...
DEBUG | Fri Jul 24 23:02:02 IST 2020 : Setting UI for files in bucket...
DEBUG | Fri Jul 24 23:02:03 IST 2020 : Setting UI for files in bucket...
DEBUG | Fri Jul 24 23:02:03 IST 2020 : Setting UI for files in bucket...
DEBUG | Fri Jul 24 23:02:04 IST 2020 : Setting UI for files in bucket...
DEBUG | Fri Jul 24 23:02:04 IST 2020 : Setting UI for files in bucket...
