Session Id: 20207-161912
DEBUG | Sat Jul 25 16:19:12 IST 2020 : Services initiated
DEBUG | Sat Jul 25 16:19:21 IST 2020 : Setting UI for files in bucket...
INFO  | Sat Jul 25 16:19:29 IST 2020 : Files with same names (but not same hash) found. Will show overwrite strategy dialog.
DEBUG | Sat Jul 25 16:19:29 IST 2020 : Setting UI for files in bucket...
DEBUG | Sat Jul 25 16:19:30 IST 2020 : Setting UI for files in bucket...
DEBUG | Sat Jul 25 16:19:30 IST 2020 : Setting UI for files in bucket...
DEBUG | Sat Jul 25 16:19:31 IST 2020 : Setting UI for files in bucket...
DEBUG | Sat Jul 25 16:19:31 IST 2020 : Setting UI for files in bucket...
DEBUG | Sat Jul 25 16:19:32 IST 2020 : Setting UI for files in bucket...
DEBUG | Sat Jul 25 16:19:32 IST 2020 : Setting UI for files in bucket...
DEBUG | Sat Jul 25 16:19:33 IST 2020 : Setting UI for files in bucket...
DEBUG | Sat Jul 25 16:19:33 IST 2020 : Setting UI for files in bucket...
DEBUG | Sat Jul 25 16:19:34 IST 2020 : Setting UI for files in bucket...
DEBUG | Sat Jul 25 16:19:34 IST 2020 : Setting UI for files in bucket...
DEBUG | Sat Jul 25 16:19:35 IST 2020 : Setting UI for files in bucket...
DEBUG | Sat Jul 25 16:19:35 IST 2020 : Setting UI for files in bucket...
DEBUG | Sat Jul 25 16:19:36 IST 2020 : Setting UI for files in bucket...
DEBUG | Sat Jul 25 16:19:36 IST 2020 : Setting UI for files in bucket...
DEBUG | Sat Jul 25 16:19:37 IST 2020 : Setting UI for files in bucket...
DEBUG | Sat Jul 25 16:19:37 IST 2020 : Setting UI for files in bucket...
DEBUG | Sat Jul 25 16:19:37 IST 2020 : Setting UI for files in bucket...
