Session Id: 20210-194753
DEBUG | Tue Jul 28 19:47:53 IST 2020 : Services initiated
DEBUG | Tue Jul 28 19:47:54 IST 2020 : Add file for copy: D:\Programs\LidoSoftwares\LidoCopy\files\FykLvVmcEy1595945873478
DEBUG | Tue Jul 28 19:47:54 IST 2020 : passing to backpanel >> C:\Users\user\Desktop\src\set-2\set-2\1.bmp
DEBUG | Tue Jul 28 19:47:54 IST 2020 : Got file for copy: C:\Users\user\Desktop\src\set-2\set-2\1.bmp
DEBUG | Tue Jul 28 19:47:54 IST 2020 : Added file for copy to srcFiles: 1
DEBUG | Tue Jul 28 19:47:54 IST 2020 : Setting UI for files in bucket...
DEBUG | Tue Jul 28 19:47:55 IST 2020 : Add file for copy: D:\Programs\LidoSoftwares\LidoCopy\files\iHDxWSWMXa1595945873478
DEBUG | Tue Jul 28 19:47:55 IST 2020 : passing to backpanel >> C:\Users\user\Desktop\src\set-2\1.bmp
DEBUG | Tue Jul 28 19:47:55 IST 2020 : Got file for copy: C:\Users\user\Desktop\src\set-2\1.bmp
DEBUG | Tue Jul 28 19:47:55 IST 2020 : Added file for copy to srcFiles: 2
DEBUG | Tue Jul 28 19:47:55 IST 2020 : Setting UI for files in bucket...
DEBUG | Tue Jul 28 19:47:55 IST 2020 : Add file for copy: D:\Programs\LidoSoftwares\LidoCopy\files\rOecOjewAi1595873795794
DEBUG | Tue Jul 28 19:47:55 IST 2020 : passing to backpanel >> C:\Users\user\Desktop\src\set-2\set-2\1.bmp
DEBUG | Tue Jul 28 19:47:55 IST 2020 : Got file for copy: C:\Users\user\Desktop\src\set-2\set-2\1.bmp
DEBUG | Tue Jul 28 19:47:55 IST 2020 : Setting UI for files in bucket...
DEBUG | Tue Jul 28 19:47:55 IST 2020 : Add file for copy: D:\Programs\LidoSoftwares\LidoCopy\files\sirToDIUnt1595873795794
DEBUG | Tue Jul 28 19:47:55 IST 2020 : passing to backpanel >> C:\Users\user\Desktop\src\set-2\1.bmp
DEBUG | Tue Jul 28 19:47:55 IST 2020 : Got file for copy: C:\Users\user\Desktop\src\set-2\1.bmp
DEBUG | Tue Jul 28 19:47:55 IST 2020 : Setting UI for files in bucket...
DEBUG | Tue Jul 28 19:47:55 IST 2020 : Setting UI for files in bucket...
INFO  | Tue Jul 28 19:48:03 IST 2020 : Files with same names (but not same hash) found. Will show overwrite strategy dialog.
INFO  | Tue Jul 28 19:48:03 IST 2020 : Files with same names and relative paths copied together from different sources. Will show overwrite strategy dialog.
DEBUG | Tue Jul 28 19:48:04 IST 2020 : Setting UI for files in bucket...
DEBUG | Tue Jul 28 19:48:04 IST 2020 : Setting UI for files in bucket...
DEBUG | Tue Jul 28 19:48:05 IST 2020 : Setting UI for files in bucket...
DEBUG | Tue Jul 28 19:48:05 IST 2020 : Setting UI for files in bucket...
DEBUG | Tue Jul 28 19:48:06 IST 2020 : Setting UI for files in bucket...
DEBUG | Tue Jul 28 19:48:06 IST 2020 : Setting UI for files in bucket...
DEBUG | Tue Jul 28 19:48:07 IST 2020 : Setting UI for files in bucket...
DEBUG | Tue Jul 28 19:48:07 IST 2020 : Setting UI for files in bucket...
DEBUG | Tue Jul 28 19:48:08 IST 2020 : Setting UI for files in bucket...
DEBUG | Tue Jul 28 19:48:08 IST 2020 : Setting UI for files in bucket...
DEBUG | Tue Jul 28 19:48:09 IST 2020 : Setting UI for files in bucket...
DEBUG | Tue Jul 28 19:48:10 IST 2020 : Setting UI for files in bucket...
DEBUG | Tue Jul 28 19:48:10 IST 2020 : Setting UI for files in bucket...
DEBUG | Tue Jul 28 19:48:11 IST 2020 : Setting UI for files in bucket...
DEBUG | Tue Jul 28 19:48:11 IST 2020 : Setting UI for files in bucket...
DEBUG | Tue Jul 28 19:48:12 IST 2020 : Setting UI for files in bucket...
DEBUG | Tue Jul 28 19:48:12 IST 2020 : Setting UI for files in bucket...
DEBUG | Tue Jul 28 19:48:13 IST 2020 : Setting UI for files in bucket...
DEBUG | Tue Jul 28 19:48:13 IST 2020 : Setting UI for files in bucket...
DEBUG | Tue Jul 28 19:48:14 IST 2020 : Setting UI for files in bucket...
DEBUG | Tue Jul 28 19:48:14 IST 2020 : Setting UI for files in bucket...
DEBUG | Tue Jul 28 19:48:15 IST 2020 : Setting UI for files in bucket...
DEBUG | Tue Jul 28 19:48:15 IST 2020 : Setting UI for files in bucket...
DEBUG | Tue Jul 28 19:48:16 IST 2020 : Setting UI for files in bucket...
DEBUG | Tue Jul 28 19:48:16 IST 2020 : Setting UI for files in bucket...
DEBUG | Tue Jul 28 19:48:17 IST 2020 : Setting UI for files in bucket...
DEBUG | Tue Jul 28 19:48:17 IST 2020 : Setting UI for files in bucket...
DEBUG | Tue Jul 28 19:48:18 IST 2020 : Setting UI for files in bucket...
DEBUG | Tue Jul 28 19:48:18 IST 2020 : Setting UI for files in bucket...
DEBUG | Tue Jul 28 19:48:19 IST 2020 : Setting UI for files in bucket...
DEBUG | Tue Jul 28 19:48:19 IST 2020 : Setting UI for files in bucket...
DEBUG | Tue Jul 28 19:48:20 IST 2020 : Setting UI for files in bucket...
DEBUG | Tue Jul 28 19:48:20 IST 2020 : Setting UI for files in bucket...
DEBUG | Tue Jul 28 19:48:21 IST 2020 : Setting UI for files in bucket...
DEBUG | Tue Jul 28 19:48:21 IST 2020 : Setting UI for files in bucket...
DEBUG | Tue Jul 28 19:48:22 IST 2020 : Setting UI for files in bucket...
DEBUG | Tue Jul 28 19:48:22 IST 2020 : Setting UI for files in bucket...
DEBUG | Tue Jul 28 19:48:23 IST 2020 : Setting UI for files in bucket...
DEBUG | Tue Jul 28 19:48:23 IST 2020 : Setting UI for files in bucket...
DEBUG | Tue Jul 28 19:48:24 IST 2020 : Setting UI for files in bucket...
DEBUG | Tue Jul 28 19:48:24 IST 2020 : Setting UI for files in bucket...
DEBUG | Tue Jul 28 19:48:25 IST 2020 : Setting UI for files in bucket...
DEBUG | Tue Jul 28 19:48:25 IST 2020 : Setting UI for files in bucket...
DEBUG | Tue Jul 28 19:48:26 IST 2020 : Setting UI for files in bucket...
DEBUG | Tue Jul 28 19:48:27 IST 2020 : Setting UI for files in bucket...
DEBUG | Tue Jul 28 19:48:27 IST 2020 : Setting UI for files in bucket...
DEBUG | Tue Jul 28 19:48:28 IST 2020 : Setting UI for files in bucket...
DEBUG | Tue Jul 28 19:48:28 IST 2020 : Setting UI for files in bucket...
DEBUG | Tue Jul 28 19:48:29 IST 2020 : Setting UI for files in bucket...
DEBUG | Tue Jul 28 19:48:29 IST 2020 : Setting UI for files in bucket...
DEBUG | Tue Jul 28 19:48:30 IST 2020 : Setting UI for files in bucket...
DEBUG | Tue Jul 28 19:48:30 IST 2020 : Setting UI for files in bucket...
DEBUG | Tue Jul 28 19:48:31 IST 2020 : Setting UI for files in bucket...
DEBUG | Tue Jul 28 19:48:31 IST 2020 : Setting UI for files in bucket...
DEBUG | Tue Jul 28 19:48:32 IST 2020 : Setting UI for files in bucket...
DEBUG | Tue Jul 28 19:48:32 IST 2020 : Setting UI for files in bucket...
DEBUG | Tue Jul 28 19:48:33 IST 2020 : Setting UI for files in bucket...
DEBUG | Tue Jul 28 19:48:33 IST 2020 : Setting UI for files in bucket...
DEBUG | Tue Jul 28 19:48:34 IST 2020 : Setting UI for files in bucket...
DEBUG | Tue Jul 28 19:48:34 IST 2020 : Setting UI for files in bucket...
DEBUG | Tue Jul 28 19:48:35 IST 2020 : Setting UI for files in bucket...
DEBUG | Tue Jul 28 19:48:35 IST 2020 : Setting UI for files in bucket...
DEBUG | Tue Jul 28 19:48:36 IST 2020 : Setting UI for files in bucket...
DEBUG | Tue Jul 28 19:48:36 IST 2020 : Setting UI for files in bucket...
DEBUG | Tue Jul 28 19:48:37 IST 2020 : Setting UI for files in bucket...
DEBUG | Tue Jul 28 19:48:37 IST 2020 : Setting UI for files in bucket...
DEBUG | Tue Jul 28 19:48:38 IST 2020 : Setting UI for files in bucket...
DEBUG | Tue Jul 28 19:48:38 IST 2020 : Setting UI for files in bucket...
DEBUG | Tue Jul 28 19:48:39 IST 2020 : Setting UI for files in bucket...
DEBUG | Tue Jul 28 19:48:39 IST 2020 : Setting UI for files in bucket...
DEBUG | Tue Jul 28 19:48:40 IST 2020 : Setting UI for files in bucket...
DEBUG | Tue Jul 28 19:48:40 IST 2020 : Setting UI for files in bucket...
DEBUG | Tue Jul 28 19:48:41 IST 2020 : Setting UI for files in bucket...
DEBUG | Tue Jul 28 19:48:41 IST 2020 : Setting UI for files in bucket...
DEBUG | Tue Jul 28 19:48:42 IST 2020 : Setting UI for files in bucket...
DEBUG | Tue Jul 28 19:48:42 IST 2020 : Setting UI for files in bucket...
DEBUG | Tue Jul 28 19:48:43 IST 2020 : Setting UI for files in bucket...
DEBUG | Tue Jul 28 19:48:43 IST 2020 : Setting UI for files in bucket...
DEBUG | Tue Jul 28 19:48:44 IST 2020 : Setting UI for files in bucket...
DEBUG | Tue Jul 28 19:48:45 IST 2020 : Setting UI for files in bucket...
DEBUG | Tue Jul 28 19:48:45 IST 2020 : Setting UI for files in bucket...
DEBUG | Tue Jul 28 19:48:46 IST 2020 : Setting UI for files in bucket...
DEBUG | Tue Jul 28 19:48:46 IST 2020 : Setting UI for files in bucket...
DEBUG | Tue Jul 28 19:48:47 IST 2020 : Setting UI for files in bucket...
DEBUG | Tue Jul 28 19:48:47 IST 2020 : Setting UI for files in bucket...
DEBUG | Tue Jul 28 19:48:48 IST 2020 : Setting UI for files in bucket...
DEBUG | Tue Jul 28 19:48:48 IST 2020 : Setting UI for files in bucket...
DEBUG | Tue Jul 28 19:48:49 IST 2020 : Setting UI for files in bucket...
DEBUG | Tue Jul 28 19:48:49 IST 2020 : Setting UI for files in bucket...
DEBUG | Tue Jul 28 19:48:50 IST 2020 : Setting UI for files in bucket...
DEBUG | Tue Jul 28 19:48:50 IST 2020 : Setting UI for files in bucket...
DEBUG | Tue Jul 28 19:48:51 IST 2020 : Setting UI for files in bucket...
DEBUG | Tue Jul 28 19:48:51 IST 2020 : Setting UI for files in bucket...
DEBUG | Tue Jul 28 19:48:52 IST 2020 : Setting UI for files in bucket...
DEBUG | Tue Jul 28 19:48:52 IST 2020 : Setting UI for files in bucket...
DEBUG | Tue Jul 28 19:48:53 IST 2020 : Setting UI for files in bucket...
DEBUG | Tue Jul 28 19:48:53 IST 2020 : Setting UI for files in bucket...
DEBUG | Tue Jul 28 19:48:54 IST 2020 : Setting UI for files in bucket...
DEBUG | Tue Jul 28 19:48:54 IST 2020 : Setting UI for files in bucket...
DEBUG | Tue Jul 28 19:48:55 IST 2020 : Setting UI for files in bucket...
DEBUG | Tue Jul 28 19:48:55 IST 2020 : Setting UI for files in bucket...
DEBUG | Tue Jul 28 19:48:56 IST 2020 : Setting UI for files in bucket...
DEBUG | Tue Jul 28 19:48:56 IST 2020 : Setting UI for files in bucket...
DEBUG | Tue Jul 28 19:48:57 IST 2020 : Setting UI for files in bucket...
DEBUG | Tue Jul 28 19:48:57 IST 2020 : Setting UI for files in bucket...
DEBUG | Tue Jul 28 19:48:58 IST 2020 : Setting UI for files in bucket...
DEBUG | Tue Jul 28 19:48:58 IST 2020 : Setting UI for files in bucket...
DEBUG | Tue Jul 28 19:48:59 IST 2020 : Setting UI for files in bucket...
DEBUG | Tue Jul 28 19:48:59 IST 2020 : Setting UI for files in bucket...
DEBUG | Tue Jul 28 19:49:00 IST 2020 : Setting UI for files in bucket...
DEBUG | Tue Jul 28 19:49:00 IST 2020 : Setting UI for files in bucket...
DEBUG | Tue Jul 28 19:49:01 IST 2020 : Setting UI for files in bucket...
DEBUG | Tue Jul 28 19:49:02 IST 2020 : Setting UI for files in bucket...
DEBUG | Tue Jul 28 19:49:02 IST 2020 : Setting UI for files in bucket...
DEBUG | Tue Jul 28 19:49:03 IST 2020 : Setting UI for files in bucket...
DEBUG | Tue Jul 28 19:49:03 IST 2020 : Setting UI for files in bucket...
DEBUG | Tue Jul 28 19:49:04 IST 2020 : Setting UI for files in bucket...
DEBUG | Tue Jul 28 19:49:04 IST 2020 : Setting UI for files in bucket...
DEBUG | Tue Jul 28 19:49:05 IST 2020 : Setting UI for files in bucket...
DEBUG | Tue Jul 28 19:49:05 IST 2020 : Setting UI for files in bucket...
DEBUG | Tue Jul 28 19:49:06 IST 2020 : Setting UI for files in bucket...
DEBUG | Tue Jul 28 19:49:06 IST 2020 : Setting UI for files in bucket...
DEBUG | Tue Jul 28 19:49:07 IST 2020 : Setting UI for files in bucket...
DEBUG | Tue Jul 28 19:49:07 IST 2020 : Setting UI for files in bucket...
DEBUG | Tue Jul 28 19:49:08 IST 2020 : Setting UI for files in bucket...
DEBUG | Tue Jul 28 19:49:08 IST 2020 : Setting UI for files in bucket...
DEBUG | Tue Jul 28 19:49:09 IST 2020 : Setting UI for files in bucket...
DEBUG | Tue Jul 28 19:49:09 IST 2020 : Setting UI for files in bucket...
DEBUG | Tue Jul 28 19:49:10 IST 2020 : Setting UI for files in bucket...
DEBUG | Tue Jul 28 19:49:10 IST 2020 : Setting UI for files in bucket...
DEBUG | Tue Jul 28 19:49:11 IST 2020 : Setting UI for files in bucket...
DEBUG | Tue Jul 28 19:49:11 IST 2020 : Setting UI for files in bucket...
DEBUG | Tue Jul 28 19:49:12 IST 2020 : Setting UI for files in bucket...
DEBUG | Tue Jul 28 19:49:12 IST 2020 : Setting UI for files in bucket...
DEBUG | Tue Jul 28 19:49:13 IST 2020 : Setting UI for files in bucket...
DEBUG | Tue Jul 28 19:49:13 IST 2020 : Setting UI for files in bucket...
DEBUG | Tue Jul 28 19:49:14 IST 2020 : Setting UI for files in bucket...
DEBUG | Tue Jul 28 19:49:14 IST 2020 : Setting UI for files in bucket...
DEBUG | Tue Jul 28 19:49:15 IST 2020 : Setting UI for files in bucket...
DEBUG | Tue Jul 28 19:49:15 IST 2020 : Setting UI for files in bucket...
DEBUG | Tue Jul 28 19:49:16 IST 2020 : Setting UI for files in bucket...
DEBUG | Tue Jul 28 19:49:16 IST 2020 : Setting UI for files in bucket...
DEBUG | Tue Jul 28 19:49:17 IST 2020 : Setting UI for files in bucket...
DEBUG | Tue Jul 28 19:49:17 IST 2020 : Setting UI for files in bucket...
DEBUG | Tue Jul 28 19:49:18 IST 2020 : Setting UI for files in bucket...
DEBUG | Tue Jul 28 19:49:18 IST 2020 : Setting UI for files in bucket...
DEBUG | Tue Jul 28 19:49:19 IST 2020 : Setting UI for files in bucket...
DEBUG | Tue Jul 28 19:49:20 IST 2020 : Setting UI for files in bucket...
DEBUG | Tue Jul 28 19:49:20 IST 2020 : Setting UI for files in bucket...
DEBUG | Tue Jul 28 19:49:21 IST 2020 : Setting UI for files in bucket...
DEBUG | Tue Jul 28 19:49:21 IST 2020 : Setting UI for files in bucket...
DEBUG | Tue Jul 28 19:49:22 IST 2020 : Setting UI for files in bucket...
DEBUG | Tue Jul 28 19:49:22 IST 2020 : Setting UI for files in bucket...
DEBUG | Tue Jul 28 19:49:23 IST 2020 : Setting UI for files in bucket...
DEBUG | Tue Jul 28 19:49:23 IST 2020 : Setting UI for files in bucket...
DEBUG | Tue Jul 28 19:49:24 IST 2020 : Setting UI for files in bucket...
DEBUG | Tue Jul 28 19:49:24 IST 2020 : Setting UI for files in bucket...
