WARN  | Tue Jul 28 20:58:30 IST 2020 : Failed to unzip the resources: D:\Programs\LidoSoftwares\LidoCopy\res.zip (The system cannot find the file specified)
Session Id: 20210-205830
DEBUG | Tue Jul 28 20:58:30 IST 2020 : Services initiated
DEBUG | Tue Jul 28 20:58:31 IST 2020 : Add file for copy: D:\Programs\LidoSoftwares\LidoCopy\files\SNpfxhWaBJ1595950110483
DEBUG | Tue Jul 28 20:58:31 IST 2020 : passing to backpanel >> C:\Users\user\Desktop\src\set-2\set-2\1.bmp
DEBUG | Tue Jul 28 20:58:31 IST 2020 : Got file for copy: C:\Users\user\Desktop\src\set-2\set-2\1.bmp
DEBUG | Tue Jul 28 20:58:31 IST 2020 : Added file for copy to srcFiles: 1
DEBUG | Tue Jul 28 20:58:31 IST 2020 : Setting UI for files in bucket...
DEBUG | Tue Jul 28 20:58:31 IST 2020 : Add file for copy: D:\Programs\LidoSoftwares\LidoCopy\files\XSdfVHLfgg1595950110484
DEBUG | Tue Jul 28 20:58:31 IST 2020 : passing to backpanel >> C:\Users\user\Desktop\src\set-2\1.bmp
DEBUG | Tue Jul 28 20:58:31 IST 2020 : Got file for copy: C:\Users\user\Desktop\src\set-2\1.bmp
DEBUG | Tue Jul 28 20:58:31 IST 2020 : Added file for copy to srcFiles: 2
DEBUG | Tue Jul 28 20:58:31 IST 2020 : Setting UI for files in bucket...
DEBUG | Tue Jul 28 20:58:31 IST 2020 : Setting UI for files in bucket...
INFO  | Tue Jul 28 20:58:38 IST 2020 : Files with same names (but not same hash) found. Will show overwrite strategy dialog.
INFO  | Tue Jul 28 20:58:38 IST 2020 : Files with same names and relative paths copied together from different sources. Will show overwrite strategy dialog.
DEBUG | Tue Jul 28 20:58:39 IST 2020 : Setting UI for files in bucket...
DEBUG | Tue Jul 28 20:58:39 IST 2020 : Setting UI for files in bucket...
DEBUG | Tue Jul 28 20:58:40 IST 2020 : Setting UI for files in bucket...
DEBUG | Tue Jul 28 20:58:40 IST 2020 : Setting UI for files in bucket...
DEBUG | Tue Jul 28 20:58:41 IST 2020 : Setting UI for files in bucket...
DEBUG | Tue Jul 28 20:58:41 IST 2020 : Setting UI for files in bucket...
DEBUG | Tue Jul 28 20:58:42 IST 2020 : Setting UI for files in bucket...
DEBUG | Tue Jul 28 20:58:42 IST 2020 : Setting UI for files in bucket...
DEBUG | Tue Jul 28 20:58:43 IST 2020 : Setting UI for files in bucket...
DEBUG | Tue Jul 28 20:58:43 IST 2020 : Setting UI for files in bucket...
DEBUG | Tue Jul 28 20:58:44 IST 2020 : Setting UI for files in bucket...
DEBUG | Tue Jul 28 20:58:44 IST 2020 : Setting UI for files in bucket...
DEBUG | Tue Jul 28 20:58:45 IST 2020 : Setting UI for files in bucket...
DEBUG | Tue Jul 28 20:58:45 IST 2020 : Setting UI for files in bucket...
DEBUG | Tue Jul 28 20:58:46 IST 2020 : Setting UI for files in bucket...
DEBUG | Tue Jul 28 20:58:46 IST 2020 : Setting UI for files in bucket...
DEBUG | Tue Jul 28 20:58:47 IST 2020 : Setting UI for files in bucket...
DEBUG | Tue Jul 28 20:58:47 IST 2020 : Setting UI for files in bucket...
DEBUG | Tue Jul 28 20:58:48 IST 2020 : Setting UI for files in bucket...
DEBUG | Tue Jul 28 20:58:48 IST 2020 : Setting UI for files in bucket...
DEBUG | Tue Jul 28 20:58:49 IST 2020 : Setting UI for files in bucket...
DEBUG | Tue Jul 28 20:58:49 IST 2020 : Setting UI for files in bucket...
DEBUG | Tue Jul 28 20:58:50 IST 2020 : Setting UI for files in bucket...
DEBUG | Tue Jul 28 20:58:50 IST 2020 : Setting UI for files in bucket...
DEBUG | Tue Jul 28 20:58:51 IST 2020 : Setting UI for files in bucket...
DEBUG | Tue Jul 28 20:58:51 IST 2020 : Setting UI for files in bucket...
DEBUG | Tue Jul 28 20:58:52 IST 2020 : Setting UI for files in bucket...
DEBUG | Tue Jul 28 20:58:52 IST 2020 : Setting UI for files in bucket...
DEBUG | Tue Jul 28 20:58:53 IST 2020 : Setting UI for files in bucket...
DEBUG | Tue Jul 28 20:58:53 IST 2020 : Setting UI for files in bucket...
DEBUG | Tue Jul 28 20:58:54 IST 2020 : Setting UI for files in bucket...
DEBUG | Tue Jul 28 20:58:54 IST 2020 : Setting UI for files in bucket...
DEBUG | Tue Jul 28 20:58:55 IST 2020 : Setting UI for files in bucket...
DEBUG | Tue Jul 28 20:58:55 IST 2020 : Setting UI for files in bucket...
DEBUG | Tue Jul 28 20:58:56 IST 2020 : Setting UI for files in bucket...
DEBUG | Tue Jul 28 20:58:56 IST 2020 : Setting UI for files in bucket...
DEBUG | Tue Jul 28 20:58:57 IST 2020 : Setting UI for files in bucket...
DEBUG | Tue Jul 28 20:58:57 IST 2020 : Setting UI for files in bucket...
DEBUG | Tue Jul 28 20:58:58 IST 2020 : Setting UI for files in bucket...
DEBUG | Tue Jul 28 20:58:58 IST 2020 : Setting UI for files in bucket...
DEBUG | Tue Jul 28 20:58:59 IST 2020 : Setting UI for files in bucket...
DEBUG | Tue Jul 28 20:58:59 IST 2020 : Setting UI for files in bucket...
DEBUG | Tue Jul 28 20:59:00 IST 2020 : Setting UI for files in bucket...
DEBUG | Tue Jul 28 20:59:00 IST 2020 : Setting UI for files in bucket...
DEBUG | Tue Jul 28 20:59:01 IST 2020 : Setting UI for files in bucket...
DEBUG | Tue Jul 28 20:59:01 IST 2020 : Setting UI for files in bucket...
DEBUG | Tue Jul 28 20:59:02 IST 2020 : Setting UI for files in bucket...
DEBUG | Tue Jul 28 20:59:02 IST 2020 : Setting UI for files in bucket...
DEBUG | Tue Jul 28 20:59:03 IST 2020 : Setting UI for files in bucket...
DEBUG | Tue Jul 28 20:59:03 IST 2020 : Setting UI for files in bucket...
DEBUG | Tue Jul 28 20:59:04 IST 2020 : Setting UI for files in bucket...
DEBUG | Tue Jul 28 20:59:04 IST 2020 : Setting UI for files in bucket...
DEBUG | Tue Jul 28 20:59:05 IST 2020 : Setting UI for files in bucket...
DEBUG | Tue Jul 28 20:59:05 IST 2020 : Setting UI for files in bucket...
DEBUG | Tue Jul 28 20:59:06 IST 2020 : Setting UI for files in bucket...
DEBUG | Tue Jul 28 20:59:06 IST 2020 : Setting UI for files in bucket...
DEBUG | Tue Jul 28 20:59:07 IST 2020 : Setting UI for files in bucket...
DEBUG | Tue Jul 28 20:59:07 IST 2020 : Setting UI for files in bucket...
DEBUG | Tue Jul 28 20:59:08 IST 2020 : Setting UI for files in bucket...
DEBUG | Tue Jul 28 20:59:08 IST 2020 : Setting UI for files in bucket...
DEBUG | Tue Jul 28 20:59:09 IST 2020 : Setting UI for files in bucket...
DEBUG | Tue Jul 28 20:59:09 IST 2020 : Setting UI for files in bucket...
DEBUG | Tue Jul 28 20:59:10 IST 2020 : Setting UI for files in bucket...
DEBUG | Tue Jul 28 20:59:10 IST 2020 : Setting UI for files in bucket...
DEBUG | Tue Jul 28 20:59:11 IST 2020 : Setting UI for files in bucket...
DEBUG | Tue Jul 28 20:59:11 IST 2020 : Setting UI for files in bucket...
DEBUG | Tue Jul 28 20:59:12 IST 2020 : Setting UI for files in bucket...
DEBUG | Tue Jul 28 20:59:12 IST 2020 : Setting UI for files in bucket...
DEBUG | Tue Jul 28 20:59:13 IST 2020 : Setting UI for files in bucket...
DEBUG | Tue Jul 28 20:59:13 IST 2020 : Setting UI for files in bucket...
DEBUG | Tue Jul 28 20:59:14 IST 2020 : Setting UI for files in bucket...
DEBUG | Tue Jul 28 20:59:14 IST 2020 : Setting UI for files in bucket...
DEBUG | Tue Jul 28 20:59:15 IST 2020 : Setting UI for files in bucket...
DEBUG | Tue Jul 28 20:59:15 IST 2020 : Setting UI for files in bucket...
DEBUG | Tue Jul 28 20:59:16 IST 2020 : Setting UI for files in bucket...
DEBUG | Tue Jul 28 20:59:16 IST 2020 : Setting UI for files in bucket...
DEBUG | Tue Jul 28 20:59:17 IST 2020 : Setting UI for files in bucket...
DEBUG | Tue Jul 28 20:59:17 IST 2020 : Setting UI for files in bucket...
DEBUG | Tue Jul 28 20:59:18 IST 2020 : Setting UI for files in bucket...
DEBUG | Tue Jul 28 20:59:18 IST 2020 : Setting UI for files in bucket...
DEBUG | Tue Jul 28 20:59:19 IST 2020 : Setting UI for files in bucket...
DEBUG | Tue Jul 28 20:59:19 IST 2020 : Setting UI for files in bucket...
DEBUG | Tue Jul 28 20:59:20 IST 2020 : Setting UI for files in bucket...
DEBUG | Tue Jul 28 20:59:20 IST 2020 : Setting UI for files in bucket...
DEBUG | Tue Jul 28 20:59:21 IST 2020 : Setting UI for files in bucket...
DEBUG | Tue Jul 28 20:59:21 IST 2020 : Setting UI for files in bucket...
DEBUG | Tue Jul 28 20:59:22 IST 2020 : Setting UI for files in bucket...
DEBUG | Tue Jul 28 20:59:22 IST 2020 : Setting UI for files in bucket...
DEBUG | Tue Jul 28 20:59:23 IST 2020 : Setting UI for files in bucket...
DEBUG | Tue Jul 28 20:59:23 IST 2020 : Setting UI for files in bucket...
DEBUG | Tue Jul 28 20:59:24 IST 2020 : Setting UI for files in bucket...
DEBUG | Tue Jul 28 20:59:24 IST 2020 : Setting UI for files in bucket...
DEBUG | Tue Jul 28 20:59:25 IST 2020 : Setting UI for files in bucket...
DEBUG | Tue Jul 28 20:59:25 IST 2020 : Setting UI for files in bucket...
DEBUG | Tue Jul 28 20:59:26 IST 2020 : Setting UI for files in bucket...
DEBUG | Tue Jul 28 20:59:26 IST 2020 : Setting UI for files in bucket...
DEBUG | Tue Jul 28 20:59:27 IST 2020 : Setting UI for files in bucket...
DEBUG | Tue Jul 28 20:59:27 IST 2020 : Setting UI for files in bucket...
DEBUG | Tue Jul 28 20:59:28 IST 2020 : Setting UI for files in bucket...
DEBUG | Tue Jul 28 20:59:28 IST 2020 : Setting UI for files in bucket...
DEBUG | Tue Jul 28 20:59:29 IST 2020 : Setting UI for files in bucket...
DEBUG | Tue Jul 28 20:59:29 IST 2020 : Setting UI for files in bucket...
DEBUG | Tue Jul 28 20:59:30 IST 2020 : Setting UI for files in bucket...
DEBUG | Tue Jul 28 20:59:30 IST 2020 : Setting UI for files in bucket...
DEBUG | Tue Jul 28 20:59:31 IST 2020 : Setting UI for files in bucket...
DEBUG | Tue Jul 28 20:59:31 IST 2020 : Setting UI for files in bucket...
DEBUG | Tue Jul 28 20:59:32 IST 2020 : Setting UI for files in bucket...
DEBUG | Tue Jul 28 20:59:32 IST 2020 : Setting UI for files in bucket...
DEBUG | Tue Jul 28 20:59:33 IST 2020 : Setting UI for files in bucket...
DEBUG | Tue Jul 28 20:59:33 IST 2020 : Setting UI for files in bucket...
DEBUG | Tue Jul 28 20:59:34 IST 2020 : Setting UI for files in bucket...
DEBUG | Tue Jul 28 20:59:34 IST 2020 : Setting UI for files in bucket...
DEBUG | Tue Jul 28 20:59:35 IST 2020 : Setting UI for files in bucket...
DEBUG | Tue Jul 28 20:59:35 IST 2020 : Setting UI for files in bucket...
DEBUG | Tue Jul 28 20:59:36 IST 2020 : Setting UI for files in bucket...
DEBUG | Tue Jul 28 20:59:36 IST 2020 : Setting UI for files in bucket...
DEBUG | Tue Jul 28 20:59:37 IST 2020 : Setting UI for files in bucket...
DEBUG | Tue Jul 28 20:59:37 IST 2020 : Setting UI for files in bucket...
DEBUG | Tue Jul 28 20:59:38 IST 2020 : Setting UI for files in bucket...
DEBUG | Tue Jul 28 20:59:38 IST 2020 : Setting UI for files in bucket...
DEBUG | Tue Jul 28 20:59:39 IST 2020 : Setting UI for files in bucket...
DEBUG | Tue Jul 28 20:59:39 IST 2020 : Setting UI for files in bucket...
DEBUG | Tue Jul 28 20:59:40 IST 2020 : Setting UI for files in bucket...
DEBUG | Tue Jul 28 20:59:40 IST 2020 : Setting UI for files in bucket...
DEBUG | Tue Jul 28 20:59:41 IST 2020 : Setting UI for files in bucket...
DEBUG | Tue Jul 28 20:59:41 IST 2020 : Setting UI for files in bucket...
DEBUG | Tue Jul 28 20:59:42 IST 2020 : Setting UI for files in bucket...
DEBUG | Tue Jul 28 20:59:42 IST 2020 : Setting UI for files in bucket...
DEBUG | Tue Jul 28 20:59:43 IST 2020 : Setting UI for files in bucket...
DEBUG | Tue Jul 28 20:59:43 IST 2020 : Setting UI for files in bucket...
DEBUG | Tue Jul 28 20:59:44 IST 2020 : Setting UI for files in bucket...
DEBUG | Tue Jul 28 20:59:44 IST 2020 : Setting UI for files in bucket...
DEBUG | Tue Jul 28 20:59:45 IST 2020 : Setting UI for files in bucket...
DEBUG | Tue Jul 28 20:59:45 IST 2020 : Setting UI for files in bucket...
DEBUG | Tue Jul 28 20:59:46 IST 2020 : Setting UI for files in bucket...
DEBUG | Tue Jul 28 20:59:46 IST 2020 : Setting UI for files in bucket...
DEBUG | Tue Jul 28 20:59:47 IST 2020 : Setting UI for files in bucket...
DEBUG | Tue Jul 28 20:59:47 IST 2020 : Setting UI for files in bucket...
DEBUG | Tue Jul 28 20:59:48 IST 2020 : Setting UI for files in bucket...
DEBUG | Tue Jul 28 20:59:48 IST 2020 : Setting UI for files in bucket...
DEBUG | Tue Jul 28 20:59:49 IST 2020 : Setting UI for files in bucket...
DEBUG | Tue Jul 28 20:59:49 IST 2020 : Setting UI for files in bucket...
DEBUG | Tue Jul 28 20:59:50 IST 2020 : Setting UI for files in bucket...
DEBUG | Tue Jul 28 20:59:50 IST 2020 : Setting UI for files in bucket...
DEBUG | Tue Jul 28 20:59:51 IST 2020 : Setting UI for files in bucket...
DEBUG | Tue Jul 28 20:59:51 IST 2020 : Setting UI for files in bucket...
DEBUG | Tue Jul 28 20:59:52 IST 2020 : Setting UI for files in bucket...
DEBUG | Tue Jul 28 20:59:52 IST 2020 : Setting UI for files in bucket...
DEBUG | Tue Jul 28 20:59:53 IST 2020 : Setting UI for files in bucket...
DEBUG | Tue Jul 28 20:59:53 IST 2020 : Setting UI for files in bucket...
DEBUG | Tue Jul 28 20:59:54 IST 2020 : Setting UI for files in bucket...
DEBUG | Tue Jul 28 20:59:54 IST 2020 : Setting UI for files in bucket...
DEBUG | Tue Jul 28 20:59:55 IST 2020 : Setting UI for files in bucket...
DEBUG | Tue Jul 28 20:59:55 IST 2020 : Setting UI for files in bucket...
DEBUG | Tue Jul 28 20:59:56 IST 2020 : Setting UI for files in bucket...
DEBUG | Tue Jul 28 20:59:56 IST 2020 : Setting UI for files in bucket...
DEBUG | Tue Jul 28 20:59:57 IST 2020 : Setting UI for files in bucket...
DEBUG | Tue Jul 28 20:59:57 IST 2020 : Setting UI for files in bucket...
DEBUG | Tue Jul 28 20:59:58 IST 2020 : Setting UI for files in bucket...
DEBUG | Tue Jul 28 20:59:58 IST 2020 : Setting UI for files in bucket...
DEBUG | Tue Jul 28 20:59:59 IST 2020 : Setting UI for files in bucket...
DEBUG | Tue Jul 28 20:59:59 IST 2020 : Setting UI for files in bucket...
DEBUG | Tue Jul 28 21:00:00 IST 2020 : Setting UI for files in bucket...
DEBUG | Tue Jul 28 21:00:00 IST 2020 : Setting UI for files in bucket...
DEBUG | Tue Jul 28 21:00:01 IST 2020 : Setting UI for files in bucket...
DEBUG | Tue Jul 28 21:00:01 IST 2020 : Setting UI for files in bucket...
DEBUG | Tue Jul 28 21:00:02 IST 2020 : Setting UI for files in bucket...
DEBUG | Tue Jul 28 21:00:02 IST 2020 : Setting UI for files in bucket...
DEBUG | Tue Jul 28 21:00:03 IST 2020 : Setting UI for files in bucket...
DEBUG | Tue Jul 28 21:00:03 IST 2020 : Setting UI for files in bucket...
DEBUG | Tue Jul 28 21:00:04 IST 2020 : Setting UI for files in bucket...
DEBUG | Tue Jul 28 21:00:04 IST 2020 : Setting UI for files in bucket...
DEBUG | Tue Jul 28 21:00:05 IST 2020 : Setting UI for files in bucket...
DEBUG | Tue Jul 28 21:00:05 IST 2020 : Setting UI for files in bucket...
DEBUG | Tue Jul 28 21:00:06 IST 2020 : Setting UI for files in bucket...
DEBUG | Tue Jul 28 21:00:06 IST 2020 : Setting UI for files in bucket...
DEBUG | Tue Jul 28 21:00:07 IST 2020 : Setting UI for files in bucket...
DEBUG | Tue Jul 28 21:00:07 IST 2020 : Setting UI for files in bucket...
DEBUG | Tue Jul 28 21:00:08 IST 2020 : Setting UI for files in bucket...
DEBUG | Tue Jul 28 21:00:08 IST 2020 : Setting UI for files in bucket...
DEBUG | Tue Jul 28 21:00:09 IST 2020 : Setting UI for files in bucket...
DEBUG | Tue Jul 28 21:00:09 IST 2020 : Setting UI for files in bucket...
DEBUG | Tue Jul 28 21:00:10 IST 2020 : Setting UI for files in bucket...
DEBUG | Tue Jul 28 21:00:10 IST 2020 : Setting UI for files in bucket...
DEBUG | Tue Jul 28 21:00:11 IST 2020 : Setting UI for files in bucket...
DEBUG | Tue Jul 28 21:00:11 IST 2020 : Setting UI for files in bucket...
DEBUG | Tue Jul 28 21:00:12 IST 2020 : Setting UI for files in bucket...
DEBUG | Tue Jul 28 21:00:12 IST 2020 : Setting UI for files in bucket...
DEBUG | Tue Jul 28 21:00:13 IST 2020 : Setting UI for files in bucket...
DEBUG | Tue Jul 28 21:00:13 IST 2020 : Setting UI for files in bucket...
DEBUG | Tue Jul 28 21:00:14 IST 2020 : Setting UI for files in bucket...
DEBUG | Tue Jul 28 21:00:14 IST 2020 : Setting UI for files in bucket...
DEBUG | Tue Jul 28 21:00:15 IST 2020 : Setting UI for files in bucket...
DEBUG | Tue Jul 28 21:00:15 IST 2020 : Setting UI for files in bucket...
DEBUG | Tue Jul 28 21:00:16 IST 2020 : Setting UI for files in bucket...
DEBUG | Tue Jul 28 21:00:16 IST 2020 : Setting UI for files in bucket...
DEBUG | Tue Jul 28 21:00:17 IST 2020 : Setting UI for files in bucket...
DEBUG | Tue Jul 28 21:00:17 IST 2020 : Setting UI for files in bucket...
DEBUG | Tue Jul 28 21:00:18 IST 2020 : Setting UI for files in bucket...
DEBUG | Tue Jul 28 21:00:18 IST 2020 : Setting UI for files in bucket...
DEBUG | Tue Jul 28 21:00:19 IST 2020 : Setting UI for files in bucket...
DEBUG | Tue Jul 28 21:00:19 IST 2020 : Setting UI for files in bucket...
DEBUG | Tue Jul 28 21:00:20 IST 2020 : Setting UI for files in bucket...
DEBUG | Tue Jul 28 21:00:20 IST 2020 : Setting UI for files in bucket...
DEBUG | Tue Jul 28 21:00:21 IST 2020 : Setting UI for files in bucket...
DEBUG | Tue Jul 28 21:00:21 IST 2020 : Setting UI for files in bucket...
DEBUG | Tue Jul 28 21:00:22 IST 2020 : Setting UI for files in bucket...
DEBUG | Tue Jul 28 21:00:22 IST 2020 : Setting UI for files in bucket...
DEBUG | Tue Jul 28 21:00:23 IST 2020 : Setting UI for files in bucket...
DEBUG | Tue Jul 28 21:00:23 IST 2020 : Setting UI for files in bucket...
DEBUG | Tue Jul 28 21:00:24 IST 2020 : Setting UI for files in bucket...
DEBUG | Tue Jul 28 21:00:24 IST 2020 : Setting UI for files in bucket...
DEBUG | Tue Jul 28 21:00:25 IST 2020 : Setting UI for files in bucket...
DEBUG | Tue Jul 28 21:00:25 IST 2020 : Setting UI for files in bucket...
DEBUG | Tue Jul 28 21:00:26 IST 2020 : Setting UI for files in bucket...
DEBUG | Tue Jul 28 21:00:26 IST 2020 : Setting UI for files in bucket...
DEBUG | Tue Jul 28 21:00:27 IST 2020 : Setting UI for files in bucket...
DEBUG | Tue Jul 28 21:00:27 IST 2020 : Setting UI for files in bucket...
DEBUG | Tue Jul 28 21:00:28 IST 2020 : Setting UI for files in bucket...
DEBUG | Tue Jul 28 21:00:28 IST 2020 : Setting UI for files in bucket...
DEBUG | Tue Jul 28 21:00:29 IST 2020 : Setting UI for files in bucket...
DEBUG | Tue Jul 28 21:00:29 IST 2020 : Setting UI for files in bucket...
DEBUG | Tue Jul 28 21:00:30 IST 2020 : Setting UI for files in bucket...
