Session Id: 20207-140458
DEBUG | Sat Jul 25 14:04:58 IST 2020 : Services initiated
DEBUG | Sat Jul 25 14:05:12 IST 2020 : Setting UI for files in bucket...
INFO  | Sat Jul 25 14:05:20 IST 2020 : Files with same names (but not same hash) found. Will show overwrite strategy dialog.
DEBUG | Sat Jul 25 14:05:21 IST 2020 : Setting UI for files in bucket...
DEBUG | Sat Jul 25 14:05:21 IST 2020 : Setting UI for files in bucket...
DEBUG | Sat Jul 25 14:05:22 IST 2020 : Setting UI for files in bucket...
DEBUG | Sat Jul 25 14:05:22 IST 2020 : Setting UI for files in bucket...
DEBUG | Sat Jul 25 14:05:23 IST 2020 : Setting UI for files in bucket...
DEBUG | Sat Jul 25 14:05:23 IST 2020 : Setting UI for files in bucket...
DEBUG | Sat Jul 25 14:05:24 IST 2020 : Setting UI for files in bucket...
DEBUG | Sat Jul 25 14:05:24 IST 2020 : Setting UI for files in bucket...
DEBUG | Sat Jul 25 14:05:25 IST 2020 : Setting UI for files in bucket...
DEBUG | Sat Jul 25 14:05:25 IST 2020 : Setting UI for files in bucket...
DEBUG | Sat Jul 25 14:05:26 IST 2020 : Setting UI for files in bucket...
DEBUG | Sat Jul 25 14:05:26 IST 2020 : Setting UI for files in bucket...
DEBUG | Sat Jul 25 14:05:27 IST 2020 : Setting UI for files in bucket...
DEBUG | Sat Jul 25 14:05:27 IST 2020 : Setting UI for files in bucket...
DEBUG | Sat Jul 25 14:05:28 IST 2020 : Setting UI for files in bucket...
DEBUG | Sat Jul 25 14:05:28 IST 2020 : Setting UI for files in bucket...
DEBUG | Sat Jul 25 14:05:29 IST 2020 : Setting UI for files in bucket...
DEBUG | Sat Jul 25 14:05:29 IST 2020 : Setting UI for files in bucket...
DEBUG | Sat Jul 25 14:05:30 IST 2020 : Setting UI for files in bucket...
DEBUG | Sat Jul 25 14:05:30 IST 2020 : Setting UI for files in bucket...
DEBUG | Sat Jul 25 14:05:31 IST 2020 : Setting UI for files in bucket...
DEBUG | Sat Jul 25 14:05:31 IST 2020 : Setting UI for files in bucket...
DEBUG | Sat Jul 25 14:05:32 IST 2020 : Setting UI for files in bucket...
DEBUG | Sat Jul 25 14:05:32 IST 2020 : Setting UI for files in bucket...
DEBUG | Sat Jul 25 14:05:33 IST 2020 : Setting UI for files in bucket...
DEBUG | Sat Jul 25 14:05:33 IST 2020 : Setting UI for files in bucket...
DEBUG | Sat Jul 25 14:05:34 IST 2020 : Setting UI for files in bucket...
DEBUG | Sat Jul 25 14:05:35 IST 2020 : Setting UI for files in bucket...
DEBUG | Sat Jul 25 14:05:35 IST 2020 : Setting UI for files in bucket...
DEBUG | Sat Jul 25 14:05:36 IST 2020 : Setting UI for files in bucket...
DEBUG | Sat Jul 25 14:05:36 IST 2020 : Setting UI for files in bucket...
DEBUG | Sat Jul 25 14:05:37 IST 2020 : Setting UI for files in bucket...
DEBUG | Sat Jul 25 14:05:37 IST 2020 : Setting UI for files in bucket...
DEBUG | Sat Jul 25 14:05:38 IST 2020 : Setting UI for files in bucket...
DEBUG | Sat Jul 25 14:05:38 IST 2020 : Setting UI for files in bucket...
DEBUG | Sat Jul 25 14:05:39 IST 2020 : Setting UI for files in bucket...
DEBUG | Sat Jul 25 14:05:39 IST 2020 : Setting UI for files in bucket...
DEBUG | Sat Jul 25 14:05:40 IST 2020 : Setting UI for files in bucket...
DEBUG | Sat Jul 25 14:05:40 IST 2020 : Setting UI for files in bucket...
DEBUG | Sat Jul 25 14:05:41 IST 2020 : Setting UI for files in bucket...
DEBUG | Sat Jul 25 14:05:41 IST 2020 : Setting UI for files in bucket...
DEBUG | Sat Jul 25 14:05:42 IST 2020 : Setting UI for files in bucket...
DEBUG | Sat Jul 25 14:05:42 IST 2020 : Setting UI for files in bucket...
DEBUG | Sat Jul 25 14:05:43 IST 2020 : Setting UI for files in bucket...
DEBUG | Sat Jul 25 14:05:43 IST 2020 : Setting UI for files in bucket...
DEBUG | Sat Jul 25 14:05:44 IST 2020 : Setting UI for files in bucket...
DEBUG | Sat Jul 25 14:05:44 IST 2020 : Setting UI for files in bucket...
DEBUG | Sat Jul 25 14:05:45 IST 2020 : Setting UI for files in bucket...
DEBUG | Sat Jul 25 14:05:45 IST 2020 : Setting UI for files in bucket...
DEBUG | Sat Jul 25 14:05:46 IST 2020 : Setting UI for files in bucket...
DEBUG | Sat Jul 25 14:05:46 IST 2020 : Setting UI for files in bucket...
DEBUG | Sat Jul 25 14:05:47 IST 2020 : Setting UI for files in bucket...
DEBUG | Sat Jul 25 14:05:47 IST 2020 : Setting UI for files in bucket...
DEBUG | Sat Jul 25 14:05:48 IST 2020 : Setting UI for files in bucket...
DEBUG | Sat Jul 25 14:05:48 IST 2020 : Setting UI for files in bucket...
DEBUG | Sat Jul 25 14:05:49 IST 2020 : Setting UI for files in bucket...
DEBUG | Sat Jul 25 14:05:49 IST 2020 : Setting UI for files in bucket...
DEBUG | Sat Jul 25 14:05:50 IST 2020 : Setting UI for files in bucket...
DEBUG | Sat Jul 25 14:05:50 IST 2020 : Setting UI for files in bucket...
DEBUG | Sat Jul 25 14:05:51 IST 2020 : Setting UI for files in bucket...
DEBUG | Sat Jul 25 14:05:51 IST 2020 : Setting UI for files in bucket...
DEBUG | Sat Jul 25 14:05:52 IST 2020 : Setting UI for files in bucket...
DEBUG | Sat Jul 25 14:05:53 IST 2020 : Setting UI for files in bucket...
DEBUG | Sat Jul 25 14:05:53 IST 2020 : Setting UI for files in bucket...
DEBUG | Sat Jul 25 14:05:54 IST 2020 : Setting UI for files in bucket...
DEBUG | Sat Jul 25 14:05:54 IST 2020 : Setting UI for files in bucket...
DEBUG | Sat Jul 25 14:05:55 IST 2020 : Setting UI for files in bucket...
DEBUG | Sat Jul 25 14:05:55 IST 2020 : Setting UI for files in bucket...
DEBUG | Sat Jul 25 14:05:56 IST 2020 : Setting UI for files in bucket...
DEBUG | Sat Jul 25 14:05:56 IST 2020 : Setting UI for files in bucket...
DEBUG | Sat Jul 25 14:05:57 IST 2020 : Setting UI for files in bucket...
DEBUG | Sat Jul 25 14:05:57 IST 2020 : Setting UI for files in bucket...
DEBUG | Sat Jul 25 14:05:58 IST 2020 : Setting UI for files in bucket...
DEBUG | Sat Jul 25 14:05:58 IST 2020 : Setting UI for files in bucket...
DEBUG | Sat Jul 25 14:05:59 IST 2020 : Setting UI for files in bucket...
DEBUG | Sat Jul 25 14:05:59 IST 2020 : Setting UI for files in bucket...
DEBUG | Sat Jul 25 14:06:00 IST 2020 : Setting UI for files in bucket...
DEBUG | Sat Jul 25 14:06:00 IST 2020 : Setting UI for files in bucket...
DEBUG | Sat Jul 25 14:06:01 IST 2020 : Setting UI for files in bucket...
DEBUG | Sat Jul 25 14:06:01 IST 2020 : Setting UI for files in bucket...
DEBUG | Sat Jul 25 14:06:02 IST 2020 : Setting UI for files in bucket...
DEBUG | Sat Jul 25 14:06:02 IST 2020 : Setting UI for files in bucket...
DEBUG | Sat Jul 25 14:06:03 IST 2020 : Setting UI for files in bucket...
DEBUG | Sat Jul 25 14:06:03 IST 2020 : Setting UI for files in bucket...
DEBUG | Sat Jul 25 14:06:04 IST 2020 : Setting UI for files in bucket...
DEBUG | Sat Jul 25 14:06:04 IST 2020 : Setting UI for files in bucket...
DEBUG | Sat Jul 25 14:06:05 IST 2020 : Setting UI for files in bucket...
DEBUG | Sat Jul 25 14:06:05 IST 2020 : Setting UI for files in bucket...
DEBUG | Sat Jul 25 14:06:06 IST 2020 : Setting UI for files in bucket...
DEBUG | Sat Jul 25 14:06:06 IST 2020 : Setting UI for files in bucket...
DEBUG | Sat Jul 25 14:06:07 IST 2020 : Setting UI for files in bucket...
DEBUG | Sat Jul 25 14:06:07 IST 2020 : Setting UI for files in bucket...
DEBUG | Sat Jul 25 14:06:08 IST 2020 : Setting UI for files in bucket...
DEBUG | Sat Jul 25 14:06:08 IST 2020 : Setting UI for files in bucket...
DEBUG | Sat Jul 25 14:06:09 IST 2020 : Setting UI for files in bucket...
DEBUG | Sat Jul 25 14:06:10 IST 2020 : Setting UI for files in bucket...
DEBUG | Sat Jul 25 14:06:10 IST 2020 : Setting UI for files in bucket...
DEBUG | Sat Jul 25 14:06:11 IST 2020 : Setting UI for files in bucket...
DEBUG | Sat Jul 25 14:06:11 IST 2020 : Setting UI for files in bucket...
DEBUG | Sat Jul 25 14:06:12 IST 2020 : Setting UI for files in bucket...
DEBUG | Sat Jul 25 14:06:12 IST 2020 : Setting UI for files in bucket...
DEBUG | Sat Jul 25 14:06:13 IST 2020 : Setting UI for files in bucket...
DEBUG | Sat Jul 25 14:06:13 IST 2020 : Setting UI for files in bucket...
DEBUG | Sat Jul 25 14:06:14 IST 2020 : Setting UI for files in bucket...
DEBUG | Sat Jul 25 14:06:14 IST 2020 : Setting UI for files in bucket...
DEBUG | Sat Jul 25 14:06:15 IST 2020 : Setting UI for files in bucket...
DEBUG | Sat Jul 25 14:06:15 IST 2020 : Setting UI for files in bucket...
DEBUG | Sat Jul 25 14:06:16 IST 2020 : Setting UI for files in bucket...
DEBUG | Sat Jul 25 14:06:16 IST 2020 : Setting UI for files in bucket...
DEBUG | Sat Jul 25 14:06:17 IST 2020 : Setting UI for files in bucket...
DEBUG | Sat Jul 25 14:06:17 IST 2020 : Setting UI for files in bucket...
DEBUG | Sat Jul 25 14:06:18 IST 2020 : Setting UI for files in bucket...
DEBUG | Sat Jul 25 14:06:18 IST 2020 : Setting UI for files in bucket...
DEBUG | Sat Jul 25 14:06:19 IST 2020 : Setting UI for files in bucket...
DEBUG | Sat Jul 25 14:06:19 IST 2020 : Setting UI for files in bucket...
DEBUG | Sat Jul 25 14:06:20 IST 2020 : Setting UI for files in bucket...
DEBUG | Sat Jul 25 14:06:20 IST 2020 : Setting UI for files in bucket...
DEBUG | Sat Jul 25 14:06:21 IST 2020 : Setting UI for files in bucket...
DEBUG | Sat Jul 25 14:06:21 IST 2020 : Setting UI for files in bucket...
DEBUG | Sat Jul 25 14:06:22 IST 2020 : Setting UI for files in bucket...
DEBUG | Sat Jul 25 14:06:22 IST 2020 : Setting UI for files in bucket...
DEBUG | Sat Jul 25 14:06:23 IST 2020 : Setting UI for files in bucket...
DEBUG | Sat Jul 25 14:06:23 IST 2020 : Setting UI for files in bucket...
DEBUG | Sat Jul 25 14:06:24 IST 2020 : Setting UI for files in bucket...
DEBUG | Sat Jul 25 14:06:24 IST 2020 : Setting UI for files in bucket...
DEBUG | Sat Jul 25 14:06:25 IST 2020 : Setting UI for files in bucket...
DEBUG | Sat Jul 25 14:06:25 IST 2020 : Setting UI for files in bucket...
DEBUG | Sat Jul 25 14:06:26 IST 2020 : Setting UI for files in bucket...
DEBUG | Sat Jul 25 14:06:27 IST 2020 : Setting UI for files in bucket...
DEBUG | Sat Jul 25 14:06:27 IST 2020 : Setting UI for files in bucket...
DEBUG | Sat Jul 25 14:06:28 IST 2020 : Setting UI for files in bucket...
DEBUG | Sat Jul 25 14:06:28 IST 2020 : Setting UI for files in bucket...
DEBUG | Sat Jul 25 14:06:29 IST 2020 : Setting UI for files in bucket...
DEBUG | Sat Jul 25 14:06:29 IST 2020 : Setting UI for files in bucket...
DEBUG | Sat Jul 25 14:06:30 IST 2020 : Setting UI for files in bucket...
DEBUG | Sat Jul 25 14:06:30 IST 2020 : Setting UI for files in bucket...
DEBUG | Sat Jul 25 14:06:31 IST 2020 : Setting UI for files in bucket...
DEBUG | Sat Jul 25 14:06:31 IST 2020 : Setting UI for files in bucket...
DEBUG | Sat Jul 25 14:06:32 IST 2020 : Setting UI for files in bucket...
DEBUG | Sat Jul 25 14:06:32 IST 2020 : Setting UI for files in bucket...
DEBUG | Sat Jul 25 14:06:33 IST 2020 : Setting UI for files in bucket...
DEBUG | Sat Jul 25 14:06:33 IST 2020 : Setting UI for files in bucket...
DEBUG | Sat Jul 25 14:06:34 IST 2020 : Setting UI for files in bucket...
DEBUG | Sat Jul 25 14:06:34 IST 2020 : Setting UI for files in bucket...
DEBUG | Sat Jul 25 14:06:35 IST 2020 : Setting UI for files in bucket...
DEBUG | Sat Jul 25 14:06:35 IST 2020 : Setting UI for files in bucket...
DEBUG | Sat Jul 25 14:06:36 IST 2020 : Setting UI for files in bucket...
DEBUG | Sat Jul 25 14:06:36 IST 2020 : Setting UI for files in bucket...
DEBUG | Sat Jul 25 14:06:37 IST 2020 : Setting UI for files in bucket...
DEBUG | Sat Jul 25 14:06:37 IST 2020 : Setting UI for files in bucket...
DEBUG | Sat Jul 25 14:06:38 IST 2020 : Setting UI for files in bucket...
DEBUG | Sat Jul 25 14:06:38 IST 2020 : Setting UI for files in bucket...
DEBUG | Sat Jul 25 14:06:39 IST 2020 : Setting UI for files in bucket...
DEBUG | Sat Jul 25 14:06:39 IST 2020 : Setting UI for files in bucket...
DEBUG | Sat Jul 25 14:06:40 IST 2020 : Setting UI for files in bucket...
DEBUG | Sat Jul 25 14:06:40 IST 2020 : Setting UI for files in bucket...
DEBUG | Sat Jul 25 14:06:41 IST 2020 : Setting UI for files in bucket...
DEBUG | Sat Jul 25 14:06:41 IST 2020 : Setting UI for files in bucket...
DEBUG | Sat Jul 25 14:06:42 IST 2020 : Setting UI for files in bucket...
DEBUG | Sat Jul 25 14:06:42 IST 2020 : Setting UI for files in bucket...
DEBUG | Sat Jul 25 14:06:43 IST 2020 : Setting UI for files in bucket...
DEBUG | Sat Jul 25 14:06:43 IST 2020 : Setting UI for files in bucket...
DEBUG | Sat Jul 25 14:06:44 IST 2020 : Setting UI for files in bucket...
DEBUG | Sat Jul 25 14:06:45 IST 2020 : Setting UI for files in bucket...
DEBUG | Sat Jul 25 14:06:45 IST 2020 : Setting UI for files in bucket...
DEBUG | Sat Jul 25 14:06:46 IST 2020 : Setting UI for files in bucket...
DEBUG | Sat Jul 25 14:06:46 IST 2020 : Setting UI for files in bucket...
DEBUG | Sat Jul 25 14:06:47 IST 2020 : Setting UI for files in bucket...
DEBUG | Sat Jul 25 14:06:47 IST 2020 : Setting UI for files in bucket...
DEBUG | Sat Jul 25 14:06:48 IST 2020 : Setting UI for files in bucket...
DEBUG | Sat Jul 25 14:06:48 IST 2020 : Setting UI for files in bucket...
DEBUG | Sat Jul 25 14:06:49 IST 2020 : Setting UI for files in bucket...
DEBUG | Sat Jul 25 14:06:49 IST 2020 : Setting UI for files in bucket...
DEBUG | Sat Jul 25 14:06:50 IST 2020 : Setting UI for files in bucket...
DEBUG | Sat Jul 25 14:06:50 IST 2020 : Setting UI for files in bucket...
DEBUG | Sat Jul 25 14:06:51 IST 2020 : Setting UI for files in bucket...
DEBUG | Sat Jul 25 14:06:51 IST 2020 : Setting UI for files in bucket...
DEBUG | Sat Jul 25 14:06:52 IST 2020 : Setting UI for files in bucket...
DEBUG | Sat Jul 25 14:06:52 IST 2020 : Setting UI for files in bucket...
DEBUG | Sat Jul 25 14:06:53 IST 2020 : Setting UI for files in bucket...
DEBUG | Sat Jul 25 14:06:53 IST 2020 : Setting UI for files in bucket...
DEBUG | Sat Jul 25 14:06:54 IST 2020 : Setting UI for files in bucket...
DEBUG | Sat Jul 25 14:06:54 IST 2020 : Setting UI for files in bucket...
DEBUG | Sat Jul 25 14:06:55 IST 2020 : Setting UI for files in bucket...
DEBUG | Sat Jul 25 14:06:55 IST 2020 : Setting UI for files in bucket...
DEBUG | Sat Jul 25 14:06:56 IST 2020 : Setting UI for files in bucket...
DEBUG | Sat Jul 25 14:06:56 IST 2020 : Setting UI for files in bucket...
DEBUG | Sat Jul 25 14:06:57 IST 2020 : Setting UI for files in bucket...
DEBUG | Sat Jul 25 14:06:57 IST 2020 : Setting UI for files in bucket...
DEBUG | Sat Jul 25 14:06:58 IST 2020 : Setting UI for files in bucket...
DEBUG | Sat Jul 25 14:06:58 IST 2020 : Setting UI for files in bucket...
DEBUG | Sat Jul 25 14:06:59 IST 2020 : Setting UI for files in bucket...
DEBUG | Sat Jul 25 14:06:59 IST 2020 : Setting UI for files in bucket...
DEBUG | Sat Jul 25 14:07:00 IST 2020 : Setting UI for files in bucket...
DEBUG | Sat Jul 25 14:07:00 IST 2020 : Setting UI for files in bucket...
DEBUG | Sat Jul 25 14:07:01 IST 2020 : Setting UI for files in bucket...
DEBUG | Sat Jul 25 14:07:02 IST 2020 : Setting UI for files in bucket...
DEBUG | Sat Jul 25 14:07:02 IST 2020 : Setting UI for files in bucket...
DEBUG | Sat Jul 25 14:07:03 IST 2020 : Setting UI for files in bucket...
DEBUG | Sat Jul 25 14:07:03 IST 2020 : Setting UI for files in bucket...
DEBUG | Sat Jul 25 14:07:04 IST 2020 : Setting UI for files in bucket...
DEBUG | Sat Jul 25 14:07:04 IST 2020 : Setting UI for files in bucket...
DEBUG | Sat Jul 25 14:07:05 IST 2020 : Setting UI for files in bucket...
DEBUG | Sat Jul 25 14:07:05 IST 2020 : Setting UI for files in bucket...
DEBUG | Sat Jul 25 14:07:06 IST 2020 : Setting UI for files in bucket...
DEBUG | Sat Jul 25 14:07:06 IST 2020 : Setting UI for files in bucket...
DEBUG | Sat Jul 25 14:07:07 IST 2020 : Setting UI for files in bucket...
DEBUG | Sat Jul 25 14:07:07 IST 2020 : Setting UI for files in bucket...
DEBUG | Sat Jul 25 14:07:08 IST 2020 : Setting UI for files in bucket...
DEBUG | Sat Jul 25 14:07:08 IST 2020 : Setting UI for files in bucket...
DEBUG | Sat Jul 25 14:07:09 IST 2020 : Setting UI for files in bucket...
DEBUG | Sat Jul 25 14:07:09 IST 2020 : Setting UI for files in bucket...
DEBUG | Sat Jul 25 14:07:10 IST 2020 : Setting UI for files in bucket...
DEBUG | Sat Jul 25 14:07:10 IST 2020 : Setting UI for files in bucket...
DEBUG | Sat Jul 25 14:07:11 IST 2020 : Setting UI for files in bucket...
DEBUG | Sat Jul 25 14:07:11 IST 2020 : Setting UI for files in bucket...
DEBUG | Sat Jul 25 14:07:12 IST 2020 : Setting UI for files in bucket...
DEBUG | Sat Jul 25 14:07:12 IST 2020 : Setting UI for files in bucket...
DEBUG | Sat Jul 25 14:07:13 IST 2020 : Setting UI for files in bucket...
DEBUG | Sat Jul 25 14:07:13 IST 2020 : Setting UI for files in bucket...
DEBUG | Sat Jul 25 14:07:14 IST 2020 : Setting UI for files in bucket...
DEBUG | Sat Jul 25 14:07:14 IST 2020 : Setting UI for files in bucket...
DEBUG | Sat Jul 25 14:07:15 IST 2020 : Setting UI for files in bucket...
DEBUG | Sat Jul 25 14:07:15 IST 2020 : Setting UI for files in bucket...
DEBUG | Sat Jul 25 14:07:16 IST 2020 : Setting UI for files in bucket...
DEBUG | Sat Jul 25 14:07:16 IST 2020 : Setting UI for files in bucket...
DEBUG | Sat Jul 25 14:07:17 IST 2020 : Setting UI for files in bucket...
DEBUG | Sat Jul 25 14:07:17 IST 2020 : Setting UI for files in bucket...
DEBUG | Sat Jul 25 14:07:18 IST 2020 : Setting UI for files in bucket...
DEBUG | Sat Jul 25 14:07:18 IST 2020 : Setting UI for files in bucket...
DEBUG | Sat Jul 25 14:07:19 IST 2020 : Setting UI for files in bucket...
DEBUG | Sat Jul 25 14:07:20 IST 2020 : Setting UI for files in bucket...
DEBUG | Sat Jul 25 14:07:20 IST 2020 : Setting UI for files in bucket...
DEBUG | Sat Jul 25 14:07:21 IST 2020 : Setting UI for files in bucket...
DEBUG | Sat Jul 25 14:07:21 IST 2020 : Setting UI for files in bucket...
DEBUG | Sat Jul 25 14:07:22 IST 2020 : Setting UI for files in bucket...
DEBUG | Sat Jul 25 14:07:22 IST 2020 : Setting UI for files in bucket...
DEBUG | Sat Jul 25 14:07:23 IST 2020 : Setting UI for files in bucket...
DEBUG | Sat Jul 25 14:07:23 IST 2020 : Setting UI for files in bucket...
DEBUG | Sat Jul 25 14:07:24 IST 2020 : Setting UI for files in bucket...
DEBUG | Sat Jul 25 14:07:24 IST 2020 : Setting UI for files in bucket...
DEBUG | Sat Jul 25 14:07:25 IST 2020 : Setting UI for files in bucket...
DEBUG | Sat Jul 25 14:07:25 IST 2020 : Setting UI for files in bucket...
DEBUG | Sat Jul 25 14:07:26 IST 2020 : Setting UI for files in bucket...
DEBUG | Sat Jul 25 14:07:26 IST 2020 : Setting UI for files in bucket...
DEBUG | Sat Jul 25 14:07:27 IST 2020 : Setting UI for files in bucket...
DEBUG | Sat Jul 25 14:07:27 IST 2020 : Setting UI for files in bucket...
DEBUG | Sat Jul 25 14:07:28 IST 2020 : Setting UI for files in bucket...
DEBUG | Sat Jul 25 14:07:28 IST 2020 : Setting UI for files in bucket...
DEBUG | Sat Jul 25 14:07:29 IST 2020 : Setting UI for files in bucket...
DEBUG | Sat Jul 25 14:07:29 IST 2020 : Setting UI for files in bucket...
DEBUG | Sat Jul 25 14:07:30 IST 2020 : Setting UI for files in bucket...
DEBUG | Sat Jul 25 14:07:30 IST 2020 : Setting UI for files in bucket...
DEBUG | Sat Jul 25 14:07:31 IST 2020 : Setting UI for files in bucket...
DEBUG | Sat Jul 25 14:07:31 IST 2020 : Setting UI for files in bucket...
DEBUG | Sat Jul 25 14:07:32 IST 2020 : Setting UI for files in bucket...
DEBUG | Sat Jul 25 14:07:32 IST 2020 : Setting UI for files in bucket...
DEBUG | Sat Jul 25 14:07:33 IST 2020 : Setting UI for files in bucket...
DEBUG | Sat Jul 25 14:07:33 IST 2020 : Setting UI for files in bucket...
DEBUG | Sat Jul 25 14:07:34 IST 2020 : Setting UI for files in bucket...
DEBUG | Sat Jul 25 14:07:34 IST 2020 : Setting UI for files in bucket...
DEBUG | Sat Jul 25 14:07:35 IST 2020 : Setting UI for files in bucket...
DEBUG | Sat Jul 25 14:07:35 IST 2020 : Setting UI for files in bucket...
DEBUG | Sat Jul 25 14:07:36 IST 2020 : Setting UI for files in bucket...
DEBUG | Sat Jul 25 14:07:37 IST 2020 : Setting UI for files in bucket...
DEBUG | Sat Jul 25 14:07:37 IST 2020 : Setting UI for files in bucket...
DEBUG | Sat Jul 25 14:07:38 IST 2020 : Setting UI for files in bucket...
DEBUG | Sat Jul 25 14:07:38 IST 2020 : Setting UI for files in bucket...
DEBUG | Sat Jul 25 14:07:39 IST 2020 : Setting UI for files in bucket...
DEBUG | Sat Jul 25 14:07:39 IST 2020 : Setting UI for files in bucket...
DEBUG | Sat Jul 25 14:07:40 IST 2020 : Setting UI for files in bucket...
DEBUG | Sat Jul 25 14:07:40 IST 2020 : Setting UI for files in bucket...
DEBUG | Sat Jul 25 14:07:41 IST 2020 : Setting UI for files in bucket...
DEBUG | Sat Jul 25 14:07:41 IST 2020 : Setting UI for files in bucket...
DEBUG | Sat Jul 25 14:07:42 IST 2020 : Setting UI for files in bucket...
DEBUG | Sat Jul 25 14:07:42 IST 2020 : Setting UI for files in bucket...
DEBUG | Sat Jul 25 14:07:43 IST 2020 : Setting UI for files in bucket...
DEBUG | Sat Jul 25 14:07:43 IST 2020 : Setting UI for files in bucket...
DEBUG | Sat Jul 25 14:07:44 IST 2020 : Setting UI for files in bucket...
DEBUG | Sat Jul 25 14:07:44 IST 2020 : Setting UI for files in bucket...
DEBUG | Sat Jul 25 14:07:45 IST 2020 : Setting UI for files in bucket...
DEBUG | Sat Jul 25 14:07:45 IST 2020 : Setting UI for files in bucket...
DEBUG | Sat Jul 25 14:07:46 IST 2020 : Setting UI for files in bucket...
DEBUG | Sat Jul 25 14:07:46 IST 2020 : Setting UI for files in bucket...
DEBUG | Sat Jul 25 14:07:47 IST 2020 : Setting UI for files in bucket...
DEBUG | Sat Jul 25 14:07:47 IST 2020 : Setting UI for files in bucket...
DEBUG | Sat Jul 25 14:07:48 IST 2020 : Setting UI for files in bucket...
DEBUG | Sat Jul 25 14:07:48 IST 2020 : Setting UI for files in bucket...
DEBUG | Sat Jul 25 14:07:49 IST 2020 : Setting UI for files in bucket...
DEBUG | Sat Jul 25 14:07:49 IST 2020 : Setting UI for files in bucket...
DEBUG | Sat Jul 25 14:07:50 IST 2020 : Setting UI for files in bucket...
DEBUG | Sat Jul 25 14:07:50 IST 2020 : Setting UI for files in bucket...
DEBUG | Sat Jul 25 14:07:51 IST 2020 : Setting UI for files in bucket...
DEBUG | Sat Jul 25 14:07:51 IST 2020 : Setting UI for files in bucket...
DEBUG | Sat Jul 25 14:07:52 IST 2020 : Setting UI for files in bucket...
DEBUG | Sat Jul 25 14:07:52 IST 2020 : Setting UI for files in bucket...
DEBUG | Sat Jul 25 14:07:53 IST 2020 : Setting UI for files in bucket...
DEBUG | Sat Jul 25 14:07:54 IST 2020 : Setting UI for files in bucket...
DEBUG | Sat Jul 25 14:07:54 IST 2020 : Setting UI for files in bucket...
DEBUG | Sat Jul 25 14:07:55 IST 2020 : Setting UI for files in bucket...
DEBUG | Sat Jul 25 14:07:55 IST 2020 : Setting UI for files in bucket...
DEBUG | Sat Jul 25 14:07:56 IST 2020 : Setting UI for files in bucket...
DEBUG | Sat Jul 25 14:07:56 IST 2020 : Setting UI for files in bucket...
DEBUG | Sat Jul 25 14:07:57 IST 2020 : Setting UI for files in bucket...
DEBUG | Sat Jul 25 14:07:57 IST 2020 : Setting UI for files in bucket...
DEBUG | Sat Jul 25 14:07:58 IST 2020 : Setting UI for files in bucket...
DEBUG | Sat Jul 25 14:07:58 IST 2020 : Setting UI for files in bucket...
DEBUG | Sat Jul 25 14:07:59 IST 2020 : Setting UI for files in bucket...
DEBUG | Sat Jul 25 14:07:59 IST 2020 : Setting UI for files in bucket...
DEBUG | Sat Jul 25 14:08:00 IST 2020 : Setting UI for files in bucket...
DEBUG | Sat Jul 25 14:08:00 IST 2020 : Setting UI for files in bucket...
DEBUG | Sat Jul 25 14:08:01 IST 2020 : Setting UI for files in bucket...
DEBUG | Sat Jul 25 14:08:01 IST 2020 : Setting UI for files in bucket...
DEBUG | Sat Jul 25 14:08:02 IST 2020 : Setting UI for files in bucket...
DEBUG | Sat Jul 25 14:08:02 IST 2020 : Setting UI for files in bucket...
DEBUG | Sat Jul 25 14:08:03 IST 2020 : Setting UI for files in bucket...
DEBUG | Sat Jul 25 14:08:03 IST 2020 : Setting UI for files in bucket...
DEBUG | Sat Jul 25 14:08:04 IST 2020 : Setting UI for files in bucket...
DEBUG | Sat Jul 25 14:08:04 IST 2020 : Setting UI for files in bucket...
DEBUG | Sat Jul 25 14:08:05 IST 2020 : Setting UI for files in bucket...
DEBUG | Sat Jul 25 14:08:05 IST 2020 : Setting UI for files in bucket...
DEBUG | Sat Jul 25 14:08:06 IST 2020 : Setting UI for files in bucket...
DEBUG | Sat Jul 25 14:08:06 IST 2020 : Setting UI for files in bucket...
DEBUG | Sat Jul 25 14:08:07 IST 2020 : Setting UI for files in bucket...
DEBUG | Sat Jul 25 14:08:07 IST 2020 : Setting UI for files in bucket...
DEBUG | Sat Jul 25 14:08:08 IST 2020 : Setting UI for files in bucket...
DEBUG | Sat Jul 25 14:08:08 IST 2020 : Setting UI for files in bucket...
DEBUG | Sat Jul 25 14:08:09 IST 2020 : Setting UI for files in bucket...
DEBUG | Sat Jul 25 14:08:09 IST 2020 : Setting UI for files in bucket...
DEBUG | Sat Jul 25 14:08:10 IST 2020 : Setting UI for files in bucket...
DEBUG | Sat Jul 25 14:08:10 IST 2020 : Setting UI for files in bucket...
DEBUG | Sat Jul 25 14:08:11 IST 2020 : Setting UI for files in bucket...
DEBUG | Sat Jul 25 14:08:12 IST 2020 : Setting UI for files in bucket...
DEBUG | Sat Jul 25 14:08:12 IST 2020 : Setting UI for files in bucket...
DEBUG | Sat Jul 25 14:08:13 IST 2020 : Setting UI for files in bucket...
DEBUG | Sat Jul 25 14:08:13 IST 2020 : Setting UI for files in bucket...
DEBUG | Sat Jul 25 14:08:14 IST 2020 : Setting UI for files in bucket...
DEBUG | Sat Jul 25 14:08:14 IST 2020 : Setting UI for files in bucket...
DEBUG | Sat Jul 25 14:08:15 IST 2020 : Setting UI for files in bucket...
DEBUG | Sat Jul 25 14:08:15 IST 2020 : Setting UI for files in bucket...
DEBUG | Sat Jul 25 14:08:16 IST 2020 : Setting UI for files in bucket...
DEBUG | Sat Jul 25 14:08:16 IST 2020 : Setting UI for files in bucket...
DEBUG | Sat Jul 25 14:08:17 IST 2020 : Setting UI for files in bucket...
DEBUG | Sat Jul 25 14:08:17 IST 2020 : Setting UI for files in bucket...
DEBUG | Sat Jul 25 14:08:18 IST 2020 : Setting UI for files in bucket...
DEBUG | Sat Jul 25 14:08:18 IST 2020 : Setting UI for files in bucket...
DEBUG | Sat Jul 25 14:08:19 IST 2020 : Setting UI for files in bucket...
DEBUG | Sat Jul 25 14:08:19 IST 2020 : Setting UI for files in bucket...
DEBUG | Sat Jul 25 14:08:20 IST 2020 : Setting UI for files in bucket...
DEBUG | Sat Jul 25 14:08:20 IST 2020 : Setting UI for files in bucket...
DEBUG | Sat Jul 25 14:08:21 IST 2020 : Setting UI for files in bucket...
DEBUG | Sat Jul 25 14:08:21 IST 2020 : Setting UI for files in bucket...
DEBUG | Sat Jul 25 14:08:22 IST 2020 : Setting UI for files in bucket...
DEBUG | Sat Jul 25 14:08:22 IST 2020 : Setting UI for files in bucket...
DEBUG | Sat Jul 25 14:08:23 IST 2020 : Setting UI for files in bucket...
DEBUG | Sat Jul 25 14:08:23 IST 2020 : Setting UI for files in bucket...
DEBUG | Sat Jul 25 14:08:24 IST 2020 : Setting UI for files in bucket...
DEBUG | Sat Jul 25 14:08:24 IST 2020 : Setting UI for files in bucket...
DEBUG | Sat Jul 25 14:08:25 IST 2020 : Setting UI for files in bucket...
DEBUG | Sat Jul 25 14:08:25 IST 2020 : Setting UI for files in bucket...
DEBUG | Sat Jul 25 14:08:26 IST 2020 : Setting UI for files in bucket...
DEBUG | Sat Jul 25 14:08:26 IST 2020 : Setting UI for files in bucket...
DEBUG | Sat Jul 25 14:08:27 IST 2020 : Setting UI for files in bucket...
DEBUG | Sat Jul 25 14:08:27 IST 2020 : Setting UI for files in bucket...
DEBUG | Sat Jul 25 14:08:28 IST 2020 : Setting UI for files in bucket...
DEBUG | Sat Jul 25 14:08:29 IST 2020 : Setting UI for files in bucket...
DEBUG | Sat Jul 25 14:08:29 IST 2020 : Setting UI for files in bucket...
DEBUG | Sat Jul 25 14:08:30 IST 2020 : Setting UI for files in bucket...
DEBUG | Sat Jul 25 14:08:30 IST 2020 : Setting UI for files in bucket...
DEBUG | Sat Jul 25 14:08:31 IST 2020 : Setting UI for files in bucket...
DEBUG | Sat Jul 25 14:08:31 IST 2020 : Setting UI for files in bucket...
DEBUG | Sat Jul 25 14:08:32 IST 2020 : Setting UI for files in bucket...
DEBUG | Sat Jul 25 14:08:32 IST 2020 : Setting UI for files in bucket...
DEBUG | Sat Jul 25 14:08:33 IST 2020 : Setting UI for files in bucket...
DEBUG | Sat Jul 25 14:08:33 IST 2020 : Setting UI for files in bucket...
DEBUG | Sat Jul 25 14:08:34 IST 2020 : Setting UI for files in bucket...
DEBUG | Sat Jul 25 14:08:34 IST 2020 : Setting UI for files in bucket...
DEBUG | Sat Jul 25 14:08:35 IST 2020 : Setting UI for files in bucket...
DEBUG | Sat Jul 25 14:08:35 IST 2020 : Setting UI for files in bucket...
DEBUG | Sat Jul 25 14:08:36 IST 2020 : Setting UI for files in bucket...
DEBUG | Sat Jul 25 14:08:36 IST 2020 : Setting UI for files in bucket...
DEBUG | Sat Jul 25 14:08:37 IST 2020 : Setting UI for files in bucket...
DEBUG | Sat Jul 25 14:08:37 IST 2020 : Setting UI for files in bucket...
DEBUG | Sat Jul 25 14:08:38 IST 2020 : Setting UI for files in bucket...
DEBUG | Sat Jul 25 14:08:38 IST 2020 : Setting UI for files in bucket...
DEBUG | Sat Jul 25 14:08:39 IST 2020 : Setting UI for files in bucket...
DEBUG | Sat Jul 25 14:08:39 IST 2020 : Setting UI for files in bucket...
DEBUG | Sat Jul 25 14:08:40 IST 2020 : Setting UI for files in bucket...
DEBUG | Sat Jul 25 14:08:40 IST 2020 : Setting UI for files in bucket...
DEBUG | Sat Jul 25 14:08:41 IST 2020 : Setting UI for files in bucket...
DEBUG | Sat Jul 25 14:08:41 IST 2020 : Setting UI for files in bucket...
DEBUG | Sat Jul 25 14:08:42 IST 2020 : Setting UI for files in bucket...
DEBUG | Sat Jul 25 14:08:42 IST 2020 : Setting UI for files in bucket...
DEBUG | Sat Jul 25 14:08:43 IST 2020 : Setting UI for files in bucket...
DEBUG | Sat Jul 25 14:08:43 IST 2020 : Setting UI for files in bucket...
DEBUG | Sat Jul 25 14:08:44 IST 2020 : Setting UI for files in bucket...
DEBUG | Sat Jul 25 14:08:44 IST 2020 : Setting UI for files in bucket...
DEBUG | Sat Jul 25 14:08:45 IST 2020 : Setting UI for files in bucket...
DEBUG | Sat Jul 25 14:08:45 IST 2020 : Setting UI for files in bucket...
DEBUG | Sat Jul 25 14:08:46 IST 2020 : Setting UI for files in bucket...
DEBUG | Sat Jul 25 14:08:47 IST 2020 : Setting UI for files in bucket...
DEBUG | Sat Jul 25 14:08:47 IST 2020 : Setting UI for files in bucket...
DEBUG | Sat Jul 25 14:08:48 IST 2020 : Setting UI for files in bucket...
DEBUG | Sat Jul 25 14:08:48 IST 2020 : Setting UI for files in bucket...
DEBUG | Sat Jul 25 14:08:49 IST 2020 : Setting UI for files in bucket...
DEBUG | Sat Jul 25 14:08:49 IST 2020 : Setting UI for files in bucket...
DEBUG | Sat Jul 25 14:08:50 IST 2020 : Setting UI for files in bucket...
DEBUG | Sat Jul 25 14:08:50 IST 2020 : Setting UI for files in bucket...
DEBUG | Sat Jul 25 14:08:51 IST 2020 : Setting UI for files in bucket...
DEBUG | Sat Jul 25 14:08:51 IST 2020 : Setting UI for files in bucket...
DEBUG | Sat Jul 25 14:08:52 IST 2020 : Setting UI for files in bucket...
DEBUG | Sat Jul 25 14:08:52 IST 2020 : Setting UI for files in bucket...
DEBUG | Sat Jul 25 14:08:53 IST 2020 : Setting UI for files in bucket...
DEBUG | Sat Jul 25 14:08:53 IST 2020 : Setting UI for files in bucket...
DEBUG | Sat Jul 25 14:08:54 IST 2020 : Setting UI for files in bucket...
DEBUG | Sat Jul 25 14:08:54 IST 2020 : Setting UI for files in bucket...
DEBUG | Sat Jul 25 14:08:55 IST 2020 : Setting UI for files in bucket...
DEBUG | Sat Jul 25 14:08:55 IST 2020 : Setting UI for files in bucket...
DEBUG | Sat Jul 25 14:08:56 IST 2020 : Setting UI for files in bucket...
DEBUG | Sat Jul 25 14:08:56 IST 2020 : Setting UI for files in bucket...
DEBUG | Sat Jul 25 14:08:57 IST 2020 : Setting UI for files in bucket...
DEBUG | Sat Jul 25 14:08:57 IST 2020 : Setting UI for files in bucket...
DEBUG | Sat Jul 25 14:08:58 IST 2020 : Setting UI for files in bucket...
DEBUG | Sat Jul 25 14:08:58 IST 2020 : Setting UI for files in bucket...
DEBUG | Sat Jul 25 14:08:59 IST 2020 : Setting UI for files in bucket...
DEBUG | Sat Jul 25 14:08:59 IST 2020 : Setting UI for files in bucket...
DEBUG | Sat Jul 25 14:09:00 IST 2020 : Setting UI for files in bucket...
DEBUG | Sat Jul 25 14:09:00 IST 2020 : Setting UI for files in bucket...
DEBUG | Sat Jul 25 14:09:01 IST 2020 : Setting UI for files in bucket...
DEBUG | Sat Jul 25 14:09:01 IST 2020 : Setting UI for files in bucket...
DEBUG | Sat Jul 25 14:09:02 IST 2020 : Setting UI for files in bucket...
DEBUG | Sat Jul 25 14:09:02 IST 2020 : Setting UI for files in bucket...
DEBUG | Sat Jul 25 14:09:03 IST 2020 : Setting UI for files in bucket...
DEBUG | Sat Jul 25 14:09:04 IST 2020 : Setting UI for files in bucket...
DEBUG | Sat Jul 25 14:09:04 IST 2020 : Setting UI for files in bucket...
DEBUG | Sat Jul 25 14:09:05 IST 2020 : Setting UI for files in bucket...
DEBUG | Sat Jul 25 14:09:05 IST 2020 : Setting UI for files in bucket...
DEBUG | Sat Jul 25 14:09:06 IST 2020 : Setting UI for files in bucket...
DEBUG | Sat Jul 25 14:09:06 IST 2020 : Setting UI for files in bucket...
DEBUG | Sat Jul 25 14:09:07 IST 2020 : Setting UI for files in bucket...
DEBUG | Sat Jul 25 14:09:07 IST 2020 : Setting UI for files in bucket...
DEBUG | Sat Jul 25 14:09:08 IST 2020 : Setting UI for files in bucket...
DEBUG | Sat Jul 25 14:09:08 IST 2020 : Setting UI for files in bucket...
DEBUG | Sat Jul 25 14:09:09 IST 2020 : Setting UI for files in bucket...
DEBUG | Sat Jul 25 14:09:09 IST 2020 : Setting UI for files in bucket...
DEBUG | Sat Jul 25 14:09:10 IST 2020 : Setting UI for files in bucket...
DEBUG | Sat Jul 25 14:09:10 IST 2020 : Setting UI for files in bucket...
DEBUG | Sat Jul 25 14:09:11 IST 2020 : Setting UI for files in bucket...
DEBUG | Sat Jul 25 14:09:11 IST 2020 : Setting UI for files in bucket...
DEBUG | Sat Jul 25 14:09:12 IST 2020 : Setting UI for files in bucket...
DEBUG | Sat Jul 25 14:09:12 IST 2020 : Setting UI for files in bucket...
DEBUG | Sat Jul 25 14:09:13 IST 2020 : Setting UI for files in bucket...
DEBUG | Sat Jul 25 14:09:13 IST 2020 : Setting UI for files in bucket...
DEBUG | Sat Jul 25 14:09:14 IST 2020 : Setting UI for files in bucket...
DEBUG | Sat Jul 25 14:09:14 IST 2020 : Setting UI for files in bucket...
DEBUG | Sat Jul 25 14:09:15 IST 2020 : Setting UI for files in bucket...
DEBUG | Sat Jul 25 14:09:15 IST 2020 : Setting UI for files in bucket...
DEBUG | Sat Jul 25 14:09:16 IST 2020 : Setting UI for files in bucket...
DEBUG | Sat Jul 25 14:09:16 IST 2020 : Setting UI for files in bucket...
DEBUG | Sat Jul 25 14:09:17 IST 2020 : Setting UI for files in bucket...
DEBUG | Sat Jul 25 14:09:17 IST 2020 : Setting UI for files in bucket...
DEBUG | Sat Jul 25 14:09:18 IST 2020 : Setting UI for files in bucket...
DEBUG | Sat Jul 25 14:09:18 IST 2020 : Setting UI for files in bucket...
DEBUG | Sat Jul 25 14:09:19 IST 2020 : Setting UI for files in bucket...
DEBUG | Sat Jul 25 14:09:19 IST 2020 : Setting UI for files in bucket...
DEBUG | Sat Jul 25 14:09:20 IST 2020 : Setting UI for files in bucket...
DEBUG | Sat Jul 25 14:09:21 IST 2020 : Setting UI for files in bucket...
DEBUG | Sat Jul 25 14:09:21 IST 2020 : Setting UI for files in bucket...
DEBUG | Sat Jul 25 14:09:22 IST 2020 : Setting UI for files in bucket...
DEBUG | Sat Jul 25 14:09:22 IST 2020 : Setting UI for files in bucket...
DEBUG | Sat Jul 25 14:09:23 IST 2020 : Setting UI for files in bucket...
DEBUG | Sat Jul 25 14:09:23 IST 2020 : Setting UI for files in bucket...
DEBUG | Sat Jul 25 14:09:24 IST 2020 : Setting UI for files in bucket...
DEBUG | Sat Jul 25 14:09:24 IST 2020 : Setting UI for files in bucket...
DEBUG | Sat Jul 25 14:09:25 IST 2020 : Setting UI for files in bucket...
DEBUG | Sat Jul 25 14:09:25 IST 2020 : Setting UI for files in bucket...
DEBUG | Sat Jul 25 14:09:26 IST 2020 : Setting UI for files in bucket...
DEBUG | Sat Jul 25 14:09:26 IST 2020 : Setting UI for files in bucket...
DEBUG | Sat Jul 25 14:09:27 IST 2020 : Setting UI for files in bucket...
DEBUG | Sat Jul 25 14:09:27 IST 2020 : Setting UI for files in bucket...
DEBUG | Sat Jul 25 14:09:28 IST 2020 : Setting UI for files in bucket...
DEBUG | Sat Jul 25 14:09:28 IST 2020 : Setting UI for files in bucket...
DEBUG | Sat Jul 25 14:09:29 IST 2020 : Setting UI for files in bucket...
DEBUG | Sat Jul 25 14:09:29 IST 2020 : Setting UI for files in bucket...
DEBUG | Sat Jul 25 14:09:30 IST 2020 : Setting UI for files in bucket...
DEBUG | Sat Jul 25 14:09:30 IST 2020 : Setting UI for files in bucket...
DEBUG | Sat Jul 25 14:09:31 IST 2020 : Setting UI for files in bucket...
DEBUG | Sat Jul 25 14:09:31 IST 2020 : Setting UI for files in bucket...
DEBUG | Sat Jul 25 14:09:32 IST 2020 : Setting UI for files in bucket...
DEBUG | Sat Jul 25 14:09:32 IST 2020 : Setting UI for files in bucket...
DEBUG | Sat Jul 25 14:09:33 IST 2020 : Setting UI for files in bucket...
DEBUG | Sat Jul 25 14:09:33 IST 2020 : Setting UI for files in bucket...
DEBUG | Sat Jul 25 14:09:34 IST 2020 : Setting UI for files in bucket...
DEBUG | Sat Jul 25 14:09:34 IST 2020 : Setting UI for files in bucket...
DEBUG | Sat Jul 25 14:09:35 IST 2020 : Setting UI for files in bucket...
DEBUG | Sat Jul 25 14:09:35 IST 2020 : Setting UI for files in bucket...
DEBUG | Sat Jul 25 14:09:36 IST 2020 : Setting UI for files in bucket...
DEBUG | Sat Jul 25 14:09:36 IST 2020 : Setting UI for files in bucket...
DEBUG | Sat Jul 25 14:09:37 IST 2020 : Setting UI for files in bucket...
DEBUG | Sat Jul 25 14:09:37 IST 2020 : Setting UI for files in bucket...
DEBUG | Sat Jul 25 14:09:38 IST 2020 : Setting UI for files in bucket...
DEBUG | Sat Jul 25 14:09:39 IST 2020 : Setting UI for files in bucket...
DEBUG | Sat Jul 25 14:09:39 IST 2020 : Setting UI for files in bucket...
DEBUG | Sat Jul 25 14:09:40 IST 2020 : Setting UI for files in bucket...
DEBUG | Sat Jul 25 14:09:40 IST 2020 : Setting UI for files in bucket...
DEBUG | Sat Jul 25 14:09:41 IST 2020 : Setting UI for files in bucket...
DEBUG | Sat Jul 25 14:09:41 IST 2020 : Setting UI for files in bucket...
DEBUG | Sat Jul 25 14:09:42 IST 2020 : Setting UI for files in bucket...
DEBUG | Sat Jul 25 14:09:42 IST 2020 : Setting UI for files in bucket...
DEBUG | Sat Jul 25 14:09:43 IST 2020 : Setting UI for files in bucket...
DEBUG | Sat Jul 25 14:09:43 IST 2020 : Setting UI for files in bucket...
DEBUG | Sat Jul 25 14:09:44 IST 2020 : Setting UI for files in bucket...
DEBUG | Sat Jul 25 14:09:44 IST 2020 : Setting UI for files in bucket...
DEBUG | Sat Jul 25 14:09:45 IST 2020 : Setting UI for files in bucket...
DEBUG | Sat Jul 25 14:09:45 IST 2020 : Setting UI for files in bucket...
DEBUG | Sat Jul 25 14:09:46 IST 2020 : Setting UI for files in bucket...
DEBUG | Sat Jul 25 14:09:46 IST 2020 : Setting UI for files in bucket...
DEBUG | Sat Jul 25 14:09:47 IST 2020 : Setting UI for files in bucket...
DEBUG | Sat Jul 25 14:09:47 IST 2020 : Setting UI for files in bucket...
DEBUG | Sat Jul 25 14:09:48 IST 2020 : Setting UI for files in bucket...
DEBUG | Sat Jul 25 14:09:48 IST 2020 : Setting UI for files in bucket...
DEBUG | Sat Jul 25 14:09:49 IST 2020 : Setting UI for files in bucket...
DEBUG | Sat Jul 25 14:09:49 IST 2020 : Setting UI for files in bucket...
DEBUG | Sat Jul 25 14:09:50 IST 2020 : Setting UI for files in bucket...
DEBUG | Sat Jul 25 14:09:50 IST 2020 : Setting UI for files in bucket...
DEBUG | Sat Jul 25 14:09:51 IST 2020 : Setting UI for files in bucket...
DEBUG | Sat Jul 25 14:09:51 IST 2020 : Setting UI for files in bucket...
DEBUG | Sat Jul 25 14:09:52 IST 2020 : Setting UI for files in bucket...
DEBUG | Sat Jul 25 14:09:52 IST 2020 : Setting UI for files in bucket...
DEBUG | Sat Jul 25 14:09:53 IST 2020 : Setting UI for files in bucket...
DEBUG | Sat Jul 25 14:09:53 IST 2020 : Setting UI for files in bucket...
DEBUG | Sat Jul 25 14:09:54 IST 2020 : Setting UI for files in bucket...
DEBUG | Sat Jul 25 14:09:54 IST 2020 : Setting UI for files in bucket...
DEBUG | Sat Jul 25 14:09:55 IST 2020 : Setting UI for files in bucket...
DEBUG | Sat Jul 25 14:09:56 IST 2020 : Setting UI for files in bucket...
DEBUG | Sat Jul 25 14:09:56 IST 2020 : Setting UI for files in bucket...
DEBUG | Sat Jul 25 14:09:57 IST 2020 : Setting UI for files in bucket...
DEBUG | Sat Jul 25 14:09:57 IST 2020 : Setting UI for files in bucket...
DEBUG | Sat Jul 25 14:09:58 IST 2020 : Setting UI for files in bucket...
DEBUG | Sat Jul 25 14:09:58 IST 2020 : Setting UI for files in bucket...
DEBUG | Sat Jul 25 14:09:59 IST 2020 : Setting UI for files in bucket...
DEBUG | Sat Jul 25 14:09:59 IST 2020 : Setting UI for files in bucket...
DEBUG | Sat Jul 25 14:10:00 IST 2020 : Setting UI for files in bucket...
DEBUG | Sat Jul 25 14:10:00 IST 2020 : Setting UI for files in bucket...
DEBUG | Sat Jul 25 14:10:01 IST 2020 : Setting UI for files in bucket...
DEBUG | Sat Jul 25 14:10:01 IST 2020 : Setting UI for files in bucket...
DEBUG | Sat Jul 25 14:10:02 IST 2020 : Setting UI for files in bucket...
DEBUG | Sat Jul 25 14:10:02 IST 2020 : Setting UI for files in bucket...
DEBUG | Sat Jul 25 14:10:03 IST 2020 : Setting UI for files in bucket...
DEBUG | Sat Jul 25 14:10:03 IST 2020 : Setting UI for files in bucket...
DEBUG | Sat Jul 25 14:10:04 IST 2020 : Setting UI for files in bucket...
DEBUG | Sat Jul 25 14:10:04 IST 2020 : Setting UI for files in bucket...
DEBUG | Sat Jul 25 14:10:05 IST 2020 : Setting UI for files in bucket...
DEBUG | Sat Jul 25 14:10:05 IST 2020 : Setting UI for files in bucket...
DEBUG | Sat Jul 25 14:10:06 IST 2020 : Setting UI for files in bucket...
DEBUG | Sat Jul 25 14:10:06 IST 2020 : Setting UI for files in bucket...
DEBUG | Sat Jul 25 14:10:07 IST 2020 : Setting UI for files in bucket...
DEBUG | Sat Jul 25 14:10:07 IST 2020 : Setting UI for files in bucket...
DEBUG | Sat Jul 25 14:10:08 IST 2020 : Setting UI for files in bucket...
DEBUG | Sat Jul 25 14:10:08 IST 2020 : Setting UI for files in bucket...
DEBUG | Sat Jul 25 14:10:09 IST 2020 : Setting UI for files in bucket...
DEBUG | Sat Jul 25 14:10:09 IST 2020 : Setting UI for files in bucket...
DEBUG | Sat Jul 25 14:10:10 IST 2020 : Setting UI for files in bucket...
DEBUG | Sat Jul 25 14:10:10 IST 2020 : Setting UI for files in bucket...
DEBUG | Sat Jul 25 14:10:11 IST 2020 : Setting UI for files in bucket...
DEBUG | Sat Jul 25 14:10:11 IST 2020 : Setting UI for files in bucket...
DEBUG | Sat Jul 25 14:10:12 IST 2020 : Setting UI for files in bucket...
DEBUG | Sat Jul 25 14:10:13 IST 2020 : Setting UI for files in bucket...
DEBUG | Sat Jul 25 14:10:13 IST 2020 : Setting UI for files in bucket...
DEBUG | Sat Jul 25 14:10:14 IST 2020 : Setting UI for files in bucket...
DEBUG | Sat Jul 25 14:10:14 IST 2020 : Setting UI for files in bucket...
DEBUG | Sat Jul 25 14:10:15 IST 2020 : Setting UI for files in bucket...
DEBUG | Sat Jul 25 14:10:15 IST 2020 : Setting UI for files in bucket...
DEBUG | Sat Jul 25 14:10:16 IST 2020 : Setting UI for files in bucket...
DEBUG | Sat Jul 25 14:10:16 IST 2020 : Setting UI for files in bucket...
DEBUG | Sat Jul 25 14:10:17 IST 2020 : Setting UI for files in bucket...
DEBUG | Sat Jul 25 14:10:17 IST 2020 : Setting UI for files in bucket...
DEBUG | Sat Jul 25 14:10:18 IST 2020 : Setting UI for files in bucket...
DEBUG | Sat Jul 25 14:10:18 IST 2020 : Setting UI for files in bucket...
DEBUG | Sat Jul 25 14:10:19 IST 2020 : Setting UI for files in bucket...
DEBUG | Sat Jul 25 14:10:19 IST 2020 : Setting UI for files in bucket...
DEBUG | Sat Jul 25 14:10:20 IST 2020 : Setting UI for files in bucket...
DEBUG | Sat Jul 25 14:10:20 IST 2020 : Setting UI for files in bucket...
DEBUG | Sat Jul 25 14:10:21 IST 2020 : Setting UI for files in bucket...
DEBUG | Sat Jul 25 14:10:21 IST 2020 : Setting UI for files in bucket...
DEBUG | Sat Jul 25 14:10:22 IST 2020 : Setting UI for files in bucket...
DEBUG | Sat Jul 25 14:10:22 IST 2020 : Setting UI for files in bucket...
DEBUG | Sat Jul 25 14:10:23 IST 2020 : Setting UI for files in bucket...
DEBUG | Sat Jul 25 14:10:23 IST 2020 : Setting UI for files in bucket...
DEBUG | Sat Jul 25 14:10:24 IST 2020 : Setting UI for files in bucket...
DEBUG | Sat Jul 25 14:10:24 IST 2020 : Setting UI for files in bucket...
DEBUG | Sat Jul 25 14:10:25 IST 2020 : Setting UI for files in bucket...
DEBUG | Sat Jul 25 14:10:25 IST 2020 : Setting UI for files in bucket...
DEBUG | Sat Jul 25 14:10:26 IST 2020 : Setting UI for files in bucket...
DEBUG | Sat Jul 25 14:10:26 IST 2020 : Setting UI for files in bucket...
DEBUG | Sat Jul 25 14:10:27 IST 2020 : Setting UI for files in bucket...
DEBUG | Sat Jul 25 14:10:27 IST 2020 : Setting UI for files in bucket...
DEBUG | Sat Jul 25 14:10:28 IST 2020 : Setting UI for files in bucket...
DEBUG | Sat Jul 25 14:10:28 IST 2020 : Setting UI for files in bucket...
DEBUG | Sat Jul 25 14:10:29 IST 2020 : Setting UI for files in bucket...
DEBUG | Sat Jul 25 14:10:29 IST 2020 : Setting UI for files in bucket...
DEBUG | Sat Jul 25 14:10:30 IST 2020 : Setting UI for files in bucket...
DEBUG | Sat Jul 25 14:10:31 IST 2020 : Setting UI for files in bucket...
DEBUG | Sat Jul 25 14:10:31 IST 2020 : Setting UI for files in bucket...
DEBUG | Sat Jul 25 14:10:32 IST 2020 : Setting UI for files in bucket...
DEBUG | Sat Jul 25 14:10:32 IST 2020 : Setting UI for files in bucket...
DEBUG | Sat Jul 25 14:10:33 IST 2020 : Setting UI for files in bucket...
DEBUG | Sat Jul 25 14:10:33 IST 2020 : Setting UI for files in bucket...
DEBUG | Sat Jul 25 14:10:34 IST 2020 : Setting UI for files in bucket...
DEBUG | Sat Jul 25 14:10:34 IST 2020 : Setting UI for files in bucket...
DEBUG | Sat Jul 25 14:10:35 IST 2020 : Setting UI for files in bucket...
DEBUG | Sat Jul 25 14:10:35 IST 2020 : Setting UI for files in bucket...
DEBUG | Sat Jul 25 14:10:36 IST 2020 : Setting UI for files in bucket...
DEBUG | Sat Jul 25 14:10:36 IST 2020 : Setting UI for files in bucket...
DEBUG | Sat Jul 25 14:10:37 IST 2020 : Setting UI for files in bucket...
DEBUG | Sat Jul 25 14:10:37 IST 2020 : Setting UI for files in bucket...
DEBUG | Sat Jul 25 14:10:38 IST 2020 : Setting UI for files in bucket...
DEBUG | Sat Jul 25 14:10:38 IST 2020 : Setting UI for files in bucket...
DEBUG | Sat Jul 25 14:10:39 IST 2020 : Setting UI for files in bucket...
DEBUG | Sat Jul 25 14:10:39 IST 2020 : Setting UI for files in bucket...
DEBUG | Sat Jul 25 14:10:40 IST 2020 : Setting UI for files in bucket...
DEBUG | Sat Jul 25 14:10:40 IST 2020 : Setting UI for files in bucket...
DEBUG | Sat Jul 25 14:10:41 IST 2020 : Setting UI for files in bucket...
DEBUG | Sat Jul 25 14:10:41 IST 2020 : Setting UI for files in bucket...
DEBUG | Sat Jul 25 14:10:42 IST 2020 : Setting UI for files in bucket...
DEBUG | Sat Jul 25 14:10:42 IST 2020 : Setting UI for files in bucket...
DEBUG | Sat Jul 25 14:10:43 IST 2020 : Setting UI for files in bucket...
DEBUG | Sat Jul 25 14:10:43 IST 2020 : Setting UI for files in bucket...
DEBUG | Sat Jul 25 14:10:44 IST 2020 : Setting UI for files in bucket...
DEBUG | Sat Jul 25 14:10:44 IST 2020 : Setting UI for files in bucket...
DEBUG | Sat Jul 25 14:10:45 IST 2020 : Setting UI for files in bucket...
DEBUG | Sat Jul 25 14:10:45 IST 2020 : Setting UI for files in bucket...
DEBUG | Sat Jul 25 14:10:46 IST 2020 : Setting UI for files in bucket...
DEBUG | Sat Jul 25 14:10:46 IST 2020 : Setting UI for files in bucket...
DEBUG | Sat Jul 25 14:10:47 IST 2020 : Setting UI for files in bucket...
DEBUG | Sat Jul 25 14:10:48 IST 2020 : Setting UI for files in bucket...
DEBUG | Sat Jul 25 14:10:48 IST 2020 : Setting UI for files in bucket...
DEBUG | Sat Jul 25 14:10:49 IST 2020 : Setting UI for files in bucket...
DEBUG | Sat Jul 25 14:10:49 IST 2020 : Setting UI for files in bucket...
DEBUG | Sat Jul 25 14:10:50 IST 2020 : Setting UI for files in bucket...
DEBUG | Sat Jul 25 14:10:50 IST 2020 : Setting UI for files in bucket...
DEBUG | Sat Jul 25 14:10:51 IST 2020 : Setting UI for files in bucket...
DEBUG | Sat Jul 25 14:10:51 IST 2020 : Setting UI for files in bucket...
DEBUG | Sat Jul 25 14:10:52 IST 2020 : Setting UI for files in bucket...
DEBUG | Sat Jul 25 14:10:52 IST 2020 : Setting UI for files in bucket...
DEBUG | Sat Jul 25 14:10:53 IST 2020 : Setting UI for files in bucket...
DEBUG | Sat Jul 25 14:10:53 IST 2020 : Setting UI for files in bucket...
DEBUG | Sat Jul 25 14:10:54 IST 2020 : Setting UI for files in bucket...
DEBUG | Sat Jul 25 14:10:54 IST 2020 : Setting UI for files in bucket...
DEBUG | Sat Jul 25 14:10:55 IST 2020 : Setting UI for files in bucket...
DEBUG | Sat Jul 25 14:10:55 IST 2020 : Setting UI for files in bucket...
DEBUG | Sat Jul 25 14:10:56 IST 2020 : Setting UI for files in bucket...
DEBUG | Sat Jul 25 14:10:56 IST 2020 : Setting UI for files in bucket...
DEBUG | Sat Jul 25 14:10:57 IST 2020 : Setting UI for files in bucket...
DEBUG | Sat Jul 25 14:10:57 IST 2020 : Setting UI for files in bucket...
DEBUG | Sat Jul 25 14:10:58 IST 2020 : Setting UI for files in bucket...
DEBUG | Sat Jul 25 14:10:58 IST 2020 : Setting UI for files in bucket...
DEBUG | Sat Jul 25 14:10:59 IST 2020 : Setting UI for files in bucket...
DEBUG | Sat Jul 25 14:10:59 IST 2020 : Setting UI for files in bucket...
DEBUG | Sat Jul 25 14:11:00 IST 2020 : Setting UI for files in bucket...
DEBUG | Sat Jul 25 14:11:00 IST 2020 : Setting UI for files in bucket...
DEBUG | Sat Jul 25 14:11:01 IST 2020 : Setting UI for files in bucket...
DEBUG | Sat Jul 25 14:11:01 IST 2020 : Setting UI for files in bucket...
DEBUG | Sat Jul 25 14:11:02 IST 2020 : Setting UI for files in bucket...
DEBUG | Sat Jul 25 14:11:02 IST 2020 : Setting UI for files in bucket...
DEBUG | Sat Jul 25 14:11:03 IST 2020 : Setting UI for files in bucket...
DEBUG | Sat Jul 25 14:11:03 IST 2020 : Setting UI for files in bucket...
DEBUG | Sat Jul 25 14:11:04 IST 2020 : Setting UI for files in bucket...
DEBUG | Sat Jul 25 14:11:04 IST 2020 : Setting UI for files in bucket...
DEBUG | Sat Jul 25 14:11:05 IST 2020 : Setting UI for files in bucket...
DEBUG | Sat Jul 25 14:11:06 IST 2020 : Setting UI for files in bucket...
DEBUG | Sat Jul 25 14:11:06 IST 2020 : Setting UI for files in bucket...
DEBUG | Sat Jul 25 14:11:07 IST 2020 : Setting UI for files in bucket...
DEBUG | Sat Jul 25 14:11:07 IST 2020 : Setting UI for files in bucket...
DEBUG | Sat Jul 25 14:11:08 IST 2020 : Setting UI for files in bucket...
DEBUG | Sat Jul 25 14:11:08 IST 2020 : Setting UI for files in bucket...
DEBUG | Sat Jul 25 14:11:09 IST 2020 : Setting UI for files in bucket...
DEBUG | Sat Jul 25 14:11:09 IST 2020 : Setting UI for files in bucket...
DEBUG | Sat Jul 25 14:11:10 IST 2020 : Setting UI for files in bucket...
DEBUG | Sat Jul 25 14:11:10 IST 2020 : Setting UI for files in bucket...
DEBUG | Sat Jul 25 14:11:11 IST 2020 : Setting UI for files in bucket...
DEBUG | Sat Jul 25 14:11:11 IST 2020 : Setting UI for files in bucket...
DEBUG | Sat Jul 25 14:11:12 IST 2020 : Setting UI for files in bucket...
DEBUG | Sat Jul 25 14:11:12 IST 2020 : Setting UI for files in bucket...
DEBUG | Sat Jul 25 14:11:13 IST 2020 : Setting UI for files in bucket...
DEBUG | Sat Jul 25 14:11:13 IST 2020 : Setting UI for files in bucket...
DEBUG | Sat Jul 25 14:11:14 IST 2020 : Setting UI for files in bucket...
DEBUG | Sat Jul 25 14:11:14 IST 2020 : Setting UI for files in bucket...
DEBUG | Sat Jul 25 14:11:15 IST 2020 : Setting UI for files in bucket...
DEBUG | Sat Jul 25 14:11:15 IST 2020 : Setting UI for files in bucket...
DEBUG | Sat Jul 25 14:11:16 IST 2020 : Setting UI for files in bucket...
DEBUG | Sat Jul 25 14:11:16 IST 2020 : Setting UI for files in bucket...
DEBUG | Sat Jul 25 14:11:17 IST 2020 : Setting UI for files in bucket...
DEBUG | Sat Jul 25 14:11:17 IST 2020 : Setting UI for files in bucket...
DEBUG | Sat Jul 25 14:11:18 IST 2020 : Setting UI for files in bucket...
DEBUG | Sat Jul 25 14:11:18 IST 2020 : Setting UI for files in bucket...
DEBUG | Sat Jul 25 14:11:19 IST 2020 : Setting UI for files in bucket...
DEBUG | Sat Jul 25 14:11:19 IST 2020 : Setting UI for files in bucket...
DEBUG | Sat Jul 25 14:11:20 IST 2020 : Setting UI for files in bucket...
DEBUG | Sat Jul 25 14:11:20 IST 2020 : Setting UI for files in bucket...
DEBUG | Sat Jul 25 14:11:21 IST 2020 : Setting UI for files in bucket...
DEBUG | Sat Jul 25 14:11:21 IST 2020 : Setting UI for files in bucket...
DEBUG | Sat Jul 25 14:11:22 IST 2020 : Setting UI for files in bucket...
DEBUG | Sat Jul 25 14:11:23 IST 2020 : Setting UI for files in bucket...
DEBUG | Sat Jul 25 14:11:23 IST 2020 : Setting UI for files in bucket...
DEBUG | Sat Jul 25 14:11:24 IST 2020 : Setting UI for files in bucket...
DEBUG | Sat Jul 25 14:11:24 IST 2020 : Setting UI for files in bucket...
DEBUG | Sat Jul 25 14:11:25 IST 2020 : Setting UI for files in bucket...
DEBUG | Sat Jul 25 14:11:25 IST 2020 : Setting UI for files in bucket...
DEBUG | Sat Jul 25 14:11:26 IST 2020 : Setting UI for files in bucket...
DEBUG | Sat Jul 25 14:11:26 IST 2020 : Setting UI for files in bucket...
DEBUG | Sat Jul 25 14:11:27 IST 2020 : Setting UI for files in bucket...
DEBUG | Sat Jul 25 14:11:27 IST 2020 : Setting UI for files in bucket...
DEBUG | Sat Jul 25 14:11:28 IST 2020 : Setting UI for files in bucket...
DEBUG | Sat Jul 25 14:11:28 IST 2020 : Setting UI for files in bucket...
DEBUG | Sat Jul 25 14:11:29 IST 2020 : Setting UI for files in bucket...
DEBUG | Sat Jul 25 14:11:29 IST 2020 : Setting UI for files in bucket...
DEBUG | Sat Jul 25 14:11:30 IST 2020 : Setting UI for files in bucket...
DEBUG | Sat Jul 25 14:11:30 IST 2020 : Setting UI for files in bucket...
DEBUG | Sat Jul 25 14:11:31 IST 2020 : Setting UI for files in bucket...
DEBUG | Sat Jul 25 14:11:31 IST 2020 : Setting UI for files in bucket...
DEBUG | Sat Jul 25 14:11:32 IST 2020 : Setting UI for files in bucket...
DEBUG | Sat Jul 25 14:11:32 IST 2020 : Setting UI for files in bucket...
DEBUG | Sat Jul 25 14:11:33 IST 2020 : Setting UI for files in bucket...
DEBUG | Sat Jul 25 14:11:33 IST 2020 : Setting UI for files in bucket...
DEBUG | Sat Jul 25 14:11:34 IST 2020 : Setting UI for files in bucket...
DEBUG | Sat Jul 25 14:11:34 IST 2020 : Setting UI for files in bucket...
DEBUG | Sat Jul 25 14:11:35 IST 2020 : Setting UI for files in bucket...
DEBUG | Sat Jul 25 14:11:35 IST 2020 : Setting UI for files in bucket...
DEBUG | Sat Jul 25 14:11:36 IST 2020 : Setting UI for files in bucket...
DEBUG | Sat Jul 25 14:11:36 IST 2020 : Setting UI for files in bucket...
DEBUG | Sat Jul 25 14:11:37 IST 2020 : Setting UI for files in bucket...
DEBUG | Sat Jul 25 14:11:37 IST 2020 : Setting UI for files in bucket...
DEBUG | Sat Jul 25 14:11:38 IST 2020 : Setting UI for files in bucket...
DEBUG | Sat Jul 25 14:11:38 IST 2020 : Setting UI for files in bucket...
DEBUG | Sat Jul 25 14:11:39 IST 2020 : Setting UI for files in bucket...
DEBUG | Sat Jul 25 14:11:40 IST 2020 : Setting UI for files in bucket...
DEBUG | Sat Jul 25 14:11:40 IST 2020 : Setting UI for files in bucket...
DEBUG | Sat Jul 25 14:11:41 IST 2020 : Setting UI for files in bucket...
DEBUG | Sat Jul 25 14:11:41 IST 2020 : Setting UI for files in bucket...
DEBUG | Sat Jul 25 14:11:42 IST 2020 : Setting UI for files in bucket...
DEBUG | Sat Jul 25 14:11:42 IST 2020 : Setting UI for files in bucket...
DEBUG | Sat Jul 25 14:11:43 IST 2020 : Setting UI for files in bucket...
DEBUG | Sat Jul 25 14:11:43 IST 2020 : Setting UI for files in bucket...
DEBUG | Sat Jul 25 14:11:44 IST 2020 : Setting UI for files in bucket...
DEBUG | Sat Jul 25 14:11:44 IST 2020 : Setting UI for files in bucket...
DEBUG | Sat Jul 25 14:11:45 IST 2020 : Setting UI for files in bucket...
DEBUG | Sat Jul 25 14:11:45 IST 2020 : Setting UI for files in bucket...
DEBUG | Sat Jul 25 14:11:46 IST 2020 : Setting UI for files in bucket...
DEBUG | Sat Jul 25 14:11:46 IST 2020 : Setting UI for files in bucket...
DEBUG | Sat Jul 25 14:11:47 IST 2020 : Setting UI for files in bucket...
DEBUG | Sat Jul 25 14:11:47 IST 2020 : Setting UI for files in bucket...
DEBUG | Sat Jul 25 14:11:48 IST 2020 : Setting UI for files in bucket...
DEBUG | Sat Jul 25 14:11:48 IST 2020 : Setting UI for files in bucket...
DEBUG | Sat Jul 25 14:11:49 IST 2020 : Setting UI for files in bucket...
DEBUG | Sat Jul 25 14:11:49 IST 2020 : Setting UI for files in bucket...
DEBUG | Sat Jul 25 14:11:50 IST 2020 : Setting UI for files in bucket...
DEBUG | Sat Jul 25 14:11:50 IST 2020 : Setting UI for files in bucket...
DEBUG | Sat Jul 25 14:11:51 IST 2020 : Setting UI for files in bucket...
DEBUG | Sat Jul 25 14:11:51 IST 2020 : Setting UI for files in bucket...
DEBUG | Sat Jul 25 14:11:52 IST 2020 : Setting UI for files in bucket...
DEBUG | Sat Jul 25 14:11:52 IST 2020 : Setting UI for files in bucket...
DEBUG | Sat Jul 25 14:11:53 IST 2020 : Setting UI for files in bucket...
DEBUG | Sat Jul 25 14:11:53 IST 2020 : Setting UI for files in bucket...
DEBUG | Sat Jul 25 14:11:54 IST 2020 : Setting UI for files in bucket...
DEBUG | Sat Jul 25 14:11:54 IST 2020 : Setting UI for files in bucket...
DEBUG | Sat Jul 25 14:11:55 IST 2020 : Setting UI for files in bucket...
DEBUG | Sat Jul 25 14:11:56 IST 2020 : Setting UI for files in bucket...
DEBUG | Sat Jul 25 14:11:56 IST 2020 : Setting UI for files in bucket...
DEBUG | Sat Jul 25 14:11:57 IST 2020 : Setting UI for files in bucket...
DEBUG | Sat Jul 25 14:11:57 IST 2020 : Setting UI for files in bucket...
DEBUG | Sat Jul 25 14:11:58 IST 2020 : Setting UI for files in bucket...
DEBUG | Sat Jul 25 14:11:58 IST 2020 : Setting UI for files in bucket...
DEBUG | Sat Jul 25 14:11:59 IST 2020 : Setting UI for files in bucket...
DEBUG | Sat Jul 25 14:11:59 IST 2020 : Setting UI for files in bucket...
DEBUG | Sat Jul 25 14:12:00 IST 2020 : Setting UI for files in bucket...
DEBUG | Sat Jul 25 14:12:00 IST 2020 : Setting UI for files in bucket...
DEBUG | Sat Jul 25 14:12:01 IST 2020 : Setting UI for files in bucket...
DEBUG | Sat Jul 25 14:12:01 IST 2020 : Setting UI for files in bucket...
DEBUG | Sat Jul 25 14:12:02 IST 2020 : Setting UI for files in bucket...
DEBUG | Sat Jul 25 14:12:02 IST 2020 : Setting UI for files in bucket...
DEBUG | Sat Jul 25 14:12:03 IST 2020 : Setting UI for files in bucket...
DEBUG | Sat Jul 25 14:12:03 IST 2020 : Setting UI for files in bucket...
DEBUG | Sat Jul 25 14:12:04 IST 2020 : Setting UI for files in bucket...
DEBUG | Sat Jul 25 14:12:04 IST 2020 : Setting UI for files in bucket...
DEBUG | Sat Jul 25 14:12:05 IST 2020 : Setting UI for files in bucket...
DEBUG | Sat Jul 25 14:12:05 IST 2020 : Setting UI for files in bucket...
DEBUG | Sat Jul 25 14:12:06 IST 2020 : Setting UI for files in bucket...
DEBUG | Sat Jul 25 14:12:06 IST 2020 : Setting UI for files in bucket...
DEBUG | Sat Jul 25 14:12:07 IST 2020 : Setting UI for files in bucket...
DEBUG | Sat Jul 25 14:12:07 IST 2020 : Setting UI for files in bucket...
DEBUG | Sat Jul 25 14:12:08 IST 2020 : Setting UI for files in bucket...
DEBUG | Sat Jul 25 14:12:08 IST 2020 : Setting UI for files in bucket...
DEBUG | Sat Jul 25 14:12:09 IST 2020 : Setting UI for files in bucket...
DEBUG | Sat Jul 25 14:12:09 IST 2020 : Setting UI for files in bucket...
DEBUG | Sat Jul 25 14:12:10 IST 2020 : Setting UI for files in bucket...
DEBUG | Sat Jul 25 14:12:10 IST 2020 : Setting UI for files in bucket...
DEBUG | Sat Jul 25 14:12:11 IST 2020 : Setting UI for files in bucket...
DEBUG | Sat Jul 25 14:12:11 IST 2020 : Setting UI for files in bucket...
DEBUG | Sat Jul 25 14:12:12 IST 2020 : Setting UI for files in bucket...
DEBUG | Sat Jul 25 14:12:13 IST 2020 : Setting UI for files in bucket...
DEBUG | Sat Jul 25 14:12:13 IST 2020 : Setting UI for files in bucket...
DEBUG | Sat Jul 25 14:12:14 IST 2020 : Setting UI for files in bucket...
DEBUG | Sat Jul 25 14:12:14 IST 2020 : Setting UI for files in bucket...
DEBUG | Sat Jul 25 14:12:15 IST 2020 : Setting UI for files in bucket...
DEBUG | Sat Jul 25 14:12:15 IST 2020 : Setting UI for files in bucket...
DEBUG | Sat Jul 25 14:12:16 IST 2020 : Setting UI for files in bucket...
DEBUG | Sat Jul 25 14:12:16 IST 2020 : Setting UI for files in bucket...
DEBUG | Sat Jul 25 14:12:17 IST 2020 : Setting UI for files in bucket...
DEBUG | Sat Jul 25 14:12:17 IST 2020 : Setting UI for files in bucket...
DEBUG | Sat Jul 25 14:12:18 IST 2020 : Setting UI for files in bucket...
DEBUG | Sat Jul 25 14:12:18 IST 2020 : Setting UI for files in bucket...
DEBUG | Sat Jul 25 14:12:19 IST 2020 : Setting UI for files in bucket...
DEBUG | Sat Jul 25 14:12:19 IST 2020 : Setting UI for files in bucket...
DEBUG | Sat Jul 25 14:12:20 IST 2020 : Setting UI for files in bucket...
DEBUG | Sat Jul 25 14:12:20 IST 2020 : Setting UI for files in bucket...
DEBUG | Sat Jul 25 14:12:21 IST 2020 : Setting UI for files in bucket...
DEBUG | Sat Jul 25 14:12:21 IST 2020 : Setting UI for files in bucket...
DEBUG | Sat Jul 25 14:12:22 IST 2020 : Setting UI for files in bucket...
DEBUG | Sat Jul 25 14:12:22 IST 2020 : Setting UI for files in bucket...
DEBUG | Sat Jul 25 14:12:23 IST 2020 : Setting UI for files in bucket...
DEBUG | Sat Jul 25 14:12:23 IST 2020 : Setting UI for files in bucket...
DEBUG | Sat Jul 25 14:12:24 IST 2020 : Setting UI for files in bucket...
DEBUG | Sat Jul 25 14:12:24 IST 2020 : Setting UI for files in bucket...
DEBUG | Sat Jul 25 14:12:25 IST 2020 : Setting UI for files in bucket...
DEBUG | Sat Jul 25 14:12:25 IST 2020 : Setting UI for files in bucket...
DEBUG | Sat Jul 25 14:12:26 IST 2020 : Setting UI for files in bucket...
DEBUG | Sat Jul 25 14:12:26 IST 2020 : Setting UI for files in bucket...
DEBUG | Sat Jul 25 14:12:27 IST 2020 : Setting UI for files in bucket...
DEBUG | Sat Jul 25 14:12:27 IST 2020 : Setting UI for files in bucket...
DEBUG | Sat Jul 25 14:12:28 IST 2020 : Setting UI for files in bucket...
DEBUG | Sat Jul 25 14:12:28 IST 2020 : Setting UI for files in bucket...
DEBUG | Sat Jul 25 14:12:29 IST 2020 : Setting UI for files in bucket...
DEBUG | Sat Jul 25 14:12:30 IST 2020 : Setting UI for files in bucket...
DEBUG | Sat Jul 25 14:12:30 IST 2020 : Setting UI for files in bucket...
DEBUG | Sat Jul 25 14:12:31 IST 2020 : Setting UI for files in bucket...
DEBUG | Sat Jul 25 14:12:31 IST 2020 : Setting UI for files in bucket...
DEBUG | Sat Jul 25 14:12:32 IST 2020 : Setting UI for files in bucket...
DEBUG | Sat Jul 25 14:12:32 IST 2020 : Setting UI for files in bucket...
DEBUG | Sat Jul 25 14:12:33 IST 2020 : Setting UI for files in bucket...
DEBUG | Sat Jul 25 14:12:33 IST 2020 : Setting UI for files in bucket...
DEBUG | Sat Jul 25 14:12:34 IST 2020 : Setting UI for files in bucket...
DEBUG | Sat Jul 25 14:12:34 IST 2020 : Setting UI for files in bucket...
