Session Id: 20209-221712
DEBUG | Mon Jul 27 22:17:12 IST 2020 : Services initiated
DEBUG | Mon Jul 27 22:17:15 IST 2020 : Add file for copy: D:\Programs\LidoSoftwares\LidoCopy\files\ajVraZefnP1595868298096
DEBUG | Mon Jul 27 22:17:15 IST 2020 : passing to backpanel >> C:\Users\user\Desktop\src\set-2\1.bmp
DEBUG | Mon Jul 27 22:17:15 IST 2020 : Got file for copy: C:\Users\user\Desktop\src\set-2\1.bmp
DEBUG | Mon Jul 27 22:17:15 IST 2020 : Added file for copy to srcFiles: 1
DEBUG | Mon Jul 27 22:17:15 IST 2020 : Setting UI for files in bucket...
DEBUG | Mon Jul 27 22:17:15 IST 2020 : Add file for copy: D:\Programs\LidoSoftwares\LidoCopy\files\FqQnXCOsKH1595868298096
DEBUG | Mon Jul 27 22:17:15 IST 2020 : passing to backpanel >> C:\Users\user\Desktop\src\set-2\set-2\1.bmp
DEBUG | Mon Jul 27 22:17:15 IST 2020 : Got file for copy: C:\Users\user\Desktop\src\set-2\set-2\1.bmp
DEBUG | Mon Jul 27 22:17:15 IST 2020 : Added file for copy to srcFiles: 2
DEBUG | Mon Jul 27 22:17:15 IST 2020 : Setting UI for files in bucket...
DEBUG | Mon Jul 27 22:17:15 IST 2020 : Setting UI for files in bucket...
INFO  | Mon Jul 27 22:17:23 IST 2020 : Files with same names (but not same hash) found. Will show overwrite strategy dialog.
INFO  | Mon Jul 27 22:17:23 IST 2020 : Files with same names and relative paths copied together from different sources. Will show overwrite strategy dialog.
DEBUG | Mon Jul 27 22:17:23 IST 2020 : Setting UI for files in bucket...
DEBUG | Mon Jul 27 22:17:24 IST 2020 : Setting UI for files in bucket...
DEBUG | Mon Jul 27 22:17:24 IST 2020 : Setting UI for files in bucket...
DEBUG | Mon Jul 27 22:17:25 IST 2020 : Setting UI for files in bucket...
DEBUG | Mon Jul 27 22:17:26 IST 2020 : Setting UI for files in bucket...
DEBUG | Mon Jul 27 22:17:26 IST 2020 : Setting UI for files in bucket...
DEBUG | Mon Jul 27 22:17:27 IST 2020 : Setting UI for files in bucket...
DEBUG | Mon Jul 27 22:17:27 IST 2020 : Setting UI for files in bucket...
DEBUG | Mon Jul 27 22:17:28 IST 2020 : Setting UI for files in bucket...
DEBUG | Mon Jul 27 22:17:28 IST 2020 : Setting UI for files in bucket...
DEBUG | Mon Jul 27 22:17:29 IST 2020 : Setting UI for files in bucket...
DEBUG | Mon Jul 27 22:17:29 IST 2020 : Setting UI for files in bucket...
DEBUG | Mon Jul 27 22:17:30 IST 2020 : Setting UI for files in bucket...
DEBUG | Mon Jul 27 22:17:30 IST 2020 : Setting UI for files in bucket...
DEBUG | Mon Jul 27 22:17:31 IST 2020 : Setting UI for files in bucket...
DEBUG | Mon Jul 27 22:17:31 IST 2020 : Setting UI for files in bucket...
DEBUG | Mon Jul 27 22:17:32 IST 2020 : Setting UI for files in bucket...
DEBUG | Mon Jul 27 22:17:32 IST 2020 : Setting UI for files in bucket...
DEBUG | Mon Jul 27 22:17:33 IST 2020 : Setting UI for files in bucket...
DEBUG | Mon Jul 27 22:17:33 IST 2020 : Setting UI for files in bucket...
DEBUG | Mon Jul 27 22:17:34 IST 2020 : Setting UI for files in bucket...
DEBUG | Mon Jul 27 22:17:34 IST 2020 : Setting UI for files in bucket...
DEBUG | Mon Jul 27 22:17:35 IST 2020 : Setting UI for files in bucket...
DEBUG | Mon Jul 27 22:17:35 IST 2020 : Setting UI for files in bucket...
DEBUG | Mon Jul 27 22:17:36 IST 2020 : Setting UI for files in bucket...
DEBUG | Mon Jul 27 22:17:36 IST 2020 : Setting UI for files in bucket...
DEBUG | Mon Jul 27 22:17:37 IST 2020 : Setting UI for files in bucket...
DEBUG | Mon Jul 27 22:17:37 IST 2020 : Setting UI for files in bucket...
DEBUG | Mon Jul 27 22:17:38 IST 2020 : Setting UI for files in bucket...
DEBUG | Mon Jul 27 22:17:38 IST 2020 : Setting UI for files in bucket...
DEBUG | Mon Jul 27 22:17:39 IST 2020 : Setting UI for files in bucket...
DEBUG | Mon Jul 27 22:17:39 IST 2020 : Setting UI for files in bucket...
DEBUG | Mon Jul 27 22:17:40 IST 2020 : Setting UI for files in bucket...
DEBUG | Mon Jul 27 22:17:40 IST 2020 : Setting UI for files in bucket...
DEBUG | Mon Jul 27 22:17:41 IST 2020 : Setting UI for files in bucket...
DEBUG | Mon Jul 27 22:17:41 IST 2020 : Setting UI for files in bucket...
DEBUG | Mon Jul 27 22:17:42 IST 2020 : Setting UI for files in bucket...
