Session Id: 20209-231136
DEBUG | Mon Jul 27 23:11:36 IST 2020 : Services initiated
DEBUG | Mon Jul 27 23:11:37 IST 2020 : Add file for copy: D:\Programs\LidoSoftwares\LidoCopy\files\pGlUfzACHN1595871696288
DEBUG | Mon Jul 27 23:11:37 IST 2020 : passing to backpanel >> C:\Users\user\Desktop\src\set-2\1.bmp
DEBUG | Mon Jul 27 23:11:37 IST 2020 : Got file for copy: C:\Users\user\Desktop\src\set-2\1.bmp
DEBUG | Mon Jul 27 23:11:37 IST 2020 : Added file for copy to srcFiles: 1
DEBUG | Mon Jul 27 23:11:37 IST 2020 : Setting UI for files in bucket...
DEBUG | Mon Jul 27 23:11:37 IST 2020 : Add file for copy: D:\Programs\LidoSoftwares\LidoCopy\files\WpeGRpedMv1595871696288
DEBUG | Mon Jul 27 23:11:37 IST 2020 : passing to backpanel >> C:\Users\user\Desktop\src\set-2\set-2\1.bmp
DEBUG | Mon Jul 27 23:11:37 IST 2020 : Got file for copy: C:\Users\user\Desktop\src\set-2\set-2\1.bmp
DEBUG | Mon Jul 27 23:11:37 IST 2020 : Added file for copy to srcFiles: 2
DEBUG | Mon Jul 27 23:11:37 IST 2020 : Setting UI for files in bucket...
DEBUG | Mon Jul 27 23:11:37 IST 2020 : Setting UI for files in bucket...
INFO  | Mon Jul 27 23:11:51 IST 2020 : Files with same names (but not same hash) found. Will show overwrite strategy dialog.
INFO  | Mon Jul 27 23:11:51 IST 2020 : Files with same names and relative paths copied together from different sources. Will show overwrite strategy dialog.
DEBUG | Mon Jul 27 23:11:52 IST 2020 : Setting UI for files in bucket...
DEBUG | Mon Jul 27 23:11:52 IST 2020 : Setting UI for files in bucket...
DEBUG | Mon Jul 27 23:11:53 IST 2020 : Setting UI for files in bucket...
DEBUG | Mon Jul 27 23:11:53 IST 2020 : Setting UI for files in bucket...
DEBUG | Mon Jul 27 23:11:54 IST 2020 : Setting UI for files in bucket...
DEBUG | Mon Jul 27 23:11:54 IST 2020 : Setting UI for files in bucket...
DEBUG | Mon Jul 27 23:11:55 IST 2020 : Setting UI for files in bucket...
DEBUG | Mon Jul 27 23:11:55 IST 2020 : Setting UI for files in bucket...
DEBUG | Mon Jul 27 23:11:56 IST 2020 : Setting UI for files in bucket...
DEBUG | Mon Jul 27 23:11:56 IST 2020 : Setting UI for files in bucket...
DEBUG | Mon Jul 27 23:11:57 IST 2020 : Setting UI for files in bucket...
DEBUG | Mon Jul 27 23:11:57 IST 2020 : Setting UI for files in bucket...
DEBUG | Mon Jul 27 23:11:58 IST 2020 : Setting UI for files in bucket...
DEBUG | Mon Jul 27 23:11:58 IST 2020 : Setting UI for files in bucket...
DEBUG | Mon Jul 27 23:11:59 IST 2020 : Setting UI for files in bucket...
DEBUG | Mon Jul 27 23:11:59 IST 2020 : Setting UI for files in bucket...
DEBUG | Mon Jul 27 23:12:00 IST 2020 : Setting UI for files in bucket...
DEBUG | Mon Jul 27 23:12:00 IST 2020 : Setting UI for files in bucket...
DEBUG | Mon Jul 27 23:12:01 IST 2020 : Setting UI for files in bucket...
DEBUG | Mon Jul 27 23:12:01 IST 2020 : Setting UI for files in bucket...
DEBUG | Mon Jul 27 23:12:02 IST 2020 : Setting UI for files in bucket...
DEBUG | Mon Jul 27 23:12:02 IST 2020 : Setting UI for files in bucket...
DEBUG | Mon Jul 27 23:12:03 IST 2020 : Setting UI for files in bucket...
DEBUG | Mon Jul 27 23:12:04 IST 2020 : Setting UI for files in bucket...
DEBUG | Mon Jul 27 23:12:04 IST 2020 : Setting UI for files in bucket...
DEBUG | Mon Jul 27 23:12:05 IST 2020 : Setting UI for files in bucket...
DEBUG | Mon Jul 27 23:12:05 IST 2020 : Setting UI for files in bucket...
DEBUG | Mon Jul 27 23:12:06 IST 2020 : Setting UI for files in bucket...
DEBUG | Mon Jul 27 23:12:06 IST 2020 : Setting UI for files in bucket...
