Session Id: 20207-171344
DEBUG | Sat Jul 25 17:13:44 IST 2020 : Services initiated
DEBUG | Sat Jul 25 17:13:52 IST 2020 : Setting UI for files in bucket...
INFO  | Sat Jul 25 17:13:57 IST 2020 : Files with same names (but not same hash) found. Will show overwrite strategy dialog.
DEBUG | Sat Jul 25 17:13:58 IST 2020 : Setting UI for files in bucket...
DEBUG | Sat Jul 25 17:13:58 IST 2020 : Setting UI for files in bucket...
DEBUG | Sat Jul 25 17:13:59 IST 2020 : Setting UI for files in bucket...
DEBUG | Sat Jul 25 17:13:59 IST 2020 : Setting UI for files in bucket...
DEBUG | Sat Jul 25 17:14:00 IST 2020 : Setting UI for files in bucket...
DEBUG | Sat Jul 25 17:14:00 IST 2020 : Overwrite strategy decided : 
DEBUG | Sat Jul 25 17:14:00 IST 2020 : RENAME_SKIPPED_FILES : false
DEBUG | Sat Jul 25 17:14:00 IST 2020 : ASK_FOR_EACH_FILE : false
DEBUG | Sat Jul 25 17:14:00 IST 2020 : COPY_MULTIPLE_FILES_TO_SAME_PATH__ASK_FOR_EACH_FILE : true
INFO  | Sat Jul 25 17:14:00 IST 2020 : Copying 10 files.
--------------------------------------------------------------------------------
INFO  | Sat Jul 25 17:14:00 IST 2020 : 0 of 10 copied
DEBUG | Sat Jul 25 17:14:00 IST 2020 : Setting UI for files in bucket...
----------------------------------------------
DEBUG | Sat Jul 25 17:14:00 IST 2020 : Setting UI for files in bucket...
INFO  | Sat Jul 25 17:14:00 IST 2020 : The file already exists in destination : C:\Users\user\Desktop\src\set-4\1.bmp
WARN  | Sat Jul 25 17:14:00 IST 2020 : Same named file exists : 1.bmp
WARN  | Sat Jul 25 17:14:00 IST 2020 : Overwriting existing file
DEBUG | Sat Jul 25 17:14:00 IST 2020 : Setting UI for files in bucket...
DEBUG | Sat Jul 25 17:14:00 IST 2020 : Copying the file using nio.Files.copy() method.
DEBUG | Sat Jul 25 17:14:00 IST 2020 : Setting UI for files in bucket...
DEBUG | Sat Jul 25 17:14:01 IST 2020 : Setting UI for files in bucket...
DEBUG | Sat Jul 25 17:14:01 IST 2020 : Setting UI for files in bucket...
DEBUG | Sat Jul 25 17:14:02 IST 2020 : Setting UI for files in bucket...
DEBUG | Sat Jul 25 17:14:02 IST 2020 : Setting UI for files in bucket...
DEBUG | Sat Jul 25 17:14:03 IST 2020 : Copy completed: 1.bmp
DEBUG | Sat Jul 25 17:14:03 IST 2020 : 1.bmp : Data integrity check passed.
INFO  | Sat Jul 25 17:14:03 IST 2020 : 1 of 10 copied
DEBUG | Sat Jul 25 17:14:03 IST 2020 : Setting UI for files in bucket...
----------------------------------------------
DEBUG | Sat Jul 25 17:14:03 IST 2020 : Setting UI for files in bucket...
DEBUG | Sat Jul 25 17:14:03 IST 2020 : Setting UI for files in bucket...
INFO  | Sat Jul 25 17:14:03 IST 2020 : The file already exists in destination : C:\Users\user\Desktop\src\set-5\1.bmp
WARN  | Sat Jul 25 17:14:03 IST 2020 : Same named file exists : 1.bmp
WARN  | Sat Jul 25 17:14:03 IST 2020 : Overwriting existing file
DEBUG | Sat Jul 25 17:14:03 IST 2020 : Setting UI for files in bucket...
DEBUG | Sat Jul 25 17:14:03 IST 2020 : Copying the file using nio.Files.copy() method.
DEBUG | Sat Jul 25 17:14:03 IST 2020 : Setting UI for files in bucket...
DEBUG | Sat Jul 25 17:14:04 IST 2020 : Setting UI for files in bucket...
DEBUG | Sat Jul 25 17:14:04 IST 2020 : Setting UI for files in bucket...
DEBUG | Sat Jul 25 17:14:05 IST 2020 : Setting UI for files in bucket...
DEBUG | Sat Jul 25 17:14:05 IST 2020 : Setting UI for files in bucket...
DEBUG | Sat Jul 25 17:14:06 IST 2020 : Copy completed: 1.bmp
DEBUG | Sat Jul 25 17:14:06 IST 2020 : 1.bmp : Data integrity check passed.
INFO  | Sat Jul 25 17:14:06 IST 2020 : 2 of 10 copied
DEBUG | Sat Jul 25 17:14:06 IST 2020 : Setting UI for files in bucket...
----------------------------------------------
DEBUG | Sat Jul 25 17:14:06 IST 2020 : Setting UI for files in bucket...
INFO  | Sat Jul 25 17:14:06 IST 2020 : The file already exists in destination : C:\Users\user\Desktop\src\set-6\1.bmp
WARN  | Sat Jul 25 17:14:06 IST 2020 : Same named file exists : 1.bmp
WARN  | Sat Jul 25 17:14:06 IST 2020 : Overwriting existing file
DEBUG | Sat Jul 25 17:14:06 IST 2020 : Setting UI for files in bucket...
DEBUG | Sat Jul 25 17:14:06 IST 2020 : Copying the file using nio.Files.copy() method.
DEBUG | Sat Jul 25 17:14:06 IST 2020 : Setting UI for files in bucket...
DEBUG | Sat Jul 25 17:14:06 IST 2020 : Setting UI for files in bucket...
DEBUG | Sat Jul 25 17:14:07 IST 2020 : Setting UI for files in bucket...
DEBUG | Sat Jul 25 17:14:07 IST 2020 : Setting UI for files in bucket...
DEBUG | Sat Jul 25 17:14:08 IST 2020 : Setting UI for files in bucket...
DEBUG | Sat Jul 25 17:14:08 IST 2020 : Setting UI for files in bucket...
DEBUG | Sat Jul 25 17:14:09 IST 2020 : Copy completed: 1.bmp
DEBUG | Sat Jul 25 17:14:09 IST 2020 : 1.bmp : Data integrity check passed.
INFO  | Sat Jul 25 17:14:09 IST 2020 : 3 of 10 copied
DEBUG | Sat Jul 25 17:14:09 IST 2020 : Setting UI for files in bucket...
----------------------------------------------
DEBUG | Sat Jul 25 17:14:09 IST 2020 : Setting UI for files in bucket...
INFO  | Sat Jul 25 17:14:09 IST 2020 : The file already exists in destination : C:\Users\user\Desktop\src\set-4\2.bmp
WARN  | Sat Jul 25 17:14:09 IST 2020 : Same named file exists : 2.bmp
WARN  | Sat Jul 25 17:14:09 IST 2020 : Overwriting existing file
DEBUG | Sat Jul 25 17:14:09 IST 2020 : Setting UI for files in bucket...
DEBUG | Sat Jul 25 17:14:09 IST 2020 : Copying the file using nio.Files.copy() method.
DEBUG | Sat Jul 25 17:14:09 IST 2020 : Setting UI for files in bucket...
DEBUG | Sat Jul 25 17:14:09 IST 2020 : Setting UI for files in bucket...
DEBUG | Sat Jul 25 17:14:10 IST 2020 : Setting UI for files in bucket...
DEBUG | Sat Jul 25 17:14:10 IST 2020 : Setting UI for files in bucket...
DEBUG | Sat Jul 25 17:14:11 IST 2020 : Setting UI for files in bucket...
DEBUG | Sat Jul 25 17:14:11 IST 2020 : Setting UI for files in bucket...
DEBUG | Sat Jul 25 17:14:12 IST 2020 : Copy completed: 2.bmp
DEBUG | Sat Jul 25 17:14:12 IST 2020 : 2.bmp : Data integrity check passed.
INFO  | Sat Jul 25 17:14:12 IST 2020 : 4 of 10 copied
DEBUG | Sat Jul 25 17:14:12 IST 2020 : Setting UI for files in bucket...
----------------------------------------------
DEBUG | Sat Jul 25 17:14:12 IST 2020 : Setting UI for files in bucket...
INFO  | Sat Jul 25 17:14:12 IST 2020 : The file already exists in destination : C:\Users\user\Desktop\src\set-5\2.bmp
WARN  | Sat Jul 25 17:14:12 IST 2020 : Same named file exists : 2.bmp
WARN  | Sat Jul 25 17:14:12 IST 2020 : Overwriting existing file
DEBUG | Sat Jul 25 17:14:12 IST 2020 : Setting UI for files in bucket...
DEBUG | Sat Jul 25 17:14:12 IST 2020 : Copying the file using nio.Files.copy() method.
DEBUG | Sat Jul 25 17:14:12 IST 2020 : Setting UI for files in bucket...
DEBUG | Sat Jul 25 17:14:12 IST 2020 : Setting UI for files in bucket...
DEBUG | Sat Jul 25 17:14:13 IST 2020 : Setting UI for files in bucket...
DEBUG | Sat Jul 25 17:14:13 IST 2020 : Setting UI for files in bucket...
DEBUG | Sat Jul 25 17:14:14 IST 2020 : Setting UI for files in bucket...
