Session Id: 20209-232122
DEBUG | Mon Jul 27 23:21:22 IST 2020 : Services initiated
DEBUG | Mon Jul 27 23:21:23 IST 2020 : Add file for copy: D:\Programs\LidoSoftwares\LidoCopy\files\LbisBsDDzm1595872282560
DEBUG | Mon Jul 27 23:21:23 IST 2020 : passing to backpanel >> C:\Users\user\Desktop\src\set-2\1.bmp
DEBUG | Mon Jul 27 23:21:23 IST 2020 : Got file for copy: C:\Users\user\Desktop\src\set-2\1.bmp
DEBUG | Mon Jul 27 23:21:23 IST 2020 : Added file for copy to srcFiles: 1
DEBUG | Mon Jul 27 23:21:23 IST 2020 : Setting UI for files in bucket...
DEBUG | Mon Jul 27 23:21:23 IST 2020 : Add file for copy: D:\Programs\LidoSoftwares\LidoCopy\files\YVNRQsQkRE1595872282560
DEBUG | Mon Jul 27 23:21:23 IST 2020 : passing to backpanel >> C:\Users\user\Desktop\src\set-2\set-2\1.bmp
DEBUG | Mon Jul 27 23:21:23 IST 2020 : Got file for copy: C:\Users\user\Desktop\src\set-2\set-2\1.bmp
DEBUG | Mon Jul 27 23:21:23 IST 2020 : Added file for copy to srcFiles: 2
DEBUG | Mon Jul 27 23:21:23 IST 2020 : Setting UI for files in bucket...
DEBUG | Mon Jul 27 23:21:23 IST 2020 : Setting UI for files in bucket...
INFO  | Mon Jul 27 23:21:29 IST 2020 : Files with same names (but not same hash) found. Will show overwrite strategy dialog.
INFO  | Mon Jul 27 23:21:29 IST 2020 : Files with same names and relative paths copied together from different sources. Will show overwrite strategy dialog.
DEBUG | Mon Jul 27 23:21:29 IST 2020 : Setting UI for files in bucket...
DEBUG | Mon Jul 27 23:21:30 IST 2020 : Setting UI for files in bucket...
DEBUG | Mon Jul 27 23:21:30 IST 2020 : Setting UI for files in bucket...
DEBUG | Mon Jul 27 23:21:31 IST 2020 : Setting UI for files in bucket...
DEBUG | Mon Jul 27 23:21:31 IST 2020 : Setting UI for files in bucket...
DEBUG | Mon Jul 27 23:21:32 IST 2020 : Setting UI for files in bucket...
DEBUG | Mon Jul 27 23:21:32 IST 2020 : Setting UI for files in bucket...
DEBUG | Mon Jul 27 23:21:33 IST 2020 : Setting UI for files in bucket...
DEBUG | Mon Jul 27 23:21:33 IST 2020 : Setting UI for files in bucket...
DEBUG | Mon Jul 27 23:21:34 IST 2020 : Setting UI for files in bucket...
DEBUG | Mon Jul 27 23:21:34 IST 2020 : Setting UI for files in bucket...
DEBUG | Mon Jul 27 23:21:35 IST 2020 : Setting UI for files in bucket...
DEBUG | Mon Jul 27 23:21:35 IST 2020 : Setting UI for files in bucket...
DEBUG | Mon Jul 27 23:21:36 IST 2020 : Setting UI for files in bucket...
DEBUG | Mon Jul 27 23:21:36 IST 2020 : Setting UI for files in bucket...
DEBUG | Mon Jul 27 23:21:37 IST 2020 : Setting UI for files in bucket...
DEBUG | Mon Jul 27 23:21:37 IST 2020 : Setting UI for files in bucket...
DEBUG | Mon Jul 27 23:21:38 IST 2020 : Setting UI for files in bucket...
DEBUG | Mon Jul 27 23:21:38 IST 2020 : Setting UI for files in bucket...
DEBUG | Mon Jul 27 23:21:39 IST 2020 : Setting UI for files in bucket...
DEBUG | Mon Jul 27 23:21:39 IST 2020 : Setting UI for files in bucket...
DEBUG | Mon Jul 27 23:21:40 IST 2020 : Setting UI for files in bucket...
DEBUG | Mon Jul 27 23:21:40 IST 2020 : Setting UI for files in bucket...
DEBUG | Mon Jul 27 23:21:41 IST 2020 : Setting UI for files in bucket...
DEBUG | Mon Jul 27 23:21:41 IST 2020 : Setting UI for files in bucket...
DEBUG | Mon Jul 27 23:21:42 IST 2020 : Setting UI for files in bucket...
DEBUG | Mon Jul 27 23:21:42 IST 2020 : Setting UI for files in bucket...
DEBUG | Mon Jul 27 23:21:43 IST 2020 : Setting UI for files in bucket...
DEBUG | Mon Jul 27 23:21:43 IST 2020 : Setting UI for files in bucket...
DEBUG | Mon Jul 27 23:21:44 IST 2020 : Setting UI for files in bucket...
DEBUG | Mon Jul 27 23:21:45 IST 2020 : Setting UI for files in bucket...
DEBUG | Mon Jul 27 23:21:45 IST 2020 : Setting UI for files in bucket...
DEBUG | Mon Jul 27 23:21:46 IST 2020 : Setting UI for files in bucket...
DEBUG | Mon Jul 27 23:21:46 IST 2020 : Setting UI for files in bucket...
DEBUG | Mon Jul 27 23:21:47 IST 2020 : Setting UI for files in bucket...
DEBUG | Mon Jul 27 23:21:47 IST 2020 : Setting UI for files in bucket...
DEBUG | Mon Jul 27 23:21:48 IST 2020 : Setting UI for files in bucket...
DEBUG | Mon Jul 27 23:21:48 IST 2020 : Setting UI for files in bucket...
DEBUG | Mon Jul 27 23:21:49 IST 2020 : Setting UI for files in bucket...
DEBUG | Mon Jul 27 23:21:49 IST 2020 : Setting UI for files in bucket...
DEBUG | Mon Jul 27 23:21:50 IST 2020 : Setting UI for files in bucket...
DEBUG | Mon Jul 27 23:21:50 IST 2020 : Setting UI for files in bucket...
DEBUG | Mon Jul 27 23:21:51 IST 2020 : Setting UI for files in bucket...
DEBUG | Mon Jul 27 23:21:51 IST 2020 : Setting UI for files in bucket...
DEBUG | Mon Jul 27 23:21:52 IST 2020 : Setting UI for files in bucket...
DEBUG | Mon Jul 27 23:21:52 IST 2020 : Setting UI for files in bucket...
