Session Id: 20209-232016
DEBUG | Mon Jul 27 23:20:16 IST 2020 : Services initiated
DEBUG | Mon Jul 27 23:20:17 IST 2020 : Add file for copy: D:\Programs\LidoSoftwares\LidoCopy\files\jgWVuGYnTE1595872216458
DEBUG | Mon Jul 27 23:20:17 IST 2020 : passing to backpanel >> C:\Users\user\Desktop\src\set-2\set-2\1.bmp
DEBUG | Mon Jul 27 23:20:17 IST 2020 : Got file for copy: C:\Users\user\Desktop\src\set-2\set-2\1.bmp
DEBUG | Mon Jul 27 23:20:17 IST 2020 : Added file for copy to srcFiles: 1
DEBUG | Mon Jul 27 23:20:17 IST 2020 : Setting UI for files in bucket...
DEBUG | Mon Jul 27 23:20:17 IST 2020 : Add file for copy: D:\Programs\LidoSoftwares\LidoCopy\files\wZMzzFYchK1595872216458
DEBUG | Mon Jul 27 23:20:17 IST 2020 : passing to backpanel >> C:\Users\user\Desktop\src\set-2\1.bmp
DEBUG | Mon Jul 27 23:20:17 IST 2020 : Got file for copy: C:\Users\user\Desktop\src\set-2\1.bmp
DEBUG | Mon Jul 27 23:20:17 IST 2020 : Added file for copy to srcFiles: 2
DEBUG | Mon Jul 27 23:20:17 IST 2020 : Setting UI for files in bucket...
DEBUG | Mon Jul 27 23:20:17 IST 2020 : Setting UI for files in bucket...
INFO  | Mon Jul 27 23:20:26 IST 2020 : Files with same names (but not same hash) found. Will show overwrite strategy dialog.
INFO  | Mon Jul 27 23:20:26 IST 2020 : Files with same names and relative paths copied together from different sources. Will show overwrite strategy dialog.
DEBUG | Mon Jul 27 23:20:26 IST 2020 : Setting UI for files in bucket...
DEBUG | Mon Jul 27 23:20:27 IST 2020 : Setting UI for files in bucket...
DEBUG | Mon Jul 27 23:20:27 IST 2020 : Setting UI for files in bucket...
DEBUG | Mon Jul 27 23:20:28 IST 2020 : Setting UI for files in bucket...
DEBUG | Mon Jul 27 23:20:28 IST 2020 : Setting UI for files in bucket...
DEBUG | Mon Jul 27 23:20:29 IST 2020 : Setting UI for files in bucket...
DEBUG | Mon Jul 27 23:20:29 IST 2020 : Setting UI for files in bucket...
DEBUG | Mon Jul 27 23:20:30 IST 2020 : Setting UI for files in bucket...
DEBUG | Mon Jul 27 23:20:30 IST 2020 : Setting UI for files in bucket...
DEBUG | Mon Jul 27 23:20:31 IST 2020 : Setting UI for files in bucket...
DEBUG | Mon Jul 27 23:20:31 IST 2020 : Setting UI for files in bucket...
DEBUG | Mon Jul 27 23:20:32 IST 2020 : Setting UI for files in bucket...
DEBUG | Mon Jul 27 23:20:32 IST 2020 : Setting UI for files in bucket...
DEBUG | Mon Jul 27 23:20:33 IST 2020 : Setting UI for files in bucket...
DEBUG | Mon Jul 27 23:20:33 IST 2020 : Setting UI for files in bucket...
DEBUG | Mon Jul 27 23:20:34 IST 2020 : Setting UI for files in bucket...
DEBUG | Mon Jul 27 23:20:34 IST 2020 : Setting UI for files in bucket...
DEBUG | Mon Jul 27 23:20:35 IST 2020 : Setting UI for files in bucket...
DEBUG | Mon Jul 27 23:20:35 IST 2020 : Setting UI for files in bucket...
DEBUG | Mon Jul 27 23:20:36 IST 2020 : Setting UI for files in bucket...
DEBUG | Mon Jul 27 23:20:36 IST 2020 : Setting UI for files in bucket...
DEBUG | Mon Jul 27 23:20:37 IST 2020 : Setting UI for files in bucket...
DEBUG | Mon Jul 27 23:20:37 IST 2020 : Setting UI for files in bucket...
DEBUG | Mon Jul 27 23:20:38 IST 2020 : Setting UI for files in bucket...
DEBUG | Mon Jul 27 23:20:38 IST 2020 : Setting UI for files in bucket...
DEBUG | Mon Jul 27 23:20:39 IST 2020 : Setting UI for files in bucket...
DEBUG | Mon Jul 27 23:20:39 IST 2020 : Setting UI for files in bucket...
DEBUG | Mon Jul 27 23:20:40 IST 2020 : Setting UI for files in bucket...
DEBUG | Mon Jul 27 23:20:41 IST 2020 : Setting UI for files in bucket...
DEBUG | Mon Jul 27 23:20:41 IST 2020 : Setting UI for files in bucket...
DEBUG | Mon Jul 27 23:20:42 IST 2020 : Setting UI for files in bucket...
DEBUG | Mon Jul 27 23:20:42 IST 2020 : Setting UI for files in bucket...
DEBUG | Mon Jul 27 23:20:43 IST 2020 : Setting UI for files in bucket...
DEBUG | Mon Jul 27 23:20:43 IST 2020 : Setting UI for files in bucket...
DEBUG | Mon Jul 27 23:20:44 IST 2020 : Setting UI for files in bucket...
DEBUG | Mon Jul 27 23:20:44 IST 2020 : Setting UI for files in bucket...
DEBUG | Mon Jul 27 23:20:45 IST 2020 : Setting UI for files in bucket...
DEBUG | Mon Jul 27 23:20:45 IST 2020 : Setting UI for files in bucket...
DEBUG | Mon Jul 27 23:20:46 IST 2020 : Setting UI for files in bucket...
DEBUG | Mon Jul 27 23:20:46 IST 2020 : Setting UI for files in bucket...
DEBUG | Mon Jul 27 23:20:47 IST 2020 : Setting UI for files in bucket...
DEBUG | Mon Jul 27 23:20:47 IST 2020 : Setting UI for files in bucket...
DEBUG | Mon Jul 27 23:20:48 IST 2020 : Setting UI for files in bucket...
DEBUG | Mon Jul 27 23:20:48 IST 2020 : Setting UI for files in bucket...
DEBUG | Mon Jul 27 23:20:49 IST 2020 : Setting UI for files in bucket...
DEBUG | Mon Jul 27 23:20:49 IST 2020 : Setting UI for files in bucket...
DEBUG | Mon Jul 27 23:20:50 IST 2020 : Setting UI for files in bucket...
DEBUG | Mon Jul 27 23:20:50 IST 2020 : Setting UI for files in bucket...
DEBUG | Mon Jul 27 23:20:51 IST 2020 : Setting UI for files in bucket...
DEBUG | Mon Jul 27 23:20:51 IST 2020 : Setting UI for files in bucket...
DEBUG | Mon Jul 27 23:20:52 IST 2020 : Setting UI for files in bucket...
DEBUG | Mon Jul 27 23:20:52 IST 2020 : Setting UI for files in bucket...
DEBUG | Mon Jul 27 23:20:53 IST 2020 : Setting UI for files in bucket...
DEBUG | Mon Jul 27 23:20:53 IST 2020 : Setting UI for files in bucket...
DEBUG | Mon Jul 27 23:20:54 IST 2020 : Setting UI for files in bucket...
DEBUG | Mon Jul 27 23:20:54 IST 2020 : Setting UI for files in bucket...
DEBUG | Mon Jul 27 23:20:55 IST 2020 : Setting UI for files in bucket...
DEBUG | Mon Jul 27 23:20:55 IST 2020 : Setting UI for files in bucket...
DEBUG | Mon Jul 27 23:20:56 IST 2020 : Setting UI for files in bucket...
DEBUG | Mon Jul 27 23:20:56 IST 2020 : Setting UI for files in bucket...
DEBUG | Mon Jul 27 23:20:57 IST 2020 : Setting UI for files in bucket...
DEBUG | Mon Jul 27 23:20:58 IST 2020 : Setting UI for files in bucket...
DEBUG | Mon Jul 27 23:20:58 IST 2020 : Setting UI for files in bucket...
DEBUG | Mon Jul 27 23:20:59 IST 2020 : Setting UI for files in bucket...
DEBUG | Mon Jul 27 23:20:59 IST 2020 : Setting UI for files in bucket...
DEBUG | Mon Jul 27 23:21:00 IST 2020 : Setting UI for files in bucket...
DEBUG | Mon Jul 27 23:21:00 IST 2020 : Setting UI for files in bucket...
DEBUG | Mon Jul 27 23:21:01 IST 2020 : Setting UI for files in bucket...
DEBUG | Mon Jul 27 23:21:01 IST 2020 : Setting UI for files in bucket...
DEBUG | Mon Jul 27 23:21:02 IST 2020 : Setting UI for files in bucket...
DEBUG | Mon Jul 27 23:21:02 IST 2020 : Setting UI for files in bucket...
DEBUG | Mon Jul 27 23:21:03 IST 2020 : Setting UI for files in bucket...
DEBUG | Mon Jul 27 23:21:03 IST 2020 : Setting UI for files in bucket...
DEBUG | Mon Jul 27 23:21:04 IST 2020 : Setting UI for files in bucket...
DEBUG | Mon Jul 27 23:21:04 IST 2020 : Setting UI for files in bucket...
DEBUG | Mon Jul 27 23:21:05 IST 2020 : Setting UI for files in bucket...
DEBUG | Mon Jul 27 23:21:05 IST 2020 : Setting UI for files in bucket...
DEBUG | Mon Jul 27 23:21:06 IST 2020 : Setting UI for files in bucket...
DEBUG | Mon Jul 27 23:21:06 IST 2020 : Setting UI for files in bucket...
DEBUG | Mon Jul 27 23:21:07 IST 2020 : Setting UI for files in bucket...
DEBUG | Mon Jul 27 23:21:07 IST 2020 : Setting UI for files in bucket...
DEBUG | Mon Jul 27 23:21:08 IST 2020 : Setting UI for files in bucket...
DEBUG | Mon Jul 27 23:21:08 IST 2020 : Setting UI for files in bucket...
DEBUG | Mon Jul 27 23:21:09 IST 2020 : Setting UI for files in bucket...
DEBUG | Mon Jul 27 23:21:09 IST 2020 : Setting UI for files in bucket...
DEBUG | Mon Jul 27 23:21:10 IST 2020 : Setting UI for files in bucket...
DEBUG | Mon Jul 27 23:21:10 IST 2020 : Setting UI for files in bucket...
DEBUG | Mon Jul 27 23:21:11 IST 2020 : Setting UI for files in bucket...
DEBUG | Mon Jul 27 23:21:11 IST 2020 : Setting UI for files in bucket...
DEBUG | Mon Jul 27 23:21:12 IST 2020 : Setting UI for files in bucket...
DEBUG | Mon Jul 27 23:21:12 IST 2020 : Setting UI for files in bucket...
DEBUG | Mon Jul 27 23:21:13 IST 2020 : Setting UI for files in bucket...
DEBUG | Mon Jul 27 23:21:13 IST 2020 : Setting UI for files in bucket...
DEBUG | Mon Jul 27 23:21:14 IST 2020 : Setting UI for files in bucket...
DEBUG | Mon Jul 27 23:21:14 IST 2020 : Setting UI for files in bucket...
DEBUG | Mon Jul 27 23:21:15 IST 2020 : Setting UI for files in bucket...
DEBUG | Mon Jul 27 23:21:16 IST 2020 : Setting UI for files in bucket...
DEBUG | Mon Jul 27 23:21:16 IST 2020 : Setting UI for files in bucket...
DEBUG | Mon Jul 27 23:21:17 IST 2020 : Setting UI for files in bucket...
