WARN  | Tue Jul 28 21:49:20 IST 2020 : Failed to unzip the resources: D:\Programs\LidoSoftwares\LidoCopy\res.zip (The system cannot find the file specified)
Session Id: 20210-214920
DEBUG | Tue Jul 28 21:49:20 IST 2020 : Services initiated
DEBUG | Tue Jul 28 21:49:22 IST 2020 : Add file for copy: D:\Programs\LidoSoftwares\LidoCopy\files\GBrVncTIHL1595953160989
DEBUG | Tue Jul 28 21:49:22 IST 2020 : passing to backpanel >> C:\Users\user\Desktop\src\set-2\set-2\1.bmp
DEBUG | Tue Jul 28 21:49:22 IST 2020 : Got file for copy: C:\Users\user\Desktop\src\set-2\set-2\1.bmp
DEBUG | Tue Jul 28 21:49:22 IST 2020 : Added file for copy to srcFiles: 1
DEBUG | Tue Jul 28 21:49:22 IST 2020 : Setting UI for files in bucket...
DEBUG | Tue Jul 28 21:49:22 IST 2020 : Add file for copy: D:\Programs\LidoSoftwares\LidoCopy\files\ZOJfUaPvCS1595953160990
DEBUG | Tue Jul 28 21:49:22 IST 2020 : passing to backpanel >> C:\Users\user\Desktop\src\set-2\1.bmp
DEBUG | Tue Jul 28 21:49:22 IST 2020 : Got file for copy: C:\Users\user\Desktop\src\set-2\1.bmp
DEBUG | Tue Jul 28 21:49:22 IST 2020 : Added file for copy to srcFiles: 2
DEBUG | Tue Jul 28 21:49:22 IST 2020 : Setting UI for files in bucket...
DEBUG | Tue Jul 28 21:49:22 IST 2020 : Setting UI for files in bucket...
INFO  | Tue Jul 28 21:49:33 IST 2020 : Files with same names and relative paths copied together from different sources. Will show overwrite strategy dialog.
DEBUG | Tue Jul 28 21:49:33 IST 2020 : Setting UI for files in bucket...
DEBUG | Tue Jul 28 21:49:34 IST 2020 : Setting UI for files in bucket...
DEBUG | Tue Jul 28 21:49:34 IST 2020 : Setting UI for files in bucket...
DEBUG | Tue Jul 28 21:49:35 IST 2020 : Setting UI for files in bucket...
DEBUG | Tue Jul 28 21:49:35 IST 2020 : Setting UI for files in bucket...
DEBUG | Tue Jul 28 21:49:36 IST 2020 : Setting UI for files in bucket...
DEBUG | Tue Jul 28 21:49:36 IST 2020 : Setting UI for files in bucket...
DEBUG | Tue Jul 28 21:49:37 IST 2020 : Setting UI for files in bucket...
DEBUG | Tue Jul 28 21:49:37 IST 2020 : Setting UI for files in bucket...
DEBUG | Tue Jul 28 21:49:38 IST 2020 : Setting UI for files in bucket...
DEBUG | Tue Jul 28 21:49:38 IST 2020 : Setting UI for files in bucket...
DEBUG | Tue Jul 28 21:49:39 IST 2020 : Setting UI for files in bucket...
DEBUG | Tue Jul 28 21:49:39 IST 2020 : Setting UI for files in bucket...
DEBUG | Tue Jul 28 21:49:40 IST 2020 : Setting UI for files in bucket...
DEBUG | Tue Jul 28 21:49:40 IST 2020 : Setting UI for files in bucket...
DEBUG | Tue Jul 28 21:49:41 IST 2020 : Setting UI for files in bucket...
DEBUG | Tue Jul 28 21:49:41 IST 2020 : Setting UI for files in bucket...
DEBUG | Tue Jul 28 21:49:42 IST 2020 : Setting UI for files in bucket...
DEBUG | Tue Jul 28 21:49:42 IST 2020 : Setting UI for files in bucket...
DEBUG | Tue Jul 28 21:49:43 IST 2020 : Setting UI for files in bucket...
DEBUG | Tue Jul 28 21:49:43 IST 2020 : Setting UI for files in bucket...
DEBUG | Tue Jul 28 21:49:44 IST 2020 : Setting UI for files in bucket...
DEBUG | Tue Jul 28 21:49:44 IST 2020 : Setting UI for files in bucket...
DEBUG | Tue Jul 28 21:49:45 IST 2020 : Setting UI for files in bucket...
DEBUG | Tue Jul 28 21:49:45 IST 2020 : Setting UI for files in bucket...
DEBUG | Tue Jul 28 21:49:46 IST 2020 : Setting UI for files in bucket...
DEBUG | Tue Jul 28 21:49:46 IST 2020 : Setting UI for files in bucket...
DEBUG | Tue Jul 28 21:49:47 IST 2020 : Setting UI for files in bucket...
DEBUG | Tue Jul 28 21:49:47 IST 2020 : Setting UI for files in bucket...
DEBUG | Tue Jul 28 21:49:48 IST 2020 : Setting UI for files in bucket...
DEBUG | Tue Jul 28 21:49:48 IST 2020 : Setting UI for files in bucket...
DEBUG | Tue Jul 28 21:49:49 IST 2020 : Setting UI for files in bucket...
DEBUG | Tue Jul 28 21:49:49 IST 2020 : Setting UI for files in bucket...
DEBUG | Tue Jul 28 21:49:50 IST 2020 : Setting UI for files in bucket...
DEBUG | Tue Jul 28 21:49:50 IST 2020 : Setting UI for files in bucket...
DEBUG | Tue Jul 28 21:49:51 IST 2020 : Setting UI for files in bucket...
DEBUG | Tue Jul 28 21:49:51 IST 2020 : Setting UI for files in bucket...
DEBUG | Tue Jul 28 21:49:52 IST 2020 : Setting UI for files in bucket...
DEBUG | Tue Jul 28 21:49:52 IST 2020 : Setting UI for files in bucket...
DEBUG | Tue Jul 28 21:49:53 IST 2020 : Setting UI for files in bucket...
DEBUG | Tue Jul 28 21:49:53 IST 2020 : Setting UI for files in bucket...
DEBUG | Tue Jul 28 21:49:54 IST 2020 : Setting UI for files in bucket...
DEBUG | Tue Jul 28 21:49:54 IST 2020 : Setting UI for files in bucket...
DEBUG | Tue Jul 28 21:49:55 IST 2020 : Setting UI for files in bucket...
DEBUG | Tue Jul 28 21:49:55 IST 2020 : Setting UI for files in bucket...
DEBUG | Tue Jul 28 21:49:56 IST 2020 : Setting UI for files in bucket...
DEBUG | Tue Jul 28 21:49:56 IST 2020 : Setting UI for files in bucket...
DEBUG | Tue Jul 28 21:49:57 IST 2020 : Setting UI for files in bucket...
DEBUG | Tue Jul 28 21:49:57 IST 2020 : Setting UI for files in bucket...
DEBUG | Tue Jul 28 21:49:58 IST 2020 : Setting UI for files in bucket...
DEBUG | Tue Jul 28 21:49:58 IST 2020 : Setting UI for files in bucket...
DEBUG | Tue Jul 28 21:49:59 IST 2020 : Setting UI for files in bucket...
DEBUG | Tue Jul 28 21:49:59 IST 2020 : Setting UI for files in bucket...
DEBUG | Tue Jul 28 21:50:00 IST 2020 : Setting UI for files in bucket...
DEBUG | Tue Jul 28 21:50:00 IST 2020 : Setting UI for files in bucket...
DEBUG | Tue Jul 28 21:50:01 IST 2020 : Setting UI for files in bucket...
DEBUG | Tue Jul 28 21:50:01 IST 2020 : Overwrite strategy decided : 
DEBUG | Tue Jul 28 21:50:01 IST 2020 : RENAME_SKIPPED_FILES : false
DEBUG | Tue Jul 28 21:50:01 IST 2020 : ASK_FOR_EACH_FILE : true
DEBUG | Tue Jul 28 21:50:01 IST 2020 : COPY_MULTIPLE_FILES_TO_SAME_PATH__ASK_FOR_EACH_FILE : false
INFO  | Tue Jul 28 21:50:01 IST 2020 : Copying 2 files.
--------------------------------------------------------------------------------
INFO  | Tue Jul 28 21:50:01 IST 2020 : 0 of 2 copied
DEBUG | Tue Jul 28 21:50:01 IST 2020 : Setting UI for files in bucket...
----------------------------------------------
DEBUG | Tue Jul 28 21:50:01 IST 2020 : Setting UI for files in bucket...
DEBUG | Tue Jul 28 21:50:01 IST 2020 : Same named file do not exist, so copy simply : 1.bmp
DEBUG | Tue Jul 28 21:50:01 IST 2020 : Setting UI for files in bucket...
DEBUG | Tue Jul 28 21:50:01 IST 2020 : Copying the file using nio.Files.copy() method.
DEBUG | Tue Jul 28 21:50:01 IST 2020 : Setting UI for files in bucket...
DEBUG | Tue Jul 28 21:50:02 IST 2020 : Setting UI for files in bucket...
DEBUG | Tue Jul 28 21:50:02 IST 2020 : Setting UI for files in bucket...
DEBUG | Tue Jul 28 21:50:03 IST 2020 : Setting UI for files in bucket...
DEBUG | Tue Jul 28 21:50:03 IST 2020 : Setting UI for files in bucket...
DEBUG | Tue Jul 28 21:50:04 IST 2020 : Setting UI for files in bucket...
DEBUG | Tue Jul 28 21:50:04 IST 2020 : Copy completed: 1.bmp
DEBUG | Tue Jul 28 21:50:04 IST 2020 : 1.bmp : Data integrity check passed.
INFO  | Tue Jul 28 21:50:04 IST 2020 : 1 of 2 copied
DEBUG | Tue Jul 28 21:50:04 IST 2020 : Setting UI for files in bucket...
----------------------------------------------
DEBUG | Tue Jul 28 21:50:04 IST 2020 : Setting UI for files in bucket...
INFO  | Tue Jul 28 21:50:04 IST 2020 : The file already exists in destination : C:\Users\user\Desktop\src\set-2\1.bmp
DEBUG | Tue Jul 28 21:50:04 IST 2020 : Setting UI for files in bucket...
DEBUG | Tue Jul 28 21:50:05 IST 2020 : Setting UI for files in bucket...
DEBUG | Tue Jul 28 21:50:05 IST 2020 : Setting UI for files in bucket...
DEBUG | Tue Jul 28 21:50:06 IST 2020 : Setting UI for files in bucket...
DEBUG | Tue Jul 28 21:50:06 IST 2020 : Setting UI for files in bucket...
DEBUG | Tue Jul 28 21:50:07 IST 2020 : Setting UI for files in bucket...
DEBUG | Tue Jul 28 21:50:07 IST 2020 : Setting UI for files in bucket...
DEBUG | Tue Jul 28 21:50:08 IST 2020 : Setting UI for files in bucket...
DEBUG | Tue Jul 28 21:50:08 IST 2020 : Setting UI for files in bucket...
DEBUG | Tue Jul 28 21:50:09 IST 2020 : Setting UI for files in bucket...
DEBUG | Tue Jul 28 21:50:09 IST 2020 : Setting UI for files in bucket...
DEBUG | Tue Jul 28 21:50:10 IST 2020 : Setting UI for files in bucket...
DEBUG | Tue Jul 28 21:50:10 IST 2020 : Setting UI for files in bucket...
DEBUG | Tue Jul 28 21:50:11 IST 2020 : Setting UI for files in bucket...
DEBUG | Tue Jul 28 21:50:11 IST 2020 : Setting UI for files in bucket...
DEBUG | Tue Jul 28 21:50:12 IST 2020 : Setting UI for files in bucket...
DEBUG | Tue Jul 28 21:50:12 IST 2020 : Setting UI for files in bucket...
DEBUG | Tue Jul 28 21:50:13 IST 2020 : Setting UI for files in bucket...
DEBUG | Tue Jul 28 21:50:13 IST 2020 : Setting UI for files in bucket...
DEBUG | Tue Jul 28 21:50:14 IST 2020 : Setting UI for files in bucket...
DEBUG | Tue Jul 28 21:50:14 IST 2020 : Setting UI for files in bucket...
DEBUG | Tue Jul 28 21:50:15 IST 2020 : Setting UI for files in bucket...
DEBUG | Tue Jul 28 21:50:15 IST 2020 : Setting UI for files in bucket...
DEBUG | Tue Jul 28 21:50:16 IST 2020 : Setting UI for files in bucket...
DEBUG | Tue Jul 28 21:50:16 IST 2020 : Setting UI for files in bucket...
DEBUG | Tue Jul 28 21:50:17 IST 2020 : Setting UI for files in bucket...
DEBUG | Tue Jul 28 21:50:17 IST 2020 : Setting UI for files in bucket...
DEBUG | Tue Jul 28 21:50:18 IST 2020 : Setting UI for files in bucket...
DEBUG | Tue Jul 28 21:50:18 IST 2020 : Setting UI for files in bucket...
DEBUG | Tue Jul 28 21:50:19 IST 2020 : Setting UI for files in bucket...
DEBUG | Tue Jul 28 21:50:19 IST 2020 : Setting UI for files in bucket...
DEBUG | Tue Jul 28 21:50:20 IST 2020 : Setting UI for files in bucket...
DEBUG | Tue Jul 28 21:50:21 IST 2020 : Setting UI for files in bucket...
DEBUG | Tue Jul 28 21:50:21 IST 2020 : Setting UI for files in bucket...
DEBUG | Tue Jul 28 21:50:21 IST 2020 : Setting UI for files in bucket...
DEBUG | Tue Jul 28 21:50:22 IST 2020 : Setting UI for files in bucket...
DEBUG | Tue Jul 28 21:50:22 IST 2020 : Setting UI for files in bucket...
DEBUG | Tue Jul 28 21:50:23 IST 2020 : Setting UI for files in bucket...
DEBUG | Tue Jul 28 21:50:23 IST 2020 : Setting UI for files in bucket...
DEBUG | Tue Jul 28 21:50:24 IST 2020 : Setting UI for files in bucket...
DEBUG | Tue Jul 28 21:50:24 IST 2020 : Setting UI for files in bucket...
DEBUG | Tue Jul 28 21:50:25 IST 2020 : Setting UI for files in bucket...
DEBUG | Tue Jul 28 21:50:25 IST 2020 : Setting UI for files in bucket...
DEBUG | Tue Jul 28 21:50:26 IST 2020 : Setting UI for files in bucket...
DEBUG | Tue Jul 28 21:50:26 IST 2020 : Setting UI for files in bucket...
DEBUG | Tue Jul 28 21:50:27 IST 2020 : Setting UI for files in bucket...
DEBUG | Tue Jul 28 21:50:27 IST 2020 : Setting UI for files in bucket...
DEBUG | Tue Jul 28 21:50:28 IST 2020 : Setting UI for files in bucket...
DEBUG | Tue Jul 28 21:50:28 IST 2020 : Setting UI for files in bucket...
DEBUG | Tue Jul 28 21:50:29 IST 2020 : Setting UI for files in bucket...
DEBUG | Tue Jul 28 21:50:29 IST 2020 : Setting UI for files in bucket...
DEBUG | Tue Jul 28 21:50:30 IST 2020 : Setting UI for files in bucket...
DEBUG | Tue Jul 28 21:50:30 IST 2020 : Setting UI for files in bucket...
DEBUG | Tue Jul 28 21:50:31 IST 2020 : Setting UI for files in bucket...
DEBUG | Tue Jul 28 21:50:31 IST 2020 : Setting UI for files in bucket...
DEBUG | Tue Jul 28 21:50:32 IST 2020 : Setting UI for files in bucket...
DEBUG | Tue Jul 28 21:50:32 IST 2020 : Setting UI for files in bucket...
DEBUG | Tue Jul 28 21:50:33 IST 2020 : Setting UI for files in bucket...
DEBUG | Tue Jul 28 21:50:33 IST 2020 : Setting UI for files in bucket...
DEBUG | Tue Jul 28 21:50:34 IST 2020 : Setting UI for files in bucket...
DEBUG | Tue Jul 28 21:50:34 IST 2020 : Setting UI for files in bucket...
DEBUG | Tue Jul 28 21:50:35 IST 2020 : Setting UI for files in bucket...
DEBUG | Tue Jul 28 21:50:35 IST 2020 : Setting UI for files in bucket...
DEBUG | Tue Jul 28 21:50:36 IST 2020 : Setting UI for files in bucket...
DEBUG | Tue Jul 28 21:50:36 IST 2020 : Setting UI for files in bucket...
DEBUG | Tue Jul 28 21:50:37 IST 2020 : Setting UI for files in bucket...
DEBUG | Tue Jul 28 21:50:37 IST 2020 : Setting UI for files in bucket...
DEBUG | Tue Jul 28 21:50:38 IST 2020 : Setting UI for files in bucket...
DEBUG | Tue Jul 28 21:50:38 IST 2020 : Setting UI for files in bucket...
DEBUG | Tue Jul 28 21:50:39 IST 2020 : Setting UI for files in bucket...
DEBUG | Tue Jul 28 21:50:39 IST 2020 : Setting UI for files in bucket...
DEBUG | Tue Jul 28 21:50:40 IST 2020 : Setting UI for files in bucket...
DEBUG | Tue Jul 28 21:50:40 IST 2020 : Setting UI for files in bucket...
DEBUG | Tue Jul 28 21:50:41 IST 2020 : Setting UI for files in bucket...
DEBUG | Tue Jul 28 21:50:41 IST 2020 : Setting UI for files in bucket...
DEBUG | Tue Jul 28 21:50:42 IST 2020 : Setting UI for files in bucket...
DEBUG | Tue Jul 28 21:50:42 IST 2020 : Setting UI for files in bucket...
DEBUG | Tue Jul 28 21:50:43 IST 2020 : Setting UI for files in bucket...
DEBUG | Tue Jul 28 21:50:43 IST 2020 : Setting UI for files in bucket...
DEBUG | Tue Jul 28 21:50:44 IST 2020 : Setting UI for files in bucket...
DEBUG | Tue Jul 28 21:50:44 IST 2020 : Setting UI for files in bucket...
DEBUG | Tue Jul 28 21:50:45 IST 2020 : Setting UI for files in bucket...
DEBUG | Tue Jul 28 21:50:45 IST 2020 : Setting UI for files in bucket...
DEBUG | Tue Jul 28 21:50:46 IST 2020 : Setting UI for files in bucket...
DEBUG | Tue Jul 28 21:50:46 IST 2020 : Setting UI for files in bucket...
DEBUG | Tue Jul 28 21:50:47 IST 2020 : Setting UI for files in bucket...
DEBUG | Tue Jul 28 21:50:47 IST 2020 : Setting UI for files in bucket...
DEBUG | Tue Jul 28 21:50:48 IST 2020 : Setting UI for files in bucket...
DEBUG | Tue Jul 28 21:50:48 IST 2020 : Setting UI for files in bucket...
DEBUG | Tue Jul 28 21:50:49 IST 2020 : Setting UI for files in bucket...
DEBUG | Tue Jul 28 21:50:49 IST 2020 : Setting UI for files in bucket...
DEBUG | Tue Jul 28 21:50:50 IST 2020 : Setting UI for files in bucket...
DEBUG | Tue Jul 28 21:50:50 IST 2020 : Setting UI for files in bucket...
DEBUG | Tue Jul 28 21:50:51 IST 2020 : Setting UI for files in bucket...
DEBUG | Tue Jul 28 21:50:51 IST 2020 : Setting UI for files in bucket...
DEBUG | Tue Jul 28 21:50:52 IST 2020 : Setting UI for files in bucket...
DEBUG | Tue Jul 28 21:50:52 IST 2020 : Setting UI for files in bucket...
DEBUG | Tue Jul 28 21:50:53 IST 2020 : Setting UI for files in bucket...
DEBUG | Tue Jul 28 21:50:53 IST 2020 : Setting UI for files in bucket...
DEBUG | Tue Jul 28 21:50:54 IST 2020 : Setting UI for files in bucket...
DEBUG | Tue Jul 28 21:50:54 IST 2020 : Setting UI for files in bucket...
DEBUG | Tue Jul 28 21:50:55 IST 2020 : Setting UI for files in bucket...
DEBUG | Tue Jul 28 21:50:55 IST 2020 : Setting UI for files in bucket...
DEBUG | Tue Jul 28 21:50:56 IST 2020 : Setting UI for files in bucket...
DEBUG | Tue Jul 28 21:50:56 IST 2020 : Setting UI for files in bucket...
DEBUG | Tue Jul 28 21:50:57 IST 2020 : Setting UI for files in bucket...
DEBUG | Tue Jul 28 21:50:57 IST 2020 : Setting UI for files in bucket...
DEBUG | Tue Jul 28 21:50:58 IST 2020 : Setting UI for files in bucket...
DEBUG | Tue Jul 28 21:50:58 IST 2020 : Setting UI for files in bucket...
DEBUG | Tue Jul 28 21:50:59 IST 2020 : Setting UI for files in bucket...
DEBUG | Tue Jul 28 21:50:59 IST 2020 : Setting UI for files in bucket...
DEBUG | Tue Jul 28 21:51:00 IST 2020 : Setting UI for files in bucket...
DEBUG | Tue Jul 28 21:51:00 IST 2020 : Setting UI for files in bucket...
DEBUG | Tue Jul 28 21:51:01 IST 2020 : Setting UI for files in bucket...
DEBUG | Tue Jul 28 21:51:01 IST 2020 : Setting UI for files in bucket...
DEBUG | Tue Jul 28 21:51:02 IST 2020 : Setting UI for files in bucket...
DEBUG | Tue Jul 28 21:51:02 IST 2020 : Setting UI for files in bucket...
DEBUG | Tue Jul 28 21:51:03 IST 2020 : Setting UI for files in bucket...
DEBUG | Tue Jul 28 21:51:03 IST 2020 : Setting UI for files in bucket...
DEBUG | Tue Jul 28 21:51:04 IST 2020 : Setting UI for files in bucket...
DEBUG | Tue Jul 28 21:51:04 IST 2020 : Setting UI for files in bucket...
DEBUG | Tue Jul 28 21:51:05 IST 2020 : Setting UI for files in bucket...
DEBUG | Tue Jul 28 21:51:05 IST 2020 : Setting UI for files in bucket...
DEBUG | Tue Jul 28 21:51:06 IST 2020 : Setting UI for files in bucket...
DEBUG | Tue Jul 28 21:51:06 IST 2020 : Setting UI for files in bucket...
DEBUG | Tue Jul 28 21:51:07 IST 2020 : Setting UI for files in bucket...
DEBUG | Tue Jul 28 21:51:07 IST 2020 : Setting UI for files in bucket...
DEBUG | Tue Jul 28 21:51:08 IST 2020 : Setting UI for files in bucket...
DEBUG | Tue Jul 28 21:51:08 IST 2020 : Setting UI for files in bucket...
DEBUG | Tue Jul 28 21:51:09 IST 2020 : Setting UI for files in bucket...
DEBUG | Tue Jul 28 21:51:09 IST 2020 : Setting UI for files in bucket...
DEBUG | Tue Jul 28 21:51:10 IST 2020 : Setting UI for files in bucket...
DEBUG | Tue Jul 28 21:51:10 IST 2020 : Setting UI for files in bucket...
DEBUG | Tue Jul 28 21:51:11 IST 2020 : Setting UI for files in bucket...
DEBUG | Tue Jul 28 21:51:11 IST 2020 : Setting UI for files in bucket...
DEBUG | Tue Jul 28 21:51:12 IST 2020 : Setting UI for files in bucket...
DEBUG | Tue Jul 28 21:51:12 IST 2020 : Setting UI for files in bucket...
DEBUG | Tue Jul 28 21:51:13 IST 2020 : Setting UI for files in bucket...
DEBUG | Tue Jul 28 21:51:13 IST 2020 : Setting UI for files in bucket...
DEBUG | Tue Jul 28 21:51:14 IST 2020 : Setting UI for files in bucket...
DEBUG | Tue Jul 28 21:51:14 IST 2020 : Setting UI for files in bucket...
DEBUG | Tue Jul 28 21:51:15 IST 2020 : Setting UI for files in bucket...
DEBUG | Tue Jul 28 21:51:15 IST 2020 : Setting UI for files in bucket...
DEBUG | Tue Jul 28 21:51:16 IST 2020 : Setting UI for files in bucket...
DEBUG | Tue Jul 28 21:51:16 IST 2020 : Setting UI for files in bucket...
DEBUG | Tue Jul 28 21:51:17 IST 2020 : Setting UI for files in bucket...
DEBUG | Tue Jul 28 21:51:17 IST 2020 : Setting UI for files in bucket...
DEBUG | Tue Jul 28 21:51:18 IST 2020 : Setting UI for files in bucket...
DEBUG | Tue Jul 28 21:51:18 IST 2020 : Setting UI for files in bucket...
DEBUG | Tue Jul 28 21:51:19 IST 2020 : Setting UI for files in bucket...
DEBUG | Tue Jul 28 21:51:19 IST 2020 : Setting UI for files in bucket...
DEBUG | Tue Jul 28 21:51:20 IST 2020 : Setting UI for files in bucket...
DEBUG | Tue Jul 28 21:51:20 IST 2020 : Setting UI for files in bucket...
DEBUG | Tue Jul 28 21:51:21 IST 2020 : Setting UI for files in bucket...
DEBUG | Tue Jul 28 21:51:21 IST 2020 : Setting UI for files in bucket...
DEBUG | Tue Jul 28 21:51:22 IST 2020 : Setting UI for files in bucket...
DEBUG | Tue Jul 28 21:51:22 IST 2020 : Setting UI for files in bucket...
DEBUG | Tue Jul 28 21:51:23 IST 2020 : Setting UI for files in bucket...
DEBUG | Tue Jul 28 21:51:23 IST 2020 : Setting UI for files in bucket...
DEBUG | Tue Jul 28 21:51:24 IST 2020 : Setting UI for files in bucket...
DEBUG | Tue Jul 28 21:51:24 IST 2020 : Setting UI for files in bucket...
DEBUG | Tue Jul 28 21:51:25 IST 2020 : Setting UI for files in bucket...
DEBUG | Tue Jul 28 21:51:25 IST 2020 : Setting UI for files in bucket...
DEBUG | Tue Jul 28 21:51:26 IST 2020 : Setting UI for files in bucket...
DEBUG | Tue Jul 28 21:51:26 IST 2020 : Setting UI for files in bucket...
DEBUG | Tue Jul 28 21:51:27 IST 2020 : Setting UI for files in bucket...
DEBUG | Tue Jul 28 21:51:27 IST 2020 : Setting UI for files in bucket...
DEBUG | Tue Jul 28 21:51:28 IST 2020 : Setting UI for files in bucket...
DEBUG | Tue Jul 28 21:51:28 IST 2020 : Setting UI for files in bucket...
DEBUG | Tue Jul 28 21:51:29 IST 2020 : Setting UI for files in bucket...
DEBUG | Tue Jul 28 21:51:29 IST 2020 : Setting UI for files in bucket...
DEBUG | Tue Jul 28 21:51:30 IST 2020 : Setting UI for files in bucket...
DEBUG | Tue Jul 28 21:51:30 IST 2020 : Setting UI for files in bucket...
DEBUG | Tue Jul 28 21:51:31 IST 2020 : Setting UI for files in bucket...
DEBUG | Tue Jul 28 21:51:31 IST 2020 : Setting UI for files in bucket...
DEBUG | Tue Jul 28 21:51:32 IST 2020 : Setting UI for files in bucket...
DEBUG | Tue Jul 28 21:51:32 IST 2020 : Setting UI for files in bucket...
DEBUG | Tue Jul 28 21:51:33 IST 2020 : Setting UI for files in bucket...
DEBUG | Tue Jul 28 21:51:33 IST 2020 : Setting UI for files in bucket...
DEBUG | Tue Jul 28 21:51:34 IST 2020 : Setting UI for files in bucket...
DEBUG | Tue Jul 28 21:51:34 IST 2020 : Setting UI for files in bucket...
DEBUG | Tue Jul 28 21:51:35 IST 2020 : Setting UI for files in bucket...
DEBUG | Tue Jul 28 21:51:35 IST 2020 : Setting UI for files in bucket...
DEBUG | Tue Jul 28 21:51:36 IST 2020 : Setting UI for files in bucket...
DEBUG | Tue Jul 28 21:51:36 IST 2020 : Setting UI for files in bucket...
DEBUG | Tue Jul 28 21:51:37 IST 2020 : Setting UI for files in bucket...
DEBUG | Tue Jul 28 21:51:37 IST 2020 : Setting UI for files in bucket...
DEBUG | Tue Jul 28 21:51:38 IST 2020 : Setting UI for files in bucket...
DEBUG | Tue Jul 28 21:51:38 IST 2020 : Setting UI for files in bucket...
DEBUG | Tue Jul 28 21:51:39 IST 2020 : Setting UI for files in bucket...
DEBUG | Tue Jul 28 21:51:39 IST 2020 : Setting UI for files in bucket...
DEBUG | Tue Jul 28 21:51:40 IST 2020 : Setting UI for files in bucket...
DEBUG | Tue Jul 28 21:51:40 IST 2020 : Setting UI for files in bucket...
DEBUG | Tue Jul 28 21:51:41 IST 2020 : Setting UI for files in bucket...
DEBUG | Tue Jul 28 21:51:41 IST 2020 : Setting UI for files in bucket...
DEBUG | Tue Jul 28 21:51:42 IST 2020 : Setting UI for files in bucket...
DEBUG | Tue Jul 28 21:51:42 IST 2020 : Setting UI for files in bucket...
DEBUG | Tue Jul 28 21:51:43 IST 2020 : Setting UI for files in bucket...
DEBUG | Tue Jul 28 21:51:43 IST 2020 : Setting UI for files in bucket...
DEBUG | Tue Jul 28 21:51:44 IST 2020 : Setting UI for files in bucket...
DEBUG | Tue Jul 28 21:51:44 IST 2020 : Setting UI for files in bucket...
DEBUG | Tue Jul 28 21:51:45 IST 2020 : Setting UI for files in bucket...
DEBUG | Tue Jul 28 21:51:45 IST 2020 : Setting UI for files in bucket...
DEBUG | Tue Jul 28 21:51:46 IST 2020 : Setting UI for files in bucket...
DEBUG | Tue Jul 28 21:51:46 IST 2020 : Setting UI for files in bucket...
DEBUG | Tue Jul 28 21:51:47 IST 2020 : Setting UI for files in bucket...
DEBUG | Tue Jul 28 21:51:47 IST 2020 : Setting UI for files in bucket...
DEBUG | Tue Jul 28 21:51:48 IST 2020 : Setting UI for files in bucket...
DEBUG | Tue Jul 28 21:51:48 IST 2020 : Setting UI for files in bucket...
DEBUG | Tue Jul 28 21:51:49 IST 2020 : Setting UI for files in bucket...
DEBUG | Tue Jul 28 21:51:49 IST 2020 : Setting UI for files in bucket...
DEBUG | Tue Jul 28 21:51:50 IST 2020 : Setting UI for files in bucket...
DEBUG | Tue Jul 28 21:51:50 IST 2020 : Setting UI for files in bucket...
DEBUG | Tue Jul 28 21:51:51 IST 2020 : Setting UI for files in bucket...
DEBUG | Tue Jul 28 21:51:51 IST 2020 : Setting UI for files in bucket...
DEBUG | Tue Jul 28 21:51:52 IST 2020 : Setting UI for files in bucket...
DEBUG | Tue Jul 28 21:51:52 IST 2020 : Setting UI for files in bucket...
DEBUG | Tue Jul 28 21:51:53 IST 2020 : Setting UI for files in bucket...
DEBUG | Tue Jul 28 21:51:53 IST 2020 : Setting UI for files in bucket...
DEBUG | Tue Jul 28 21:51:54 IST 2020 : Setting UI for files in bucket...
DEBUG | Tue Jul 28 21:51:54 IST 2020 : Setting UI for files in bucket...
DEBUG | Tue Jul 28 21:51:55 IST 2020 : Setting UI for files in bucket...
DEBUG | Tue Jul 28 21:51:55 IST 2020 : Setting UI for files in bucket...
DEBUG | Tue Jul 28 21:51:56 IST 2020 : Setting UI for files in bucket...
DEBUG | Tue Jul 28 21:51:56 IST 2020 : Setting UI for files in bucket...
DEBUG | Tue Jul 28 21:51:57 IST 2020 : Setting UI for files in bucket...
DEBUG | Tue Jul 28 21:51:57 IST 2020 : Setting UI for files in bucket...
DEBUG | Tue Jul 28 21:51:58 IST 2020 : Setting UI for files in bucket...
DEBUG | Tue Jul 28 21:51:58 IST 2020 : Setting UI for files in bucket...
DEBUG | Tue Jul 28 21:51:59 IST 2020 : Setting UI for files in bucket...
DEBUG | Tue Jul 28 21:51:59 IST 2020 : Setting UI for files in bucket...
DEBUG | Tue Jul 28 21:52:00 IST 2020 : Setting UI for files in bucket...
DEBUG | Tue Jul 28 21:52:00 IST 2020 : Setting UI for files in bucket...
DEBUG | Tue Jul 28 21:52:01 IST 2020 : Setting UI for files in bucket...
DEBUG | Tue Jul 28 21:52:01 IST 2020 : Setting UI for files in bucket...
DEBUG | Tue Jul 28 21:52:02 IST 2020 : Setting UI for files in bucket...
DEBUG | Tue Jul 28 21:52:02 IST 2020 : Setting UI for files in bucket...
DEBUG | Tue Jul 28 21:52:03 IST 2020 : Setting UI for files in bucket...
DEBUG | Tue Jul 28 21:52:03 IST 2020 : Setting UI for files in bucket...
DEBUG | Tue Jul 28 21:52:04 IST 2020 : Setting UI for files in bucket...
DEBUG | Tue Jul 28 21:52:04 IST 2020 : Setting UI for files in bucket...
DEBUG | Tue Jul 28 21:52:05 IST 2020 : Setting UI for files in bucket...
DEBUG | Tue Jul 28 21:52:05 IST 2020 : Setting UI for files in bucket...
DEBUG | Tue Jul 28 21:52:06 IST 2020 : Setting UI for files in bucket...
DEBUG | Tue Jul 28 21:52:06 IST 2020 : Setting UI for files in bucket...
DEBUG | Tue Jul 28 21:52:07 IST 2020 : Setting UI for files in bucket...
DEBUG | Tue Jul 28 21:52:07 IST 2020 : Setting UI for files in bucket...
DEBUG | Tue Jul 28 21:52:08 IST 2020 : Setting UI for files in bucket...
DEBUG | Tue Jul 28 21:52:08 IST 2020 : Setting UI for files in bucket...
DEBUG | Tue Jul 28 21:52:09 IST 2020 : Setting UI for files in bucket...
DEBUG | Tue Jul 28 21:52:09 IST 2020 : Setting UI for files in bucket...
DEBUG | Tue Jul 28 21:52:10 IST 2020 : Setting UI for files in bucket...
DEBUG | Tue Jul 28 21:52:10 IST 2020 : Setting UI for files in bucket...
DEBUG | Tue Jul 28 21:52:11 IST 2020 : Setting UI for files in bucket...
DEBUG | Tue Jul 28 21:52:11 IST 2020 : Setting UI for files in bucket...
DEBUG | Tue Jul 28 21:52:12 IST 2020 : Setting UI for files in bucket...
DEBUG | Tue Jul 28 21:52:12 IST 2020 : Setting UI for files in bucket...
DEBUG | Tue Jul 28 21:52:13 IST 2020 : Setting UI for files in bucket...
DEBUG | Tue Jul 28 21:52:13 IST 2020 : Setting UI for files in bucket...
DEBUG | Tue Jul 28 21:52:14 IST 2020 : Setting UI for files in bucket...
DEBUG | Tue Jul 28 21:52:14 IST 2020 : Setting UI for files in bucket...
DEBUG | Tue Jul 28 21:52:15 IST 2020 : Setting UI for files in bucket...
DEBUG | Tue Jul 28 21:52:15 IST 2020 : Setting UI for files in bucket...
DEBUG | Tue Jul 28 21:52:16 IST 2020 : Setting UI for files in bucket...
DEBUG | Tue Jul 28 21:52:16 IST 2020 : Setting UI for files in bucket...
DEBUG | Tue Jul 28 21:52:17 IST 2020 : Setting UI for files in bucket...
DEBUG | Tue Jul 28 21:52:17 IST 2020 : Setting UI for files in bucket...
DEBUG | Tue Jul 28 21:52:18 IST 2020 : Setting UI for files in bucket...
DEBUG | Tue Jul 28 21:52:18 IST 2020 : Setting UI for files in bucket...
DEBUG | Tue Jul 28 21:52:19 IST 2020 : Setting UI for files in bucket...
DEBUG | Tue Jul 28 21:52:19 IST 2020 : Setting UI for files in bucket...
DEBUG | Tue Jul 28 21:52:20 IST 2020 : Setting UI for files in bucket...
DEBUG | Tue Jul 28 21:52:20 IST 2020 : Setting UI for files in bucket...
