Session Id: 20206-202037
DEBUG | Fri Jul 24 20:20:37 IST 2020 : Services initiated
DEBUG | Fri Jul 24 20:20:43 IST 2020 : Setting UI for files in bucket...
INFO  | Fri Jul 24 20:20:48 IST 2020 : Files with same names (but not same hash) found. Will show overwrite strategy dialog.
DEBUG | Fri Jul 24 20:20:48 IST 2020 : Setting UI for files in bucket...
DEBUG | Fri Jul 24 20:20:49 IST 2020 : Setting UI for files in bucket...
DEBUG | Fri Jul 24 20:20:49 IST 2020 : Setting UI for files in bucket...
DEBUG | Fri Jul 24 20:20:50 IST 2020 : Setting UI for files in bucket...
DEBUG | Fri Jul 24 20:20:50 IST 2020 : Setting UI for files in bucket...
DEBUG | Fri Jul 24 20:20:51 IST 2020 : Setting UI for files in bucket...
DEBUG | Fri Jul 24 20:20:51 IST 2020 : Setting UI for files in bucket...
DEBUG | Fri Jul 24 20:20:52 IST 2020 : Setting UI for files in bucket...
DEBUG | Fri Jul 24 20:20:52 IST 2020 : Setting UI for files in bucket...
DEBUG | Fri Jul 24 20:20:53 IST 2020 : Setting UI for files in bucket...
DEBUG | Fri Jul 24 20:20:53 IST 2020 : Setting UI for files in bucket...
DEBUG | Fri Jul 24 20:20:54 IST 2020 : Setting UI for files in bucket...
DEBUG | Fri Jul 24 20:20:54 IST 2020 : Setting UI for files in bucket...
DEBUG | Fri Jul 24 20:20:55 IST 2020 : Setting UI for files in bucket...
DEBUG | Fri Jul 24 20:20:55 IST 2020 : Setting UI for files in bucket...
DEBUG | Fri Jul 24 20:20:56 IST 2020 : Setting UI for files in bucket...
DEBUG | Fri Jul 24 20:20:56 IST 2020 : Setting UI for files in bucket...
DEBUG | Fri Jul 24 20:20:57 IST 2020 : Setting UI for files in bucket...
DEBUG | Fri Jul 24 20:20:57 IST 2020 : Setting UI for files in bucket...
DEBUG | Fri Jul 24 20:20:58 IST 2020 : Setting UI for files in bucket...
DEBUG | Fri Jul 24 20:20:59 IST 2020 : Setting UI for files in bucket...
DEBUG | Fri Jul 24 20:20:59 IST 2020 : Setting UI for files in bucket...
DEBUG | Fri Jul 24 20:21:00 IST 2020 : Setting UI for files in bucket...
DEBUG | Fri Jul 24 20:21:00 IST 2020 : Setting UI for files in bucket...
DEBUG | Fri Jul 24 20:21:01 IST 2020 : Setting UI for files in bucket...
DEBUG | Fri Jul 24 20:21:01 IST 2020 : Setting UI for files in bucket...
DEBUG | Fri Jul 24 20:21:02 IST 2020 : Setting UI for files in bucket...
DEBUG | Fri Jul 24 20:21:02 IST 2020 : Setting UI for files in bucket...
DEBUG | Fri Jul 24 20:21:03 IST 2020 : Setting UI for files in bucket...
DEBUG | Fri Jul 24 20:21:03 IST 2020 : Setting UI for files in bucket...
DEBUG | Fri Jul 24 20:21:04 IST 2020 : Setting UI for files in bucket...
DEBUG | Fri Jul 24 20:21:04 IST 2020 : Setting UI for files in bucket...
DEBUG | Fri Jul 24 20:21:05 IST 2020 : Setting UI for files in bucket...
DEBUG | Fri Jul 24 20:21:05 IST 2020 : Setting UI for files in bucket...
DEBUG | Fri Jul 24 20:21:06 IST 2020 : Setting UI for files in bucket...
DEBUG | Fri Jul 24 20:21:06 IST 2020 : Setting UI for files in bucket...
DEBUG | Fri Jul 24 20:21:07 IST 2020 : Setting UI for files in bucket...
DEBUG | Fri Jul 24 20:21:07 IST 2020 : Setting UI for files in bucket...
DEBUG | Fri Jul 24 20:21:08 IST 2020 : Setting UI for files in bucket...
DEBUG | Fri Jul 24 20:21:08 IST 2020 : Setting UI for files in bucket...
DEBUG | Fri Jul 24 20:21:09 IST 2020 : Setting UI for files in bucket...
DEBUG | Fri Jul 24 20:21:09 IST 2020 : Setting UI for files in bucket...
DEBUG | Fri Jul 24 20:21:10 IST 2020 : Setting UI for files in bucket...
DEBUG | Fri Jul 24 20:21:10 IST 2020 : Setting UI for files in bucket...
DEBUG | Fri Jul 24 20:21:11 IST 2020 : Setting UI for files in bucket...
DEBUG | Fri Jul 24 20:21:11 IST 2020 : Setting UI for files in bucket...
DEBUG | Fri Jul 24 20:21:12 IST 2020 : Setting UI for files in bucket...
DEBUG | Fri Jul 24 20:21:12 IST 2020 : Setting UI for files in bucket...
DEBUG | Fri Jul 24 20:21:13 IST 2020 : Setting UI for files in bucket...
DEBUG | Fri Jul 24 20:21:13 IST 2020 : Setting UI for files in bucket...
DEBUG | Fri Jul 24 20:21:14 IST 2020 : Setting UI for files in bucket...
DEBUG | Fri Jul 24 20:21:15 IST 2020 : Setting UI for files in bucket...
DEBUG | Fri Jul 24 20:21:15 IST 2020 : Setting UI for files in bucket...
DEBUG | Fri Jul 24 20:21:16 IST 2020 : Setting UI for files in bucket...
DEBUG | Fri Jul 24 20:21:16 IST 2020 : Setting UI for files in bucket...
DEBUG | Fri Jul 24 20:21:17 IST 2020 : Setting UI for files in bucket...
DEBUG | Fri Jul 24 20:21:17 IST 2020 : Setting UI for files in bucket...
DEBUG | Fri Jul 24 20:21:18 IST 2020 : Setting UI for files in bucket...
DEBUG | Fri Jul 24 20:21:18 IST 2020 : Setting UI for files in bucket...
DEBUG | Fri Jul 24 20:21:19 IST 2020 : Setting UI for files in bucket...
DEBUG | Fri Jul 24 20:21:19 IST 2020 : Setting UI for files in bucket...
DEBUG | Fri Jul 24 20:21:20 IST 2020 : Setting UI for files in bucket...
DEBUG | Fri Jul 24 20:21:20 IST 2020 : Setting UI for files in bucket...
DEBUG | Fri Jul 24 20:21:21 IST 2020 : Setting UI for files in bucket...
DEBUG | Fri Jul 24 20:21:21 IST 2020 : Setting UI for files in bucket...
DEBUG | Fri Jul 24 20:21:22 IST 2020 : Setting UI for files in bucket...
DEBUG | Fri Jul 24 20:21:22 IST 2020 : Setting UI for files in bucket...
DEBUG | Fri Jul 24 20:21:23 IST 2020 : Setting UI for files in bucket...
DEBUG | Fri Jul 24 20:21:23 IST 2020 : Setting UI for files in bucket...
DEBUG | Fri Jul 24 20:21:24 IST 2020 : Setting UI for files in bucket...
DEBUG | Fri Jul 24 20:21:24 IST 2020 : Setting UI for files in bucket...
DEBUG | Fri Jul 24 20:21:25 IST 2020 : Setting UI for files in bucket...
DEBUG | Fri Jul 24 20:21:25 IST 2020 : Setting UI for files in bucket...
DEBUG | Fri Jul 24 20:21:26 IST 2020 : Setting UI for files in bucket...
DEBUG | Fri Jul 24 20:21:26 IST 2020 : Setting UI for files in bucket...
DEBUG | Fri Jul 24 20:21:27 IST 2020 : Setting UI for files in bucket...
DEBUG | Fri Jul 24 20:21:27 IST 2020 : Setting UI for files in bucket...
DEBUG | Fri Jul 24 20:21:28 IST 2020 : Setting UI for files in bucket...
DEBUG | Fri Jul 24 20:21:28 IST 2020 : Setting UI for files in bucket...
DEBUG | Fri Jul 24 20:21:29 IST 2020 : Setting UI for files in bucket...
DEBUG | Fri Jul 24 20:21:29 IST 2020 : Setting UI for files in bucket...
DEBUG | Fri Jul 24 20:21:30 IST 2020 : Setting UI for files in bucket...
DEBUG | Fri Jul 24 20:21:31 IST 2020 : Setting UI for files in bucket...
DEBUG | Fri Jul 24 20:21:31 IST 2020 : Setting UI for files in bucket...
DEBUG | Fri Jul 24 20:21:32 IST 2020 : Setting UI for files in bucket...
DEBUG | Fri Jul 24 20:21:32 IST 2020 : Setting UI for files in bucket...
DEBUG | Fri Jul 24 20:21:33 IST 2020 : Setting UI for files in bucket...
DEBUG | Fri Jul 24 20:21:33 IST 2020 : Setting UI for files in bucket...
DEBUG | Fri Jul 24 20:21:34 IST 2020 : Setting UI for files in bucket...
DEBUG | Fri Jul 24 20:21:34 IST 2020 : Setting UI for files in bucket...
DEBUG | Fri Jul 24 20:21:35 IST 2020 : Setting UI for files in bucket...
DEBUG | Fri Jul 24 20:21:35 IST 2020 : Setting UI for files in bucket...
DEBUG | Fri Jul 24 20:21:36 IST 2020 : Setting UI for files in bucket...
DEBUG | Fri Jul 24 20:21:36 IST 2020 : Setting UI for files in bucket...
DEBUG | Fri Jul 24 20:21:37 IST 2020 : Setting UI for files in bucket...
DEBUG | Fri Jul 24 20:21:37 IST 2020 : Setting UI for files in bucket...
DEBUG | Fri Jul 24 20:21:38 IST 2020 : Setting UI for files in bucket...
