Session Id: 20206-202149
DEBUG | Fri Jul 24 20:21:49 IST 2020 : Services initiated
DEBUG | Fri Jul 24 20:21:55 IST 2020 : Setting UI for files in bucket...
INFO  | Fri Jul 24 20:22:00 IST 2020 : Files with same names (but not same hash) found. Will show overwrite strategy dialog.
DEBUG | Fri Jul 24 20:22:01 IST 2020 : Setting UI for files in bucket...
DEBUG | Fri Jul 24 20:22:01 IST 2020 : Setting UI for files in bucket...
DEBUG | Fri Jul 24 20:22:02 IST 2020 : Setting UI for files in bucket...
DEBUG | Fri Jul 24 20:22:02 IST 2020 : Setting UI for files in bucket...
DEBUG | Fri Jul 24 20:22:03 IST 2020 : Setting UI for files in bucket...
DEBUG | Fri Jul 24 20:22:03 IST 2020 : Setting UI for files in bucket...
DEBUG | Fri Jul 24 20:22:04 IST 2020 : Setting UI for files in bucket...
DEBUG | Fri Jul 24 20:22:04 IST 2020 : Setting UI for files in bucket...
DEBUG | Fri Jul 24 20:22:05 IST 2020 : Setting UI for files in bucket...
DEBUG | Fri Jul 24 20:22:05 IST 2020 : Setting UI for files in bucket...
DEBUG | Fri Jul 24 20:22:06 IST 2020 : Setting UI for files in bucket...
DEBUG | Fri Jul 24 20:22:06 IST 2020 : Setting UI for files in bucket...
DEBUG | Fri Jul 24 20:22:07 IST 2020 : Setting UI for files in bucket...
DEBUG | Fri Jul 24 20:22:07 IST 2020 : Setting UI for files in bucket...
DEBUG | Fri Jul 24 20:22:08 IST 2020 : Setting UI for files in bucket...
DEBUG | Fri Jul 24 20:22:08 IST 2020 : Setting UI for files in bucket...
DEBUG | Fri Jul 24 20:22:09 IST 2020 : Setting UI for files in bucket...
DEBUG | Fri Jul 24 20:22:09 IST 2020 : Setting UI for files in bucket...
DEBUG | Fri Jul 24 20:22:10 IST 2020 : Setting UI for files in bucket...
DEBUG | Fri Jul 24 20:22:10 IST 2020 : Setting UI for files in bucket...
DEBUG | Fri Jul 24 20:22:11 IST 2020 : Setting UI for files in bucket...
DEBUG | Fri Jul 24 20:22:11 IST 2020 : Setting UI for files in bucket...
DEBUG | Fri Jul 24 20:22:12 IST 2020 : Setting UI for files in bucket...
DEBUG | Fri Jul 24 20:22:12 IST 2020 : Setting UI for files in bucket...
DEBUG | Fri Jul 24 20:22:13 IST 2020 : Setting UI for files in bucket...
DEBUG | Fri Jul 24 20:22:13 IST 2020 : Setting UI for files in bucket...
DEBUG | Fri Jul 24 20:22:14 IST 2020 : Setting UI for files in bucket...
DEBUG | Fri Jul 24 20:22:15 IST 2020 : Setting UI for files in bucket...
DEBUG | Fri Jul 24 20:22:15 IST 2020 : Setting UI for files in bucket...
DEBUG | Fri Jul 24 20:22:16 IST 2020 : Setting UI for files in bucket...
DEBUG | Fri Jul 24 20:22:16 IST 2020 : Setting UI for files in bucket...
DEBUG | Fri Jul 24 20:22:17 IST 2020 : Setting UI for files in bucket...
DEBUG | Fri Jul 24 20:22:17 IST 2020 : Setting UI for files in bucket...
DEBUG | Fri Jul 24 20:22:18 IST 2020 : Setting UI for files in bucket...
DEBUG | Fri Jul 24 20:22:18 IST 2020 : Setting UI for files in bucket...
DEBUG | Fri Jul 24 20:22:19 IST 2020 : Setting UI for files in bucket...
DEBUG | Fri Jul 24 20:22:19 IST 2020 : Setting UI for files in bucket...
DEBUG | Fri Jul 24 20:22:20 IST 2020 : Setting UI for files in bucket...
