Session Id: 20209-233527
DEBUG | Mon Jul 27 23:35:27 IST 2020 : Services initiated
DEBUG | Mon Jul 27 23:35:29 IST 2020 : Add file for copy: D:\Programs\LidoSoftwares\LidoCopy\files\cJrvkcXXbl1595873127939
DEBUG | Mon Jul 27 23:35:29 IST 2020 : passing to backpanel >> C:\Users\user\Desktop\src\set-2\set-2\1.bmp
DEBUG | Mon Jul 27 23:35:29 IST 2020 : Got file for copy: C:\Users\user\Desktop\src\set-2\set-2\1.bmp
DEBUG | Mon Jul 27 23:35:29 IST 2020 : Added file for copy to srcFiles: 1
DEBUG | Mon Jul 27 23:35:29 IST 2020 : Setting UI for files in bucket...
DEBUG | Mon Jul 27 23:35:29 IST 2020 : Add file for copy: D:\Programs\LidoSoftwares\LidoCopy\files\VSdBugrXrB1595873127939
DEBUG | Mon Jul 27 23:35:29 IST 2020 : passing to backpanel >> C:\Users\user\Desktop\src\set-2\1.bmp
DEBUG | Mon Jul 27 23:35:29 IST 2020 : Got file for copy: C:\Users\user\Desktop\src\set-2\1.bmp
DEBUG | Mon Jul 27 23:35:29 IST 2020 : Added file for copy to srcFiles: 2
DEBUG | Mon Jul 27 23:35:29 IST 2020 : Setting UI for files in bucket...
DEBUG | Mon Jul 27 23:35:29 IST 2020 : Setting UI for files in bucket...
INFO  | Mon Jul 27 23:35:35 IST 2020 : Files with same names (but not same hash) found. Will show overwrite strategy dialog.
INFO  | Mon Jul 27 23:35:35 IST 2020 : Files with same names and relative paths copied together from different sources. Will show overwrite strategy dialog.
DEBUG | Mon Jul 27 23:35:36 IST 2020 : Setting UI for files in bucket...
DEBUG | Mon Jul 27 23:35:36 IST 2020 : Setting UI for files in bucket...
DEBUG | Mon Jul 27 23:35:37 IST 2020 : Setting UI for files in bucket...
DEBUG | Mon Jul 27 23:35:37 IST 2020 : Setting UI for files in bucket...
DEBUG | Mon Jul 27 23:35:38 IST 2020 : Setting UI for files in bucket...
DEBUG | Mon Jul 27 23:35:38 IST 2020 : Setting UI for files in bucket...
DEBUG | Mon Jul 27 23:35:39 IST 2020 : Setting UI for files in bucket...
DEBUG | Mon Jul 27 23:35:39 IST 2020 : Setting UI for files in bucket...
DEBUG | Mon Jul 27 23:35:40 IST 2020 : Setting UI for files in bucket...
DEBUG | Mon Jul 27 23:35:40 IST 2020 : Setting UI for files in bucket...
DEBUG | Mon Jul 27 23:35:41 IST 2020 : Setting UI for files in bucket...
DEBUG | Mon Jul 27 23:35:41 IST 2020 : Setting UI for files in bucket...
DEBUG | Mon Jul 27 23:35:42 IST 2020 : Setting UI for files in bucket...
DEBUG | Mon Jul 27 23:35:42 IST 2020 : Setting UI for files in bucket...
DEBUG | Mon Jul 27 23:35:43 IST 2020 : Setting UI for files in bucket...
DEBUG | Mon Jul 27 23:35:44 IST 2020 : Setting UI for files in bucket...
DEBUG | Mon Jul 27 23:35:44 IST 2020 : Setting UI for files in bucket...
DEBUG | Mon Jul 27 23:35:45 IST 2020 : Setting UI for files in bucket...
DEBUG | Mon Jul 27 23:35:45 IST 2020 : Setting UI for files in bucket...
DEBUG | Mon Jul 27 23:35:46 IST 2020 : Setting UI for files in bucket...
DEBUG | Mon Jul 27 23:35:46 IST 2020 : Setting UI for files in bucket...
DEBUG | Mon Jul 27 23:35:47 IST 2020 : Setting UI for files in bucket...
DEBUG | Mon Jul 27 23:35:47 IST 2020 : Setting UI for files in bucket...
DEBUG | Mon Jul 27 23:35:48 IST 2020 : Setting UI for files in bucket...
DEBUG | Mon Jul 27 23:35:48 IST 2020 : Setting UI for files in bucket...
DEBUG | Mon Jul 27 23:35:49 IST 2020 : Setting UI for files in bucket...
DEBUG | Mon Jul 27 23:35:49 IST 2020 : Setting UI for files in bucket...
DEBUG | Mon Jul 27 23:35:50 IST 2020 : Setting UI for files in bucket...
DEBUG | Mon Jul 27 23:35:50 IST 2020 : Setting UI for files in bucket...
DEBUG | Mon Jul 27 23:35:51 IST 2020 : Setting UI for files in bucket...
DEBUG | Mon Jul 27 23:35:51 IST 2020 : Setting UI for files in bucket...
DEBUG | Mon Jul 27 23:35:52 IST 2020 : Setting UI for files in bucket...
DEBUG | Mon Jul 27 23:35:52 IST 2020 : Setting UI for files in bucket...
DEBUG | Mon Jul 27 23:35:53 IST 2020 : Setting UI for files in bucket...
DEBUG | Mon Jul 27 23:35:53 IST 2020 : Setting UI for files in bucket...
DEBUG | Mon Jul 27 23:35:54 IST 2020 : Setting UI for files in bucket...
DEBUG | Mon Jul 27 23:35:54 IST 2020 : Setting UI for files in bucket...
DEBUG | Mon Jul 27 23:35:55 IST 2020 : Setting UI for files in bucket...
DEBUG | Mon Jul 27 23:35:55 IST 2020 : Setting UI for files in bucket...
DEBUG | Mon Jul 27 23:35:56 IST 2020 : Setting UI for files in bucket...
DEBUG | Mon Jul 27 23:35:56 IST 2020 : Setting UI for files in bucket...
DEBUG | Mon Jul 27 23:35:57 IST 2020 : Setting UI for files in bucket...
DEBUG | Mon Jul 27 23:35:57 IST 2020 : Setting UI for files in bucket...
